!{!"0x11\0012\00clang version 3.6.1 (tags/RELEASE_361/final)\000\00\000\00\001", <0x2b988f0>, <0x2b99410>, <0x2b99410>, <0x2ba8870>, <0x2ba8c78>, <0x2b99410>} ; [ DW_TAG_compile_unit ] [/home/patmos/github/bachelor_project_HLS/candidates/MachSuite/aes/aes/aes.c] [DW_LANG_C99]

!{!"0x2e\00rj_xtime\00rj_xtime\00\0096\000\001\000\000\00256\000\0097", <0x2b988f0>, <0x2b98d40>, <0x2b9f490>, null, i8 (i8)* @rj_xtime, null, null, <0x2b99410>} ; [ DW_TAG_subprogram ] [line 96] [def] [scope 97] [rj_xtime]

!{!"0x2e\00aes_subBytes\00aes_subBytes\00\00102\000\001\000\000\00256\000\00103", <0x2b988f0>, <0x2b98d40>, <0x2ba1e60>, null, void (i8*)* @aes_subBytes, null, null, <0x2b99410>} ; [ DW_TAG_subprogram ] [line 102] [def] [scope 103] [aes_subBytes]

!{!"0x2e\00aes_addRoundKey\00aes_addRoundKey\00\00110\000\001\000\000\00256\000\00111", <0x2b988f0>, <0x2b98d40>, <0x2ba20c0>, null, void (i8*, i8*)* @aes_addRoundKey, null, null, <0x2b99410>} ; [ DW_TAG_subprogram ] [line 110] [def] [scope 111] [aes_addRoundKey]

!{!"0x2e\00aes_addRoundKey_cpy\00aes_addRoundKey_cpy\00\00118\000\001\000\000\00256\000\00119", <0x2b988f0>, <0x2b98d40>, <0x2b9eca0>, null, void (i8*, i8*, i8*)* @aes_addRoundKey_cpy, null, null, <0x2b99410>} ; [ DW_TAG_subprogram ] [line 118] [def] [scope 119] [aes_addRoundKey_cpy]

!{!"0x2e\00aes_shiftRows\00aes_shiftRows\00\00127\000\001\000\000\00256\000\00128", <0x2b988f0>, <0x2b98d40>, <0x2ba1e60>, null, void (i8*)* @aes_shiftRows, null, null, <0x2b99410>} ; [ DW_TAG_subprogram ] [line 127] [def] [scope 128] [aes_shiftRows]

!{!"0x2e\00aes_mixColumns\00aes_mixColumns\00\00139\000\001\000\000\00256\000\00140", <0x2b988f0>, <0x2b98d40>, <0x2ba1e60>, null, void (i8*)* @aes_mixColumns, null, null, <0x2b99410>} ; [ DW_TAG_subprogram ] [line 139] [def] [scope 140] [aes_mixColumns]

!{!"0x2e\00aes_expandEncKey\00aes_expandEncKey\00\00153\000\001\000\000\00256\000\00154", <0x2b988f0>, <0x2b98d40>, <0x2ba20c0>, null, void (i8*, i8*)* @aes_expandEncKey, null, null, <0x2b99410>} ; [ DW_TAG_subprogram ] [line 153] [def] [scope 154] [aes_expandEncKey]

!{!"0x2e\00aes256_encrypt_ecb\00aes256_encrypt_ecb\00\00176\000\001\000\000\00256\000\00177", <0x2b988f0>, <0x2b98d40>, <0x2ba24e0>, null, void (%struct.aes256_context*, i8*, i8*)* @aes256_encrypt_ecb, null, null, <0x2b99410>} ; [ DW_TAG_subprogram ] [line 176] [def] [scope 177] [aes256_encrypt_ecb]

!{!"0x34\00sbox\00sbox\00\0013\000\001", null, <0x2b98d40>, <0x2ba8b50>, [256 x i8]* @sbox, null} ; [ DW_TAG_variable ] [sbox] [line 13] [def]

!{!"0x1\00\000\002048\008\000\000\000", null, null, <0x2ba8a50>, <0x2ba8ae8>, null, null, null} ; [ DW_TAG_array_type ] [line 0, size 2048, align 8, offset 0] [from ]

!{!"0x26\00\000\000\000\000\000", null, null, <0x2b969d0>} ; [ DW_TAG_const_type ] [line 0, size 0, align 0, offset 0] [from uint8_t]

!{!"0x16\00uint8_t\0048\000\000\000\000", <0x2b9cc60>, null, <0x2b9cd18>} ; [ DW_TAG_typedef ] [uint8_t] [line 48, size 0, align 0, offset 0] [from unsigned char]

!{!"0x24\00unsigned char\000\008\008\000\000\008", null, null} ; [ DW_TAG_base_type ] [unsigned char] [line 0, size 8, align 8, offset 0, enc DW_ATE_unsigned_char]

!{!"0x15\00\000\000\000\000\000\000", null, null, null, <0x2b9cd50>, null, null, null} ; [ DW_TAG_subroutine_type ] [line 0, size 0, align 0, offset 0] [from ]

!{!"0x15\00\000\000\000\000\000\000", null, null, null, <0x2ba1df0>, null, null, null} ; [ DW_TAG_subroutine_type ] [line 0, size 0, align 0, offset 0] [from ]

!{!"0xf\00\000\0064\0064\000\000", null, null, <0x2b969d0>} ; [ DW_TAG_pointer_type ] [line 0, size 64, align 64, offset 0] [from uint8_t]

!{!"0x15\00\000\000\000\000\000\000", null, null, null, <0x2ba1f88>, null, null, null} ; [ DW_TAG_subroutine_type ] [line 0, size 0, align 0, offset 0] [from ]

!{!"0x15\00\000\000\000\000\000\000", null, null, null, <0x2ba1f40>, null, null, null} ; [ DW_TAG_subroutine_type ] [line 0, size 0, align 0, offset 0] [from ]

!{!"0x15\00\000\000\000\000\000\000", null, null, null, <0x2ba4630>, null, null, null} ; [ DW_TAG_subroutine_type ] [line 0, size 0, align 0, offset 0] [from ]

!{!"0xf\00\000\0064\0064\000\000", null, null, <0x2ba3f00>} ; [ DW_TAG_pointer_type ] [line 0, size 64, align 64, offset 0] [from aes256_context]

!{!"0x16\00aes256_context\0011\000\000\000\000", <0x2ba3d80>, null, <0x2ba4ae0>} ; [ DW_TAG_typedef ] [aes256_context] [line 11, size 0, align 0, offset 0] [from ]

!{!"0x13\00\007\00768\008\000\000\000", <0x2ba3d80>, null, null, <0x2ba2368>, null, null, null} ; [ DW_TAG_structure_type ] [line 7, size 768, align 8, offset 0] [def] [from ]

!{!"0xd\00key\008\00256\008\000\000", <0x2ba3d80>, <0x2ba4ae0>, <0x2ba3eb0>} ; [ DW_TAG_member ] [key] [line 8, size 256, align 8, offset 0] [from ]

!{!"0x1\00\000\00256\008\000\000\000", null, null, <0x2b969d0>, <0x2ba3b48>, null, null, null} ; [ DW_TAG_array_type ] [line 0, size 256, align 8, offset 0] [from uint8_t]

!{!"0xd\00enckey\009\00256\008\00256\000", <0x2ba3d80>, <0x2ba4ae0>, <0x2ba3eb0>} ; [ DW_TAG_member ] [enckey] [line 9, size 256, align 8, offset 256] [from ]

!{!"0xd\00deckey\0010\00256\008\00512\000", <0x2ba3d80>, <0x2ba4ae0>, <0x2ba3eb0>} ; [ DW_TAG_member ] [deckey] [line 10, size 256, align 8, offset 512] [from ]

Meta data for 9434030974257287404
Meta data for 2272776598896835614
INFO: Loop bodies will be given their own region id
DEBUG: new region: FuncRegion(id: 57060300626287284, name: rj_xtime, fileName: aes.c, startLine: 96, endLine: 96
DEBUG: adding rj_xtime (in module: aes.simplifycfg.mem2reg.indvars.elimsinglephis.criticalpath.bc) to list of defined functions (region_id: 57060300626287284)
DEBUG: assigning function rj_xtime id 57060300626287284
DEBUG: new region: FuncRegion(id: 5184659681818689879, name: aes_subBytes, fileName: aes.c, startLine: 102, endLine: 102
DEBUG: adding aes_subBytes (in module: aes.simplifycfg.mem2reg.indvars.elimsinglephis.criticalpath.bc) to list of defined functions (region_id: 5184659681818689879)
DEBUG: assigning function aes_subBytes id 5184659681818689879
DEBUG: new region: FuncRegion(id: 1695724103972776962, name: aes_addRoundKey, fileName: aes.c, startLine: 110, endLine: 110
DEBUG: adding aes_addRoundKey (in module: aes.simplifycfg.mem2reg.indvars.elimsinglephis.criticalpath.bc) to list of defined functions (region_id: 1695724103972776962)
DEBUG: assigning function aes_addRoundKey id 1695724103972776962
DEBUG: new region: FuncRegion(id: 1257273809359813262, name: aes_addRoundKey_cpy, fileName: aes.c, startLine: 118, endLine: 118
DEBUG: adding aes_addRoundKey_cpy (in module: aes.simplifycfg.mem2reg.indvars.elimsinglephis.criticalpath.bc) to list of defined functions (region_id: 1257273809359813262)
DEBUG: assigning function aes_addRoundKey_cpy id 1257273809359813262
DEBUG: new region: FuncRegion(id: 16209588761208486736, name: aes_shiftRows, fileName: aes.c, startLine: 127, endLine: 127
DEBUG: adding aes_shiftRows (in module: aes.simplifycfg.mem2reg.indvars.elimsinglephis.criticalpath.bc) to list of defined functions (region_id: 16209588761208486736)
DEBUG: assigning function aes_shiftRows id 16209588761208486736
DEBUG: new region: FuncRegion(id: 3926693745160914757, name: aes_mixColumns, fileName: aes.c, startLine: 139, endLine: 139
DEBUG: adding aes_mixColumns (in module: aes.simplifycfg.mem2reg.indvars.elimsinglephis.criticalpath.bc) to list of defined functions (region_id: 3926693745160914757)
DEBUG: assigning function aes_mixColumns id 3926693745160914757
DEBUG: new region: FuncRegion(id: 16834668802314271060, name: aes_expandEncKey, fileName: aes.c, startLine: 153, endLine: 153
DEBUG: adding aes_expandEncKey (in module: aes.simplifycfg.mem2reg.indvars.elimsinglephis.criticalpath.bc) to list of defined functions (region_id: 16834668802314271060)
DEBUG: assigning function aes_expandEncKey id 16834668802314271060
DEBUG: new region: FuncRegion(id: 5727766083168654013, name: aes256_encrypt_ecb, fileName: aes.c, startLine: 176, endLine: 176
DEBUG: adding aes256_encrypt_ecb (in module: aes.simplifycfg.mem2reg.indvars.elimsinglephis.criticalpath.bc) to list of defined functions (region_id: 5727766083168654013)
DEBUG: assigning function aes256_encrypt_ecb id 5727766083168654013
DEBUG: found 8 func regions
INFO: Inserting the following instrumentation calls:
INFO: _KDeinit
INFO: _KEnterRegion
INFO: _KExitRegion
INFO: _KInit
INFO: _KLandingPad
DEBUG: Debug information:
DEBUG: region name to id: rj_xtime is 57060300626287284
DEBUG: found 0 loops in function rj_xtime
DEBUG: region name to id: aes_subBytes is 5184659681818689879
DEBUG: found 1 loops in function aes_subBytes
DEBUG: assigning id = 9434030974257287404 to loop with the following BBs:
	while.cond while.body 
DEBUG: /home/patmos/Developer/kremlin/instrument/llvm/llvm-3.6.1.src/lib/Transforms/KremlinInstrument/LoopBodyRegion.cpp:82 Meta data for 6689739130282379964
DEBUG: assigning id = 6689739130282379964 to body of loop
DEBUG: while.cond has 1 possible loop exit points
DEBUG: 	target #0: while.end
DEBUG: region name to id: aes_addRoundKey is 1695724103972776962
DEBUG: found 1 loops in function aes_addRoundKey
DEBUG: assigning id = 2272776598896835614 to loop with the following BBs:
	while.cond while.body 
DEBUG: /home/patmos/Developer/kremlin/instrument/llvm/llvm-3.6.1.src/lib/Transforms/KremlinInstrument/LoopBodyRegion.cpp:82 Meta data for 7888801235562706687
DEBUG: assigning id = 7888801235562706687 tMeta data for 3904266848021411994
Meta data for 16095772198445163772
Meta data for 5997601556868690663
Meta data for 9263672003700203696
Meta data for 1728700018743870678
Meta data for 6879672202650290920
Meta data for 2971581624412301928
o body of loop
DEBUG: while.cond has 1 possible loop exit points
DEBUG: 	target #0: while.end
DEBUG: region name to id: aes_addRoundKey_cpy is 1257273809359813262
DEBUG: found 1 loops in function aes_addRoundKey_cpy
DEBUG: assigning id = 3904266848021411994 to loop with the following BBs:
	while.cond while.body 
DEBUG: /home/patmos/Developer/kremlin/instrument/llvm/llvm-3.6.1.src/lib/Transforms/KremlinInstrument/LoopBodyRegion.cpp:82 Meta data for 1864446607942342544
DEBUG: assigning id = 1864446607942342544 to body of loop
DEBUG: while.cond has 1 possible loop exit points
DEBUG: 	target #0: while.end
DEBUG: region name to id: aes_shiftRows is 16209588761208486736
DEBUG: found 0 loops in function aes_shiftRows
DEBUG: region name to id: aes_mixColumns is 3926693745160914757
DEBUG: found 1 loops in function aes_mixColumns
DEBUG: assigning id = 16095772198445163772 to loop with the following BBs:
	for.cond for.body 
DEBUG: /home/patmos/Developer/kremlin/instrument/llvm/llvm-3.6.1.src/lib/Transforms/KremlinInstrument/LoopBodyRegion.cpp:82 Meta data for 8823118734820553187
DEBUG: assigning id = 8823118734820553187 to body of loop
DEBUG: for.cond has 1 possible loop exit points
DEBUG: 	target #0: for.end
DEBUG: region name to id: aes_expandEncKey is 16834668802314271060
DEBUG: found 2 loops in function aes_expandEncKey
DEBUG: assigning id = 5997601556868690663 to loop with the following BBs:
	for.cond116 for.body120 
DEBUG: /home/patmos/Developer/kremlin/instrument/llvm/llvm-3.6.1.src/lib/Transforms/KremlinInstrument/LoopBodyRegion.cpp:82 Meta data for 2338245099282920275
DEBUG: assigning id = 2338245099282920275 to body of loop
DEBUG: assigning id = 9263672003700203696 to loop with the following BBs:
	for.cond for.body 
DEBUG: /home/patmos/Developer/kremlin/instrument/llvm/llvm-3.6.1.src/lib/Transforms/KremlinInstrument/LoopBodyRegion.cpp:82 Meta data for 15068884333785103497
DEBUG: assigning id = 15068884333785103497 to body of loop
DEBUG: for.cond116 has 1 possible loop exit points
DEBUG: 	target #0: for.end171
DEBUG: for.cond has 1 possible loop exit points
DEBUG: 	target #0: for.end
DEBUG: region name to id: aes256_encrypt_ecb is 5727766083168654013
DEBUG: found 3 loops in function aes256_encrypt_ecb
DEBUG: assigning id = 1728700018743870678 to loop with the following BBs:
	for.cond13 for.body17 if.else if.then for.inc26 
DEBUG: /home/patmos/Developer/kremlin/instrument/llvm/llvm-3.6.1.src/lib/Transforms/KremlinInstrument/LoopBodyRegion.cpp:82 Meta data for 4309237873104825666
DEBUG: assigning id = 4309237873104825666 to body of loop
DEBUG: assigning id = 6879672202650290920 to loop with the following BBs:
	for.cond6 for.body7 
DEBUG: /home/patmos/Developer/kremlin/instrument/llvm/llvm-3.6.1.src/lib/Transforms/KremlinInstrument/LoopBodyRegion.cpp:82 Meta data for 18140750642233467309
DEBUG: assigning id = 18140750642233467309 to body of loop
DEBUG: assigning id = 2971581624412301928 to loop with the following BBs:
	for.cond for.body 
DEBUG: /home/patmos/Developer/kremlin/instrument/llvm/llvm-3.6.1.src/lib/Transforms/KremlinInstrument/LoopBodyRegion.cpp:82 Meta data for 622169481039011
DEBUG: assigning id = 622169481039011 to body of loop
DEBUG: for.cond13 has 1 possible loop exit points
DEBUG: 	target #0: for.end28
DEBUG: for.cond6 has 1 possible loop exit points
DEBUG: 	target #0: for.end9
DEBUG: for.cond has 1 possible loop exit points
DEBUG: 	target #0: ecb2
DEBUG: Writing kremlib calls to aes.kdump
INFO: dumping function: rj_xtime
INFO: dumping function: llvm.dbg.declare
INFO: dumping function: aes_subBytes
INFO: dumping function: aes_addRoundKey
INFO: dumping function: aes_addRoundKey_cpy
INFO: dumping function: aes_shiftRows
INFO: dumping function: aes_mixColumns
INFO: dumping function: aes_expandEncKey
INFO: dumping function: aes256_encrypt_ecb
INFO: dumping function: llvm.dbg.value
INFO: dumping function: _KLoad
INFO: dumping function: _KLoad0
INFO: dumping function: _KLoad1
INFO: dumping function: _KLoad2
INFO: dumping function: _KLoad3
INFO: dumping function: _KLoad4
INFO: dumping function: _KStore
INFO: dumping function: _KStoreConst
INFO: dumping function: _KEnqArgConst
INFO: dumping function: _KEnqArg
INFO: dumping function: _KPrepCall
INFO: dumping function: _KLinkReturn
INFO: dumping function: _KMalloc
INFO: dumping function: _KRealloc
INFO: dumping function: _KFree
INFO: dumping function: _KDeqArg
INFO: dumping function: _KReturnConst
INFO: dumping function: _KReturn
INFO: dumping function: _KWork
INFO: dumping function: _KTimestamp
INFO: dumping function: _KTimestamp0
INFO: dumping function: _KTimestamp1
INFO: dumping function: _KTimestamp2
INFO: dumping function: _KTimestamp3
INFO: dumping function: _KTimestamp4
INFO: dumping function: _KTimestamp5
INFO: dumping function: _KTimestamp6
INFO: dumping function: _KTimestamp7
INFO: dumping function: _KPhi
INFO: dumping function: _KPhi1To1
INFO: dumping function: _KPhi2To1
INFO: dumping function: _KPhi3To1
INFO: dumping function: _KPhi4To1
INFO: dumping function: _KPhiAddCond
INFO: dumping function: _KInduction
INFO: dumping function: _KPushCDep
INFO: dumping function: _KPopCDep
INFO: dumping function: _KPrepRTable
INFO: dumping function: _KInit
INFO: dumping function: _KDeinit
INFO: dumping function: _KEnterRegion
INFO: dumping function: _KExitRegion
INFO: dumping function: _KLandingPad
