!{!"0x11\0012\00clang version 3.6.1 (tags/RELEASE_361/final)\000\00\000\00\001", <0x2904550>, <0x2906180>, <0x28fdcf8>, <0x2904608>, <0x2906180>, <0x2906180>} ; [ DW_TAG_compile_unit ] [/home/patmos/github/bachelor_project_HLS/candidates/MachSuite/aes/aes/generate.c] [DW_LANG_C99]

!{!"0x2e\00main\00main\00\0012\000\001\000\000\00256\000\0012", <0x2904550>, <0x2904590>, <0x2907ba0>, null, i32 (i32, i8**)* @main, null, null, <0x2906180>} ; [ DW_TAG_subprogram ] [line 12] [def] [main]

!{!"0x15\00\000\000\000\000\000\000", null, null, null, <0x29045d8>, null, null, null} ; [ DW_TAG_subroutine_type ] [line 0, size 0, align 0, offset 0] [from ]

!{!"0x24\00int\000\0032\0032\000\000\005", null, null} ; [ DW_TAG_base_type ] [int] [line 0, size 32, align 32, offset 0, enc DW_ATE_signed]

!{!"0xf\00\000\0064\0064\000\000", null, null, <0x28fdc30>} ; [ DW_TAG_pointer_type ] [line 0, size 64, align 64, offset 0] [from ]

!{!"0xf\00\000\0064\0064\000\000", null, null, <0x29079d8>} ; [ DW_TAG_pointer_type ] [line 0, size 64, align 64, offset 0] [from char]

!{!"0x24\00char\000\008\008\000\000\006", null, null} ; [ DW_TAG_base_type ] [char] [line 0, size 8, align 8, offset 0, enc DW_ATE_signed_char]

Meta data for 9667506582494941124
INFO: Loop bodies will be given their own region id
DEBUG: new region: FuncRegion(id: 14768796648239662093, name: main, fileName: generate.c, startLine: 12, endLine: 12
DEBUG: adding main (in module: generate.simplifycfg.mem2reg.indvars.elimsinglephis.criticalpath.bc) to list of defined functions (region_id: 14768796648239662093)
DEBUG: assigning function main id 14768796648239662093
DEBUG: found 1 func regions
INFO: Inserting the following instrumentation calls:
INFO: _KDeinit
INFO: _KEnterRegion
INFO: _KExitRegion
INFO: _KInit
INFO: _KLandingPad
DEBUG: Debug information:
DEBUG: region name to id: main is 14768796648239662093
DEBUG: found 1 loops in function main
DEBUG: assigning id = 9667506582494941124 to loop with the following BBs:
	for.cond for.body 
DEBUG: /home/patmos/Developer/kremlin/instrument/llvm/llvm-3.6.1.src/lib/Transforms/KremlinInstrument/LoopBodyRegion.cpp:82 Meta data for 8432504331812674398
DEBUG: assigning id = 8432504331812674398 to body of loop
DEBUG: for.cond has 1 possible loop exit points
DEBUG: 	target #0: for.end
DEBUG: Writing kremlib calls to generate.kdump
INFO: dumping function: main
INFO: dumping function: llvm.dbg.declare
INFO: dumping function: llvm.memcpy.p0i8.p0i8.i64
INFO: dumping function: open
INFO: dumping function: __assert_fail
INFO: dumping function: data_to_input
INFO: dumping function: llvm.dbg.value
INFO: dumping function: _KLoad
INFO: dumping function: _KLoad0
INFO: dumping function: _KLoad1
INFO: dumping function: _KLoad2
INFO: dumping function: _KLoad3
INFO: dumping function: _KLoad4
INFO: dumping function: _KStore
INFO: dumping function: _KStoreConst
INFO: dumping function: _KEnqArgConst
INFO: dumping function: _KEnqArg
INFO: dumping function: _KPrepCall
INFO: dumping function: _KLinkReturn
INFO: dumping function: _KMalloc
INFO: dumping function: _KRealloc
INFO: dumping function: _KFree
INFO: dumping function: _KDeqArg
INFO: dumping function: _KReturnConst
INFO: dumping function: _KReturn
INFO: dumping function: _KWork
INFO: dumping function: _KTimestamp
INFO: dumping function: _KTimestamp0
INFO: dumping function: _KTimestamp1
INFO: dumping function: _KTimestamp2
INFO: dumping function: _KTimestamp3
INFO: dumping function: _KTimestamp4
INFO: dumping function: _KTimestamp5
INFO: dumping function: _KTimestamp6
INFO: dumping function: _KTimestamp7
INFO: dumping function: _KPhi
INFO: dumping function: _KPhi1To1
INFO: dumping function: _KPhi2To1
INFO: dumping function: _KPhi3To1
INFO: dumping function: _KPhi4To1
INFO: dumping function: _KPhiAddCond
INFO: dumping function: _KInduction
INFO: dumping function: _KPushCDep
INFO: dumping function: _KPopCDep
INFO: dumping function: _KPrepRTable
INFO: dumping function: _KInit
INFO: dumping function: _KDeinit
INFO: dumping function: _KEnterRegion
INFO: dumping function: _KExitRegion
INFO: dumping function: _KLandingPad
