DEBUG: /home/patmos/Developer/kremlin/instrument/llvm/llvm-3.6.1.src/lib/Transforms/KremlinInstrument/analysis/ReductionVars.cpp:20 Constructing ReductionVars with id: -17
DEBUG: /home/patmos/Developer/kremlin/instrument/llvm/llvm-3.6.1.src/lib/Transforms/KremlinInstrument/analysis/ReductionVars.cpp:25 Destructing ReductionVars with id: -17
DEBUG: /home/patmos/Developer/kremlin/instrument/llvm/llvm-3.6.1.src/lib/Transforms/KremlinInstrument/analysis/ReductionVars.cpp:20 Constructing ReductionVars with id: -17
DEBUG: /home/patmos/Developer/kremlin/instrument/llvm/llvm-3.6.1.src/lib/Transforms/KremlinInstrument/CriticalPath.cpp:86 instrumenting module: generate.simplifycfg.mem2reg.indvars.elimsinglephis.bc
DEBUG: /home/patmos/Developer/kremlin/instrument/llvm/llvm-3.6.1.src/lib/Transforms/KremlinInstrument/CriticalPath.cpp:133 instrumenting function main
DEBUG: /home/patmos/Developer/kremlin/instrument/llvm/llvm-3.6.1.src/lib/Transforms/KremlinInstrument/analysis/ControlDependence.cpp:95 Getting immediate dominator of 
entry:
  %data = alloca %struct.bench_args_t, align 1
  %initial_contents = alloca [16 x i8], align 16
  call void @llvm.dbg.value(metadata i32 %argc, i64 0, metadata !16, metadata !17), !dbg !18
  call void @llvm.dbg.value(metadata i8** %argv, i64 0, metadata !19, metadata !17), !dbg !20
  call void @llvm.dbg.declare(metadata %struct.bench_args_t* %data, metadata !21, metadata !17), !dbg !43
  call void @llvm.dbg.declare(metadata [16 x i8]* %initial_contents, metadata !44, metadata !17), !dbg !45
  %0 = bitcast [16 x i8]* %initial_contents to i8*, !dbg !45
  call void @llvm.memcpy.p0i8.p0i8.i64(i8* %0, i8* getelementptr inbounds ([16 x i8]* @main.initial_contents, i32 0, i32 0), i64 16, i32 16, i1 false), !dbg !45
  call void @llvm.dbg.value(metadata i32 0, i64 0, metadata !46, metadata !17), !dbg !47
  br label %for.cond, !dbg !48

DEBUG: /home/patmos/Developer/kremlin/instrument/llvm/llvm-3.6.1.src/lib/Transforms/KremlinInstrument/analysis/ControlDependence.cpp:95 Getting immediate dominator of 
for.cond:                                         ; preds = %for.body, %entry
  %indvars.iv = phi i64 [ %indvars.iv.next, %for.body ], [ 0, %entry ]
  %i.0 = phi i32 [ 0, %entry ], [ %inc, %for.body ]
  %exitcond = icmp ne i64 %indvars.iv, 32, !dbg !50
  br i1 %exitcond, label %for.body, label %for.end, !dbg !50

DEBUG: /home/patmos/Developer/kremlin/instrument/llvm/llvm-3.6.1.src/lib/Transforms/KremlinInstrument/analysis/ControlDependence.cpp:95 Getting immediate dominator of 
for.body:                                         ; preds = %for.cond
  %conv = trunc i32 %i.0 to i8, !dbg !51
  %k = getelementptr inbounds %struct.bench_args_t* %data, i32 0, i32 1, !dbg !53
  %arrayidx = getelementptr inbounds [32 x i8]* %k, i32 0, i64 %indvars.iv, !dbg !53
  store i8 %conv, i8* %arrayidx, align 1, !dbg !53
  %indvars.iv.next = add nuw nsw i64 %indvars.iv, 1, !dbg !54
  %inc = add nuw nsw i32 %i.0, 1, !dbg !55
  call void @llvm.dbg.value(metadata i32 %inc, i64 0, metadata !46, metadata !17), !dbg !47
  br label %for.cond, !dbg !54

DEBUG: /home/patmos/Developer/kremlin/instrument/llvm/llvm-3.6.1.src/lib/Transforms/KremlinInstrument/analysis/ControlDependence.cpp:95 Getting immediate dominator of 
for.end:                                          ; preds = %for.cond
  %buf = getelementptr inbounds %struct.bench_args_t* %data, i32 0, i32 2, !dbg !56
  %1 = bitcast [16 x i8]* %buf to i8*, !dbg !56
  %2 = bitcast [16 x i8]* %initial_contents to i8*, !dbg !56
  call void @llvm.memcpy.p0i8.p0i8.i64(i8* %1, i8* %2, i64 16, i32 1, i1 false), !dbg !56
  %call = call i32 (i8*, i32, ...)* @open(i8* getelementptr inbounds ([11 x i8]* @.str, i32 0, i32 0), i32 577, i32 438), !dbg !57
  call void @llvm.dbg.value(metadata i32 %call, i64 0, metadata !58, metadata !17), !dbg !59
  %cmp1 = icmp sgt i32 %call, 0, !dbg !60
  br i1 %cmp1, label %cond.end, label %cond.false, !dbg !60

DEBUG: /home/patmos/Developer/kremlin/instrument/llvm/llvm-3.6.1.src/lib/Transforms/KremlinInstrument/analysis/ControlDependence.cpp:95 Getting immediate dominator of 
cond.false:                                       ; preds = %for.end
  call void @__assert_fail(i8* getelementptr inbounds ([40 x i8]* @.str2, i32 0, i32 0), i8* getelementptr inbounds ([11 x i8]* @.str3, i32 0, i32 0), i32 24, i8* getelementptr inbounds ([23 x i8]* @__PRETTY_FUNCTION__.main, i32 0, i32 0)) #5, !dbg !61
  unreachable, !dbg !61

DEBUG: /home/patmos/Developer/kremlin/instrument/llvm/llvm-3.6.1.src/lib/Transforms/KremlinInstrument/analysis/ControlDependence.cpp:95 Getting immediate dominator of 
cond.end:                                         ; preds = %for.end
  %3 = bitcast %struct.bench_args_t* %data to i8*, !dbg !64
  call void @data_to_input(i32 %call, i8* %3), !dbg !65
  ret i32 0, !dbg !66

DEBUG: /home/patmos/Developer/kremlin/instrument/llvm/llvm-3.6.1.src/lib/Transforms/KremlinInstrument/analysis/ControlDependence.cpp:221 Controlling block search of entry
DEBUG: /home/patmos/Developer/kremlin/instrument/llvm/llvm-3.6.1.src/lib/Transforms/KremlinInstrument/analysis/ControlDependence.cpp:221 Controlling block search of for.body
DEBUG: /home/patmos/Developer/kremlin/instrument/llvm/llvm-3.6.1.src/lib/Transforms/KremlinInstrument/analysis/ControlDependence.cpp:261 looking at for.cond
DEBUG: /home/patmos/Developer/kremlin/instrument/llvm/llvm-3.6.1.src/lib/Transforms/KremlinInstrument/analysis/ControlDependence.cpp:221 Controlling block search of for.cond
DEBUG: /home/patmos/Developer/kremlin/instrument/llvm/llvm-3.6.1.src/lib/Transforms/KremlinInstrument/analysis/ControlDependence.cpp:261 looking at for.cond
DEBUG: /home/patmos/Developer/kremlin/instrument/llvm/llvm-3.6.1.src/lib/Transforms/KremlinInstrument/analysis/ControlDependence.cpp:221 Controlling block search of entry
DEBUG: /home/patmos/Developer/kremlin/instrument/llvm/llvm-3.6.1.src/lib/Transforms/KremlinInstrument/analysis/ControlDependence.cpp:221 Controlling block search of for.body
DEBUG: /home/patmos/Developer/kremlin/instrument/llvm/llvm-3.6.1.src/lib/Transforms/KremlinInstrument/analysis/ControlDependence.cpp:261 looking at for.cond
DEBUG: /home/patmos/Developer/kremlin/instrument/llvm/llvm-3.6.1.src/lib/Transforms/KremlinInstrument/analysis/ControlDependence.cpp:221 Controlling block search of for.cond
DEBUG: /home/patmos/Developer/kremlin/instrument/llvm/llvm-3.6.1.src/lib/Transforms/KremlinInstrument/analysis/ControlDependence.cpp:261 looking at for.cond
DEBUG: /home/patmos/Developer/kremlin/instrument/llvm/llvm-3.6.1.src/lib/Transforms/KremlinInstrument/analysis/InductionVariables.cpp:49 Found increment of induction variable: indvars.iv.next
DEBUG: /home/patmos/Developer/kremlin/instrument/llvm/llvm-3.6.1.src/lib/Transforms/KremlinInstrument/analysis/InductionVariables.cpp:49 Found increment of induction variable: indvars.iv.next
DEBUG: /home/patmos/Developer/kremlin/instrument/llvm/llvm-3.6.1.src/lib/Transforms/KremlinInstrument/TimestampPlacer.cpp:195 inserting instrumentation for:   %data = alloca %struct.bench_args_t, align 1
DEBUG: /home/patmos/Developer/kremlin/instrument/llvm/llvm-3.6.1.src/lib/Transforms/KremlinInstrument/TimestampPlacer.cpp:195 inserting instrumentation for:   %initial_contents = alloca [16 x i8], align 16
DEBUG: /home/patmos/Developer/kremlin/instrument/llvm/llvm-3.6.1.src/lib/Transforms/KremlinInstrument/TimestampPlacer.cpp:195 inserting instrumentation for:   call void @llvm.dbg.value(metadata i32 %argc, i64 0, metadata !16, metadata !17), !dbg !18
DEBUG: /home/patmos/Developer/kremlin/instrument/llvm/llvm-3.6.1.src/lib/Transforms/KremlinInstrument/CallableHandler.tcc:122 examining:   call void @llvm.dbg.value(metadata i32 %argc, i64 0, metadata !16, metadata !17), !dbg !18
DEBUG: /home/patmos/Developer/kremlin/instrument/llvm/llvm-3.6.1.src/lib/Transforms/KremlinInstrument/CallableHandler.tcc:133 ignoring call to function: llvm.dbg.value
DEBUG: /home/patmos/Developer/kremlin/instrument/llvm/llvm-3.6.1.src/lib/Transforms/KremlinInstrument/DynamicMemoryHandler.cpp:81 handling:   call void @llvm.dbg.value(metadata i32 %argc, i64 0, metadata !16, metadata !17), !dbg !18
DEBUG: /home/patmos/Developer/kremlin/instrument/llvm/llvm-3.6.1.src/lib/Transforms/KremlinInstrument/TimestampPlacer.cpp:195 inserting instrumentation for:   call void @llvm.dbg.value(metadata i8** %argv, i64 0, metadata !19, metadata !17), !dbg !20
DEBUG: /home/patmos/Developer/kremlin/instrument/llvm/llvm-3.6.1.src/lib/Transforms/KremlinInstrument/CallableHandler.tcc:122 examining:   call void @llvm.dbg.value(metadata i8** %argv, i64 0, metadata !19, metadata !17), !dbg !20
DEBUG: /home/patmos/Developer/kremlin/instrument/llvm/llvm-3.6.1.src/lib/Transforms/KremlinInstrument/CallableHandler.tcc:133 ignoring call to function: llvm.dbg.value
DEBUG: /home/patmos/Developer/kremlin/instrument/llvm/llvm-3.6.1.src/lib/Transforms/KremlinInstrument/DynamicMemoryHandler.cpp:81 handling:   call void @llvm.dbg.value(metadata i8** %argv, i64 0, metadata !19, metadata !17), !dbg !20
DEBUG: /home/patmos/Developer/kremlin/instrument/llvm/llvm-3.6.1.src/lib/Transforms/KremlinInstrument/TimestampPlacer.cpp:195 inserting instrumentation for:   call void @llvm.dbg.declare(metadata %struct.bench_args_t* %data, metadata !21, metadata !17), !dbg !43
DEBUG: /home/patmos/Developer/kremlin/instrument/llvm/llvm-3.6.1.src/lib/Transforms/KremlinInstrument/CallableHandler.tcc:122 examining:   call void @llvm.dbg.declare(metadata %struct.bench_args_t* %data, metadata !21, metadata !17), !dbg !43
DEBUG: /home/patmos/Developer/kremlin/instrument/llvm/llvm-3.6.1.src/lib/Transforms/KremlinInstrument/CallableHandler.tcc:133 ignoring call to function: llvm.dbg.declare
DEBUG: /home/patmos/Developer/kremlin/instrument/llvm/llvm-3.6.1.src/lib/Transforms/KremlinInstrument/DynamicMemoryHandler.cpp:81 handling:   call void @llvm.dbg.declare(metadata %struct.bench_args_t* %data, metadata !21, metadata !17), !dbg !43
DEBUG: /home/patmos/Developer/kremlin/instrument/llvm/llvm-3.6.1.src/lib/Transforms/KremlinInstrument/TimestampPlacer.cpp:195 inserting instrumentation for:   call void @llvm.dbg.declare(metadata [16 x i8]* %initial_contents, metadata !44, metadata !17), !dbg !45
DEBUG: /home/patmos/Developer/kremlin/instrument/llvm/llvm-3.6.1.src/lib/Transforms/KremlinInstrument/CallableHandler.tcc:122 examining:   call void @llvm.dbg.declare(metadata [16 x i8]* %initial_contents, metadata !44, metadata !17), !dbg !45
DEBUG: /home/patmos/Developer/kremlin/instrument/llvm/llvm-3.6.1.src/lib/Transforms/KremlinInstrument/CallableHandler.tcc:133 ignoring call to function: llvm.dbg.declare
DEBUG: /home/patmos/Developer/kremlin/instrument/llvm/llvm-3.6.1.src/lib/Transforms/KremlinInstrument/DynamicMemoryHandler.cpp:81 handling:   call void @llvm.dbg.declare(metadata [16 x i8]* %initial_contents, metadata !44, metadata !17), !dbg !45
DEBUG: /home/patmos/Developer/kremlin/instrument/llvm/llvm-3.6.1.src/lib/Transforms/KremlinInstrument/TimestampPlacer.cpp:195 inserting instrumentation for:   %0 = bitcast [16 x i8]* %initial_contents to i8*, !dbg !45
DEBUG: /home/patmos/Developer/kremlin/instrument/llvm/llvm-3.6.1.src/lib/Transforms/KremlinInstrument/TimestampPlacer.cpp:195 inserting instrumentation for:   call void @llvm.memcpy.p0i8.p0i8.i64(i8* %0, i8* getelementptr inbounds ([16 x i8]* @main.initial_contents, i32 0, i32 0), i64 16, i32 16, i1 false), !dbg !45
DEBUG: /home/patmos/Developer/kremlin/instrument/llvm/llvm-3.6.1.src/lib/Transforms/KremlinInstrument/CallableHandler.tcc:122 examining:   call void @llvm.memcpy.p0i8.p0i8.i64(i8* %0, i8* getelementptr inbounds ([16 x i8]* @main.initial_contents, i32 0, i32 0), i64 16, i32 16, i1 false), !dbg !45
DEBUG: /home/patmos/Developer/kremlin/instrument/llvm/llvm-3.6.1.src/lib/Transforms/KremlinInstrument/CallableHandler.tcc:133 ignoring call to function: llvm.memcpy.p0i8.p0i8.i64
DEBUG: /home/patmos/Developer/kremlin/instrument/llvm/llvm-3.6.1.src/lib/Transforms/KremlinInstrument/DynamicMemoryHandler.cpp:81 handling:   call void @llvm.memcpy.p0i8.p0i8.i64(i8* %0, i8* getelementptr inbounds ([16 x i8]* @main.initial_contents, i32 0, i32 0), i64 16, i32 16, i1 false), !dbg !45
DEBUG: /home/patmos/Developer/kremlin/instrument/llvm/llvm-3.6.1.src/lib/Transforms/KremlinInstrument/TimestampPlacer.cpp:195 inserting instrumentation for:   call void @llvm.dbg.value(metadata i32 0, i64 0, metadata !46, metadata !17), !dbg !47
DEBUG: /home/patmos/Developer/kremlin/instrument/llvm/llvm-3.6.1.src/lib/Transforms/KremlinInstrument/CallableHandler.tcc:122 examining:   call void @llvm.dbg.value(metadata i32 0, i64 0, metadata !46, metadata !17), !dbg !47
DEBUG: /home/patmos/Developer/kremlin/instrument/llvm/llvm-3.6.1.src/lib/Transforms/KremlinInstrument/CallableHandler.tcc:133 ignoring call to function: llvm.dbg.value
DEBUG: /home/patmos/Developer/kremlin/instrument/llvm/llvm-3.6.1.src/lib/Transforms/KremlinInstrument/DynamicMemoryHandler.cpp:81 handling:   call void @llvm.dbg.value(metadata i32 0, i64 0, metadata !46, metadata !17), !dbg !47
DEBUG: /home/patmos/Developer/kremlin/instrument/llvm/llvm-3.6.1.src/lib/Transforms/KremlinInstrument/TimestampPlacer.cpp:195 inserting instrumentation for:   br label %for.cond, !dbg !48
DEBUG: /home/patmos/Developer/kremlin/instrument/llvm/llvm-3.6.1.src/lib/Transforms/KremlinInstrument/TimestampPlacer.cpp:195 inserting instrumentation for:   %indvars.iv = phi i64 [ %indvars.iv.next, %for.body ], [ 0, %entry ]
DEBUG: /home/patmos/Developer/kremlin/instrument/llvm/llvm-3.6.1.src/lib/Transforms/KremlinInstrument/TimestampPlacer.cpp:195 inserting instrumentation for:   %i.0 = phi i32 [ 0, %entry ], [ %inc, %for.body ]
DEBUG: /home/patmos/Developer/kremlin/instrument/llvm/llvm-3.6.1.src/lib/Transforms/KremlinInstrument/TimestampPlacer.cpp:195 inserting instrumentation for:   %exitcond = icmp ne i64 %indvars.iv, 32, !dbg !50
DEBUG: /home/patmos/Developer/kremlin/instrument/llvm/llvm-3.6.1.src/lib/Transforms/KremlinInstrument/TimestampPlacer.cpp:195 inserting instrumentation for:   br i1 %exitcond, label %for.body, label %for.end, !dbg !50
DEBUG: /home/patmos/Developer/kremlin/instrument/llvm/llvm-3.6.1.src/lib/Transforms/KremlinInstrument/TimestampPlacer.cpp:195 inserting instrumentation for:   %conv = trunc i32 %i.0 to i8, !dbg !51
DEBUG: /home/patmos/Developer/kremlin/instrument/llvm/llvm-3.6.1.src/lib/Transforms/KremlinInstrument/TimestampPlacer.cpp:195 inserting instrumentation for:   %k = getelementptr inbounds %struct.bench_args_t* %data, i32 0, i32 1, !dbg !53
DEBUG: /home/patmos/Developer/kremlin/instrument/llvm/llvm-3.6.1.src/lib/Transforms/KremlinInstrument/TimestampPlacer.cpp:195 inserting instrumentation for:   %arrayidx = getelementptr inbounds [32 x i8]* %k, i32 0, i64 %indvars.iv, !dbg !53
DEBUG: /home/patmos/Developer/kremlin/instrument/llvm/llvm-3.6.1.src/lib/Transforms/KremlinInstrument/TimestampPlacer.cpp:195 inserting instrumentation for:   store i8 %conv, i8* %arrayidx, align 1, !dbg !53
DEBUG: /home/patmos/Developer/kremlin/instrument/llvm/llvm-3.6.1.src/lib/Transforms/KremlinInstrument/StoreInstHandler.cpp:58 handling:   store i8 %conv, i8* %arrayidx, align 1, !dbg !53
DEBUG: /home/patmos/Developer/kremlin/instrument/llvm/llvm-3.6.1.src/lib/Transforms/KremlinInstrument/analysis/timestamp/TimestampAnalysis.cpp:30 getting TS for   %conv = trunc i32 %i.0 to i8, !dbg !51
DEBUG: /home/patmos/Developer/kremlin/instrument/llvm/llvm-3.6.1.src/lib/Transforms/KremlinInstrument/analysis/timestamp/TimestampAnalysis.cpp:30 getting TS for   %i.0 = phi i32 [ 0, %entry ], [ %inc, %for.body ]
DEBUG: /home/patmos/Developer/kremlin/instrument/llvm/llvm-3.6.1.src/lib/Transforms/KremlinInstrument/analysis/timestamp/TimestampAnalysis.cpp:48 	TS for   %i.0 = phi i32 [ 0, %entry ], [ %inc, %for.body ]: (  %i.0 = phi i32 [ 0, %entry ], [ %inc, %for.body ],0) 
DEBUG: DEBUG: /home/patmos/Developer/kremlin/instrument/llvm/llvm-3.6.1.src/lib/Transforms/KremlinInstrument/analysis/timestamp/KInstructionToLogFunctionConverter.cpp:54 Converting inst:   %i.0 = phi i32 [ 0, %entry ], [ %inc, %for.body ]
DEBUG: /home/patmos/Developer/kremlin/instrument/llvm/llvm-3.6.1.src/lib/Transforms/KremlinInstrument/analysis/ControlDependence.cpp:221 Controlling block search of for.body
DEBUG: /home/patmos/Developer/kremlin/instrument/llvm/llvm-3.6.1.src/lib/Transforms/KremlinInstrument/analysis/ControlDependence.cpp:261 looking at for.cond
DEBUG: /home/patmos/Developer/kremlin/instrument/llvm/llvm-3.6.1.src/lib/Transforms/KremlinInstrument/analysis/ControlDependence.cpp:289   br i1 %exitcond, label %for.body, label %for.end, !dbg !50
DEBUG: /home/patmos/Developer/kremlin/instrument/llvm/llvm-3.6.1.src/lib/Transforms/KremlinInstrument/analysis/timestamp/TimestampAnalysis.cpp:30 getting TS for   %exitcond = icmp ne i64 %indvars.iv, 32, !dbg !50
DEBUG: /home/patmos/Developer/kremlin/instrument/llvm/llvm-3.6.1.src/lib/Transforms/KremlinInstrument/analysis/timestamp/TimestampAnalysis.cpp:30 getting TS for   %indvars.iv = phi i64 [ %indvars.iv.next, %for.body ], [ 0, %entry ]
DEBUG: /home/patmos/Developer/kremlin/instrument/llvm/llvm-3.6.1.src/lib/Transforms/KremlinInstrument/analysis/timestamp/TimestampAnalysis.cpp:48 	TS for   %indvars.iv = phi i64 [ %indvars.iv.next, %for.body ], [ 0, %entry ]: (  %indvars.iv = phi i64 [ %indvars.iv.next, %for.body ], [ 0, %entry ],0) 
DEBUG: DEBUG: /home/patmos/Developer/kremlin/instrument/llvm/llvm-3.6.1.src/lib/Transforms/KremlinInstrument/analysis/timestamp/TimestampAnalysis.cpp:30 getting TS for i64 32
DEBUG: /home/patmos/Developer/kremlin/instrument/llvm/llvm-3.6.1.src/lib/Transforms/KremlinInstrument/analysis/timestamp/TimestampAnalysis.cpp:48 	TS for i64 32: 
DEBUG: DEBUG: /home/patmos/Developer/kremlin/instrument/llvm/llvm-3.6.1.src/lib/Transforms/KremlinInstrument/analysis/ControlDependence.cpp:221 Controlling block search of for.cond
DEBUG: /home/patmos/Developer/kremlin/instrument/llvm/llvm-3.6.1.src/lib/Transforms/KremlinInstrument/analysis/ControlDependence.cpp:261 looking at for.cond
DEBUG: /home/patmos/Developer/kremlin/instrument/llvm/llvm-3.6.1.src/lib/Transforms/KremlinInstrument/analysis/timestamp/TimestampAnalysis.cpp:48 	TS for   %exitcond = icmp ne i64 %indvars.iv, 32, !dbg !50: (  %indvars.iv = phi i64 [ %indvars.iv.next, %for.body ], [ 0, %entry ],1) 
DEBUG: DEBUG: /home/patmos/Developer/kremlin/instrument/llvm/llvm-3.6.1.src/lib/Transforms/KremlinInstrument/analysis/timestamp/KInstructionToLogFunctionConverter.cpp:54 Converting inst:   %exitcond = icmp ne i64 %indvars.iv, 32, !dbg !50
DEBUG: /home/patmos/Developer/kremlin/instrument/llvm/llvm-3.6.1.src/lib/Transforms/KremlinInstrument/analysis/timestamp/TimestampAnalysis.cpp:48 	TS for   %conv = trunc i32 %i.0 to i8, !dbg !51: (  %i.0 = phi i32 [ 0, %entry ], [ %inc, %for.body ],0) (  %exitcond = icmp ne i64 %indvars.iv, 32, !dbg !50,0) 
DEBUG: DEBUG: /home/patmos/Developer/kremlin/instrument/llvm/llvm-3.6.1.src/lib/Transforms/KremlinInstrument/analysis/timestamp/KInstructionToLogFunctionConverter.cpp:54 Converting inst:   %conv = trunc i32 %i.0 to i8, !dbg !51
DEBUG: /home/patmos/Developer/kremlin/instrument/llvm/llvm-3.6.1.src/lib/Transforms/KremlinInstrument/TimestampPlacer.cpp:195 inserting instrumentation for:   %indvars.iv.next = add nuw nsw i64 %indvars.iv, 1, !dbg !54
DEBUG: /home/patmos/Developer/kremlin/instrument/llvm/llvm-3.6.1.src/lib/Transforms/KremlinInstrument/TimestampPlacer.cpp:195 inserting instrumentation for:   %inc = add nuw nsw i32 %i.0, 1, !dbg !55
DEBUG: /home/patmos/Developer/kremlin/instrument/llvm/llvm-3.6.1.src/lib/Transforms/KremlinInstrument/TimestampPlacer.cpp:195 inserting instrumentation for:   call void @llvm.dbg.value(metadata i32 %inc, i64 0, metadata !46, metadata !17), !dbg !47
DEBUG: /home/patmos/Developer/kremlin/instrument/llvm/llvm-3.6.1.src/lib/Transforms/KremlinInstrument/CallableHandler.tcc:122 examining:   call void @llvm.dbg.value(metadata i32 %inc, i64 0, metadata !46, metadata !17), !dbg !47
DEBUG: /home/patmos/Developer/kremlin/instrument/llvm/llvm-3.6.1.src/lib/Transforms/KremlinInstrument/CallableHandler.tcc:133 ignoring call to function: llvm.dbg.value
DEBUG: /home/patmos/Developer/kremlin/instrument/llvm/llvm-3.6.1.src/lib/Transforms/KremlinInstrument/DynamicMemoryHandler.cpp:81 handling:   call void @llvm.dbg.value(metadata i32 %inc, i64 0, metadata !46, metadata !17), !dbg !47
DEBUG: /home/patmos/Developer/kremlin/instrument/llvm/llvm-3.6.1.src/lib/Transforms/KremlinInstrument/TimestampPlacer.cpp:195 inserting instrumentation for:   br label %for.cond, !dbg !54
DEBUG: /home/patmos/Developer/kremlin/instrument/llvm/llvm-3.6.1.src/lib/Transforms/KremlinInstrument/TimestampPlacer.cpp:195 inserting instrumentation for:   %buf = getelementptr inbounds %struct.bench_args_t* %data, i32 0, i32 2, !dbg !56
DEBUG: /home/patmos/Developer/kremlin/instrument/llvm/llvm-3.6.1.src/lib/Transforms/KremlinInstrument/TimestampPlacer.cpp:195 inserting instrumentation for:   %1 = bitcast [16 x i8]* %buf to i8*, !dbg !56
DEBUG: /home/patmos/Developer/kremlin/instrument/llvm/llvm-3.6.1.src/lib/Transforms/KremlinInstrument/TimestampPlacer.cpp:195 inserting instrumentation for:   %2 = bitcast [16 x i8]* %initial_contents to i8*, !dbg !56
DEBUG: /home/patmos/Developer/kremlin/instrument/llvm/llvm-3.6.1.src/lib/Transforms/KremlinInstrument/TimestampPlacer.cpp:195 inserting instrumentation for:   call void @llvm.memcpy.p0i8.p0i8.i64(i8* %1, i8* %2, i64 16, i32 1, i1 false), !dbg !56
DEBUG: /home/patmos/Developer/kremlin/instrument/llvm/llvm-3.6.1.src/lib/Transforms/KremlinInstrument/CallableHandler.tcc:122 examining:   call void @llvm.memcpy.p0i8.p0i8.i64(i8* %1, i8* %2, i64 16, i32 1, i1 false), !dbg !56
DEBUG: /home/patmos/Developer/kremlin/instrument/llvm/llvm-3.6.1.src/lib/Transforms/KremlinInstrument/CallableHandler.tcc:133 ignoring call to function: llvm.memcpy.p0i8.p0i8.i64
DEBUG: /home/patmos/Developer/kremlin/instrument/llvm/llvm-3.6.1.src/lib/Transforms/KremlinInstrument/DynamicMemoryHandler.cpp:81 handling:   call void @llvm.memcpy.p0i8.p0i8.i64(i8* %1, i8* %2, i64 16, i32 1, i1 false), !dbg !56
DEBUG: /home/patmos/Developer/kremlin/instrument/llvm/llvm-3.6.1.src/lib/Transforms/KremlinInstrument/TimestampPlacer.cpp:195 inserting instrumentation for:   %call = call i32 (i8*, i32, ...)* @open(i8* getelementptr inbounds ([11 x i8]* @.str, i32 0, i32 0), i32 577, i32 438), !dbg !57
DEBUG: /home/patmos/Developer/kremlin/instrument/llvm/llvm-3.6.1.src/lib/Transforms/KremlinInstrument/CallableHandler.tcc:122 examining:   %call = call i32 (i8*, i32, ...)* @open(i8* getelementptr inbounds ([11 x i8]* @.str, i32 0, i32 0), i32 577, i32 438), !dbg !57
DEBUG: /home/patmos/Developer/kremlin/instrument/llvm/llvm-3.6.1.src/lib/Transforms/KremlinInstrument/CallableHandler.tcc:140 Call to function: open
DEBUG: /home/patmos/Developer/kremlin/instrument/llvm/llvm-3.6.1.src/lib/Transforms/KremlinInstrument/CallableHandler.tcc:180 checking arg: i8* getelementptr inbounds ([11 x i8]* @.str, i32 0, i32 0)
DEBUG: /home/patmos/Developer/kremlin/instrument/llvm/llvm-3.6.1.src/lib/Transforms/KremlinInstrument/CallableHandler.tcc:180 checking arg: i32 577
DEBUG: /home/patmos/Developer/kremlin/instrument/llvm/llvm-3.6.1.src/lib/Transforms/KremlinInstrument/CallableHandler.tcc:180 checking arg: i32 438
DEBUG: /home/patmos/Developer/kremlin/instrument/llvm/llvm-3.6.1.src/lib/Transforms/KremlinInstrument/InstrumentedCall.tcc:99 Formatting to string:   %call = call i32 (i8*, i32, ...)* @open(i8* getelementptr inbounds ([11 x i8]* @.str, i32 0, i32 0), i32 577, i32 438), !dbg !57
DEBUG: /home/patmos/Developer/kremlin/instrument/llvm/llvm-3.6.1.src/lib/Transforms/KremlinInstrument/DynamicMemoryHandler.cpp:81 handling:   %call = call i32 (i8*, i32, ...)* @open(i8* getelementptr inbounds ([11 x i8]* @.str, i32 0, i32 0), i32 577, i32 438), !dbg !57
DEBUG: /home/patmos/Developer/kremlin/instrument/llvm/llvm-3.6.1.src/lib/Transforms/KremlinInstrument/TimestampPlacer.cpp:195 inserting instrumentation for:   call void @llvm.dbg.value(metadata i32 %call, i64 0, metadata !58, metadata !17), !dbg !59
DEBUG: /home/patmos/Developer/kremlin/instrument/llvm/llvm-3.6.1.src/lib/Transforms/KremlinInstrument/CallableHandler.tcc:122 examining:   call void @llvm.dbg.value(metadata i32 %call, i64 0, metadata !58, metadata !17), !dbg !59
DEBUG: /home/patmos/Developer/kremlin/instrument/llvm/llvm-3.6.1.src/lib/Transforms/KremlinInstrument/CallableHandler.tcc:133 ignoring call to function: llvm.dbg.value
DEBUG: /home/patmos/Developer/kremlin/instrument/llvm/llvm-3.6.1.src/lib/Transforms/KremlinInstrument/DynamicMemoryHandler.cpp:81 handling:   call void @llvm.dbg.value(metadata i32 %call, i64 0, metadata !58, metadata !17), !dbg !59
DEBUG: /home/patmos/Developer/kremlin/instrument/llvm/llvm-3.6.1.src/lib/Transforms/KremlinInstrument/TimestampPlacer.cpp:195 inserting instrumentation for:   %cmp1 = icmp sgt i32 %call, 0, !dbg !60
DEBUG: /home/patmos/Developer/kremlin/instrument/llvm/llvm-3.6.1.src/lib/Transforms/KremlinInstrument/TimestampPlacer.cpp:195 inserting instrumentation for:   br i1 %cmp1, label %cond.end, label %cond.false, !dbg !60
DEBUG: /home/patmos/Developer/kremlin/instrument/llvm/llvm-3.6.1.src/lib/Transforms/KremlinInstrument/TimestampPlacer.cpp:195 inserting instrumentation for:   call void @__assert_fail(i8* getelementptr inbounds ([40 x i8]* @.str2, i32 0, i32 0), i8* getelementptr inbounds ([11 x i8]* @.str3, i32 0, i32 0), i32 24, i8* getelementptr inbounds ([23 x i8]* @__PRETTY_FUNCTION__.main, i32 0, i32 0)) #5, !dbg !61
DEBUG: /home/patmos/Developer/kremlin/instrument/llvm/llvm-3.6.1.src/lib/Transforms/KremlinInstrument/CallableHandler.tcc:122 examining:   call void @__assert_fail(i8* getelementptr inbounds ([40 x i8]* @.str2, i32 0, i32 0), i8* getelementptr inbounds ([11 x i8]* @.str3, i32 0, i32 0), i32 24, i8* getelementptr inbounds ([23 x i8]* @__PRETTY_FUNCTION__.main, i32 0, i32 0)) #5, !dbg !61
DEBUG: /home/patmos/Developer/kremlin/instrument/llvm/llvm-3.6.1.src/lib/Transforms/KremlinInstrument/CallableHandler.tcc:140 Call to function: __assert_fail
DEBUG: /home/patmos/Developer/kremlin/instrument/llvm/llvm-3.6.1.src/lib/Transforms/KremlinInstrument/CallableHandler.tcc:180 checking arg: i8* getelementptr inbounds ([40 x i8]* @.str2, i32 0, i32 0)
DEBUG: /home/patmos/Developer/kremlin/instrument/llvm/llvm-3.6.1.src/lib/Transforms/KremlinInstrument/CallableHandler.tcc:180 checking arg: i8* getelementptr inbounds ([11 x i8]* @.str3, i32 0, i32 0)
DEBUG: /home/patmos/Developer/kremlin/instrument/llvm/llvm-3.6.1.src/lib/Transforms/KremlinInstrument/CallableHandler.tcc:180 checking arg: i32 24
DEBUG: /home/patmos/Developer/kremlin/instrument/llvm/llvm-3.6.1.src/lib/Transforms/KremlinInstrument/CallableHandler.tcc:180 checking arg: i8* getelementptr inbounds ([23 x i8]* @__PRETTY_FUNCTION__.main, i32 0, i32 0)
DEBUG: /home/patmos/Developer/kremlin/instrument/llvm/llvm-3.6.1.src/lib/Transforms/KremlinInstrument/InstrumentedCall.tcc:99 Formatting to string:   call void @__assert_fail(i8* getelementptr inbounds ([40 x i8]* @.str2, i32 0, i32 0), i8* getelementptr inbounds ([11 x i8]* @.str3, i32 0, i32 0), i32 24, i8* getelementptr inbounds ([23 x i8]* @__PRETTY_FUNCTION__.main, i32 0, i32 0)) #5, !dbg !61
DEBUG: /home/patmos/Developer/kremlin/instrument/llvm/llvm-3.6.1.src/lib/Transforms/KremlinInstrument/DynamicMemoryHandler.cpp:81 handling:   call void @__assert_fail(i8* getelementptr inbounds ([40 x i8]* @.str2, i32 0, i32 0), i8* getelementptr inbounds ([11 x i8]* @.str3, i32 0, i32 0), i32 24, i8* getelementptr inbounds ([23 x i8]* @__PRETTY_FUNCTION__.main, i32 0, i32 0)) #5, !dbg !61
DEBUG: /home/patmos/Developer/kremlin/instrument/llvm/llvm-3.6.1.src/lib/Transforms/KremlinInstrument/TimestampPlacer.cpp:195 inserting instrumentation for:   unreachable, !dbg !61
DEBUG: /home/patmos/Developer/kremlin/instrument/llvm/llvm-3.6.1.src/lib/Transforms/KremlinInstrument/TimestampPlacer.cpp:195 inserting instrumentation for:   %3 = bitcast %struct.bench_args_t* %data to i8*, !dbg !64
DEBUG: /home/patmos/Developer/kremlin/instrument/llvm/llvm-3.6.1.src/lib/Transforms/KremlinInstrument/TimestampPlacer.cpp:195 inserting instrumentation for:   call void @data_to_input(i32 %call, i8* %3), !dbg !65
DEBUG: /home/patmos/Developer/kremlin/instrument/llvm/llvm-3.6.1.src/lib/Transforms/KremlinInstrument/CallableHandler.tcc:122 examining:   call void @data_to_input(i32 %call, i8* %3), !dbg !65
DEBUG: /home/patmos/Developer/kremlin/instrument/llvm/llvm-3.6.1.src/lib/Transforms/KremlinInstrument/CallableHandler.tcc:140 Call to function: data_to_input
DEBUG: /home/patmos/Developer/kremlin/instrument/llvm/llvm-3.6.1.src/lib/Transforms/KremlinInstrument/CallableHandler.tcc:180 checking arg:   %call = call i32 (i8*, i32, ...)* @open(i8* getelementptr inbounds ([11 x i8]* @.str, i32 0, i32 0), i32 577, i32 438), !dbg !57
DEBUG: /home/patmos/Developer/kremlin/instrument/llvm/llvm-3.6.1.src/lib/Transforms/KremlinInstrument/analysis/timestamp/TimestampAnalysis.cpp:30 getting TS for   %call = call i32 (i8*, i32, ...)* @open(i8* getelementptr inbounds ([11 x i8]* @.str, i32 0, i32 0), i32 577, i32 438), !dbg !57
DEBUG: /home/patmos/Developer/kremlin/instrument/llvm/llvm-3.6.1.src/lib/Transforms/KremlinInstrument/analysis/timestamp/TimestampAnalysis.cpp:48 	TS for   %call = call i32 (i8*, i32, ...)* @open(i8* getelementptr inbounds ([11 x i8]* @.str, i32 0, i32 0), i32 577, i32 438), !dbg !57: (  %call = call i32 (i8*, i32, ...)* @open(i8* getelementptr inbounds ([11 x i8]* @.str, i32 0, i32 0), i32 577, i32 438), !dbg !57,0) 
DEBUG: DEBUG: /home/patmos/Developer/kremlin/instrument/llvm/llvm-3.6.1.src/lib/Transforms/KremlinInstrument/analysis/timestamp/KInstructionToLogFunctionConverter.cpp:54 Converting inst:   %call = call i32 (i8*, i32, ...)* @open(i8* getelementptr inbounds ([11 x i8]* @.str, i32 0, i32 0), i32 577, i32 438), !dbg !57
DEBUG: /home/patmos/Developer/kremlin/instrument/llvm/llvm-3.6.1.src/lib/Transforms/KremlinInstrument/CallableHandler.tcc:180 checking arg:   %3 = bitcast %struct.bench_args_t* %data to i8*, !dbg !64
DEBUG: /home/patmos/Developer/kremlin/instrument/llvm/llvm-3.6.1.src/lib/Transforms/KremlinInstrument/InstrumentedCall.tcc:99 Formatting to string:   call void @data_to_input(i32 %call, i8* %3), !dbg !65
DEBUG: /home/patmos/Developer/kremlin/instrument/llvm/llvm-3.6.1.src/lib/Transforms/KremlinInstrument/DynamicMemoryHandler.cpp:81 handling:   call void @data_to_input(i32 %call, i8* %3), !dbg !65
DEBUG: /home/patmos/Developer/kremlin/instrument/llvm/llvm-3.6.1.src/lib/Transforms/KremlinInstrument/TimestampPlacer.cpp:195 inserting instrumentation for:   ret i32 0, !dbg !66
INFO: /home/patmos/Developer/kremlin/instrument/llvm/llvm-3.6.1.src/lib/Transforms/KremlinInstrument/Placer.cpp:74 Placing begins
DEBUG: /home/patmos/Developer/kremlin/instrument/llvm/llvm-3.6.1.src/lib/Transforms/KremlinInstrument/Placer.cpp:118 Getting common dom
DEBUG: /home/patmos/Developer/kremlin/instrument/llvm/llvm-3.6.1.src/lib/Transforms/KremlinInstrument/Placer.cpp:126 Getting earliest inst
DEBUG: /home/patmos/Developer/kremlin/instrument/llvm/llvm-3.6.1.src/lib/Transforms/KremlinInstrument/Placer.cpp:118 Getting common dom
DEBUG: /home/patmos/Developer/kremlin/instrument/llvm/llvm-3.6.1.src/lib/Transforms/KremlinInstrument/Placer.cpp:126 Getting earliest inst
DEBUG: /home/patmos/Developer/kremlin/instrument/llvm/llvm-3.6.1.src/lib/Transforms/KremlinInstrument/Placer.cpp:118 Getting common dom
DEBUG: /home/patmos/Developer/kremlin/instrument/llvm/llvm-3.6.1.src/lib/Transforms/KremlinInstrument/Placer.cpp:126 Getting earliest inst
DEBUG: /home/patmos/Developer/kremlin/instrument/llvm/llvm-3.6.1.src/lib/Transforms/KremlinInstrument/Placer.cpp:118 Getting common dom
DEBUG: /home/patmos/Developer/kremlin/instrument/llvm/llvm-3.6.1.src/lib/Transforms/KremlinInstrument/Placer.cpp:126 Getting earliest inst
DEBUG: /home/patmos/Developer/kremlin/instrument/llvm/llvm-3.6.1.src/lib/Transforms/KremlinInstrument/Placer.cpp:118 Getting common dom
DEBUG: /home/patmos/Developer/kremlin/instrument/llvm/llvm-3.6.1.src/lib/Transforms/KremlinInstrument/Placer.cpp:126 Getting earliest inst
DEBUG: /home/patmos/Developer/kremlin/instrument/llvm/llvm-3.6.1.src/lib/Transforms/KremlinInstrument/Placer.cpp:118 Getting common dom
DEBUG: /home/patmos/Developer/kremlin/instrument/llvm/llvm-3.6.1.src/lib/Transforms/KremlinInstrument/Placer.cpp:126 Getting earliest inst
DEBUG: /home/patmos/Developer/kremlin/instrument/llvm/llvm-3.6.1.src/lib/Transforms/KremlinInstrument/Placer.cpp:118 Getting common dom
DEBUG: /home/patmos/Developer/kremlin/instrument/llvm/llvm-3.6.1.src/lib/Transforms/KremlinInstrument/Placer.cpp:126 Getting earliest inst
DEBUG: /home/patmos/Developer/kremlin/instrument/llvm/llvm-3.6.1.src/lib/Transforms/KremlinInstrument/Placer.cpp:118 Getting common dom
DEBUG: /home/patmos/Developer/kremlin/instrument/llvm/llvm-3.6.1.src/lib/Transforms/KremlinInstrument/Placer.cpp:126 Getting earliest inst
DEBUG: /home/patmos/Developer/kremlin/instrument/llvm/llvm-3.6.1.src/lib/Transforms/KremlinInstrument/Placer.cpp:118 Getting common dom
DEBUG: /home/patmos/Developer/kremlin/instrument/llvm/llvm-3.6.1.src/lib/Transforms/KremlinInstrument/Placer.cpp:126 Getting earliest inst
DEBUG: /home/patmos/Developer/kremlin/instrument/llvm/llvm-3.6.1.src/lib/Transforms/KremlinInstrument/Placer.cpp:118 Getting common dom
DEBUG: /home/patmos/Developer/kremlin/instrument/llvm/llvm-3.6.1.src/lib/Transforms/KremlinInstrument/Placer.cpp:126 Getting earliest inst
DEBUG: /home/patmos/Developer/kremlin/instrument/llvm/llvm-3.6.1.src/lib/Transforms/KremlinInstrument/Placer.cpp:118 Getting common dom
DEBUG: /home/patmos/Developer/kremlin/instrument/llvm/llvm-3.6.1.src/lib/Transforms/KremlinInstrument/Placer.cpp:126 Getting earliest inst
DEBUG: /home/patmos/Developer/kremlin/instrument/llvm/llvm-3.6.1.src/lib/Transforms/KremlinInstrument/Placer.cpp:118 Getting common dom
DEBUG: /home/patmos/Developer/kremlin/instrument/llvm/llvm-3.6.1.src/lib/Transforms/KremlinInstrument/Placer.cpp:126 Getting earliest inst
DEBUG: /home/patmos/Developer/kremlin/instrument/llvm/llvm-3.6.1.src/lib/Transforms/KremlinInstrument/Placer.cpp:118 Getting common dom
DEBUG: /home/patmos/Developer/kremlin/instrument/llvm/llvm-3.6.1.src/lib/Transforms/KremlinInstrument/Placer.cpp:126 Getting earliest inst
DEBUG: /home/patmos/Developer/kremlin/instrument/llvm/llvm-3.6.1.src/lib/Transforms/KremlinInstrument/Placer.cpp:118 Getting common dom
DEBUG: /home/patmos/Developer/kremlin/instrument/llvm/llvm-3.6.1.src/lib/Transforms/KremlinInstrument/Placer.cpp:126 Getting earliest inst
DEBUG: /home/patmos/Developer/kremlin/instrument/llvm/llvm-3.6.1.src/lib/Transforms/KremlinInstrument/Placer.cpp:118 Getting common dom
DEBUG: /home/patmos/Developer/kremlin/instrument/llvm/llvm-3.6.1.src/lib/Transforms/KremlinInstrument/Placer.cpp:126 Getting earliest inst
DEBUG: /home/patmos/Developer/kremlin/instrument/llvm/llvm-3.6.1.src/lib/Transforms/KremlinInstrument/Placer.cpp:118 Getting common dom
DEBUG: /home/patmos/Developer/kremlin/instrument/llvm/llvm-3.6.1.src/lib/Transforms/KremlinInstrument/Placer.cpp:126 Getting earliest inst
DEBUG: /home/patmos/Developer/kremlin/instrument/llvm/llvm-3.6.1.src/lib/Transforms/KremlinInstrument/Placer.cpp:118 Getting common dom
DEBUG: /home/patmos/Developer/kremlin/instrument/llvm/llvm-3.6.1.src/lib/Transforms/KremlinInstrument/Placer.cpp:126 Getting earliest inst
DEBUG: /home/patmos/Developer/kremlin/instrument/llvm/llvm-3.6.1.src/lib/Transforms/KremlinInstrument/Placer.cpp:118 Getting common dom
DEBUG: /home/patmos/Developer/kremlin/instrument/llvm/llvm-3.6.1.src/lib/Transforms/KremlinInstrument/Placer.cpp:126 Getting earliest inst
INFO: /home/patmos/Developer/kremlin/instrument/llvm/llvm-3.6.1.src/lib/Transforms/KremlinInstrument/Placer.cpp:145 Placing finishes
DEBUG: /home/patmos/Developer/kremlin/instrument/llvm/llvm-3.6.1.src/lib/Transforms/KremlinInstrument/analysis/InductionVariables.cpp:49 Found increment of induction variable: indvars.iv.next
DEBUG: /home/patmos/Developer/kremlin/instrument/llvm/llvm-3.6.1.src/lib/Transforms/KremlinInstrument/TimestampPlacer.cpp:195 inserting instrumentation for:   %data = alloca %struct.bench_args_t, align 1
DEBUG: /home/patmos/Developer/kremlin/instrument/llvm/llvm-3.6.1.src/lib/Transforms/KremlinInstrument/TimestampPlacer.cpp:195 inserting instrumentation for:   %initial_contents = alloca [16 x i8], align 16
DEBUG: /home/patmos/Developer/kremlin/instrument/llvm/llvm-3.6.1.src/lib/Transforms/KremlinInstrument/TimestampPlacer.cpp:195 inserting instrumentation for:   call void @llvm.dbg.value(metadata i32 %argc, i64 0, metadata !16, metadata !17), !dbg !18
DEBUG: /home/patmos/Developer/kremlin/instrument/llvm/llvm-3.6.1.src/lib/Transforms/KremlinInstrument/TimestampPlacer.cpp:195 inserting instrumentation for:   call void @llvm.dbg.value(metadata i8** %argv, i64 0, metadata !19, metadata !17), !dbg !20
DEBUG: /home/patmos/Developer/kremlin/instrument/llvm/llvm-3.6.1.src/lib/Transforms/KremlinInstrument/TimestampPlacer.cpp:195 inserting instrumentation for:   call void @llvm.dbg.declare(metadata %struct.bench_args_t* %data, metadata !21, metadata !17), !dbg !43
DEBUG: /home/patmos/Developer/kremlin/instrument/llvm/llvm-3.6.1.src/lib/Transforms/KremlinInstrument/TimestampPlacer.cpp:195 inserting instrumentation for:   call void @llvm.dbg.declare(metadata [16 x i8]* %initial_contents, metadata !44, metadata !17), !dbg !45
DEBUG: /home/patmos/Developer/kremlin/instrument/llvm/llvm-3.6.1.src/lib/Transforms/KremlinInstrument/TimestampPlacer.cpp:195 inserting instrumentation for:   %0 = bitcast [16 x i8]* %initial_contents to i8*, !dbg !45
DEBUG: /home/patmos/Developer/kremlin/instrument/llvm/llvm-3.6.1.src/lib/Transforms/KremlinInstrument/TimestampPlacer.cpp:195 inserting instrumentation for:   call void @llvm.memcpy.p0i8.p0i8.i64(i8* %0, i8* getelementptr inbounds ([16 x i8]* @main.initial_contents, i32 0, i32 0), i64 16, i32 16, i1 false), !dbg !45
DEBUG: /home/patmos/Developer/kremlin/instrument/llvm/llvm-3.6.1.src/lib/Transforms/KremlinInstrument/TimestampPlacer.cpp:195 inserting instrumentation for:   call void @llvm.dbg.value(metadata i32 0, i64 0, metadata !46, metadata !17), !dbg !47
DEBUG: /home/patmos/Developer/kremlin/instrument/llvm/llvm-3.6.1.src/lib/Transforms/KremlinInstrument/TimestampPlacer.cpp:195 inserting instrumentation for:   br label %for.cond, !dbg !48
DEBUG: /home/patmos/Developer/kremlin/instrument/llvm/llvm-3.6.1.src/lib/Transforms/KremlinInstrument/TimestampPlacer.cpp:195 inserting instrumentation for:   %indvars.iv = phi i64 [ %indvars.iv.next, %for.body ], [ 0, %entry ]
DEBUG: /home/patmos/Developer/kremlin/instrument/llvm/llvm-3.6.1.src/lib/Transforms/KremlinInstrument/PhiHandler.cpp:171 processing canonical induction var:   %indvars.iv = phi i64 [ %indvars.iv.next, %for.body ], [ 0, %entry ]
DEBUG: /home/patmos/Developer/kremlin/instrument/llvm/llvm-3.6.1.src/lib/Transforms/KremlinInstrument/TimestampPlacer.cpp:195 inserting instrumentation for:   %i.0 = phi i32 [ 0, %entry ], [ %inc, %for.body ]
DEBUG: /home/patmos/Developer/kremlin/instrument/llvm/llvm-3.6.1.src/lib/Transforms/KremlinInstrument/PhiHandler.cpp:449 processing phi node:  NOPRINT

DEBUG: /home/patmos/Developer/kremlin/instrument/llvm/llvm-3.6.1.src/lib/Transforms/KremlinInstrument/analysis/timestamp/TimestampAnalysis.cpp:30 getting TS for   %inc = add nuw nsw i32 %i.0, 1, !dbg !55
DEBUG: /home/patmos/Developer/kremlin/instrument/llvm/llvm-3.6.1.src/lib/Transforms/KremlinInstrument/analysis/timestamp/TimestampAnalysis.cpp:30 getting TS for i32 1
DEBUG: /home/patmos/Developer/kremlin/instrument/llvm/llvm-3.6.1.src/lib/Transforms/KremlinInstrument/analysis/timestamp/TimestampAnalysis.cpp:48 	TS for i32 1: 
DEBUG: DEBUG: /home/patmos/Developer/kremlin/instrument/llvm/llvm-3.6.1.src/lib/Transforms/KremlinInstrument/analysis/ControlDependence.cpp:221 Controlling block search of for.body
DEBUG: /home/patmos/Developer/kremlin/instrument/llvm/llvm-3.6.1.src/lib/Transforms/KremlinInstrument/analysis/ControlDependence.cpp:261 looking at for.cond
DEBUG: /home/patmos/Developer/kremlin/instrument/llvm/llvm-3.6.1.src/lib/Transforms/KremlinInstrument/analysis/ControlDependence.cpp:289   br i1 %exitcond, label %for.body, label %for.end, !dbg !50
DEBUG: /home/patmos/Developer/kremlin/instrument/llvm/llvm-3.6.1.src/lib/Transforms/KremlinInstrument/analysis/timestamp/TimestampAnalysis.cpp:48 	TS for   %inc = add nuw nsw i32 %i.0, 1, !dbg !55: (  %i.0 = phi i32 [ 0, %entry ], [ %inc, %for.body ],1) (  %exitcond = icmp ne i64 %indvars.iv, 32, !dbg !50,1) 
DEBUG: DEBUG: /home/patmos/Developer/kremlin/instrument/llvm/llvm-3.6.1.src/lib/Transforms/KremlinInstrument/analysis/timestamp/KInstructionToLogFunctionConverter.cpp:54 Converting inst:   %inc = add nuw nsw i32 %i.0, 1, !dbg !55
DEBUG: /home/patmos/Developer/kremlin/instrument/llvm/llvm-3.6.1.src/lib/Transforms/KremlinInstrument/analysis/ControlDependence.cpp:221 Controlling block search of entry
DEBUG: /home/patmos/Developer/kremlin/instrument/llvm/llvm-3.6.1.src/lib/Transforms/KremlinInstrument/analysis/ControlDependence.cpp:221 Controlling block search of for.body
DEBUG: /home/patmos/Developer/kremlin/instrument/llvm/llvm-3.6.1.src/lib/Transforms/KremlinInstrument/analysis/ControlDependence.cpp:261 looking at for.cond
DEBUG: /home/patmos/Developer/kremlin/instrument/llvm/llvm-3.6.1.src/lib/Transforms/KremlinInstrument/analysis/ControlDependence.cpp:221 Controlling block search of for.cond
DEBUG: /home/patmos/Developer/kremlin/instrument/llvm/llvm-3.6.1.src/lib/Transforms/KremlinInstrument/analysis/ControlDependence.cpp:261 looking at for.cond
DEBUG: /home/patmos/Developer/kremlin/instrument/llvm/llvm-3.6.1.src/lib/Transforms/KremlinInstrument/PhiHandler.cpp:275 controller to for.cond: for.cond
DEBUG: /home/patmos/Developer/kremlin/instrument/llvm/llvm-3.6.1.src/lib/Transforms/KremlinInstrument/PhiHandler.cpp:292 for.cond dominates for.body
DEBUG: /home/patmos/Developer/kremlin/instrument/llvm/llvm-3.6.1.src/lib/Transforms/KremlinInstrument/analysis/ControlDependence.cpp:289   br i1 %exitcond, label %for.body, label %for.end, !dbg !50
DEBUG: /home/patmos/Developer/kremlin/instrument/llvm/llvm-3.6.1.src/lib/Transforms/KremlinInstrument/analysis/ControlDependence.cpp:289   br i1 %exitcond, label %for.body, label %for.end, !dbg !50
DEBUG: /home/patmos/Developer/kremlin/instrument/llvm/llvm-3.6.1.src/lib/Transforms/KremlinInstrument/TimestampPlacer.cpp:195 inserting instrumentation for:   call void @_KWork(i32 1)
DEBUG: /home/patmos/Developer/kremlin/instrument/llvm/llvm-3.6.1.src/lib/Transforms/KremlinInstrument/TimestampPlacer.cpp:195 inserting instrumentation for:   %exitcond = icmp ne i64 %indvars.iv, 32, !dbg !50
DEBUG: /home/patmos/Developer/kremlin/instrument/llvm/llvm-3.6.1.src/lib/Transforms/KremlinInstrument/TimestampPlacer.cpp:195 inserting instrumentation for:   call void @_KTimestamp1(i32 3, i32 4, i32 1)
DEBUG: /home/patmos/Developer/kremlin/instrument/llvm/llvm-3.6.1.src/lib/Transforms/KremlinInstrument/TimestampPlacer.cpp:195 inserting instrumentation for:   call void @_KTimestamp1(i32 2, i32 2, i32 0)
DEBUG: /home/patmos/Developer/kremlin/instrument/llvm/llvm-3.6.1.src/lib/Transforms/KremlinInstrument/TimestampPlacer.cpp:195 inserting instrumentation for:   br i1 %exitcond, label %for.body, label %for.end, !dbg !50
DEBUG: /home/patmos/Developer/kremlin/instrument/llvm/llvm-3.6.1.src/lib/Transforms/KremlinInstrument/TimestampPlacer.cpp:195 inserting instrumentation for:   call void @_KWork(i32 2)
DEBUG: /home/patmos/Developer/kremlin/instrument/llvm/llvm-3.6.1.src/lib/Transforms/KremlinInstrument/TimestampPlacer.cpp:195 inserting instrumentation for:   %conv = trunc i32 %i.0 to i8, !dbg !51
DEBUG: /home/patmos/Developer/kremlin/instrument/llvm/llvm-3.6.1.src/lib/Transforms/KremlinInstrument/TimestampPlacer.cpp:195 inserting instrumentation for:   %k = getelementptr inbounds %struct.bench_args_t* %data, i32 0, i32 1, !dbg !53
DEBUG: /home/patmos/Developer/kremlin/instrument/llvm/llvm-3.6.1.src/lib/Transforms/KremlinInstrument/TimestampPlacer.cpp:195 inserting instrumentation for:   %arrayidx = getelementptr inbounds [32 x i8]* %k, i32 0, i64 %indvars.iv, !dbg !53
DEBUG: /home/patmos/Developer/kremlin/instrument/llvm/llvm-3.6.1.src/lib/Transforms/KremlinInstrument/TimestampPlacer.cpp:195 inserting instrumentation for:   call void @_KTimestamp2(i32 1, i32 2, i32 0, i32 3, i32 0)
DEBUG: /home/patmos/Developer/kremlin/instrument/llvm/llvm-3.6.1.src/lib/Transforms/KremlinInstrument/TimestampPlacer.cpp:195 inserting instrumentation for:   %inst_arg_ptr = bitcast i8* %arrayidx to i8*
DEBUG: /home/patmos/Developer/kremlin/instrument/llvm/llvm-3.6.1.src/lib/Transforms/KremlinInstrument/TimestampPlacer.cpp:195 inserting instrumentation for:   call void @_KStore(i32 1, i8* %inst_arg_ptr, i32 1)
DEBUG: /home/patmos/Developer/kremlin/instrument/llvm/llvm-3.6.1.src/lib/Transforms/KremlinInstrument/TimestampPlacer.cpp:195 inserting instrumentation for:   store i8 %conv, i8* %arrayidx, align 1, !dbg !53
DEBUG: /home/patmos/Developer/kremlin/instrument/llvm/llvm-3.6.1.src/lib/Transforms/KremlinInstrument/TimestampPlacer.cpp:195 inserting instrumentation for:   %indvars.iv.next = add nuw nsw i64 %indvars.iv, 1, !dbg !54
DEBUG: /home/patmos/Developer/kremlin/instrument/llvm/llvm-3.6.1.src/lib/Transforms/KremlinInstrument/TimestampPlacer.cpp:195 inserting instrumentation for:   %inc = add nuw nsw i32 %i.0, 1, !dbg !55
DEBUG: /home/patmos/Developer/kremlin/instrument/llvm/llvm-3.6.1.src/lib/Transforms/KremlinInstrument/TimestampPlacer.cpp:195 inserting instrumentation for:   call void @llvm.dbg.value(metadata i32 %inc, i64 0, metadata !46, metadata !17), !dbg !47
DEBUG: /home/patmos/Developer/kremlin/instrument/llvm/llvm-3.6.1.src/lib/Transforms/KremlinInstrument/TimestampPlacer.cpp:195 inserting instrumentation for:   br label %for.cond, !dbg !54
DEBUG: /home/patmos/Developer/kremlin/instrument/llvm/llvm-3.6.1.src/lib/Transforms/KremlinInstrument/TimestampPlacer.cpp:195 inserting instrumentation for:   call void @_KWork(i32 1)
DEBUG: /home/patmos/Developer/kremlin/instrument/llvm/llvm-3.6.1.src/lib/Transforms/KremlinInstrument/TimestampPlacer.cpp:195 inserting instrumentation for:   %buf = getelementptr inbounds %struct.bench_args_t* %data, i32 0, i32 2, !dbg !56
DEBUG: /home/patmos/Developer/kremlin/instrument/llvm/llvm-3.6.1.src/lib/Transforms/KremlinInstrument/TimestampPlacer.cpp:195 inserting instrumentation for:   %1 = bitcast [16 x i8]* %buf to i8*, !dbg !56
DEBUG: /home/patmos/Developer/kremlin/instrument/llvm/llvm-3.6.1.src/lib/Transforms/KremlinInstrument/TimestampPlacer.cpp:195 inserting instrumentation for:   %2 = bitcast [16 x i8]* %initial_contents to i8*, !dbg !56
DEBUG: /home/patmos/Developer/kremlin/instrument/llvm/llvm-3.6.1.src/lib/Transforms/KremlinInstrument/TimestampPlacer.cpp:195 inserting instrumentation for:   call void @llvm.memcpy.p0i8.p0i8.i64(i8* %1, i8* %2, i64 16, i32 1, i1 false), !dbg !56
DEBUG: /home/patmos/Developer/kremlin/instrument/llvm/llvm-3.6.1.src/lib/Transforms/KremlinInstrument/TimestampPlacer.cpp:195 inserting instrumentation for:   call void @_KPrepCall(i64 -3965780564344921498, i64 0)
DEBUG: /home/patmos/Developer/kremlin/instrument/llvm/llvm-3.6.1.src/lib/Transforms/KremlinInstrument/TimestampPlacer.cpp:195 inserting instrumentation for:   call void @_KEnqArgConst()
DEBUG: /home/patmos/Developer/kremlin/instrument/llvm/llvm-3.6.1.src/lib/Transforms/KremlinInstrument/TimestampPlacer.cpp:195 inserting instrumentation for:   call void @_KEnqArgConst()
DEBUG: /home/patmos/Developer/kremlin/instrument/llvm/llvm-3.6.1.src/lib/Transforms/KremlinInstrument/TimestampPlacer.cpp:195 inserting instrumentation for:   call void @_KLinkReturn(i32 5)
DEBUG: /home/patmos/Developer/kremlin/instrument/llvm/llvm-3.6.1.src/lib/Transforms/KremlinInstrument/TimestampPlacer.cpp:195 inserting instrumentation for:   %call = call i32 (i8*, i32, ...)* @open(i8* getelementptr inbounds ([11 x i8]* @.str, i32 0, i32 0), i32 577, i32 438), !dbg !57
DEBUG: /home/patmos/Developer/kremlin/instrument/llvm/llvm-3.6.1.src/lib/Transforms/KremlinInstrument/TimestampPlacer.cpp:195 inserting instrumentation for:   call void @llvm.dbg.value(metadata i32 %call, i64 0, metadata !58, metadata !17), !dbg !59
DEBUG: /home/patmos/Developer/kremlin/instrument/llvm/llvm-3.6.1.src/lib/Transforms/KremlinInstrument/TimestampPlacer.cpp:195 inserting instrumentation for:   %cmp1 = icmp sgt i32 %call, 0, !dbg !60
DEBUG: /home/patmos/Developer/kremlin/instrument/llvm/llvm-3.6.1.src/lib/Transforms/KremlinInstrument/TimestampPlacer.cpp:195 inserting instrumentation for:   call void @_KTimestamp1(i32 5, i32 5, i32 0)
DEBUG: /home/patmos/Developer/kremlin/instrument/llvm/llvm-3.6.1.src/lib/Transforms/KremlinInstrument/TimestampPlacer.cpp:195 inserting instrumentation for:   br i1 %cmp1, label %cond.end, label %cond.false, !dbg !60
DEBUG: /home/patmos/Developer/kremlin/instrument/llvm/llvm-3.6.1.src/lib/Transforms/KremlinInstrument/TimestampPlacer.cpp:195 inserting instrumentation for:   call void @_KPrepCall(i64 284479022623656986, i64 0)
DEBUG: /home/patmos/Developer/kremlin/instrument/llvm/llvm-3.6.1.src/lib/Transforms/KremlinInstrument/TimestampPlacer.cpp:195 inserting instrumentation for:   call void @_KEnqArgConst()
DEBUG: /home/patmos/Developer/kremlin/instrument/llvm/llvm-3.6.1.src/lib/Transforms/KremlinInstrument/TimestampPlacer.cpp:195 inserting instrumentation for:   call void @__assert_fail(i8* getelementptr inbounds ([40 x i8]* @.str2, i32 0, i32 0), i8* getelementptr inbounds ([11 x i8]* @.str3, i32 0, i32 0), i32 24, i8* getelementptr inbounds ([23 x i8]* @__PRETTY_FUNCTION__.main, i32 0, i32 0)) #5, !dbg !61
DEBUG: /home/patmos/Developer/kremlin/instrument/llvm/llvm-3.6.1.src/lib/Transforms/KremlinInstrument/TimestampPlacer.cpp:195 inserting instrumentation for:   unreachable, !dbg !61
DEBUG: /home/patmos/Developer/kremlin/instrument/llvm/llvm-3.6.1.src/lib/Transforms/KremlinInstrument/TimestampPlacer.cpp:195 inserting instrumentation for:   %3 = bitcast %struct.bench_args_t* %data to i8*, !dbg !64
DEBUG: /home/patmos/Developer/kremlin/instrument/llvm/llvm-3.6.1.src/lib/Transforms/KremlinInstrument/TimestampPlacer.cpp:195 inserting instrumentation for:   call void @_KPrepCall(i64 -6876241823462882782, i64 0)
DEBUG: /home/patmos/Developer/kremlin/instrument/llvm/llvm-3.6.1.src/lib/Transforms/KremlinInstrument/TimestampPlacer.cpp:195 inserting instrumentation for:   call void @_KEnqArg(i32 5)
DEBUG: /home/patmos/Developer/kremlin/instrument/llvm/llvm-3.6.1.src/lib/Transforms/KremlinInstrument/TimestampPlacer.cpp:195 inserting instrumentation for:   call void @data_to_input(i32 %call, i8* %3), !dbg !65
DEBUG: /home/patmos/Developer/kremlin/instrument/llvm/llvm-3.6.1.src/lib/Transforms/KremlinInstrument/TimestampPlacer.cpp:195 inserting instrumentation for:   call void @_KReturnConst()
DEBUG: /home/patmos/Developer/kremlin/instrument/llvm/llvm-3.6.1.src/lib/Transforms/KremlinInstrument/TimestampPlacer.cpp:195 inserting instrumentation for:   ret i32 0, !dbg !66
INFO: /home/patmos/Developer/kremlin/instrument/llvm/llvm-3.6.1.src/lib/Transforms/KremlinInstrument/Placer.cpp:74 Placing begins
DEBUG: /home/patmos/Developer/kremlin/instrument/llvm/llvm-3.6.1.src/lib/Transforms/KremlinInstrument/Placer.cpp:118 Getting common dom
DEBUG: /home/patmos/Developer/kremlin/instrument/llvm/llvm-3.6.1.src/lib/Transforms/KremlinInstrument/Placer.cpp:126 Getting earliest inst
DEBUG: /home/patmos/Developer/kremlin/instrument/llvm/llvm-3.6.1.src/lib/Transforms/KremlinInstrument/Placer.cpp:118 Getting common dom
DEBUG: /home/patmos/Developer/kremlin/instrument/llvm/llvm-3.6.1.src/lib/Transforms/KremlinInstrument/Placer.cpp:126 Getting earliest inst
DEBUG: /home/patmos/Developer/kremlin/instrument/llvm/llvm-3.6.1.src/lib/Transforms/KremlinInstrument/Placer.cpp:118 Getting common dom
DEBUG: /home/patmos/Developer/kremlin/instrument/llvm/llvm-3.6.1.src/lib/Transforms/KremlinInstrument/Placer.cpp:126 Getting earliest inst
DEBUG: /home/patmos/Developer/kremlin/instrument/llvm/llvm-3.6.1.src/lib/Transforms/KremlinInstrument/Placer.cpp:118 Getting common dom
DEBUG: /home/patmos/Developer/kremlin/instrument/llvm/llvm-3.6.1.src/lib/Transforms/KremlinInstrument/Placer.cpp:126 Getting earliest inst
DEBUG: /home/patmos/Developer/kremlin/instrument/llvm/llvm-3.6.1.src/lib/Transforms/KremlinInstrument/Placer.cpp:118 Getting common dom
DEBUG: /home/patmos/Developer/kremlin/instrument/llvm/llvm-3.6.1.src/lib/Transforms/KremlinInstrument/Placer.cpp:126 Getting earliest inst
DEBUG: /home/patmos/Developer/kremlin/instrument/llvm/llvm-3.6.1.src/lib/Transforms/KremlinInstrument/Placer.cpp:118 Getting common dom
DEBUG: /home/patmos/Developer/kremlin/instrument/llvm/llvm-3.6.1.src/lib/Transforms/KremlinInstrument/Placer.cpp:126 Getting earliest inst
INFO: /home/patmos/Developer/kremlin/instrument/llvm/llvm-3.6.1.src/lib/Transforms/KremlinInstrument/Placer.cpp:145 Placing finishes
DEBUG: /home/patmos/Developer/kremlin/instrument/llvm/llvm-3.6.1.src/lib/Transforms/KremlinInstrument/analysis/ControlDependence.cpp:221 Controlling block search of entry
DEBUG: /home/patmos/Developer/kremlin/instrument/llvm/llvm-3.6.1.src/lib/Transforms/KremlinInstrument/analysis/ControlDependence.cpp:289   br label %for.cond, !dbg !48
DEBUG: /home/patmos/Developer/kremlin/instrument/llvm/llvm-3.6.1.src/lib/Transforms/KremlinInstrument/analysis/ControlDependence.cpp:297 No controlling val found for bb: entry
DEBUG: /home/patmos/Developer/kremlin/instrument/llvm/llvm-3.6.1.src/lib/Transforms/KremlinInstrument/TimestampPlacer.cpp:195 inserting instrumentation for:   %data = alloca %struct.bench_args_t, align 1
DEBUG: /home/patmos/Developer/kremlin/instrument/llvm/llvm-3.6.1.src/lib/Transforms/KremlinInstrument/TimestampPlacer.cpp:195 inserting instrumentation for:   %initial_contents = alloca [16 x i8], align 16
DEBUG: /home/patmos/Developer/kremlin/instrument/llvm/llvm-3.6.1.src/lib/Transforms/KremlinInstrument/TimestampPlacer.cpp:195 inserting instrumentation for:   call void @llvm.dbg.value(metadata i32 %argc, i64 0, metadata !16, metadata !17), !dbg !18
DEBUG: /home/patmos/Developer/kremlin/instrument/llvm/llvm-3.6.1.src/lib/Transforms/KremlinInstrument/TimestampPlacer.cpp:195 inserting instrumentation for:   call void @llvm.dbg.value(metadata i8** %argv, i64 0, metadata !19, metadata !17), !dbg !20
DEBUG: /home/patmos/Developer/kremlin/instrument/llvm/llvm-3.6.1.src/lib/Transforms/KremlinInstrument/TimestampPlacer.cpp:195 inserting instrumentation for:   call void @llvm.dbg.declare(metadata %struct.bench_args_t* %data, metadata !21, metadata !17), !dbg !43
DEBUG: /home/patmos/Developer/kremlin/instrument/llvm/llvm-3.6.1.src/lib/Transforms/KremlinInstrument/TimestampPlacer.cpp:195 inserting instrumentation for:   call void @llvm.dbg.declare(metadata [16 x i8]* %initial_contents, metadata !44, metadata !17), !dbg !45
DEBUG: /home/patmos/Developer/kremlin/instrument/llvm/llvm-3.6.1.src/lib/Transforms/KremlinInstrument/TimestampPlacer.cpp:195 inserting instrumentation for:   %0 = bitcast [16 x i8]* %initial_contents to i8*, !dbg !45
DEBUG: /home/patmos/Developer/kremlin/instrument/llvm/llvm-3.6.1.src/lib/Transforms/KremlinInstrument/TimestampPlacer.cpp:195 inserting instrumentation for:   call void @llvm.memcpy.p0i8.p0i8.i64(i8* %0, i8* getelementptr inbounds ([16 x i8]* @main.initial_contents, i32 0, i32 0), i64 16, i32 16, i1 false), !dbg !45
DEBUG: /home/patmos/Developer/kremlin/instrument/llvm/llvm-3.6.1.src/lib/Transforms/KremlinInstrument/TimestampPlacer.cpp:195 inserting instrumentation for:   call void @llvm.dbg.value(metadata i32 0, i64 0, metadata !46, metadata !17), !dbg !47
DEBUG: /home/patmos/Developer/kremlin/instrument/llvm/llvm-3.6.1.src/lib/Transforms/KremlinInstrument/TimestampPlacer.cpp:195 inserting instrumentation for:   call void @_KInduction(i32 4)
DEBUG: /home/patmos/Developer/kremlin/instrument/llvm/llvm-3.6.1.src/lib/Transforms/KremlinInstrument/TimestampPlacer.cpp:195 inserting instrumentation for:   br label %for.cond, !dbg !48
DEBUG: /home/patmos/Developer/kremlin/instrument/llvm/llvm-3.6.1.src/lib/Transforms/KremlinInstrument/analysis/ControlDependence.cpp:221 Controlling block search of for.cond
DEBUG: /home/patmos/Developer/kremlin/instrument/llvm/llvm-3.6.1.src/lib/Transforms/KremlinInstrument/analysis/ControlDependence.cpp:261 looking at for.cond
DEBUG: /home/patmos/Developer/kremlin/instrument/llvm/llvm-3.6.1.src/lib/Transforms/KremlinInstrument/analysis/ControlDependence.cpp:289   br i1 %exitcond, label %for.body, label %for.end, !dbg !50
DEBUG: /home/patmos/Developer/kremlin/instrument/llvm/llvm-3.6.1.src/lib/Transforms/KremlinInstrument/TimestampPlacer.cpp:195 inserting instrumentation for:   %indvars.iv = phi i64 [ %indvars.iv.next, %for.body ], [ 0, %entry ]
DEBUG: /home/patmos/Developer/kremlin/instrument/llvm/llvm-3.6.1.src/lib/Transforms/KremlinInstrument/TimestampPlacer.cpp:195 inserting instrumentation for:   %phi-incoming-condition = phi i32 [ 0, %entry ], [ 3, %for.body ]
DEBUG: /home/patmos/Developer/kremlin/instrument/llvm/llvm-3.6.1.src/lib/Transforms/KremlinInstrument/TimestampPlacer.cpp:195 inserting instrumentation for:   %phi-incoming-val-id = phi i32 [ 0, %entry ], [ 6, %for.body ]
DEBUG: /home/patmos/Developer/kremlin/instrument/llvm/llvm-3.6.1.src/lib/Transforms/KremlinInstrument/TimestampPlacer.cpp:195 inserting instrumentation for:   %i.0 = phi i32 [ 0, %entry ], [ %inc, %for.body ]
DEBUG: /home/patmos/Developer/kremlin/instrument/llvm/llvm-3.6.1.src/lib/Transforms/KremlinInstrument/TimestampPlacer.cpp:195 inserting instrumentation for:   call void @_KPhi1To1(i32 2, i32 %phi-incoming-val-id, i32 %phi-incoming-condition)
DEBUG: /home/patmos/Developer/kremlin/instrument/llvm/llvm-3.6.1.src/lib/Transforms/KremlinInstrument/TimestampPlacer.cpp:195 inserting instrumentation for:   call void @_KWork(i32 1)
DEBUG: /home/patmos/Developer/kremlin/instrument/llvm/llvm-3.6.1.src/lib/Transforms/KremlinInstrument/TimestampPlacer.cpp:195 inserting instrumentation for:   %exitcond = icmp ne i64 %indvars.iv, 32, !dbg !50
DEBUG: /home/patmos/Developer/kremlin/instrument/llvm/llvm-3.6.1.src/lib/Transforms/KremlinInstrument/TimestampPlacer.cpp:195 inserting instrumentation for:   call void @_KTimestamp1(i32 3, i32 4, i32 1)
DEBUG: /home/patmos/Developer/kremlin/instrument/llvm/llvm-3.6.1.src/lib/Transforms/KremlinInstrument/TimestampPlacer.cpp:195 inserting instrumentation for:   call void @_KTimestamp1(i32 2, i32 2, i32 0)
DEBUG: /home/patmos/Developer/kremlin/instrument/llvm/llvm-3.6.1.src/lib/Transforms/KremlinInstrument/TimestampPlacer.cpp:195 inserting instrumentation for:   call void @_KPhiAddCond(i32 2, i32 3)
DEBUG: /home/patmos/Developer/kremlin/instrument/llvm/llvm-3.6.1.src/lib/Transforms/KremlinInstrument/TimestampPlacer.cpp:195 inserting instrumentation for:   br i1 %exitcond, label %for.body, label %for.end, !dbg !50
DEBUG: /home/patmos/Developer/kremlin/instrument/llvm/llvm-3.6.1.src/lib/Transforms/KremlinInstrument/analysis/ControlDependence.cpp:221 Controlling block search of for.body
DEBUG: /home/patmos/Developer/kremlin/instrument/llvm/llvm-3.6.1.src/lib/Transforms/KremlinInstrument/analysis/ControlDependence.cpp:261 looking at for.cond
DEBUG: /home/patmos/Developer/kremlin/instrument/llvm/llvm-3.6.1.src/lib/Transforms/KremlinInstrument/analysis/ControlDependence.cpp:289   br i1 %exitcond, label %for.body, label %for.end, !dbg !50
DEBUG: /home/patmos/Developer/kremlin/instrument/llvm/llvm-3.6.1.src/lib/Transforms/KremlinInstrument/analysis/ControlDependence.cpp:289   br label %for.cond, !dbg !54
DEBUG: /home/patmos/Developer/kremlin/instrument/llvm/llvm-3.6.1.src/lib/Transforms/KremlinInstrument/analysis/ControlDependence.cpp:297 No controlling val found for bb: for.body
DEBUG: /home/patmos/Developer/kremlin/instrument/llvm/llvm-3.6.1.src/lib/Transforms/KremlinInstrument/TimestampPlacer.cpp:195 inserting instrumentation for:   call void @_KWork(i32 2)
DEBUG: /home/patmos/Developer/kremlin/instrument/llvm/llvm-3.6.1.src/lib/Transforms/KremlinInstrument/TimestampPlacer.cpp:195 inserting instrumentation for:   %conv = trunc i32 %i.0 to i8, !dbg !51
DEBUG: /home/patmos/Developer/kremlin/instrument/llvm/llvm-3.6.1.src/lib/Transforms/KremlinInstrument/TimestampPlacer.cpp:195 inserting instrumentation for:   %k = getelementptr inbounds %struct.bench_args_t* %data, i32 0, i32 1, !dbg !53
DEBUG: /home/patmos/Developer/kremlin/instrument/llvm/llvm-3.6.1.src/lib/Transforms/KremlinInstrument/TimestampPlacer.cpp:195 inserting instrumentation for:   %arrayidx = getelementptr inbounds [32 x i8]* %k, i32 0, i64 %indvars.iv, !dbg !53
DEBUG: /home/patmos/Developer/kremlin/instrument/llvm/llvm-3.6.1.src/lib/Transforms/KremlinInstrument/TimestampPlacer.cpp:195 inserting instrumentation for:   call void @_KTimestamp2(i32 1, i32 2, i32 0, i32 3, i32 0)
DEBUG: /home/patmos/Developer/kremlin/instrument/llvm/llvm-3.6.1.src/lib/Transforms/KremlinInstrument/TimestampPlacer.cpp:195 inserting instrumentation for:   %inst_arg_ptr = bitcast i8* %arrayidx to i8*
DEBUG: /home/patmos/Developer/kremlin/instrument/llvm/llvm-3.6.1.src/lib/Transforms/KremlinInstrument/TimestampPlacer.cpp:195 inserting instrumentation for:   call void @_KStore(i32 1, i8* %inst_arg_ptr, i32 1)
DEBUG: /home/patmos/Developer/kremlin/instrument/llvm/llvm-3.6.1.src/lib/Transforms/KremlinInstrument/TimestampPlacer.cpp:195 inserting instrumentation for:   store i8 %conv, i8* %arrayidx, align 1, !dbg !53
DEBUG: /home/patmos/Developer/kremlin/instrument/llvm/llvm-3.6.1.src/lib/Transforms/KremlinInstrument/TimestampPlacer.cpp:195 inserting instrumentation for:   %indvars.iv.next = add nuw nsw i64 %indvars.iv, 1, !dbg !54
DEBUG: /home/patmos/Developer/kremlin/instrument/llvm/llvm-3.6.1.src/lib/Transforms/KremlinInstrument/TimestampPlacer.cpp:195 inserting instrumentation for:   %inc = add nuw nsw i32 %i.0, 1, !dbg !55
DEBUG: /home/patmos/Developer/kremlin/instrument/llvm/llvm-3.6.1.src/lib/Transforms/KremlinInstrument/TimestampPlacer.cpp:195 inserting instrumentation for:   call void @llvm.dbg.value(metadata i32 %inc, i64 0, metadata !46, metadata !17), !dbg !47
DEBUG: /home/patmos/Developer/kremlin/instrument/llvm/llvm-3.6.1.src/lib/Transforms/KremlinInstrument/TimestampPlacer.cpp:195 inserting instrumentation for:   call void @_KTimestamp2(i32 6, i32 2, i32 1, i32 3, i32 1)
DEBUG: /home/patmos/Developer/kremlin/instrument/llvm/llvm-3.6.1.src/lib/Transforms/KremlinInstrument/TimestampPlacer.cpp:195 inserting instrumentation for:   br label %for.cond, !dbg !54
DEBUG: /home/patmos/Developer/kremlin/instrument/llvm/llvm-3.6.1.src/lib/Transforms/KremlinInstrument/analysis/ControlDependence.cpp:221 Controlling block search of for.end
DEBUG: /home/patmos/Developer/kremlin/instrument/llvm/llvm-3.6.1.src/lib/Transforms/KremlinInstrument/analysis/ControlDependence.cpp:289   br i1 %cmp1, label %cond.end, label %cond.false, !dbg !60
DEBUG: /home/patmos/Developer/kremlin/instrument/llvm/llvm-3.6.1.src/lib/Transforms/KremlinInstrument/analysis/timestamp/TimestampAnalysis.cpp:30 getting TS for   %cmp1 = icmp sgt i32 %call, 0, !dbg !60
DEBUG: /home/patmos/Developer/kremlin/instrument/llvm/llvm-3.6.1.src/lib/Transforms/KremlinInstrument/analysis/timestamp/TimestampAnalysis.cpp:30 getting TS for   %call = call i32 (i8*, i32, ...)* @open(i8* getelementptr inbounds ([11 x i8]* @.str, i32 0, i32 0), i32 577, i32 438), !dbg !57
DEBUG: /home/patmos/Developer/kremlin/instrument/llvm/llvm-3.6.1.src/lib/Transforms/KremlinInstrument/analysis/timestamp/TimestampAnalysis.cpp:48 	TS for   %call = call i32 (i8*, i32, ...)* @open(i8* getelementptr inbounds ([11 x i8]* @.str, i32 0, i32 0), i32 577, i32 438), !dbg !57: (  %call = call i32 (i8*, i32, ...)* @open(i8* getelementptr inbounds ([11 x i8]* @.str, i32 0, i32 0), i32 577, i32 438), !dbg !57,0) 
DEBUG: DEBUG: /home/patmos/Developer/kremlin/instrument/llvm/llvm-3.6.1.src/lib/Transforms/KremlinInstrument/analysis/timestamp/TimestampAnalysis.cpp:30 getting TS for i32 0
DEBUG: /home/patmos/Developer/kremlin/instrument/llvm/llvm-3.6.1.src/lib/Transforms/KremlinInstrument/analysis/timestamp/TimestampAnalysis.cpp:48 	TS for i32 0: 
DEBUG: DEBUG: /home/patmos/Developer/kremlin/instrument/llvm/llvm-3.6.1.src/lib/Transforms/KremlinInstrument/analysis/ControlDependence.cpp:221 Controlling block search of for.end
DEBUG: /home/patmos/Developer/kremlin/instrument/llvm/llvm-3.6.1.src/lib/Transforms/KremlinInstrument/analysis/timestamp/TimestampAnalysis.cpp:48 	TS for   %cmp1 = icmp sgt i32 %call, 0, !dbg !60: (  %call = call i32 (i8*, i32, ...)* @open(i8* getelementptr inbounds ([11 x i8]* @.str, i32 0, i32 0), i32 577, i32 438), !dbg !57,1) 
DEBUG: DEBUG: /home/patmos/Developer/kremlin/instrument/llvm/llvm-3.6.1.src/lib/Transforms/KremlinInstrument/analysis/timestamp/KInstructionToLogFunctionConverter.cpp:54 Converting inst:   %cmp1 = icmp sgt i32 %call, 0, !dbg !60
DEBUG: /home/patmos/Developer/kremlin/instrument/llvm/llvm-3.6.1.src/lib/Transforms/KremlinInstrument/TimestampPlacer.cpp:195 inserting instrumentation for:   call void @_KWork(i32 1)
DEBUG: /home/patmos/Developer/kremlin/instrument/llvm/llvm-3.6.1.src/lib/Transforms/KremlinInstrument/TimestampPlacer.cpp:195 inserting instrumentation for:   %buf = getelementptr inbounds %struct.bench_args_t* %data, i32 0, i32 2, !dbg !56
DEBUG: /home/patmos/Developer/kremlin/instrument/llvm/llvm-3.6.1.src/lib/Transforms/KremlinInstrument/TimestampPlacer.cpp:195 inserting instrumentation for:   %1 = bitcast [16 x i8]* %buf to i8*, !dbg !56
DEBUG: /home/patmos/Developer/kremlin/instrument/llvm/llvm-3.6.1.src/lib/Transforms/KremlinInstrument/TimestampPlacer.cpp:195 inserting instrumentation for:   %2 = bitcast [16 x i8]* %initial_contents to i8*, !dbg !56
DEBUG: /home/patmos/Developer/kremlin/instrument/llvm/llvm-3.6.1.src/lib/Transforms/KremlinInstrument/TimestampPlacer.cpp:195 inserting instrumentation for:   call void @llvm.memcpy.p0i8.p0i8.i64(i8* %1, i8* %2, i64 16, i32 1, i1 false), !dbg !56
DEBUG: /home/patmos/Developer/kremlin/instrument/llvm/llvm-3.6.1.src/lib/Transforms/KremlinInstrument/TimestampPlacer.cpp:195 inserting instrumentation for:   call void @_KPrepCall(i64 -3965780564344921498, i64 0)
DEBUG: /home/patmos/Developer/kremlin/instrument/llvm/llvm-3.6.1.src/lib/Transforms/KremlinInstrument/TimestampPlacer.cpp:195 inserting instrumentation for:   call void @_KEnqArgConst()
DEBUG: /home/patmos/Developer/kremlin/instrument/llvm/llvm-3.6.1.src/lib/Transforms/KremlinInstrument/TimestampPlacer.cpp:195 inserting instrumentation for:   call void @_KEnqArgConst()
DEBUG: /home/patmos/Developer/kremlin/instrument/llvm/llvm-3.6.1.src/lib/Transforms/KremlinInstrument/TimestampPlacer.cpp:195 inserting instrumentation for:   call void @_KLinkReturn(i32 5)
DEBUG: /home/patmos/Developer/kremlin/instrument/llvm/llvm-3.6.1.src/lib/Transforms/KremlinInstrument/TimestampPlacer.cpp:195 inserting instrumentation for:   %call = call i32 (i8*, i32, ...)* @open(i8* getelementptr inbounds ([11 x i8]* @.str, i32 0, i32 0), i32 577, i32 438), !dbg !57
DEBUG: /home/patmos/Developer/kremlin/instrument/llvm/llvm-3.6.1.src/lib/Transforms/KremlinInstrument/TimestampPlacer.cpp:195 inserting instrumentation for:   call void @llvm.dbg.value(metadata i32 %call, i64 0, metadata !58, metadata !17), !dbg !59
DEBUG: /home/patmos/Developer/kremlin/instrument/llvm/llvm-3.6.1.src/lib/Transforms/KremlinInstrument/TimestampPlacer.cpp:195 inserting instrumentation for:   %cmp1 = icmp sgt i32 %call, 0, !dbg !60
DEBUG: /home/patmos/Developer/kremlin/instrument/llvm/llvm-3.6.1.src/lib/Transforms/KremlinInstrument/TimestampPlacer.cpp:195 inserting instrumentation for:   call void @_KTimestamp1(i32 5, i32 5, i32 0)
DEBUG: /home/patmos/Developer/kremlin/instrument/llvm/llvm-3.6.1.src/lib/Transforms/KremlinInstrument/TimestampPlacer.cpp:195 inserting instrumentation for:   br i1 %cmp1, label %cond.end, label %cond.false, !dbg !60
DEBUG: /home/patmos/Developer/kremlin/instrument/llvm/llvm-3.6.1.src/lib/Transforms/KremlinInstrument/analysis/ControlDependence.cpp:221 Controlling block search of cond.false
DEBUG: /home/patmos/Developer/kremlin/instrument/llvm/llvm-3.6.1.src/lib/Transforms/KremlinInstrument/analysis/ControlDependence.cpp:261 looking at for.end
DEBUG: /home/patmos/Developer/kremlin/instrument/llvm/llvm-3.6.1.src/lib/Transforms/KremlinInstrument/analysis/ControlDependence.cpp:289   br i1 %cmp1, label %cond.end, label %cond.false, !dbg !60
DEBUG: /home/patmos/Developer/kremlin/instrument/llvm/llvm-3.6.1.src/lib/Transforms/KremlinInstrument/analysis/ControlDependence.cpp:289   unreachable, !dbg !61
DEBUG: /home/patmos/Developer/kremlin/instrument/llvm/llvm-3.6.1.src/lib/Transforms/KremlinInstrument/analysis/ControlDependence.cpp:297 No controlling val found for bb: cond.false
DEBUG: /home/patmos/Developer/kremlin/instrument/llvm/llvm-3.6.1.src/lib/Transforms/KremlinInstrument/TimestampPlacer.cpp:195 inserting instrumentation for:   call void @_KPrepCall(i64 284479022623656986, i64 0)
DEBUG: /home/patmos/Developer/kremlin/instrument/llvm/llvm-3.6.1.src/lib/Transforms/KremlinInstrument/TimestampPlacer.cpp:195 inserting instrumentation for:   call void @_KEnqArgConst()
DEBUG: /home/patmos/Developer/kremlin/instrument/llvm/llvm-3.6.1.src/lib/Transforms/KremlinInstrument/TimestampPlacer.cpp:195 inserting instrumentation for:   call void @__assert_fail(i8* getelementptr inbounds ([40 x i8]* @.str2, i32 0, i32 0), i8* getelementptr inbounds ([11 x i8]* @.str3, i32 0, i32 0), i32 24, i8* getelementptr inbounds ([23 x i8]* @__PRETTY_FUNCTION__.main, i32 0, i32 0)) #5, !dbg !61
DEBUG: /home/patmos/Developer/kremlin/instrument/llvm/llvm-3.6.1.src/lib/Transforms/KremlinInstrument/TimestampPlacer.cpp:195 inserting instrumentation for:   unreachable, !dbg !61
DEBUG: /home/patmos/Developer/kremlin/instrument/llvm/llvm-3.6.1.src/lib/Transforms/KremlinInstrument/analysis/ControlDependence.cpp:221 Controlling block search of cond.end
DEBUG: /home/patmos/Developer/kremlin/instrument/llvm/llvm-3.6.1.src/lib/Transforms/KremlinInstrument/analysis/ControlDependence.cpp:261 looking at for.end
DEBUG: /home/patmos/Developer/kremlin/instrument/llvm/llvm-3.6.1.src/lib/Transforms/KremlinInstrument/analysis/ControlDependence.cpp:289   br i1 %cmp1, label %cond.end, label %cond.false, !dbg !60
DEBUG: /home/patmos/Developer/kremlin/instrument/llvm/llvm-3.6.1.src/lib/Transforms/KremlinInstrument/analysis/ControlDependence.cpp:289   ret i32 0, !dbg !66
DEBUG: /home/patmos/Developer/kremlin/instrument/llvm/llvm-3.6.1.src/lib/Transforms/KremlinInstrument/analysis/ControlDependence.cpp:297 No controlling val found for bb: cond.end
DEBUG: /home/patmos/Developer/kremlin/instrument/llvm/llvm-3.6.1.src/lib/Transforms/KremlinInstrument/TimestampPlacer.cpp:195 inserting instrumentation for:   %3 = bitcast %struct.bench_args_t* %data to i8*, !dbg !64
DEBUG: /home/patmos/Developer/kremlin/instrument/llvm/llvm-3.6.1.src/lib/Transforms/KremlinInstrument/TimestampPlacer.cpp:195 inserting instrumentation for:   call void @_KPrepCall(i64 -6876241823462882782, i64 0)
DEBUG: /home/patmos/Developer/kremlin/instrument/llvm/llvm-3.6.1.src/lib/Transforms/KremlinInstrument/TimestampPlacer.cpp:195 inserting instrumentation for:   call void @_KEnqArg(i32 5)
DEBUG: /home/patmos/Developer/kremlin/instrument/llvm/llvm-3.6.1.src/lib/Transforms/KremlinInstrument/TimestampPlacer.cpp:195 inserting instrumentation for:   call void @data_to_input(i32 %call, i8* %3), !dbg !65
DEBUG: /home/patmos/Developer/kremlin/instrument/llvm/llvm-3.6.1.src/lib/Transforms/KremlinInstrument/TimestampPlacer.cpp:195 inserting instrumentation for:   call void @_KReturnConst()
DEBUG: /home/patmos/Developer/kremlin/instrument/llvm/llvm-3.6.1.src/lib/Transforms/KremlinInstrument/TimestampPlacer.cpp:195 inserting instrumentation for:   ret i32 0, !dbg !66
INFO: /home/patmos/Developer/kremlin/instrument/llvm/llvm-3.6.1.src/lib/Transforms/KremlinInstrument/Placer.cpp:74 Placing begins
DEBUG: /home/patmos/Developer/kremlin/instrument/llvm/llvm-3.6.1.src/lib/Transforms/KremlinInstrument/Placer.cpp:118 Getting common dom
DEBUG: /home/patmos/Developer/kremlin/instrument/llvm/llvm-3.6.1.src/lib/Transforms/KremlinInstrument/Placer.cpp:126 Getting earliest inst
DEBUG: /home/patmos/Developer/kremlin/instrument/llvm/llvm-3.6.1.src/lib/Transforms/KremlinInstrument/Placer.cpp:118 Getting common dom
DEBUG: /home/patmos/Developer/kremlin/instrument/llvm/llvm-3.6.1.src/lib/Transforms/KremlinInstrument/Placer.cpp:126 Getting earliest inst
DEBUG: /home/patmos/Developer/kremlin/instrument/llvm/llvm-3.6.1.src/lib/Transforms/KremlinInstrument/Placer.cpp:118 Getting common dom
DEBUG: /home/patmos/Developer/kremlin/instrument/llvm/llvm-3.6.1.src/lib/Transforms/KremlinInstrument/Placer.cpp:126 Getting earliest inst
DEBUG: /home/patmos/Developer/kremlin/instrument/llvm/llvm-3.6.1.src/lib/Transforms/KremlinInstrument/Placer.cpp:118 Getting common dom
DEBUG: /home/patmos/Developer/kremlin/instrument/llvm/llvm-3.6.1.src/lib/Transforms/KremlinInstrument/Placer.cpp:126 Getting earliest inst
DEBUG: /home/patmos/Developer/kremlin/instrument/llvm/llvm-3.6.1.src/lib/Transforms/KremlinInstrument/Placer.cpp:118 Getting common dom
DEBUG: /home/patmos/Developer/kremlin/instrument/llvm/llvm-3.6.1.src/lib/Transforms/KremlinInstrument/Placer.cpp:126 Getting earliest inst
DEBUG: /home/patmos/Developer/kremlin/instrument/llvm/llvm-3.6.1.src/lib/Transforms/KremlinInstrument/Placer.cpp:118 Getting common dom
DEBUG: /home/patmos/Developer/kremlin/instrument/llvm/llvm-3.6.1.src/lib/Transforms/KremlinInstrument/Placer.cpp:126 Getting earliest inst
DEBUG: /home/patmos/Developer/kremlin/instrument/llvm/llvm-3.6.1.src/lib/Transforms/KremlinInstrument/Placer.cpp:118 Getting common dom
DEBUG: /home/patmos/Developer/kremlin/instrument/llvm/llvm-3.6.1.src/lib/Transforms/KremlinInstrument/Placer.cpp:126 Getting earliest inst
INFO: /home/patmos/Developer/kremlin/instrument/llvm/llvm-3.6.1.src/lib/Transforms/KremlinInstrument/Placer.cpp:145 Placing finishes
DEBUG: /home/patmos/Developer/kremlin/instrument/llvm/llvm-3.6.1.src/lib/Transforms/KremlinInstrument/TimestampPlacer.cpp:195 inserting instrumentation for:   %data = alloca %struct.bench_args_t, align 1
DEBUG: /home/patmos/Developer/kremlin/instrument/llvm/llvm-3.6.1.src/lib/Transforms/KremlinInstrument/TimestampPlacer.cpp:195 inserting instrumentation for:   %initial_contents = alloca [16 x i8], align 16
DEBUG: /home/patmos/Developer/kremlin/instrument/llvm/llvm-3.6.1.src/lib/Transforms/KremlinInstrument/TimestampPlacer.cpp:195 inserting instrumentation for:   call void @llvm.dbg.value(metadata i32 %argc, i64 0, metadata !16, metadata !17), !dbg !18
DEBUG: /home/patmos/Developer/kremlin/instrument/llvm/llvm-3.6.1.src/lib/Transforms/KremlinInstrument/TimestampPlacer.cpp:195 inserting instrumentation for:   call void @llvm.dbg.value(metadata i8** %argv, i64 0, metadata !19, metadata !17), !dbg !20
DEBUG: /home/patmos/Developer/kremlin/instrument/llvm/llvm-3.6.1.src/lib/Transforms/KremlinInstrument/TimestampPlacer.cpp:195 inserting instrumentation for:   call void @llvm.dbg.declare(metadata %struct.bench_args_t* %data, metadata !21, metadata !17), !dbg !43
DEBUG: /home/patmos/Developer/kremlin/instrument/llvm/llvm-3.6.1.src/lib/Transforms/KremlinInstrument/TimestampPlacer.cpp:195 inserting instrumentation for:   call void @llvm.dbg.declare(metadata [16 x i8]* %initial_contents, metadata !44, metadata !17), !dbg !45
DEBUG: /home/patmos/Developer/kremlin/instrument/llvm/llvm-3.6.1.src/lib/Transforms/KremlinInstrument/TimestampPlacer.cpp:195 inserting instrumentation for:   %0 = bitcast [16 x i8]* %initial_contents to i8*, !dbg !45
DEBUG: /home/patmos/Developer/kremlin/instrument/llvm/llvm-3.6.1.src/lib/Transforms/KremlinInstrument/TimestampPlacer.cpp:195 inserting instrumentation for:   call void @llvm.memcpy.p0i8.p0i8.i64(i8* %0, i8* getelementptr inbounds ([16 x i8]* @main.initial_contents, i32 0, i32 0), i64 16, i32 16, i1 false), !dbg !45
DEBUG: /home/patmos/Developer/kremlin/instrument/llvm/llvm-3.6.1.src/lib/Transforms/KremlinInstrument/TimestampPlacer.cpp:195 inserting instrumentation for:   call void @llvm.dbg.value(metadata i32 0, i64 0, metadata !46, metadata !17), !dbg !47
DEBUG: /home/patmos/Developer/kremlin/instrument/llvm/llvm-3.6.1.src/lib/Transforms/KremlinInstrument/TimestampPlacer.cpp:195 inserting instrumentation for:   call void @_KInduction(i32 4)
DEBUG: /home/patmos/Developer/kremlin/instrument/llvm/llvm-3.6.1.src/lib/Transforms/KremlinInstrument/TimestampPlacer.cpp:195 inserting instrumentation for:   br label %for.cond, !dbg !48
DEBUG: /home/patmos/Developer/kremlin/instrument/llvm/llvm-3.6.1.src/lib/Transforms/KremlinInstrument/TimestampPlacer.cpp:195 inserting instrumentation for:   %indvars.iv = phi i64 [ %indvars.iv.next, %for.body ], [ 0, %entry ]
DEBUG: /home/patmos/Developer/kremlin/instrument/llvm/llvm-3.6.1.src/lib/Transforms/KremlinInstrument/TimestampPlacer.cpp:195 inserting instrumentation for:   %phi-incoming-condition = phi i32 [ 0, %entry ], [ 3, %for.body ]
DEBUG: /home/patmos/Developer/kremlin/instrument/llvm/llvm-3.6.1.src/lib/Transforms/KremlinInstrument/TimestampPlacer.cpp:195 inserting instrumentation for:   %phi-incoming-val-id = phi i32 [ 0, %entry ], [ 6, %for.body ]
DEBUG: /home/patmos/Developer/kremlin/instrument/llvm/llvm-3.6.1.src/lib/Transforms/KremlinInstrument/TimestampPlacer.cpp:195 inserting instrumentation for:   %i.0 = phi i32 [ 0, %entry ], [ %inc, %for.body ]
DEBUG: /home/patmos/Developer/kremlin/instrument/llvm/llvm-3.6.1.src/lib/Transforms/KremlinInstrument/TimestampPlacer.cpp:195 inserting instrumentation for:   call void @_KPhi1To1(i32 2, i32 %phi-incoming-val-id, i32 %phi-incoming-condition)
DEBUG: /home/patmos/Developer/kremlin/instrument/llvm/llvm-3.6.1.src/lib/Transforms/KremlinInstrument/TimestampPlacer.cpp:195 inserting instrumentation for:   call void @_KWork(i32 1)
DEBUG: /home/patmos/Developer/kremlin/instrument/llvm/llvm-3.6.1.src/lib/Transforms/KremlinInstrument/TimestampPlacer.cpp:195 inserting instrumentation for:   %exitcond = icmp ne i64 %indvars.iv, 32, !dbg !50
DEBUG: /home/patmos/Developer/kremlin/instrument/llvm/llvm-3.6.1.src/lib/Transforms/KremlinInstrument/TimestampPlacer.cpp:195 inserting instrumentation for:   call void @_KTimestamp1(i32 3, i32 4, i32 1)
DEBUG: /home/patmos/Developer/kremlin/instrument/llvm/llvm-3.6.1.src/lib/Transforms/KremlinInstrument/TimestampPlacer.cpp:195 inserting instrumentation for:   call void @_KTimestamp1(i32 2, i32 2, i32 0)
DEBUG: /home/patmos/Developer/kremlin/instrument/llvm/llvm-3.6.1.src/lib/Transforms/KremlinInstrument/TimestampPlacer.cpp:195 inserting instrumentation for:   call void @_KPhiAddCond(i32 2, i32 3)
DEBUG: /home/patmos/Developer/kremlin/instrument/llvm/llvm-3.6.1.src/lib/Transforms/KremlinInstrument/TimestampPlacer.cpp:195 inserting instrumentation for:   br i1 %exitcond, label %for.body, label %for.end, !dbg !50
DEBUG: /home/patmos/Developer/kremlin/instrument/llvm/llvm-3.6.1.src/lib/Transforms/KremlinInstrument/TimestampPlacer.cpp:195 inserting instrumentation for:   call void @_KPushCDep(i32 3)
DEBUG: /home/patmos/Developer/kremlin/instrument/llvm/llvm-3.6.1.src/lib/Transforms/KremlinInstrument/TimestampPlacer.cpp:195 inserting instrumentation for:   call void @_KWork(i32 2)
DEBUG: /home/patmos/Developer/kremlin/instrument/llvm/llvm-3.6.1.src/lib/Transforms/KremlinInstrument/TimestampPlacer.cpp:195 inserting instrumentation for:   %conv = trunc i32 %i.0 to i8, !dbg !51
DEBUG: /home/patmos/Developer/kremlin/instrument/llvm/llvm-3.6.1.src/lib/Transforms/KremlinInstrument/TimestampPlacer.cpp:195 inserting instrumentation for:   %k = getelementptr inbounds %struct.bench_args_t* %data, i32 0, i32 1, !dbg !53
DEBUG: /home/patmos/Developer/kremlin/instrument/llvm/llvm-3.6.1.src/lib/Transforms/KremlinInstrument/TimestampPlacer.cpp:195 inserting instrumentation for:   %arrayidx = getelementptr inbounds [32 x i8]* %k, i32 0, i64 %indvars.iv, !dbg !53
DEBUG: /home/patmos/Developer/kremlin/instrument/llvm/llvm-3.6.1.src/lib/Transforms/KremlinInstrument/TimestampPlacer.cpp:195 inserting instrumentation for:   call void @_KTimestamp2(i32 1, i32 2, i32 0, i32 3, i32 0)
DEBUG: /home/patmos/Developer/kremlin/instrument/llvm/llvm-3.6.1.src/lib/Transforms/KremlinInstrument/TimestampPlacer.cpp:195 inserting instrumentation for:   %inst_arg_ptr = bitcast i8* %arrayidx to i8*
DEBUG: /home/patmos/Developer/kremlin/instrument/llvm/llvm-3.6.1.src/lib/Transforms/KremlinInstrument/TimestampPlacer.cpp:195 inserting instrumentation for:   call void @_KStore(i32 1, i8* %inst_arg_ptr, i32 1)
DEBUG: /home/patmos/Developer/kremlin/instrument/llvm/llvm-3.6.1.src/lib/Transforms/KremlinInstrument/TimestampPlacer.cpp:195 inserting instrumentation for:   store i8 %conv, i8* %arrayidx, align 1, !dbg !53
DEBUG: /home/patmos/Developer/kremlin/instrument/llvm/llvm-3.6.1.src/lib/Transforms/KremlinInstrument/TimestampPlacer.cpp:195 inserting instrumentation for:   %indvars.iv.next = add nuw nsw i64 %indvars.iv, 1, !dbg !54
DEBUG: /home/patmos/Developer/kremlin/instrument/llvm/llvm-3.6.1.src/lib/Transforms/KremlinInstrument/TimestampPlacer.cpp:195 inserting instrumentation for:   %inc = add nuw nsw i32 %i.0, 1, !dbg !55
DEBUG: /home/patmos/Developer/kremlin/instrument/llvm/llvm-3.6.1.src/lib/Transforms/KremlinInstrument/TimestampPlacer.cpp:195 inserting instrumentation for:   call void @llvm.dbg.value(metadata i32 %inc, i64 0, metadata !46, metadata !17), !dbg !47
DEBUG: /home/patmos/Developer/kremlin/instrument/llvm/llvm-3.6.1.src/lib/Transforms/KremlinInstrument/TimestampPlacer.cpp:195 inserting instrumentation for:   call void @_KTimestamp2(i32 6, i32 2, i32 1, i32 3, i32 1)
DEBUG: /home/patmos/Developer/kremlin/instrument/llvm/llvm-3.6.1.src/lib/Transforms/KremlinInstrument/TimestampPlacer.cpp:195 inserting instrumentation for:   call void @_KPopCDep()
DEBUG: /home/patmos/Developer/kremlin/instrument/llvm/llvm-3.6.1.src/lib/Transforms/KremlinInstrument/TimestampPlacer.cpp:195 inserting instrumentation for:   br label %for.cond, !dbg !54
DEBUG: /home/patmos/Developer/kremlin/instrument/llvm/llvm-3.6.1.src/lib/Transforms/KremlinInstrument/TimestampPlacer.cpp:195 inserting instrumentation for:   call void @_KWork(i32 1)
DEBUG: /home/patmos/Developer/kremlin/instrument/llvm/llvm-3.6.1.src/lib/Transforms/KremlinInstrument/TimestampPlacer.cpp:195 inserting instrumentation for:   %buf = getelementptr inbounds %struct.bench_args_t* %data, i32 0, i32 2, !dbg !56
DEBUG: /home/patmos/Developer/kremlin/instrument/llvm/llvm-3.6.1.src/lib/Transforms/KremlinInstrument/TimestampPlacer.cpp:195 inserting instrumentation for:   %1 = bitcast [16 x i8]* %buf to i8*, !dbg !56
DEBUG: /home/patmos/Developer/kremlin/instrument/llvm/llvm-3.6.1.src/lib/Transforms/KremlinInstrument/TimestampPlacer.cpp:195 inserting instrumentation for:   %2 = bitcast [16 x i8]* %initial_contents to i8*, !dbg !56
DEBUG: /home/patmos/Developer/kremlin/instrument/llvm/llvm-3.6.1.src/lib/Transforms/KremlinInstrument/TimestampPlacer.cpp:195 inserting instrumentation for:   call void @llvm.memcpy.p0i8.p0i8.i64(i8* %1, i8* %2, i64 16, i32 1, i1 false), !dbg !56
DEBUG: /home/patmos/Developer/kremlin/instrument/llvm/llvm-3.6.1.src/lib/Transforms/KremlinInstrument/TimestampPlacer.cpp:195 inserting instrumentation for:   call void @_KPrepCall(i64 -3965780564344921498, i64 0)
DEBUG: /home/patmos/Developer/kremlin/instrument/llvm/llvm-3.6.1.src/lib/Transforms/KremlinInstrument/TimestampPlacer.cpp:195 inserting instrumentation for:   call void @_KEnqArgConst()
DEBUG: /home/patmos/Developer/kremlin/instrument/llvm/llvm-3.6.1.src/lib/Transforms/KremlinInstrument/TimestampPlacer.cpp:195 inserting instrumentation for:   call void @_KEnqArgConst()
DEBUG: /home/patmos/Developer/kremlin/instrument/llvm/llvm-3.6.1.src/lib/Transforms/KremlinInstrument/TimestampPlacer.cpp:195 inserting instrumentation for:   call void @_KLinkReturn(i32 5)
DEBUG: /home/patmos/Developer/kremlin/instrument/llvm/llvm-3.6.1.src/lib/Transforms/KremlinInstrument/TimestampPlacer.cpp:195 inserting instrumentation for:   %call = call i32 (i8*, i32, ...)* @open(i8* getelementptr inbounds ([11 x i8]* @.str, i32 0, i32 0), i32 577, i32 438), !dbg !57
DEBUG: /home/patmos/Developer/kremlin/instrument/llvm/llvm-3.6.1.src/lib/Transforms/KremlinInstrument/TimestampPlacer.cpp:195 inserting instrumentation for:   call void @llvm.dbg.value(metadata i32 %call, i64 0, metadata !58, metadata !17), !dbg !59
DEBUG: /home/patmos/Developer/kremlin/instrument/llvm/llvm-3.6.1.src/lib/Transforms/KremlinInstrument/TimestampPlacer.cpp:195 inserting instrumentation for:   %cmp1 = icmp sgt i32 %call, 0, !dbg !60
DEBUG: /home/patmos/Developer/kremlin/instrument/llvm/llvm-3.6.1.src/lib/Transforms/KremlinInstrument/TimestampPlacer.cpp:195 inserting instrumentation for:   call void @_KTimestamp1(i32 5, i32 5, i32 0)
DEBUG: /home/patmos/Developer/kremlin/instrument/llvm/llvm-3.6.1.src/lib/Transforms/KremlinInstrument/TimestampPlacer.cpp:195 inserting instrumentation for:   call void @_KTimestamp1(i32 7, i32 5, i32 1)
DEBUG: /home/patmos/Developer/kremlin/instrument/llvm/llvm-3.6.1.src/lib/Transforms/KremlinInstrument/TimestampPlacer.cpp:195 inserting instrumentation for:   br i1 %cmp1, label %cond.end, label %cond.false, !dbg !60
DEBUG: /home/patmos/Developer/kremlin/instrument/llvm/llvm-3.6.1.src/lib/Transforms/KremlinInstrument/TimestampPlacer.cpp:195 inserting instrumentation for:   call void @_KPushCDep(i32 7)
DEBUG: /home/patmos/Developer/kremlin/instrument/llvm/llvm-3.6.1.src/lib/Transforms/KremlinInstrument/TimestampPlacer.cpp:195 inserting instrumentation for:   call void @_KPrepCall(i64 284479022623656986, i64 0)
DEBUG: /home/patmos/Developer/kremlin/instrument/llvm/llvm-3.6.1.src/lib/Transforms/KremlinInstrument/TimestampPlacer.cpp:195 inserting instrumentation for:   call void @_KEnqArgConst()
DEBUG: /home/patmos/Developer/kremlin/instrument/llvm/llvm-3.6.1.src/lib/Transforms/KremlinInstrument/TimestampPlacer.cpp:195 inserting instrumentation for:   call void @__assert_fail(i8* getelementptr inbounds ([40 x i8]* @.str2, i32 0, i32 0), i8* getelementptr inbounds ([11 x i8]* @.str3, i32 0, i32 0), i32 24, i8* getelementptr inbounds ([23 x i8]* @__PRETTY_FUNCTION__.main, i32 0, i32 0)) #5, !dbg !61
DEBUG: /home/patmos/Developer/kremlin/instrument/llvm/llvm-3.6.1.src/lib/Transforms/KremlinInstrument/TimestampPlacer.cpp:195 inserting instrumentation for:   call void @_KPopCDep()
DEBUG: /home/patmos/Developer/kremlin/instrument/llvm/llvm-3.6.1.src/lib/Transforms/KremlinInstrument/TimestampPlacer.cpp:195 inserting instrumentation for:   unreachable, !dbg !61
DEBUG: /home/patmos/Developer/kremlin/instrument/llvm/llvm-3.6.1.src/lib/Transforms/KremlinInstrument/TimestampPlacer.cpp:195 inserting instrumentation for:   call void @_KPushCDep(i32 7)
DEBUG: /home/patmos/Developer/kremlin/instrument/llvm/llvm-3.6.1.src/lib/Transforms/KremlinInstrument/TimestampPlacer.cpp:195 inserting instrumentation for:   %3 = bitcast %struct.bench_args_t* %data to i8*, !dbg !64
DEBUG: /home/patmos/Developer/kremlin/instrument/llvm/llvm-3.6.1.src/lib/Transforms/KremlinInstrument/TimestampPlacer.cpp:195 inserting instrumentation for:   call void @_KPrepCall(i64 -6876241823462882782, i64 0)
DEBUG: /home/patmos/Developer/kremlin/instrument/llvm/llvm-3.6.1.src/lib/Transforms/KremlinInstrument/TimestampPlacer.cpp:195 inserting instrumentation for:   call void @_KEnqArg(i32 5)
DEBUG: /home/patmos/Developer/kremlin/instrument/llvm/llvm-3.6.1.src/lib/Transforms/KremlinInstrument/TimestampPlacer.cpp:195 inserting instrumentation for:   call void @data_to_input(i32 %call, i8* %3), !dbg !65
DEBUG: /home/patmos/Developer/kremlin/instrument/llvm/llvm-3.6.1.src/lib/Transforms/KremlinInstrument/TimestampPlacer.cpp:195 inserting instrumentation for:   call void @_KReturnConst()
DEBUG: /home/patmos/Developer/kremlin/instrument/llvm/llvm-3.6.1.src/lib/Transforms/KremlinInstrument/TimestampPlacer.cpp:195 inserting instrumentation for:   call void @_KPopCDep()
DEBUG: /home/patmos/Developer/kremlin/instrument/llvm/llvm-3.6.1.src/lib/Transforms/KremlinInstrument/TimestampPlacer.cpp:195 inserting instrumentation for:   ret i32 0, !dbg !66
INFO: /home/patmos/Developer/kremlin/instrument/llvm/llvm-3.6.1.src/lib/Transforms/KremlinInstrument/Placer.cpp:74 Placing begins
DEBUG: /home/patmos/Developer/kremlin/instrument/llvm/llvm-3.6.1.src/lib/Transforms/KremlinInstrument/Placer.cpp:118 Getting common dom
DEBUG: /home/patmos/Developer/kremlin/instrument/llvm/llvm-3.6.1.src/lib/Transforms/KremlinInstrument/Placer.cpp:126 Getting earliest inst
INFO: /home/patmos/Developer/kremlin/instrument/llvm/llvm-3.6.1.src/lib/Transforms/KremlinInstrument/Placer.cpp:145 Placing finishes
DEBUG: /home/patmos/Developer/kremlin/instrument/llvm/llvm-3.6.1.src/lib/Transforms/KremlinInstrument/CriticalPath.cpp:250 elapsed time for instrumenting main: 0.006 s
DEBUG: /home/patmos/Developer/kremlin/instrument/llvm/llvm-3.6.1.src/lib/Transforms/KremlinInstrument/analysis/ReductionVars.cpp:25 Destructing ReductionVars with id: -17
