!{!"0x11\0012\00clang version 3.6.1 (tags/RELEASE_361/final)\000\00\000\00\001", <0x2f11040>, <0x2f1a720>, <0x2f1e258>, <0x2f23480>, <0x2f1f788>, <0x2f1a720>} ; [ DW_TAG_compile_unit ] [/home/patmos/github/bachelor_project_HLS/candidates/MachSuite/aes/aes/local_support.c] [DW_LANG_C99]

!{!"0x2e\00run_benchmark\00run_benchmark\00\006\000\001\000\000\00256\000\006", <0x2f11040>, <0x2f1b760>, <0x2f1e4a0>, null, void (i8*)* @run_benchmark, null, null, <0x2f1a720>} ; [ DW_TAG_subprogram ] [line 6] [def] [run_benchmark]

!{!"0x2e\00input_to_data\00input_to_data\00\0018\000\001\000\000\00256\000\0018", <0x2f11040>, <0x2f1b760>, <0x2f1e740>, null, void (i32, i8*)* @input_to_data, null, null, <0x2f1a720>} ; [ DW_TAG_subprogram ] [line 18] [def] [input_to_data]

!{!"0x2e\00data_to_input\00data_to_input\00\0034\000\001\000\000\00256\000\0034", <0x2f11040>, <0x2f1b760>, <0x2f1e740>, null, void (i32, i8*)* @data_to_input, null, null, <0x2f1a720>} ; [ DW_TAG_subprogram ] [line 34] [def] [data_to_input]

!{!"0x2e\00output_to_data\00output_to_data\00\0049\000\001\000\000\00256\000\0049", <0x2f11040>, <0x2f1b760>, <0x2f1e740>, null, void (i32, i8*)* @output_to_data, null, null, <0x2f1a720>} ; [ DW_TAG_subprogram ] [line 49] [def] [output_to_data]

!{!"0x2e\00data_to_output\00data_to_output\00\0063\000\001\000\000\00256\000\0063", <0x2f11040>, <0x2f1b760>, <0x2f1e740>, null, void (i32, i8*)* @data_to_output, null, null, <0x2f1a720>} ; [ DW_TAG_subprogram ] [line 63] [def] [data_to_output]

!{!"0x2e\00check_data\00check_data\00\0070\000\001\000\000\00256\000\0070", <0x2f11040>, <0x2f1b760>, <0x2f23390>, null, i32 (i8*, i8*)* @check_data, null, null, <0x2f1a720>} ; [ DW_TAG_subprogram ] [line 70] [def] [check_data]

!{!"0x34\00INPUT_SIZE\00INPUT_SIZE\00\004\000\001", null, <0x2f1b760>, <0x2f1e5b8>, i32* @INPUT_SIZE, null} ; [ DW_TAG_variable ] [INPUT_SIZE] [line 4] [def]

!{!"0x24\00int\000\0032\0032\000\000\005", null, null} ; [ DW_TAG_base_type ] [int] [line 0, size 32, align 32, offset 0, enc DW_ATE_signed]

!{!"0x15\00\000\000\000\000\000\000", null, null, null, <0x2f1e430>, null, null, null} ; [ DW_TAG_subroutine_type ] [line 0, size 0, align 0, offset 0] [from ]

!{!"0xf\00\000\0064\0064\000\000", null, null, null} ; [ DW_TAG_pointer_type ] [line 0, size 64, align 64, offset 0] [from ]

!{!"0x15\00\000\000\000\000\000\000", null, null, null, <0x2f1e6d8>, null, null, null} ; [ DW_TAG_subroutine_type ] [line 0, size 0, align 0, offset 0] [from ]

!{!"0x15\00\000\000\000\000\000\000", null, null, null, <0x2f1b608>, null, null, null} ; [ DW_TAG_subroutine_type ] [line 0, size 0, align 0, offset 0] [from ]

!{!"0xf\00\000\0064\0064\000\000", null, null, <0x2f1e8a0>} ; [ DW_TAG_pointer_type ] [line 0, size 64, align 64, offset 0] [from bench_args_t]

!{!"0x13\00bench_args_t\0018\001152\008\000\000\000", <0x2f1a7f0>, null, null, <0x2f1c018>, null, null, null} ; [ DW_TAG_structure_type ] [bench_args_t] [line 18, size 1152, align 8, offset 0] [def] [from ]

!{!"0xd\00ctx\0019\00768\008\000\000", <0x2f1a7f0>, <0x2f1e8a0>, <0x2f1b830>} ; [ DW_TAG_member ] [ctx] [line 19, size 768, align 8, offset 0] [from aes256_context]

!{!"0x16\00aes256_context\0011\000\000\000\000", <0x2f1a7f0>, null, <0x2f1c2d0>} ; [ DW_TAG_typedef ] [aes256_context] [line 11, size 0, align 0, offset 0] [from ]

!{!"0x13\00\007\00768\008\000\000\000", <0x2f1a7f0>, null, null, <0x2f1c1e8>, null, null, null} ; [ DW_TAG_structure_type ] [line 7, size 768, align 8, offset 0] [def] [from ]

!{!"0xd\00key\008\00256\008\000\000", <0x2f1a7f0>, <0x2f1c2d0>, <0x2f1a4e0>} ; [ DW_TAG_member ] [key] [line 8, size 256, align 8, offset 0] [from ]

!{!"0x1\00\000\00256\008\000\000\000", null, null, <0x2f1a170>, <0x2f1a478>, null, null, null} ; [ DW_TAG_array_type ] [line 0, size 256, align 8, offset 0] [from uint8_t]

!{!"0x16\00uint8_t\0048\000\000\000\000", <0x2f1a440>, null, <0x2f110c8>} ; [ DW_TAG_typedef ] [uint8_t] [line 48, size 0, align 0, offset 0] [from unsigned char]

!{!"0x24\00unsigned char\000\008\008\000\000\008", null, null} ; [ DW_TAG_base_type ] [unsigned char] [line 0, size 8, align 8, offset 0, enc DW_ATE_unsigned_char]

!{!"0xd\00enckey\009\00256\008\00256\000", <0x2f1a7f0>, <0x2f1c2d0>, <0x2f1a4e0>} ; [ DW_TAG_member ] [enckey] [line 9, size 256, align 8, offset 256] [from ]

!{!"0xd\00deckey\0010\00256\008\00512\000", <0x2f1a7f0>, <0x2f1c2d0>, <0x2f1a4e0>} ; [ DW_TAG_member ] [deckey] [line 10, size 256, align 8, offset 512] [from ]

!{!"0xd\00k\0020\00256\008\00768\000", <0x2f1a7f0>, <0x2f1e8a0>, <0x2f1a4e0>} ; [ DW_TAG_member ] [k] [line 20, size 256, align 8, offset 768] [from ]

!{!"0xd\00buf\0021\00128\008\001024\000", <0x2f1a7f0>, <0x2f1e8a0>, <0x2f1bf00>} ; [ DW_TAG_member ] [buf] [line 21, size 128, align 8, offset 1024] [from ]

!{!"0x1\00\000\00128\008\000\000\000", null, null, <0x2f1a170>, <0x2f1be98>, null, null, null} ; [ DW_TAG_array_type ] [line 0, size 128, align 8, offset 0] [from uint8_t]

INFO: Loop bodies will be given their own region id
DEBUG: new region: FuncRegion(id: 3862668819228705092, name: run_benchmark, fileName: local_support.c, startLine: 6, endLine: 6
DEBUG: adding run_benchmark (in module: local_support.simplifycfg.mem2reg.indvars.elimsinglephis.criticalpath.bc) to list of defined functions (region_id: 3862668819228705092)
DEBUG: assigning function run_benchmark id 3862668819228705092
DEBUG: new region: FuncRegion(id: 11825262910647353991, name: input_to_data, fileName: local_support.c, startLine: 18, endLine: 18
DEBUG: adding input_to_data (in module: local_support.simplifycfg.mem2reg.indvars.elimsinglephis.criticalpath.bc) to list of defined functions (region_id: 11825262910647353991)
DEBUG: assigning function input_to_data id 11825262910647353991
DEBUG: new region: FuncRegion(id: 8265711678329185454, name: data_to_input, fileName: local_support.c, startLine: 34, endLine: 34
DEBUG: adding data_to_input (in module: local_support.simplifycfg.mem2reg.indvars.elimsinglephis.criticalpath.bc) to list of defined functions (region_id: 8265711678329185454)
DEBUG: assigning function data_to_input id 8265711678329185454
DEBUG: new region: FuncRegion(id: 13681209210925323440, name: output_to_data, fileName: local_support.c, startLine: 49, endLine: 49
DEBUG: adding output_to_data (in module: local_support.simplifycfg.mem2reg.indvars.elimsinglephis.criticalpath.bc) to list of defined functions (region_id: 13681209210925323440)
DEBUG: assigning function output_to_data id 13681209210925323440
DEBUG: new region: FuncRegion(id: 2262382145700601508, name: data_to_output, fileName: local_support.c, startLine: 63, endLine: 63
DEBUG: adding data_to_output (in module: local_support.simplifycfg.mem2reg.indvars.elimsinglephis.criticalpath.bc) to list of defined functions (region_id: 2262382145700601508)
DEBUG: assigning function data_to_output id 2262382145700601508
DEBUG: new region: FuncRegion(id: 12664787391234327508, name: check_data, fileName: local_support.c, startLine: 70, endLine: 70
DEBUG: adding check_data (in module: local_support.simplifycfg.mem2reg.indvars.elimsinglephis.criticalpath.bc) to list of defined functions (region_id: 12664787391234327508)
DEBUG: assigning function check_data id 12664787391234327508
DEBUG: found 6 func regions
INFO: Inserting the following instrumentation calls:
INFO: _KDeinit
INFO: _KEnterRegion
INFO: _KExitRegion
INFO: _KInit
INFO: _KLandingPad
DEBUG: Debug information:
DEBUG: region name to id: run_benchmark is 3862668819228705092
DEBUG: found 0 loops in function run_benchmark
DEBUG: region name to id: input_to_data is 11825262910647353991
DEBUG: found 0 loops in function input_to_data
DEBUG: region name to id: data_to_input is 8265711678329185454
DEBUG: found 0 loops in function data_to_input
DEBUG: region name to id: output_to_data is 13681209210925323440
DEBUG: found 0 loops in function output_to_data
DEBUG: region name to id: data_to_output is 2262382145700601508
DEBUG: found 0 loops in function data_to_output
DEBUG: region name to id: check_data is 12664787391234327508
DEBUG: found 0 loops in function check_data
DEBUG: Writing kremlib calls to local_support.kdump
INFO: dumping function: run_benchmark
INFO: dumping function: llvm.dbg.declare
INFO: dumping function: aes256_encrypt_ecb
INFO: dumping function: input_to_data
INFO: dumping function: llvm.memset.p0i8.i64
INFO: dumping function: readfile
INFO: dumping function: find_section_start
INFO: dumping function: parse_uint8_t_array
INFO: dumping function: free
INFO: dumping function: data_to_input
INFO: dumping function: write_section_header
INFO: dumping function: write_uint8_t_array
INFO: dumping function: output_to_data
INFO: dumping function: data_to_output
INFO: dumping function: check_data
INFO: dumping function: memcmp
INFO: dumping function: llvm.dbg.value
INFO: dumping function: _KLoad
INFO: dumping function: _KLoad0
INFO: dumping function: _KLoad1
INFO: dumping function: _KLoad2
INFO: dumping function: _KLoad3
INFO: dumping function: _KLoad4
INFO: dumping function: _KStore
INFO: dumping function: _KStoreConst
INFO: dumping function: _KEnqArgConst
INFO: dumping function: _KEnqArg
INFO: dumping function: _KPrepCall
INFO: dumping function: _KLinkReturn
INFO: dumping function: _KMalloc
INFO: dumping function: _KRealloc
INFO: dumping function: _KFree
INFO: dumping function: _KDeqArg
INFO: dumping function: _KReturnConst
INFO: dumping function: _KReturn
INFO: dumping function: _KWork
INFO: dumping function: _KPhi
INFO: dumping function: _KPhi1To1
INFO: dumping function: _KPhi2To1
INFO: dumping function: _KPhi3To1
INFO: dumping function: _KPhi4To1
INFO: dumping function: _KPhiAddCond
INFO: dumping function: _KInduction
INFO: dumping function: _KPushCDep
INFO: dumping function: _KPopCDep
INFO: dumping function: _KPrepRTable
INFO: dumping function: _KTimestamp
INFO: dumping function: _KTimestamp0
INFO: dumping function: _KTimestamp1
INFO: dumping function: _KTimestamp2
INFO: dumping function: _KTimestamp3
INFO: dumping function: _KTimestamp4
INFO: dumping function: _KTimestamp5
INFO: dumping function: _KTimestamp6
INFO: dumping function: _KTimestamp7
INFO: dumping function: _KInit
INFO: dumping function: _KDeinit
INFO: dumping function: _KEnterRegion
INFO: dumping function: _KExitRegion
INFO: dumping function: _KLandingPad
