!{!"0x11\0012\00clang version 3.6.1 (tags/RELEASE_361/final)\000\00\000\00\001", <0x29255a0>, <0x292a5f0>, <0x292a5f0>, <0x292be18>, <0x292a5f0>, <0x292a5f0>} ; [ DW_TAG_compile_unit ] [/home/patmos/github/bachelor_project_HLS/candidates/MachSuite/md/knn/md.c] [DW_LANG_C99]

!{!"0x2e\00md_kernel\00md_kernel\00\0010\000\001\000\000\00256\000\0017", <0x29255a0>, <0x2929da0>, <0x292c1e0>, null, void (double*, double*, double*, double*, double*, double*, i32*)* @md_kernel, null, null, <0x292a5f0>} ; [ DW_TAG_subprogram ] [line 10] [def] [scope 17] [md_kernel]

!{!"0x15\00\000\000\000\000\000\000", null, null, null, <0x292c170>, null, null, null} ; [ DW_TAG_subroutine_type ] [line 0, size 0, align 0, offset 0] [from ]

!{!"0xf\00\000\0064\0064\000\000", null, null, <0x292be98>} ; [ DW_TAG_pointer_type ] [line 0, size 64, align 64, offset 0] [from double]

!{!"0x24\00double\000\0064\0064\000\000\004", null, null} ; [ DW_TAG_base_type ] [double] [line 0, size 64, align 64, offset 0, enc DW_ATE_float]

!{!"0xf\00\000\0064\0064\000\000", null, null, <0x292bde0>} ; [ DW_TAG_pointer_type ] [line 0, size 64, align 64, offset 0] [from int32_t]

!{!"0x16\00int32_t\00196\000\000\000\000", <0x292bf10>, null, <0x292bd98>} ; [ DW_TAG_typedef ] [int32_t] [line 196, size 0, align 0, offset 0] [from int]

!{!"0x24\00int\000\0032\0032\000\000\005", null, null} ; [ DW_TAG_base_type ] [int] [line 0, size 32, align 32, offset 0, enc DW_ATE_signed]

Meta data for 4732430347351226210
Meta data for 13884420199562444196
INFO: Loop bodies will be given their own region id
DEBUG: new region: FuncRegion(id: 7125751620995309092, name: md_kernel, fileName: md.c, startLine: 10, endLine: 10
DEBUG: adding md_kernel (in module: md.simplifycfg.mem2reg.indvars.elimsinglephis.criticalpath.bc) to list of defined functions (region_id: 7125751620995309092)
DEBUG: assigning function md_kernel id 7125751620995309092
DEBUG: found 1 func regions
INFO: Inserting the following instrumentation calls:
INFO: _KDeinit
INFO: _KEnterRegion
INFO: _KExitRegion
INFO: _KInit
INFO: _KLandingPad
DEBUG: Debug information:
DEBUG: region name to id: md_kernel is 7125751620995309092
DEBUG: found 2 loops in function md_kernel
DEBUG: assigning id = 4732430347351226210 to loop with the following BBs:
	for.cond for.body for.cond5 for.end for.body7 
DEBUG: /home/patmos/Developer/kremlin/instrument/llvm/llvm-3.6.1.src/lib/Transforms/KremlinInstrument/LoopBodyRegion.cpp:82 Meta data for 16289673512107286046
DEBUG: assigning id = 16289673512107286046 to body of loop
DEBUG: assigning id = 13884420199562444196 to loop with the following BBs:
	for.cond5 for.body7 
DEBUG: /home/patmos/Developer/kremlin/instrument/llvm/llvm-3.6.1.src/lib/Transforms/KremlinInstrument/LoopBodyRegion.cpp:82 Meta data for 1614877203561612961
DEBUG: assigning id = 1614877203561612961 to body of loop
DEBUG: for.cond has 1 possible loop exit points
DEBUG: 	target #0: for.end43
DEBUG: for.cond5 has 1 possible loop exit points
DEBUG: 	target #0: for.end
DEBUG: Writing kremlib calls to md.kdump
INFO: dumping function: md_kernel
INFO: dumping function: llvm.dbg.declare
INFO: dumping function: llvm.dbg.value
INFO: dumping function: _KLoad
INFO: dumping function: _KLoad0
INFO: dumping function: _KLoad1
INFO: dumping function: _KLoad2
INFO: dumping function: _KLoad3
INFO: dumping function: _KLoad4
INFO: dumping function: _KStore
INFO: dumping function: _KStoreConst
INFO: dumping function: _KEnqArgConst
INFO: dumping function: _KEnqArg
INFO: dumping function: _KPrepCall
INFO: dumping function: _KLinkReturn
INFO: dumping function: _KMalloc
INFO: dumping function: _KRealloc
INFO: dumping function: _KFree
INFO: dumping function: _KDeqArg
INFO: dumping function: _KReturnConst
INFO: dumping function: _KReturn
INFO: dumping function: _KWork
INFO: dumping function: _KTimestamp
INFO: dumping function: _KTimestamp0
INFO: dumping function: _KTimestamp1
INFO: dumping function: _KTimestamp2
INFO: dumping function: _KTimestamp3
INFO: dumping function: _KTimestamp4
INFO: dumping function: _KTimestamp5
INFO: dumping function: _KTimestamp6
INFO: dumping function: _KTimestamp7
INFO: dumping function: _KPhi
INFO: dumping function: _KPhi1To1
INFO: dumping function: _KPhi2To1
INFO: dumping function: _KPhi3To1
INFO: dumping function: _KPhi4To1
INFO: dumping function: _KPhiAddCond
INFO: dumping function: _KInduction
INFO: dumping function: _KPushCDep
INFO: dumping function: _KPopCDep
INFO: dumping function: _KPrepRTable
INFO: dumping function: _KInit
INFO: dumping function: _KDeinit
INFO: dumping function: _KEnterRegion
INFO: dumping function: _KExitRegion
INFO: dumping function: _KLandingPad
