

================================================================
== Vivado HLS Report for 'matmul_hw'
================================================================
* Date:           Thu Apr 20 16:46:17 2017

* Version:        2016.4 (Build 1733598 on Wed Dec 14 22:59:20 MST 2016)
* Project:        hls_matmul_float
* Solution:       matmul_2b
* Product family: artix7
* Target device:  xc7a100tcsg324-1


================================================================
== Performance Estimates
================================================================
+ Timing (ns): 
    * Summary: 
    +--------+-------+----------+------------+
    |  Clock | Target| Estimated| Uncertainty|
    +--------+-------+----------+------------+
    |ap_clk  |  10.00|      8.26|        1.25|
    +--------+-------+----------+------------+

+ Latency (clock cycles): 
    * Summary: 
    +-----+-----+-----+-----+---------+
    |  Latency  |  Interval | Pipeline|
    | min | max | min | max |   Type  |
    +-----+-----+-----+-----+---------+
    |  119|  119|  120|  120|   none  |
    +-----+-----+-----+-----+---------+

    + Detail: 
        * Instance: 
        N/A

        * Loop: 
        +----------+-----+-----+----------+-----------+-----------+------+----------+
        |          |  Latency  | Iteration|  Initiation Interval  | Trip |          |
        | Loop Name| min | max |  Latency |  achieved |   target  | Count| Pipelined|
        +----------+-----+-----+----------+-----------+-----------+------+----------+
        |- L_col   |  117|  117|        28|          6|          1|    16|    yes   |
        +----------+-----+-----+----------+-----------+-----------+------+----------+

============================================================
+ Verbose Summary: Synthesis Manager
============================================================
InlineROM: 1
ExposeGlobal: 0
============================================================
+ Verbose Summary: CDFG Model
============================================================
IsTopModel: 1
ResetActiveHigh: 1
IsCombinational: 0
IsDatapathOnly: 0
HasWiredReturn: 1
HasMFsm: 0
HasVarLatency: 1
IsPipeline: 0
IsRtlPipelined: 0
IsInstanceOverlapped: 0
IsDontTouch: 0
HasImplIP: 0
IsGatedGlobalClock: 0

+ Individual pipeline summary: 
  * Pipeline-0: initiation interval (II) = 6, depth = 28


============================================================
+ Verbose Summary: Schedule
============================================================
* Number of FSM states: 30
* Pipeline: 1
  Pipeline-0: II = 6, D = 28, States = { 2 3 4 5 6 7 8 9 10 11 12 13 14 15 16 17 18 19 20 21 22 23 24 25 26 27 28 29 }
* Dataflow Pipeline: 0

* FSM state transitions: 
1 --> 
	2  / true
2 --> 
	30  / (exitcond_flatten)
	3  / (!exitcond_flatten)
3 --> 
	4  / true
4 --> 
	5  / true
5 --> 
	6  / true
6 --> 
	7  / true
7 --> 
	8  / true
8 --> 
	9  / true
9 --> 
	10  / true
10 --> 
	11  / true
11 --> 
	12  / true
12 --> 
	13  / true
13 --> 
	14  / true
14 --> 
	15  / true
15 --> 
	16  / true
16 --> 
	17  / true
17 --> 
	18  / true
18 --> 
	19  / true
19 --> 
	20  / true
20 --> 
	21  / true
21 --> 
	22  / true
22 --> 
	23  / true
23 --> 
	24  / true
24 --> 
	25  / true
25 --> 
	26  / true
26 --> 
	27  / true
27 --> 
	28  / true
28 --> 
	29  / true
29 --> 
	2  / true
30 --> 
* FSM state operations: 

 <State 1>: 1.57ns
ST_1: a_row_load_s (3)  [1/1] 0.00ns
:0  %a_row_load_s = alloca float

ST_1: a_row_load_9 (4)  [1/1] 0.00ns
:1  %a_row_load_9 = alloca float

ST_1: a_row_load_8 (5)  [1/1] 0.00ns
:2  %a_row_load_8 = alloca float

ST_1: a_row_load_7 (6)  [1/1] 0.00ns
:3  %a_row_load_7 = alloca float

ST_1: b_copy_0_3_11 (7)  [1/1] 0.00ns
:4  %b_copy_0_3_11 = alloca float

ST_1: b_copy_0_3_8 (8)  [1/1] 0.00ns
:5  %b_copy_0_3_8 = alloca float

ST_1: b_copy_0_3_12 (9)  [1/1] 0.00ns
:6  %b_copy_0_3_12 = alloca float

ST_1: b_copy_0_3_1 (10)  [1/1] 0.00ns
:7  %b_copy_0_3_1 = alloca float

ST_1: b_copy_1_3_11 (11)  [1/1] 0.00ns
:8  %b_copy_1_3_11 = alloca float

ST_1: b_copy_1_3_8 (12)  [1/1] 0.00ns
:9  %b_copy_1_3_8 = alloca float

ST_1: b_copy_1_3_12 (13)  [1/1] 0.00ns
:10  %b_copy_1_3_12 = alloca float

ST_1: b_copy_1_3_1 (14)  [1/1] 0.00ns
:11  %b_copy_1_3_1 = alloca float

ST_1: b_copy_2_3_11 (15)  [1/1] 0.00ns
:12  %b_copy_2_3_11 = alloca float

ST_1: b_copy_2_3_8 (16)  [1/1] 0.00ns
:13  %b_copy_2_3_8 = alloca float

ST_1: b_copy_2_3_12 (17)  [1/1] 0.00ns
:14  %b_copy_2_3_12 = alloca float

ST_1: b_copy_2_3_1 (18)  [1/1] 0.00ns
:15  %b_copy_2_3_1 = alloca float

ST_1: b_copy_3_3_11 (19)  [1/1] 0.00ns
:16  %b_copy_3_3_11 = alloca float

ST_1: b_copy_3_3_8 (20)  [1/1] 0.00ns
:17  %b_copy_3_3_8 = alloca float

ST_1: b_copy_3_3_12 (21)  [1/1] 0.00ns
:18  %b_copy_3_3_12 = alloca float

ST_1: b_copy_3_3_1 (22)  [1/1] 0.00ns
:19  %b_copy_3_3_1 = alloca float

ST_1: StgValue_51 (23)  [1/1] 0.00ns
:20  call void (...)* @_ssdm_op_SpecBitsMap([24 x float]* %a_1), !map !7

ST_1: StgValue_52 (24)  [1/1] 0.00ns
:21  call void (...)* @_ssdm_op_SpecBitsMap([24 x float]* %a_0), !map !14

ST_1: StgValue_53 (25)  [1/1] 0.00ns
:22  call void (...)* @_ssdm_op_SpecTopModule([10 x i8]* @matmul_hw_str) nounwind

ST_1: StgValue_54 (26)  [1/1] 0.00ns  loc: matmul.cpp:6
:23  call void (...)* @_ssdm_op_SpecInterface(i32 0, [11 x i8]* @p_str2, i32 0, i32 0, [1 x i8]* @p_str1, i32 0, i32 0, [1 x i8]* @p_str1, [1 x i8]* @p_str1, [1 x i8]* @p_str1, i32 0, i32 0, i32 0, i32 0, [1 x i8]* @p_str1, [1 x i8]* @p_str1) nounwind

ST_1: StgValue_55 (27)  [1/1] 0.00ns
:24  call void (...)* @_ssdm_op_SpecInterface([24 x float]* %a_0, [24 x float]* %a_1, [5 x i8]* @p_str3, i32 0, i32 0, [1 x i8]* @p_str1, i32 0, i32 0, [1 x i8]* @p_str1, [1 x i8]* @p_str1, [1 x i8]* @p_str1, i32 0, i32 0, i32 0, i32 0, [1 x i8]* @p_str1, [1 x i8]* @p_str1)

ST_1: StgValue_56 (28)  [1/1] 0.00ns
:25  call void (...)* @_ssdm_op_SpecMemCore([24 x float]* %a_0, [24 x float]* %a_1, [1 x i8]* @p_str1, [12 x i8]* @p_str4, [1 x i8]* @p_str1, i32 -1, [1 x i8]* @p_str1, [1 x i8]* @p_str1, [1 x i8]* @p_str1, [1 x i8]* @p_str1, [1 x i8]* @p_str1)

ST_1: StgValue_57 (29)  [1/1] 1.57ns  loc: matmul.cpp:19
:26  br label %.preheader7


 <State 2>: 5.70ns
ST_2: indvar_flatten (31)  [1/1] 0.00ns
.preheader7:0  %indvar_flatten = phi i5 [ 0, %0 ], [ %indvar_flatten_next, %.preheader7.preheader ]

ST_2: i (32)  [1/1] 0.00ns  loc: matmul.cpp:20
.preheader7:1  %i = phi i3 [ 0, %0 ], [ %i2_mid2_v, %.preheader7.preheader ]

ST_2: j (33)  [1/1] 0.00ns
.preheader7:2  %j = phi i3 [ 0, %0 ], [ %j_1, %.preheader7.preheader ]

ST_2: exitcond_flatten (34)  [1/1] 2.37ns
.preheader7:3  %exitcond_flatten = icmp eq i5 %indvar_flatten, -16

ST_2: indvar_flatten_next (35)  [1/1] 1.67ns
.preheader7:4  %indvar_flatten_next = add i5 %indvar_flatten, 1

ST_2: StgValue_63 (36)  [1/1] 0.00ns
.preheader7:5  br i1 %exitcond_flatten, label %1, label %.preheader7.preheader

ST_2: i_1 (58)  [1/1] 0.75ns  loc: matmul.cpp:19
.preheader7.preheader:20  %i_1 = add i3 1, %i

ST_2: exitcond (61)  [1/1] 1.94ns  loc: matmul.cpp:20
.preheader7.preheader:23  %exitcond = icmp eq i3 %j, -4

ST_2: tmp_mid1 (63)  [1/1] 1.94ns  loc: matmul.cpp:31
.preheader7.preheader:25  %tmp_mid1 = icmp eq i3 %i_1, 0

ST_2: tmp1 (64)  [1/1] 1.94ns  loc: matmul.cpp:31
.preheader7.preheader:26  %tmp1 = icmp eq i3 %i, 0

ST_2: tmp_mid2 (65)  [1/1] 1.37ns  loc: matmul.cpp:31
.preheader7.preheader:27  %tmp_mid2 = select i1 %exitcond, i1 %tmp_mid1, i1 %tmp1

ST_2: i2_mid2_v (66)  [1/1] 1.37ns  loc: matmul.cpp:20
.preheader7.preheader:28  %i2_mid2_v = select i1 %exitcond, i3 %i_1, i3 %i

ST_2: tmp_1 (67)  [1/1] 0.00ns  loc: matmul.cpp:20
.preheader7.preheader:29  %tmp_1 = call i5 @_ssdm_op_BitConcatenate.i5.i3.i2(i3 %i2_mid2_v, i2 0)

ST_2: tmp_10 (68)  [1/1] 0.00ns  loc: matmul.cpp:20
.preheader7.preheader:30  %tmp_10 = zext i5 %tmp_1 to i64

ST_2: a_0_addr (69)  [1/1] 0.00ns  loc: matmul.cpp:20
.preheader7.preheader:31  %a_0_addr = getelementptr [24 x float]* %a_0, i64 0, i64 %tmp_10

ST_2: a_0_load (86)  [2/2] 2.39ns  loc: matmul.cpp:27
.preheader7.preheader:48  %a_0_load = load float* %a_0_addr, align 4


 <State 3>: 3.76ns
ST_3: j_mid2 (62)  [1/1] 1.37ns  loc: matmul.cpp:20
.preheader7.preheader:24  %j_mid2 = select i1 %exitcond, i3 0, i3 %j

ST_3: a_0_load (86)  [1/2] 2.39ns  loc: matmul.cpp:27
.preheader7.preheader:48  %a_0_load = load float* %a_0_addr, align 4

ST_3: tmp_18 (98)  [1/1] 0.00ns  loc: matmul.cpp:20
.preheader7.preheader:60  %tmp_18 = call i64 @_ssdm_op_BitConcatenate.i64.i61.i3(i61 2, i3 %j_mid2)

ST_3: a_0_addr_4 (99)  [1/1] 0.00ns  loc: matmul.cpp:20
.preheader7.preheader:61  %a_0_addr_4 = getelementptr [24 x float]* %a_0, i64 0, i64 %tmp_18

ST_3: b_copy_0_3_19 (110)  [2/2] 2.39ns  loc: matmul.cpp:33
.preheader7.preheader:72  %b_copy_0_3_19 = load float* %a_0_addr_4, align 4

ST_3: tmp (111)  [1/1] 0.00ns  loc: matmul.cpp:20
.preheader7.preheader:73  %tmp = trunc i3 %j_mid2 to i2


 <State 4>: 6.70ns
ST_4: b_copy_0_3_11_load (42)  [1/1] 0.00ns
.preheader7.preheader:4  %b_copy_0_3_11_load = load float* %b_copy_0_3_11

ST_4: b_copy_0_3_8_load (43)  [1/1] 0.00ns
.preheader7.preheader:5  %b_copy_0_3_8_load = load float* %b_copy_0_3_8

ST_4: b_copy_0_3_12_load (44)  [1/1] 0.00ns
.preheader7.preheader:6  %b_copy_0_3_12_load = load float* %b_copy_0_3_12

ST_4: b_copy_0_3_1_load (45)  [1/1] 0.00ns
.preheader7.preheader:7  %b_copy_0_3_1_load = load float* %b_copy_0_3_1

ST_4: tmp_11 (70)  [1/1] 0.00ns  loc: matmul.cpp:20
.preheader7.preheader:32  %tmp_11 = or i5 %tmp_1, 1

ST_4: tmp_12 (71)  [1/1] 0.00ns  loc: matmul.cpp:20
.preheader7.preheader:33  %tmp_12 = call i64 @_ssdm_op_BitConcatenate.i64.i59.i5(i59 0, i5 %tmp_11)

ST_4: a_0_addr_1 (72)  [1/1] 0.00ns  loc: matmul.cpp:20
.preheader7.preheader:34  %a_0_addr_1 = getelementptr [24 x float]* %a_0, i64 0, i64 %tmp_12

ST_4: tmp_5 (85)  [1/1] 1.94ns  loc: matmul.cpp:25
.preheader7.preheader:47  %tmp_5 = icmp eq i3 %j_mid2, 0

ST_4: a_0_load_1 (87)  [2/2] 2.39ns  loc: matmul.cpp:27
.preheader7.preheader:49  %a_0_load_1 = load float* %a_0_addr_1, align 4

ST_4: b_copy_0_3_19 (110)  [1/2] 2.39ns  loc: matmul.cpp:33
.preheader7.preheader:72  %b_copy_0_3_19 = load float* %a_0_addr_4, align 4

ST_4: sel_tmp (112)  [1/1] 1.54ns  loc: matmul.cpp:20
.preheader7.preheader:74  %sel_tmp = icmp eq i2 %tmp, -2

ST_4: b_copy_0_3 (113)  [1/1] 0.00ns  loc: matmul.cpp:20 (grouped into LUT with out node b_copy_0_3_4)
.preheader7.preheader:75  %b_copy_0_3 = select i1 %sel_tmp, float %b_copy_0_3_1_load, float %b_copy_0_3_19

ST_4: sel_tmp2 (114)  [1/1] 1.54ns  loc: matmul.cpp:20
.preheader7.preheader:76  %sel_tmp2 = icmp eq i2 %tmp, 1

ST_4: b_copy_0_3_4 (115)  [1/1] 1.37ns  loc: matmul.cpp:20 (out node of the LUT)
.preheader7.preheader:77  %b_copy_0_3_4 = select i1 %sel_tmp2, float %b_copy_0_3_1_load, float %b_copy_0_3

ST_4: sel_tmp4 (116)  [1/1] 1.54ns  loc: matmul.cpp:20
.preheader7.preheader:78  %sel_tmp4 = icmp eq i2 %tmp, 0

ST_4: b_copy_0_3_2 (117)  [1/1] 0.00ns  loc: matmul.cpp:20 (grouped into LUT with out node b_copy_0_3_3)
.preheader7.preheader:79  %b_copy_0_3_2 = select i1 %sel_tmp4, float %b_copy_0_3_1_load, float %b_copy_0_3_4

ST_4: b_copy_0_3_5 (118)  [1/1] 0.00ns  loc: matmul.cpp:20 (grouped into LUT with out node b_copy_0_3_6)
.preheader7.preheader:80  %b_copy_0_3_5 = select i1 %sel_tmp, float %b_copy_0_3_19, float %b_copy_0_3_12_load

ST_4: b_copy_0_3_6 (119)  [1/1] 1.37ns  loc: matmul.cpp:20 (out node of the LUT)
.preheader7.preheader:81  %b_copy_0_3_6 = select i1 %sel_tmp2, float %b_copy_0_3_12_load, float %b_copy_0_3_5

ST_4: b_copy_0_3_7 (120)  [1/1] 0.00ns  loc: matmul.cpp:20 (grouped into LUT with out node b_copy_0_3_16)
.preheader7.preheader:82  %b_copy_0_3_7 = select i1 %sel_tmp4, float %b_copy_0_3_12_load, float %b_copy_0_3_6

ST_4: b_copy_0_3_9 (121)  [1/1] 0.00ns  loc: matmul.cpp:20 (grouped into LUT with out node b_copy_0_3_14)
.preheader7.preheader:83  %b_copy_0_3_9 = select i1 %sel_tmp2, float %b_copy_0_3_19, float %b_copy_0_3_8_load

ST_4: b_copy_0_3_14 (122)  [1/1] 1.37ns  loc: matmul.cpp:20 (out node of the LUT)
.preheader7.preheader:84  %b_copy_0_3_14 = select i1 %sel_tmp4, float %b_copy_0_3_8_load, float %b_copy_0_3_9

ST_4: b_copy_0_3_15 (123)  [1/1] 0.00ns  loc: matmul.cpp:20 (grouped into LUT with out node b_copy_0_3_18)
.preheader7.preheader:85  %b_copy_0_3_15 = select i1 %sel_tmp4, float %b_copy_0_3_19, float %b_copy_0_3_11_load

ST_4: b_copy_0_3_3 (166)  [1/1] 1.37ns  loc: matmul.cpp:31 (out node of the LUT)
.preheader7.preheader:128  %b_copy_0_3_3 = select i1 %tmp_mid2, float %b_copy_0_3_2, float %b_copy_0_3_1_load

ST_4: b_copy_0_3_16 (167)  [1/1] 1.37ns  loc: matmul.cpp:31 (out node of the LUT)
.preheader7.preheader:129  %b_copy_0_3_16 = select i1 %tmp_mid2, float %b_copy_0_3_7, float %b_copy_0_3_12_load

ST_4: b_copy_0_3_17 (168)  [1/1] 1.37ns  loc: matmul.cpp:31 (out node of the LUT)
.preheader7.preheader:130  %b_copy_0_3_17 = select i1 %tmp_mid2, float %b_copy_0_3_14, float %b_copy_0_3_8_load

ST_4: b_copy_0_3_18 (169)  [1/1] 1.37ns  loc: matmul.cpp:31 (out node of the LUT)
.preheader7.preheader:131  %b_copy_0_3_18 = select i1 %tmp_mid2, float %b_copy_0_3_15, float %b_copy_0_3_11_load

ST_4: tmp_3 (170)  [1/1] 1.57ns  loc: matmul.cpp:31
.preheader7.preheader:132  %tmp_3 = call float @_ssdm_op_Mux.ap_auto.4float.i2(float %b_copy_0_3_18, float %b_copy_0_3_17, float %b_copy_0_3_16, float %b_copy_0_3_3, i2 %tmp)

ST_4: StgValue_107 (197)  [1/1] 0.00ns  loc: matmul.cpp:31
.preheader7.preheader:159  store float %b_copy_0_3_3, float* %b_copy_0_3_1

ST_4: StgValue_108 (198)  [1/1] 0.00ns  loc: matmul.cpp:31
.preheader7.preheader:160  store float %b_copy_0_3_16, float* %b_copy_0_3_12

ST_4: StgValue_109 (199)  [1/1] 0.00ns  loc: matmul.cpp:31
.preheader7.preheader:161  store float %b_copy_0_3_17, float* %b_copy_0_3_8

ST_4: StgValue_110 (200)  [1/1] 0.00ns  loc: matmul.cpp:31
.preheader7.preheader:162  store float %b_copy_0_3_18, float* %b_copy_0_3_11


 <State 5>: 7.15ns
ST_5: a_row_load_4 (38)  [1/1] 0.00ns
.preheader7.preheader:0  %a_row_load_4 = load float* %a_row_load_s

ST_5: a_0_load_1 (87)  [1/2] 2.39ns  loc: matmul.cpp:27
.preheader7.preheader:49  %a_0_load_1 = load float* %a_0_addr_1, align 4

ST_5: a_row_load (93)  [1/1] 1.37ns  loc: matmul.cpp:25
.preheader7.preheader:55  %a_row_load = select i1 %tmp_5, float %a_0_load, float %a_row_load_4

ST_5: tmp_8_cast (97)  [1/1] 0.00ns  loc: matmul.cpp:20
.preheader7.preheader:59  %tmp_8_cast = zext i3 %j_mid2 to i5

ST_5: tmp_19 (100)  [1/1] 1.67ns  loc: matmul.cpp:20
.preheader7.preheader:62  %tmp_19 = add i5 -12, %tmp_8_cast

ST_5: tmp_20_cast (101)  [1/1] 0.00ns  loc: matmul.cpp:20
.preheader7.preheader:63  %tmp_20_cast = zext i5 %tmp_19 to i64

ST_5: a_0_addr_5 (102)  [1/1] 0.00ns  loc: matmul.cpp:20
.preheader7.preheader:64  %a_0_addr_5 = getelementptr [24 x float]* %a_0, i64 0, i64 %tmp_20_cast

ST_5: b_copy_1_3_19 (124)  [2/2] 2.39ns  loc: matmul.cpp:33
.preheader7.preheader:86  %b_copy_1_3_19 = load float* %a_0_addr_5, align 4

ST_5: tmp_s (171)  [4/4] 5.78ns  loc: matmul.cpp:38
.preheader7.preheader:133  %tmp_s = fmul float %a_row_load, %tmp_3

ST_5: StgValue_120 (204)  [1/1] 0.00ns  loc: matmul.cpp:25
.preheader7.preheader:166  store float %a_row_load, float* %a_row_load_s


 <State 6>: 6.70ns
ST_6: b_copy_1_3_11_load (46)  [1/1] 0.00ns
.preheader7.preheader:8  %b_copy_1_3_11_load = load float* %b_copy_1_3_11

ST_6: b_copy_1_3_8_load (47)  [1/1] 0.00ns
.preheader7.preheader:9  %b_copy_1_3_8_load = load float* %b_copy_1_3_8

ST_6: b_copy_1_3_12_load (48)  [1/1] 0.00ns
.preheader7.preheader:10  %b_copy_1_3_12_load = load float* %b_copy_1_3_12

ST_6: b_copy_1_3_1_load (49)  [1/1] 0.00ns
.preheader7.preheader:11  %b_copy_1_3_1_load = load float* %b_copy_1_3_1

ST_6: tmp_13 (73)  [1/1] 0.00ns  loc: matmul.cpp:20
.preheader7.preheader:35  %tmp_13 = or i5 %tmp_1, 2

ST_6: tmp_14 (74)  [1/1] 0.00ns  loc: matmul.cpp:20
.preheader7.preheader:36  %tmp_14 = call i64 @_ssdm_op_BitConcatenate.i64.i59.i5(i59 0, i5 %tmp_13)

ST_6: a_0_addr_2 (75)  [1/1] 0.00ns  loc: matmul.cpp:20
.preheader7.preheader:37  %a_0_addr_2 = getelementptr [24 x float]* %a_0, i64 0, i64 %tmp_14

ST_6: a_0_load_2 (88)  [2/2] 2.39ns  loc: matmul.cpp:27
.preheader7.preheader:50  %a_0_load_2 = load float* %a_0_addr_2, align 4

ST_6: tmp_8 (94)  [1/1] 0.00ns  loc: matmul.cpp:33
.preheader7.preheader:56  %tmp_8 = zext i3 %j_mid2 to i64

ST_6: a_1_addr (103)  [1/1] 0.00ns  loc: matmul.cpp:33
.preheader7.preheader:65  %a_1_addr = getelementptr [24 x float]* %a_1, i64 0, i64 %tmp_8

ST_6: b_copy_1_3_19 (124)  [1/2] 2.39ns  loc: matmul.cpp:33
.preheader7.preheader:86  %b_copy_1_3_19 = load float* %a_0_addr_5, align 4

ST_6: b_copy_1_3 (125)  [1/1] 0.00ns  loc: matmul.cpp:20 (grouped into LUT with out node b_copy_1_3_4)
.preheader7.preheader:87  %b_copy_1_3 = select i1 %sel_tmp, float %b_copy_1_3_1_load, float %b_copy_1_3_19

ST_6: b_copy_1_3_4 (126)  [1/1] 1.37ns  loc: matmul.cpp:20 (out node of the LUT)
.preheader7.preheader:88  %b_copy_1_3_4 = select i1 %sel_tmp2, float %b_copy_1_3_1_load, float %b_copy_1_3

ST_6: b_copy_1_3_2 (127)  [1/1] 0.00ns  loc: matmul.cpp:20 (grouped into LUT with out node b_copy_1_3_3)
.preheader7.preheader:89  %b_copy_1_3_2 = select i1 %sel_tmp4, float %b_copy_1_3_1_load, float %b_copy_1_3_4

ST_6: b_copy_1_3_5 (128)  [1/1] 0.00ns  loc: matmul.cpp:20 (grouped into LUT with out node b_copy_1_3_6)
.preheader7.preheader:90  %b_copy_1_3_5 = select i1 %sel_tmp, float %b_copy_1_3_19, float %b_copy_1_3_12_load

ST_6: b_copy_1_3_6 (129)  [1/1] 1.37ns  loc: matmul.cpp:20 (out node of the LUT)
.preheader7.preheader:91  %b_copy_1_3_6 = select i1 %sel_tmp2, float %b_copy_1_3_12_load, float %b_copy_1_3_5

ST_6: b_copy_1_3_7 (130)  [1/1] 0.00ns  loc: matmul.cpp:20 (grouped into LUT with out node b_copy_1_3_16)
.preheader7.preheader:92  %b_copy_1_3_7 = select i1 %sel_tmp4, float %b_copy_1_3_12_load, float %b_copy_1_3_6

ST_6: b_copy_1_3_9 (131)  [1/1] 0.00ns  loc: matmul.cpp:20 (grouped into LUT with out node b_copy_1_3_14)
.preheader7.preheader:93  %b_copy_1_3_9 = select i1 %sel_tmp2, float %b_copy_1_3_19, float %b_copy_1_3_8_load

ST_6: b_copy_1_3_14 (132)  [1/1] 1.37ns  loc: matmul.cpp:20 (out node of the LUT)
.preheader7.preheader:94  %b_copy_1_3_14 = select i1 %sel_tmp4, float %b_copy_1_3_8_load, float %b_copy_1_3_9

ST_6: b_copy_1_3_15 (133)  [1/1] 0.00ns  loc: matmul.cpp:20 (grouped into LUT with out node b_copy_1_3_18)
.preheader7.preheader:95  %b_copy_1_3_15 = select i1 %sel_tmp4, float %b_copy_1_3_19, float %b_copy_1_3_11_load

ST_6: b_copy_2_3_19 (134)  [2/2] 2.39ns  loc: matmul.cpp:33
.preheader7.preheader:96  %b_copy_2_3_19 = load float* %a_1_addr, align 4

ST_6: b_copy_1_3_3 (162)  [1/1] 1.37ns  loc: matmul.cpp:31 (out node of the LUT)
.preheader7.preheader:124  %b_copy_1_3_3 = select i1 %tmp_mid2, float %b_copy_1_3_2, float %b_copy_1_3_1_load

ST_6: b_copy_1_3_16 (163)  [1/1] 1.37ns  loc: matmul.cpp:31 (out node of the LUT)
.preheader7.preheader:125  %b_copy_1_3_16 = select i1 %tmp_mid2, float %b_copy_1_3_7, float %b_copy_1_3_12_load

ST_6: b_copy_1_3_17 (164)  [1/1] 1.37ns  loc: matmul.cpp:31 (out node of the LUT)
.preheader7.preheader:126  %b_copy_1_3_17 = select i1 %tmp_mid2, float %b_copy_1_3_14, float %b_copy_1_3_8_load

ST_6: b_copy_1_3_18 (165)  [1/1] 1.37ns  loc: matmul.cpp:31 (out node of the LUT)
.preheader7.preheader:127  %b_copy_1_3_18 = select i1 %tmp_mid2, float %b_copy_1_3_15, float %b_copy_1_3_11_load

ST_6: tmp_s (171)  [3/4] 5.78ns  loc: matmul.cpp:38
.preheader7.preheader:133  %tmp_s = fmul float %a_row_load, %tmp_3

ST_6: tmp_6 (173)  [1/1] 1.57ns  loc: matmul.cpp:31
.preheader7.preheader:135  %tmp_6 = call float @_ssdm_op_Mux.ap_auto.4float.i2(float %b_copy_1_3_18, float %b_copy_1_3_17, float %b_copy_1_3_16, float %b_copy_1_3_3, i2 %tmp)

ST_6: StgValue_148 (193)  [1/1] 0.00ns  loc: matmul.cpp:31
.preheader7.preheader:155  store float %b_copy_1_3_3, float* %b_copy_1_3_1

ST_6: StgValue_149 (194)  [1/1] 0.00ns  loc: matmul.cpp:31
.preheader7.preheader:156  store float %b_copy_1_3_16, float* %b_copy_1_3_12

ST_6: StgValue_150 (195)  [1/1] 0.00ns  loc: matmul.cpp:31
.preheader7.preheader:157  store float %b_copy_1_3_17, float* %b_copy_1_3_8

ST_6: StgValue_151 (196)  [1/1] 0.00ns  loc: matmul.cpp:31
.preheader7.preheader:158  store float %b_copy_1_3_18, float* %b_copy_1_3_11


 <State 7>: 7.15ns
ST_7: a_row_load_5 (39)  [1/1] 0.00ns
.preheader7.preheader:1  %a_row_load_5 = load float* %a_row_load_9

ST_7: b_copy_2_3_11_load (50)  [1/1] 0.00ns
.preheader7.preheader:12  %b_copy_2_3_11_load = load float* %b_copy_2_3_11

ST_7: b_copy_2_3_8_load (51)  [1/1] 0.00ns
.preheader7.preheader:13  %b_copy_2_3_8_load = load float* %b_copy_2_3_8

ST_7: b_copy_2_3_12_load (52)  [1/1] 0.00ns
.preheader7.preheader:14  %b_copy_2_3_12_load = load float* %b_copy_2_3_12

ST_7: b_copy_2_3_1_load (53)  [1/1] 0.00ns
.preheader7.preheader:15  %b_copy_2_3_1_load = load float* %b_copy_2_3_1

ST_7: tmp_15 (76)  [1/1] 0.00ns  loc: matmul.cpp:20
.preheader7.preheader:38  %tmp_15 = or i5 %tmp_1, 3

ST_7: tmp_16 (77)  [1/1] 0.00ns  loc: matmul.cpp:20
.preheader7.preheader:39  %tmp_16 = call i64 @_ssdm_op_BitConcatenate.i64.i59.i5(i59 0, i5 %tmp_15)

ST_7: a_0_addr_3 (78)  [1/1] 0.00ns  loc: matmul.cpp:20
.preheader7.preheader:40  %a_0_addr_3 = getelementptr [24 x float]* %a_0, i64 0, i64 %tmp_16

ST_7: a_0_load_2 (88)  [1/2] 2.39ns  loc: matmul.cpp:27
.preheader7.preheader:50  %a_0_load_2 = load float* %a_0_addr_2, align 4

ST_7: a_0_load_3 (89)  [2/2] 2.39ns  loc: matmul.cpp:27
.preheader7.preheader:51  %a_0_load_3 = load float* %a_0_addr_3, align 4

ST_7: a_row_load_1 (92)  [1/1] 1.37ns  loc: matmul.cpp:25
.preheader7.preheader:54  %a_row_load_1 = select i1 %tmp_5, float %a_0_load_1, float %a_row_load_5

ST_7: tmp_8_cast5 (96)  [1/1] 0.00ns  loc: matmul.cpp:20
.preheader7.preheader:58  %tmp_8_cast5 = zext i3 %j_mid2 to i4

ST_7: tmp_20 (104)  [1/1] 0.75ns  loc: matmul.cpp:20
.preheader7.preheader:66  %tmp_20 = add i4 4, %tmp_8_cast5

ST_7: tmp_21_cast (105)  [1/1] 0.00ns  loc: matmul.cpp:20
.preheader7.preheader:67  %tmp_21_cast = zext i4 %tmp_20 to i64

ST_7: a_1_addr_1 (106)  [1/1] 0.00ns  loc: matmul.cpp:20
.preheader7.preheader:68  %a_1_addr_1 = getelementptr [24 x float]* %a_1, i64 0, i64 %tmp_21_cast

ST_7: b_copy_2_3_19 (134)  [1/2] 2.39ns  loc: matmul.cpp:33
.preheader7.preheader:96  %b_copy_2_3_19 = load float* %a_1_addr, align 4

ST_7: b_copy_2_3 (135)  [1/1] 0.00ns  loc: matmul.cpp:20 (grouped into LUT with out node b_copy_2_3_4)
.preheader7.preheader:97  %b_copy_2_3 = select i1 %sel_tmp, float %b_copy_2_3_1_load, float %b_copy_2_3_19

ST_7: b_copy_2_3_4 (136)  [1/1] 1.37ns  loc: matmul.cpp:20 (out node of the LUT)
.preheader7.preheader:98  %b_copy_2_3_4 = select i1 %sel_tmp2, float %b_copy_2_3_1_load, float %b_copy_2_3

ST_7: b_copy_2_3_2 (137)  [1/1] 0.00ns  loc: matmul.cpp:20 (grouped into LUT with out node b_copy_2_3_3)
.preheader7.preheader:99  %b_copy_2_3_2 = select i1 %sel_tmp4, float %b_copy_2_3_1_load, float %b_copy_2_3_4

ST_7: b_copy_2_3_5 (138)  [1/1] 0.00ns  loc: matmul.cpp:20 (grouped into LUT with out node b_copy_2_3_6)
.preheader7.preheader:100  %b_copy_2_3_5 = select i1 %sel_tmp, float %b_copy_2_3_19, float %b_copy_2_3_12_load

ST_7: b_copy_2_3_6 (139)  [1/1] 1.37ns  loc: matmul.cpp:20 (out node of the LUT)
.preheader7.preheader:101  %b_copy_2_3_6 = select i1 %sel_tmp2, float %b_copy_2_3_12_load, float %b_copy_2_3_5

ST_7: b_copy_2_3_7 (140)  [1/1] 0.00ns  loc: matmul.cpp:20 (grouped into LUT with out node b_copy_2_3_16)
.preheader7.preheader:102  %b_copy_2_3_7 = select i1 %sel_tmp4, float %b_copy_2_3_12_load, float %b_copy_2_3_6

ST_7: b_copy_2_3_9 (141)  [1/1] 0.00ns  loc: matmul.cpp:20 (grouped into LUT with out node b_copy_2_3_14)
.preheader7.preheader:103  %b_copy_2_3_9 = select i1 %sel_tmp2, float %b_copy_2_3_19, float %b_copy_2_3_8_load

ST_7: b_copy_2_3_14 (142)  [1/1] 1.37ns  loc: matmul.cpp:20 (out node of the LUT)
.preheader7.preheader:104  %b_copy_2_3_14 = select i1 %sel_tmp4, float %b_copy_2_3_8_load, float %b_copy_2_3_9

ST_7: b_copy_2_3_15 (143)  [1/1] 0.00ns  loc: matmul.cpp:20 (grouped into LUT with out node b_copy_2_3_18)
.preheader7.preheader:105  %b_copy_2_3_15 = select i1 %sel_tmp4, float %b_copy_2_3_19, float %b_copy_2_3_11_load

ST_7: b_copy_3_3_19 (144)  [2/2] 2.39ns  loc: matmul.cpp:33
.preheader7.preheader:106  %b_copy_3_3_19 = load float* %a_1_addr_1, align 4

ST_7: b_copy_2_3_3 (158)  [1/1] 1.37ns  loc: matmul.cpp:31 (out node of the LUT)
.preheader7.preheader:120  %b_copy_2_3_3 = select i1 %tmp_mid2, float %b_copy_2_3_2, float %b_copy_2_3_1_load

ST_7: b_copy_2_3_16 (159)  [1/1] 1.37ns  loc: matmul.cpp:31 (out node of the LUT)
.preheader7.preheader:121  %b_copy_2_3_16 = select i1 %tmp_mid2, float %b_copy_2_3_7, float %b_copy_2_3_12_load

ST_7: b_copy_2_3_17 (160)  [1/1] 1.37ns  loc: matmul.cpp:31 (out node of the LUT)
.preheader7.preheader:122  %b_copy_2_3_17 = select i1 %tmp_mid2, float %b_copy_2_3_14, float %b_copy_2_3_8_load

ST_7: b_copy_2_3_18 (161)  [1/1] 1.37ns  loc: matmul.cpp:31 (out node of the LUT)
.preheader7.preheader:123  %b_copy_2_3_18 = select i1 %tmp_mid2, float %b_copy_2_3_15, float %b_copy_2_3_11_load

ST_7: tmp_s (171)  [2/4] 5.78ns  loc: matmul.cpp:38
.preheader7.preheader:133  %tmp_s = fmul float %a_row_load, %tmp_3

ST_7: tmp_11_1 (174)  [4/4] 5.78ns  loc: matmul.cpp:38
.preheader7.preheader:136  %tmp_11_1 = fmul float %a_row_load_1, %tmp_6

ST_7: tmp_7 (176)  [1/1] 1.57ns  loc: matmul.cpp:31
.preheader7.preheader:138  %tmp_7 = call float @_ssdm_op_Mux.ap_auto.4float.i2(float %b_copy_2_3_18, float %b_copy_2_3_17, float %b_copy_2_3_16, float %b_copy_2_3_3, i2 %tmp)

ST_7: j_1 (184)  [1/1] 0.75ns  loc: matmul.cpp:20
.preheader7.preheader:146  %j_1 = add i3 1, %j_mid2

ST_7: StgValue_186 (189)  [1/1] 0.00ns  loc: matmul.cpp:31
.preheader7.preheader:151  store float %b_copy_2_3_3, float* %b_copy_2_3_1

ST_7: StgValue_187 (190)  [1/1] 0.00ns  loc: matmul.cpp:31
.preheader7.preheader:152  store float %b_copy_2_3_16, float* %b_copy_2_3_12

ST_7: StgValue_188 (191)  [1/1] 0.00ns  loc: matmul.cpp:31
.preheader7.preheader:153  store float %b_copy_2_3_17, float* %b_copy_2_3_8

ST_7: StgValue_189 (192)  [1/1] 0.00ns  loc: matmul.cpp:31
.preheader7.preheader:154  store float %b_copy_2_3_18, float* %b_copy_2_3_11

ST_7: StgValue_190 (203)  [1/1] 0.00ns  loc: matmul.cpp:25
.preheader7.preheader:165  store float %a_row_load_1, float* %a_row_load_9


 <State 8>: 7.15ns
ST_8: a_row_load_6 (40)  [1/1] 0.00ns
.preheader7.preheader:2  %a_row_load_6 = load float* %a_row_load_8

ST_8: a_row_load_10 (41)  [1/1] 0.00ns
.preheader7.preheader:3  %a_row_load_10 = load float* %a_row_load_7

ST_8: b_copy_3_3_11_load (54)  [1/1] 0.00ns
.preheader7.preheader:16  %b_copy_3_3_11_load = load float* %b_copy_3_3_11

ST_8: b_copy_3_3_8_load (55)  [1/1] 0.00ns
.preheader7.preheader:17  %b_copy_3_3_8_load = load float* %b_copy_3_3_8

ST_8: b_copy_3_3_12_load (56)  [1/1] 0.00ns
.preheader7.preheader:18  %b_copy_3_3_12_load = load float* %b_copy_3_3_12

ST_8: b_copy_3_3_1_load (57)  [1/1] 0.00ns
.preheader7.preheader:19  %b_copy_3_3_1_load = load float* %b_copy_3_3_1

ST_8: a_0_load_3 (89)  [1/2] 2.39ns  loc: matmul.cpp:27
.preheader7.preheader:51  %a_0_load_3 = load float* %a_0_addr_3, align 4

ST_8: a_row_load_3 (90)  [1/1] 1.37ns  loc: matmul.cpp:25
.preheader7.preheader:52  %a_row_load_3 = select i1 %tmp_5, float %a_0_load_3, float %a_row_load_10

ST_8: a_row_load_2 (91)  [1/1] 1.37ns  loc: matmul.cpp:25
.preheader7.preheader:53  %a_row_load_2 = select i1 %tmp_5, float %a_0_load_2, float %a_row_load_6

ST_8: b_copy_3_3_19 (144)  [1/2] 2.39ns  loc: matmul.cpp:33
.preheader7.preheader:106  %b_copy_3_3_19 = load float* %a_1_addr_1, align 4

ST_8: b_copy_3_3 (145)  [1/1] 0.00ns  loc: matmul.cpp:20 (grouped into LUT with out node b_copy_3_3_4)
.preheader7.preheader:107  %b_copy_3_3 = select i1 %sel_tmp, float %b_copy_3_3_1_load, float %b_copy_3_3_19

ST_8: b_copy_3_3_4 (146)  [1/1] 1.37ns  loc: matmul.cpp:20 (out node of the LUT)
.preheader7.preheader:108  %b_copy_3_3_4 = select i1 %sel_tmp2, float %b_copy_3_3_1_load, float %b_copy_3_3

ST_8: b_copy_3_3_2 (147)  [1/1] 0.00ns  loc: matmul.cpp:20 (grouped into LUT with out node b_copy_3_3_3)
.preheader7.preheader:109  %b_copy_3_3_2 = select i1 %sel_tmp4, float %b_copy_3_3_1_load, float %b_copy_3_3_4

ST_8: b_copy_3_3_5 (148)  [1/1] 0.00ns  loc: matmul.cpp:20 (grouped into LUT with out node b_copy_3_3_6)
.preheader7.preheader:110  %b_copy_3_3_5 = select i1 %sel_tmp, float %b_copy_3_3_19, float %b_copy_3_3_12_load

ST_8: b_copy_3_3_6 (149)  [1/1] 1.37ns  loc: matmul.cpp:20 (out node of the LUT)
.preheader7.preheader:111  %b_copy_3_3_6 = select i1 %sel_tmp2, float %b_copy_3_3_12_load, float %b_copy_3_3_5

ST_8: b_copy_3_3_7 (150)  [1/1] 0.00ns  loc: matmul.cpp:20 (grouped into LUT with out node b_copy_3_3_16)
.preheader7.preheader:112  %b_copy_3_3_7 = select i1 %sel_tmp4, float %b_copy_3_3_12_load, float %b_copy_3_3_6

ST_8: b_copy_3_3_9 (151)  [1/1] 0.00ns  loc: matmul.cpp:20 (grouped into LUT with out node b_copy_3_3_14)
.preheader7.preheader:113  %b_copy_3_3_9 = select i1 %sel_tmp2, float %b_copy_3_3_19, float %b_copy_3_3_8_load

ST_8: b_copy_3_3_14 (152)  [1/1] 1.37ns  loc: matmul.cpp:20 (out node of the LUT)
.preheader7.preheader:114  %b_copy_3_3_14 = select i1 %sel_tmp4, float %b_copy_3_3_8_load, float %b_copy_3_3_9

ST_8: b_copy_3_3_15 (153)  [1/1] 0.00ns  loc: matmul.cpp:20 (grouped into LUT with out node b_copy_3_3_18)
.preheader7.preheader:115  %b_copy_3_3_15 = select i1 %sel_tmp4, float %b_copy_3_3_19, float %b_copy_3_3_11_load

ST_8: b_copy_3_3_3 (154)  [1/1] 1.37ns  loc: matmul.cpp:31 (out node of the LUT)
.preheader7.preheader:116  %b_copy_3_3_3 = select i1 %tmp_mid2, float %b_copy_3_3_2, float %b_copy_3_3_1_load

ST_8: b_copy_3_3_16 (155)  [1/1] 1.37ns  loc: matmul.cpp:31 (out node of the LUT)
.preheader7.preheader:117  %b_copy_3_3_16 = select i1 %tmp_mid2, float %b_copy_3_3_7, float %b_copy_3_3_12_load

ST_8: b_copy_3_3_17 (156)  [1/1] 1.37ns  loc: matmul.cpp:31 (out node of the LUT)
.preheader7.preheader:118  %b_copy_3_3_17 = select i1 %tmp_mid2, float %b_copy_3_3_14, float %b_copy_3_3_8_load

ST_8: b_copy_3_3_18 (157)  [1/1] 1.37ns  loc: matmul.cpp:31 (out node of the LUT)
.preheader7.preheader:119  %b_copy_3_3_18 = select i1 %tmp_mid2, float %b_copy_3_3_15, float %b_copy_3_3_11_load

ST_8: tmp_s (171)  [1/4] 5.78ns  loc: matmul.cpp:38
.preheader7.preheader:133  %tmp_s = fmul float %a_row_load, %tmp_3

ST_8: tmp_11_1 (174)  [3/4] 5.78ns  loc: matmul.cpp:38
.preheader7.preheader:136  %tmp_11_1 = fmul float %a_row_load_1, %tmp_6

ST_8: tmp_11_2 (177)  [4/4] 5.78ns  loc: matmul.cpp:38
.preheader7.preheader:139  %tmp_11_2 = fmul float %a_row_load_2, %tmp_7

ST_8: tmp_9 (179)  [1/1] 1.57ns  loc: matmul.cpp:31
.preheader7.preheader:141  %tmp_9 = call float @_ssdm_op_Mux.ap_auto.4float.i2(float %b_copy_3_3_18, float %b_copy_3_3_17, float %b_copy_3_3_16, float %b_copy_3_3_3, i2 %tmp)

ST_8: StgValue_218 (185)  [1/1] 0.00ns  loc: matmul.cpp:31
.preheader7.preheader:147  store float %b_copy_3_3_3, float* %b_copy_3_3_1

ST_8: StgValue_219 (186)  [1/1] 0.00ns  loc: matmul.cpp:31
.preheader7.preheader:148  store float %b_copy_3_3_16, float* %b_copy_3_3_12

ST_8: StgValue_220 (187)  [1/1] 0.00ns  loc: matmul.cpp:31
.preheader7.preheader:149  store float %b_copy_3_3_17, float* %b_copy_3_3_8

ST_8: StgValue_221 (188)  [1/1] 0.00ns  loc: matmul.cpp:31
.preheader7.preheader:150  store float %b_copy_3_3_18, float* %b_copy_3_3_11

ST_8: StgValue_222 (201)  [1/1] 0.00ns  loc: matmul.cpp:25
.preheader7.preheader:163  store float %a_row_load_3, float* %a_row_load_7

ST_8: StgValue_223 (202)  [1/1] 0.00ns  loc: matmul.cpp:25
.preheader7.preheader:164  store float %a_row_load_2, float* %a_row_load_8


 <State 9>: 8.26ns
ST_9: tmp_4 (172)  [5/5] 8.26ns  loc: matmul.cpp:38
.preheader7.preheader:134  %tmp_4 = fadd float %tmp_s, 0.000000e+00

ST_9: tmp_11_1 (174)  [2/4] 5.78ns  loc: matmul.cpp:38
.preheader7.preheader:136  %tmp_11_1 = fmul float %a_row_load_1, %tmp_6

ST_9: tmp_11_2 (177)  [3/4] 5.78ns  loc: matmul.cpp:38
.preheader7.preheader:139  %tmp_11_2 = fmul float %a_row_load_2, %tmp_7

ST_9: tmp_11_3 (180)  [4/4] 5.78ns  loc: matmul.cpp:38
.preheader7.preheader:142  %tmp_11_3 = fmul float %a_row_load_3, %tmp_9


 <State 10>: 8.26ns
ST_10: tmp_4 (172)  [4/5] 8.26ns  loc: matmul.cpp:38
.preheader7.preheader:134  %tmp_4 = fadd float %tmp_s, 0.000000e+00

ST_10: tmp_11_1 (174)  [1/4] 5.78ns  loc: matmul.cpp:38
.preheader7.preheader:136  %tmp_11_1 = fmul float %a_row_load_1, %tmp_6

ST_10: tmp_11_2 (177)  [2/4] 5.78ns  loc: matmul.cpp:38
.preheader7.preheader:139  %tmp_11_2 = fmul float %a_row_load_2, %tmp_7

ST_10: tmp_11_3 (180)  [3/4] 5.78ns  loc: matmul.cpp:38
.preheader7.preheader:142  %tmp_11_3 = fmul float %a_row_load_3, %tmp_9


 <State 11>: 8.26ns
ST_11: tmp_4 (172)  [3/5] 8.26ns  loc: matmul.cpp:38
.preheader7.preheader:134  %tmp_4 = fadd float %tmp_s, 0.000000e+00

ST_11: tmp_11_2 (177)  [1/4] 5.78ns  loc: matmul.cpp:38
.preheader7.preheader:139  %tmp_11_2 = fmul float %a_row_load_2, %tmp_7

ST_11: tmp_11_3 (180)  [2/4] 5.78ns  loc: matmul.cpp:38
.preheader7.preheader:142  %tmp_11_3 = fmul float %a_row_load_3, %tmp_9


 <State 12>: 8.26ns
ST_12: tmp_4 (172)  [2/5] 8.26ns  loc: matmul.cpp:38
.preheader7.preheader:134  %tmp_4 = fadd float %tmp_s, 0.000000e+00

ST_12: tmp_11_3 (180)  [1/4] 5.78ns  loc: matmul.cpp:38
.preheader7.preheader:142  %tmp_11_3 = fmul float %a_row_load_3, %tmp_9


 <State 13>: 8.26ns
ST_13: tmp_4 (172)  [1/5] 8.26ns  loc: matmul.cpp:38
.preheader7.preheader:134  %tmp_4 = fadd float %tmp_s, 0.000000e+00


 <State 14>: 8.26ns
ST_14: tmp_12_1 (175)  [5/5] 8.26ns  loc: matmul.cpp:38
.preheader7.preheader:137  %tmp_12_1 = fadd float %tmp_4, %tmp_11_1


 <State 15>: 8.26ns
ST_15: tmp_12_1 (175)  [4/5] 8.26ns  loc: matmul.cpp:38
.preheader7.preheader:137  %tmp_12_1 = fadd float %tmp_4, %tmp_11_1


 <State 16>: 8.26ns
ST_16: tmp_12_1 (175)  [3/5] 8.26ns  loc: matmul.cpp:38
.preheader7.preheader:137  %tmp_12_1 = fadd float %tmp_4, %tmp_11_1


 <State 17>: 8.26ns
ST_17: tmp_12_1 (175)  [2/5] 8.26ns  loc: matmul.cpp:38
.preheader7.preheader:137  %tmp_12_1 = fadd float %tmp_4, %tmp_11_1


 <State 18>: 8.26ns
ST_18: tmp_12_1 (175)  [1/5] 8.26ns  loc: matmul.cpp:38
.preheader7.preheader:137  %tmp_12_1 = fadd float %tmp_4, %tmp_11_1


 <State 19>: 8.26ns
ST_19: tmp_12_2 (178)  [5/5] 8.26ns  loc: matmul.cpp:38
.preheader7.preheader:140  %tmp_12_2 = fadd float %tmp_12_1, %tmp_11_2


 <State 20>: 8.26ns
ST_20: tmp_12_2 (178)  [4/5] 8.26ns  loc: matmul.cpp:38
.preheader7.preheader:140  %tmp_12_2 = fadd float %tmp_12_1, %tmp_11_2


 <State 21>: 8.26ns
ST_21: tmp_12_2 (178)  [3/5] 8.26ns  loc: matmul.cpp:38
.preheader7.preheader:140  %tmp_12_2 = fadd float %tmp_12_1, %tmp_11_2


 <State 22>: 8.26ns
ST_22: newIndex1_mid2_v_v (79)  [1/1] 0.00ns  loc: matmul.cpp:20
.preheader7.preheader:41  %newIndex1_mid2_v_v = call i4 @_ssdm_op_BitConcatenate.i4.i1.i3(i1 true, i3 %i2_mid2_v)

ST_22: newIndex1_mid2_v (80)  [8/8] 2.74ns  loc: matmul.cpp:20
.preheader7.preheader:42  %newIndex1_mid2_v = urem i4 %newIndex1_mid2_v_v, 6

ST_22: tmp_12_2 (178)  [2/5] 8.26ns  loc: matmul.cpp:38
.preheader7.preheader:140  %tmp_12_2 = fadd float %tmp_12_1, %tmp_11_2


 <State 23>: 8.26ns
ST_23: newIndex1_mid2_v (80)  [7/8] 2.74ns  loc: matmul.cpp:20
.preheader7.preheader:42  %newIndex1_mid2_v = urem i4 %newIndex1_mid2_v_v, 6

ST_23: tmp_12_2 (178)  [1/5] 8.26ns  loc: matmul.cpp:38
.preheader7.preheader:140  %tmp_12_2 = fadd float %tmp_12_1, %tmp_11_2


 <State 24>: 8.26ns
ST_24: newIndex1_mid2_v (80)  [6/8] 2.74ns  loc: matmul.cpp:20
.preheader7.preheader:42  %newIndex1_mid2_v = urem i4 %newIndex1_mid2_v_v, 6

ST_24: tmp_12_3 (181)  [5/5] 8.26ns  loc: matmul.cpp:38
.preheader7.preheader:143  %tmp_12_3 = fadd float %tmp_12_2, %tmp_11_3


 <State 25>: 8.26ns
ST_25: newIndex1_mid2_v (80)  [5/8] 2.74ns  loc: matmul.cpp:20
.preheader7.preheader:42  %newIndex1_mid2_v = urem i4 %newIndex1_mid2_v_v, 6

ST_25: tmp_12_3 (181)  [4/5] 8.26ns  loc: matmul.cpp:38
.preheader7.preheader:143  %tmp_12_3 = fadd float %tmp_12_2, %tmp_11_3


 <State 26>: 8.26ns
ST_26: newIndex1_mid2_v (80)  [4/8] 2.74ns  loc: matmul.cpp:20
.preheader7.preheader:42  %newIndex1_mid2_v = urem i4 %newIndex1_mid2_v_v, 6

ST_26: tmp_12_3 (181)  [3/5] 8.26ns  loc: matmul.cpp:38
.preheader7.preheader:143  %tmp_12_3 = fadd float %tmp_12_2, %tmp_11_3


 <State 27>: 8.26ns
ST_27: newIndex1_mid2_v (80)  [3/8] 2.74ns  loc: matmul.cpp:20
.preheader7.preheader:42  %newIndex1_mid2_v = urem i4 %newIndex1_mid2_v_v, 6

ST_27: tmp_12_3 (181)  [2/5] 8.26ns  loc: matmul.cpp:38
.preheader7.preheader:143  %tmp_12_3 = fadd float %tmp_12_2, %tmp_11_3


 <State 28>: 8.26ns
ST_28: newIndex1_mid2_v (80)  [2/8] 2.74ns  loc: matmul.cpp:20
.preheader7.preheader:42  %newIndex1_mid2_v = urem i4 %newIndex1_mid2_v_v, 6

ST_28: tmp_12_3 (181)  [1/5] 8.26ns  loc: matmul.cpp:38
.preheader7.preheader:143  %tmp_12_3 = fadd float %tmp_12_2, %tmp_11_3


 <State 29>: 6.80ns
ST_29: StgValue_261 (59)  [1/1] 0.00ns
.preheader7.preheader:21  call void (...)* @_ssdm_op_SpecLoopName([6 x i8]* @L_col_str)

ST_29: empty (60)  [1/1] 0.00ns
.preheader7.preheader:22  %empty = call i32 (...)* @_ssdm_op_SpecLoopTripCount(i64 16, i64 16, i64 16)

ST_29: newIndex1_mid2_v (80)  [1/8] 2.74ns  loc: matmul.cpp:20
.preheader7.preheader:42  %newIndex1_mid2_v = urem i4 %newIndex1_mid2_v_v, 6

ST_29: tmp_17 (81)  [1/1] 0.00ns  loc: matmul.cpp:20
.preheader7.preheader:43  %tmp_17 = call i6 @_ssdm_op_BitConcatenate.i6.i4.i2(i4 %newIndex1_mid2_v, i2 0)

ST_29: StgValue_265 (82)  [1/1] 0.00ns  loc: matmul.cpp:20
.preheader7.preheader:44  call void (...)* @_ssdm_op_SpecLoopName([4 x i8]* @p_str5) nounwind

ST_29: tmp_2 (83)  [1/1] 0.00ns  loc: matmul.cpp:20
.preheader7.preheader:45  %tmp_2 = call i32 (...)* @_ssdm_op_SpecRegionBegin([4 x i8]* @p_str5) nounwind

ST_29: StgValue_267 (84)  [1/1] 0.00ns  loc: matmul.cpp:21
.preheader7.preheader:46  call void (...)* @_ssdm_op_SpecPipeline(i32 -1, i32 1, i32 1, i32 0, [1 x i8]* @p_str1) nounwind

ST_29: tmp_8_cast6 (95)  [1/1] 0.00ns  loc: matmul.cpp:20
.preheader7.preheader:57  %tmp_8_cast6 = zext i3 %j_mid2 to i6

ST_29: tmp_21 (107)  [1/1] 1.67ns  loc: matmul.cpp:41
.preheader7.preheader:69  %tmp_21 = add i6 %tmp_17, %tmp_8_cast6

ST_29: tmp_22_cast (108)  [1/1] 0.00ns  loc: matmul.cpp:41
.preheader7.preheader:70  %tmp_22_cast = zext i6 %tmp_21 to i64

ST_29: a_1_addr_2 (109)  [1/1] 0.00ns  loc: matmul.cpp:41
.preheader7.preheader:71  %a_1_addr_2 = getelementptr [24 x float]* %a_1, i64 0, i64 %tmp_22_cast

ST_29: StgValue_272 (182)  [1/1] 2.39ns  loc: matmul.cpp:41
.preheader7.preheader:144  store float %tmp_12_3, float* %a_1_addr_2, align 4

ST_29: empty_3 (183)  [1/1] 0.00ns  loc: matmul.cpp:42
.preheader7.preheader:145  %empty_3 = call i32 (...)* @_ssdm_op_SpecRegionEnd([4 x i8]* @p_str5, i32 %tmp_2) nounwind

ST_29: StgValue_274 (205)  [1/1] 0.00ns  loc: matmul.cpp:20
.preheader7.preheader:167  br label %.preheader7


 <State 30>: 0.00ns
ST_30: StgValue_275 (207)  [1/1] 0.00ns  loc: matmul.cpp:44
:0  ret void



============================================================
+ Verbose Summary: Timing violations
============================================================
Target clock period: 10ns, clock uncertainty: 1.25ns.

 <State 1>: 1.57ns
The critical path consists of the following:
	multiplexor before 'phi' operation ('indvar_flatten') with incoming values : ('indvar_flatten_next') [31]  (1.57 ns)

 <State 2>: 5.7ns
The critical path consists of the following:
	'phi' operation ('j') with incoming values : ('j', matmul.cpp:20) [33]  (0 ns)
	'icmp' operation ('exitcond', matmul.cpp:20) [61]  (1.94 ns)
	'select' operation ('i2_mid2_v', matmul.cpp:20) [66]  (1.37 ns)
	'getelementptr' operation ('a_0_addr', matmul.cpp:20) [69]  (0 ns)
	'load' operation ('a_0_load', matmul.cpp:27) on array 'a_0' [86]  (2.39 ns)

 <State 3>: 3.76ns
The critical path consists of the following:
	'select' operation ('j_mid2', matmul.cpp:20) [62]  (1.37 ns)
	'getelementptr' operation ('a_0_addr_4', matmul.cpp:20) [99]  (0 ns)
	'load' operation ('b_copy[0][3]', matmul.cpp:33) on array 'a_0' [110]  (2.39 ns)

 <State 4>: 6.7ns
The critical path consists of the following:
	'load' operation ('b_copy[0][3]', matmul.cpp:33) on array 'a_0' [110]  (2.39 ns)
	'select' operation ('b_copy[0][3]', matmul.cpp:20) [121]  (0 ns)
	'select' operation ('b_copy[0][3]', matmul.cpp:20) [122]  (1.37 ns)
	'select' operation ('b_copy[0][3]', matmul.cpp:31) [168]  (1.37 ns)
	'mux' operation ('tmp_3', matmul.cpp:31) [170]  (1.57 ns)

 <State 5>: 7.15ns
The critical path consists of the following:
	'load' operation ('a_row_load_4') on local variable 'a_row_load_s' [38]  (0 ns)
	'select' operation ('a_row_load', matmul.cpp:25) [93]  (1.37 ns)
	'fmul' operation ('tmp_s', matmul.cpp:38) [171]  (5.78 ns)

 <State 6>: 6.7ns
The critical path consists of the following:
	'load' operation ('b_copy[1][3]', matmul.cpp:33) on array 'a_0' [124]  (2.39 ns)
	'select' operation ('b_copy[1][3]', matmul.cpp:20) [128]  (0 ns)
	'select' operation ('b_copy[1][3]', matmul.cpp:20) [129]  (1.37 ns)
	'select' operation ('b_copy[1][3]', matmul.cpp:20) [130]  (0 ns)
	'select' operation ('b_copy[1][3]', matmul.cpp:31) [163]  (1.37 ns)
	'mux' operation ('tmp_6', matmul.cpp:31) [173]  (1.57 ns)

 <State 7>: 7.15ns
The critical path consists of the following:
	'load' operation ('a_row_load_5') on local variable 'a_row_load_9' [39]  (0 ns)
	'select' operation ('a_row_load_1', matmul.cpp:25) [92]  (1.37 ns)
	'fmul' operation ('tmp_11_1', matmul.cpp:38) [174]  (5.78 ns)

 <State 8>: 7.15ns
The critical path consists of the following:
	'load' operation ('a_row_load_6') on local variable 'a_row_load_8' [40]  (0 ns)
	'select' operation ('a_row_load_2', matmul.cpp:25) [91]  (1.37 ns)
	'fmul' operation ('tmp_11_2', matmul.cpp:38) [177]  (5.78 ns)

 <State 9>: 8.26ns
The critical path consists of the following:
	'fadd' operation ('tmp_4', matmul.cpp:38) [172]  (8.26 ns)

 <State 10>: 8.26ns
The critical path consists of the following:
	'fadd' operation ('tmp_4', matmul.cpp:38) [172]  (8.26 ns)

 <State 11>: 8.26ns
The critical path consists of the following:
	'fadd' operation ('tmp_4', matmul.cpp:38) [172]  (8.26 ns)

 <State 12>: 8.26ns
The critical path consists of the following:
	'fadd' operation ('tmp_4', matmul.cpp:38) [172]  (8.26 ns)

 <State 13>: 8.26ns
The critical path consists of the following:
	'fadd' operation ('tmp_4', matmul.cpp:38) [172]  (8.26 ns)

 <State 14>: 8.26ns
The critical path consists of the following:
	'fadd' operation ('tmp_12_1', matmul.cpp:38) [175]  (8.26 ns)

 <State 15>: 8.26ns
The critical path consists of the following:
	'fadd' operation ('tmp_12_1', matmul.cpp:38) [175]  (8.26 ns)

 <State 16>: 8.26ns
The critical path consists of the following:
	'fadd' operation ('tmp_12_1', matmul.cpp:38) [175]  (8.26 ns)

 <State 17>: 8.26ns
The critical path consists of the following:
	'fadd' operation ('tmp_12_1', matmul.cpp:38) [175]  (8.26 ns)

 <State 18>: 8.26ns
The critical path consists of the following:
	'fadd' operation ('tmp_12_1', matmul.cpp:38) [175]  (8.26 ns)

 <State 19>: 8.26ns
The critical path consists of the following:
	'fadd' operation ('tmp_12_2', matmul.cpp:38) [178]  (8.26 ns)

 <State 20>: 8.26ns
The critical path consists of the following:
	'fadd' operation ('tmp_12_2', matmul.cpp:38) [178]  (8.26 ns)

 <State 21>: 8.26ns
The critical path consists of the following:
	'fadd' operation ('tmp_12_2', matmul.cpp:38) [178]  (8.26 ns)

 <State 22>: 8.26ns
The critical path consists of the following:
	'fadd' operation ('tmp_12_2', matmul.cpp:38) [178]  (8.26 ns)

 <State 23>: 8.26ns
The critical path consists of the following:
	'fadd' operation ('tmp_12_2', matmul.cpp:38) [178]  (8.26 ns)

 <State 24>: 8.26ns
The critical path consists of the following:
	'fadd' operation ('tmp_12_3', matmul.cpp:38) [181]  (8.26 ns)

 <State 25>: 8.26ns
The critical path consists of the following:
	'fadd' operation ('tmp_12_3', matmul.cpp:38) [181]  (8.26 ns)

 <State 26>: 8.26ns
The critical path consists of the following:
	'fadd' operation ('tmp_12_3', matmul.cpp:38) [181]  (8.26 ns)

 <State 27>: 8.26ns
The critical path consists of the following:
	'fadd' operation ('tmp_12_3', matmul.cpp:38) [181]  (8.26 ns)

 <State 28>: 8.26ns
The critical path consists of the following:
	'fadd' operation ('tmp_12_3', matmul.cpp:38) [181]  (8.26 ns)

 <State 29>: 6.8ns
The critical path consists of the following:
	'urem' operation ('newIndex1_mid2_v', matmul.cpp:20) [80]  (2.74 ns)
	'add' operation ('tmp_21', matmul.cpp:41) [107]  (1.67 ns)
	'getelementptr' operation ('a_1_addr_2', matmul.cpp:41) [109]  (0 ns)
	'store' operation (matmul.cpp:41) of variable 'tmp_12_3', matmul.cpp:38 on array 'a_1' [182]  (2.39 ns)

 <State 30>: 0ns
The critical path consists of the following:


============================================================
+ Verbose Summary: Binding
============================================================
N/A
* FSMD analyzer results:
  - Output states:
 - Input state : 
  - Chain level:
	State 1
	State 2
	State 3
	State 4
	State 5
	State 6
	State 7
	State 8
	State 9
	State 10
	State 11
	State 12
	State 13
	State 14
	State 15
	State 16
	State 17
	State 18
	State 19
	State 20
	State 21
	State 22
	State 23
	State 24
	State 25
	State 26
	State 27
	State 28
	State 29
	State 30


============================================================
+ Verbose Summary: Datapath Resource usage 
============================================================
N/A
