@I [HLS-0] Workspace C:/Dropbox/Projects/vivado_hls/matmul_float/hls/hls_matmul/solution_default opened at Sat Feb 18 19:40:01 +0100 2017
@I [HLS-100] Execute     config_clock -quiet -name default -period 5 -default=false 
@I [SYN-201] Setting up clock 'default' with a period of 5ns.
@I [HLS-100] Command     config_clock returned 0; 0.001 sec.
@I [HLS-100] Execute     open_platform DefaultPlatform 
@I [HLS-100] Command     open_platform returned 0; 0 sec.
@I [HLS-100] Execute     import_lib C:/Developer/Xilinx/Vivado_HLS/2016.4/common/technology/xilinx/zynq/zynq 
@I [HLS-100] Execute       source C:/Developer/Xilinx/Vivado_HLS/2016.4/common/technology/xilinx/common/xilinx.lib 
@I [HLS-100] Execute         source C:/Developer/Xilinx/Vivado_HLS/2016.4/common/technology/xilinx/interface/xilinx_interface.lib 
@I [HLS-100] Execute           source C:/Developer/Xilinx/Vivado_HLS/2016.4/common/technology/xilinx/interface/plb46.lib 
@I [HLS-100] Command           ap_source returned 0; 0 sec.
@I [HLS-100] Execute           source C:/Developer/Xilinx/Vivado_HLS/2016.4/common/technology/xilinx/interface/fsl.lib 
@I [HLS-100] Command           ap_source returned 0; 0 sec.
@I [HLS-100] Execute           source C:/Developer/Xilinx/Vivado_HLS/2016.4/common/technology/xilinx/interface/axi4.lib 
@I [HLS-100] Command           ap_source returned 0; 0 sec.
@I [HLS-100] Execute           source C:/Developer/Xilinx/Vivado_HLS/2016.4/common/technology/xilinx/interface/maxi.lib 
@I [HLS-100] Command           ap_source returned 0; 0 sec.
@I [HLS-100] Execute           source C:/Developer/Xilinx/Vivado_HLS/2016.4/common/technology/xilinx/interface/saxilite.lib 
@I [HLS-100] Command           ap_source returned 0; 0 sec.
@I [HLS-100] Command         ap_source returned 0; 0.002 sec.
@I [HLS-100] Execute         source C:/Developer/Xilinx/Vivado_HLS/2016.4/common/technology/xilinx/common/dsp48.lib 
@I [HLS-100] Command         ap_source returned 0; 0.001 sec.
@I [HLS-100] Execute         source C:/Developer/Xilinx/Vivado_HLS/2016.4/common/technology/xilinx/ip/dds_compiler.lib 
@I [HLS-100] Command         ap_source returned 0; 0 sec.
@I [HLS-100] Execute         source C:/Developer/Xilinx/Vivado_HLS/2016.4/common/technology/xilinx/ip/xfft.lib 
@I [HLS-100] Command         ap_source returned 0; 0 sec.
@I [HLS-100] Execute         source C:/Developer/Xilinx/Vivado_HLS/2016.4/common/technology/xilinx/ip/xfir.lib 
@I [HLS-100] Command         ap_source returned 0; 0 sec.
@I [HLS-100] Command       ap_source returned 0; 0.006 sec.
@I [HLS-100] Execute       source C:/Developer/Xilinx/Vivado_HLS/2016.4/common/technology/xilinx/common/xilinx_old.lib 
@I [HLS-100] Command       ap_source returned 0; 0 sec.
@I [HLS-100] Execute       source C:/Developer/Xilinx/Vivado_HLS/2016.4/common/technology/xilinx/common/xilinx_vivado.lib 
@I [HLS-100] Command       ap_source returned 0; 0 sec.
@I [HLS-100] Execute       source C:/Developer/Xilinx/Vivado_HLS/2016.4/common/technology/xilinx/common/xilinx.hlp 
@I [HLS-100] Execute         source C:/Developer/Xilinx/Vivado_HLS/2016.4/common/technology/xilinx/common/target_info.tcl 
@I [HLS-100] Command         ap_source returned 0; 0.001 sec.
@I [HLS-100] Execute         source C:/Developer/Xilinx/Vivado_HLS/2016.4/common/technology/xilinx/interface/xilinx_interface.hlp 
@I [HLS-100] Execute           source C:/Developer/Xilinx/Vivado_HLS/2016.4/common/technology/xilinx/interface/maxi.hlp 
@I [HLS-100] Command           ap_source returned 0; 0 sec.
@I [HLS-100] Execute           source C:/Developer/Xilinx/Vivado_HLS/2016.4/common/technology/xilinx/interface/saxilite.hlp 
@I [HLS-100] Command           ap_source returned 0; 0 sec.
@I [HLS-100] Command         ap_source returned 0; 0.001 sec.
@I [HLS-100] Execute         source C:/Developer/Xilinx/Vivado_HLS/2016.4/common/technology/xilinx/common/dsp48.hlp 
@I [HLS-100] Command         ap_source returned 0; 0.001 sec.
@I [HLS-100] Command       ap_source returned 0; 0.004 sec.
@I [HLS-100] Execute       source C:/Developer/Xilinx/Vivado_HLS/2016.4/common/technology/xilinx/zynq/dsp48e1.hlp 
@I [HLS-100] Command       ap_source returned 0; 0 sec.
@I [HLS-100] Execute       get_default_platform 
@I [HLS-100] Command       get_default_platform returned 0; 0 sec.
@I [HLS-100] Execute       config_chip_info -quiet -resource  {SLICE 13300}  {LUT 53200}     {FF 106400} {DSP48E 220}   {BRAM 280}  
@I [HLS-100] Command       config_chip_info returned 0; 0 sec.
@I [HLS-100] Execute       config_chip_info -quiet -speed medium 
@I [HLS-100] Command       config_chip_info returned 0; 0 sec.
@I [HLS-100] Command     import_lib returned 0; 0.019 sec.
@I [HLS-100] Execute     source C:/Developer/Xilinx/Vivado_HLS/2016.4/common/technology/xilinx/zynq/zynq.gen 
@I [HLS-100] Execute       source C:/Developer/Xilinx/Vivado_HLS/2016.4/common/technology/xilinx/common/virtex.gen 
@I [HLS-100] Execute         source C:/Developer/Xilinx/Vivado_HLS/2016.4/common/technology/xilinx/common/xilinx.gen 
@I [HLS-100] Execute           source C:/Developer/Xilinx/Vivado_HLS/2016.4/common/technology/xilinx/interface/plb46.gen 
@I [HLS-100] Command           ap_source returned 0; 0.001 sec.
@I [HLS-100] Execute           source C:/Developer/Xilinx/Vivado_HLS/2016.4/common/technology/xilinx/interface/fsl.gen 
@I [HLS-100] Command           ap_source returned 0; 0 sec.
@I [HLS-100] Execute           source C:/Developer/Xilinx/Vivado_HLS/2016.4/common/technology/xilinx/interface/axi4.gen 
@I [HLS-100] Command           ap_source returned 0; 0.002 sec.
@I [HLS-100] Execute           source C:/Developer/Xilinx/Vivado_HLS/2016.4/common/technology/xilinx/interface/nativeAXI4.gen 
@I [HLS-100] Execute             source C:/Developer/Xilinx/Vivado_HLS/2016.4/common/technology/xilinx/interface/saxilite.gen 
@I [HLS-100] Command             ap_source returned 0; 0.003 sec.
@I [HLS-100] Execute             source C:/Developer/Xilinx/Vivado_HLS/2016.4/common/technology/xilinx/interface/maxi.gen 
@I [HLS-100] Command             ap_source returned 0; 0.007 sec.
@I [HLS-100] Command           ap_source returned 0; 0.011 sec.
@I [HLS-100] Execute           source C:/Developer/Xilinx/Vivado_HLS/2016.4/common/technology/xilinx/scripts/xilinxcoregen.gen 
@I [HLS-100] Command           ap_source returned 0; 0.009 sec.
@I [HLS-100] Execute           source C:/Developer/Xilinx/Vivado_HLS/2016.4/common/technology/xilinx/interface/XilEDKCoreGen.gen 
@I [HLS-100] Command           ap_source returned 0; 0.006 sec.
@I [HLS-100] Execute           source C:/Developer/Xilinx/Vivado_HLS/2016.4/common/technology/xilinx/ip/dds_compiler.gen 
@I [HLS-100] Command           ap_source returned 0; 0.003 sec.
@I [HLS-100] Execute           source C:/Developer/Xilinx/Vivado_HLS/2016.4/common/technology/xilinx/ip/util.gen 
@I [HLS-100] Command           ap_source returned 0; 0 sec.
@I [HLS-100] Execute           source C:/Developer/Xilinx/Vivado_HLS/2016.4/common/technology/xilinx/ip/xfft.gen 
@I [HLS-100] Command           ap_source returned 0; 0.091 sec.
@I [HLS-100] Execute           source C:/Developer/Xilinx/Vivado_HLS/2016.4/common/technology/xilinx/ip/xfir.gen 
@I [HLS-100] Command           ap_source returned 0; 0.001 sec.
@I [HLS-100] Command         ap_source returned 0; 0.128 sec.
@I [HLS-100] Execute         source C:/Developer/Xilinx/Vivado_HLS/2016.4/common/technology/xilinx/common/dsp48.gen 
@I [HLS-100] Command         ap_source returned 0; 0 sec.
@I [HLS-100] Command       ap_source returned 0; 0.131 sec.
@I [HLS-100] Command     ap_source returned 0; 0.131 sec.
@I [HLS-100] Execute     open_platform DefaultPlatform 
@I [HLS-100] Command     open_platform returned 0; 0 sec.
@I [HLS-100] Execute     import_lib C:/Developer/Xilinx/Vivado_HLS/2016.4/common/technology/xilinx/zynq/zynq_fpv6 
@I [HLS-100] Execute       source C:/Developer/Xilinx/Vivado_HLS/2016.4/common/technology/xilinx/common/xilinx_fpv7.lib 
@I [HLS-100] Execute         source C:/Developer/Xilinx/Vivado_HLS/2016.4/common/technology/xilinx/common/xilinx_hp.lib 
@I [HLS-100] Command         ap_source returned 0; 0 sec.
@I [HLS-100] Command       ap_source returned 0; 0.004 sec.
@I [HLS-100] Execute       source C:/Developer/Xilinx/Vivado_HLS/2016.4/common/technology/xilinx/common/xilinx_fpv.hlp 
@I [HLS-100] Execute         source C:/Developer/Xilinx/Vivado_HLS/2016.4/common/technology/xilinx/common/xilinx.hlp 
@I [HLS-100] Execute           source C:/Developer/Xilinx/Vivado_HLS/2016.4/common/technology/xilinx/common/target_info.tcl 
@I [HLS-100] Command           ap_source returned 0; 0.004 sec.
@I [HLS-100] Execute           source C:/Developer/Xilinx/Vivado_HLS/2016.4/common/technology/xilinx/interface/xilinx_interface.hlp 
@I [HLS-100] Execute             source C:/Developer/Xilinx/Vivado_HLS/2016.4/common/technology/xilinx/interface/maxi.hlp 
@I [HLS-100] Command             ap_source returned 0; 0 sec.
@I [HLS-100] Execute             source C:/Developer/Xilinx/Vivado_HLS/2016.4/common/technology/xilinx/interface/saxilite.hlp 
@I [HLS-100] Command             ap_source returned 0; 0 sec.
@I [HLS-100] Command           ap_source returned 0; 0.001 sec.
@I [HLS-100] Execute           source C:/Developer/Xilinx/Vivado_HLS/2016.4/common/technology/xilinx/common/dsp48.hlp 
@I [HLS-100] Command           ap_source returned 0; 0.001 sec.
@I [HLS-100] Command         ap_source returned 0; 0.008 sec.
@I [HLS-100] Command       ap_source returned 0; 0.01 sec.
@I [HLS-100] Execute       source C:/Developer/Xilinx/Vivado_HLS/2016.4/common/technology/xilinx/zynq/zynq_hp.hlp 
@I [HLS-100] Command       ap_source returned 0; 0.001 sec.
@I [HLS-100] Command     import_lib returned 0; 0.025 sec.
@I [HLS-100] Execute     source C:/Developer/Xilinx/Vivado_HLS/2016.4/common/technology/xilinx/zynq/zynq_fpv6.gen 
@I [HLS-100] Execute       source C:/Developer/Xilinx/Vivado_HLS/2016.4/common/technology/xilinx/common/xilinx_fpv6.gen 
@I [HLS-100] Command       ap_source returned 0; 0.001 sec.
@I [HLS-100] Command     ap_source returned 0; 0.001 sec.
@I [HLS-100] Execute     set_part xc7z010clg400-1 
@I [HLS-100] Execute       add_library xilinx/zynq/zynq:xc7z010:clg400:-1 
@I [HLS-100] Execute         get_default_platform 
@I [HLS-100] Command         get_default_platform returned 0; 0 sec.
@I [HLS-100] Execute         license_isbetapart xc7z010 
@I [HLS-100] Command         license_isbetapart returned 1; 0.012 sec.
@I [HLS-100] Execute         get_default_platform 
@I [HLS-100] Command         get_default_platform returned 0; 0 sec.
@I [HLS-100] Execute         config_chip_info -quiet -resource  {SLICE 4400}   {LUT 17600}     {FF 35200}  {DSP48E 80}    {BRAM 120}  
@I [HLS-100] Command         config_chip_info returned 0; 0 sec.
@I [HLS-100] Execute         config_chip_info -quiet -speed slow 
@I [HLS-100] Command         config_chip_info returned 0; 0 sec.
@I [HLS-100] Command       add_library returned 0; 0.024 sec.
@I [HLS-100] Execute       add_library xilinx/zynq/zynq_fpv6 
@I [HLS-100] Execute         get_default_platform 
@I [HLS-100] Command         get_default_platform returned 0; 0 sec.
@I [HLS-100] Command       add_library returned 0; 0.005 sec.
@I [HLS-10] Setting target device to 'xc7z010clg400-1'
@I [HLS-100] Command     set_part returned 0; 0.031 sec.
@I [HLS-100] Execute     get_default_platform 
@I [HLS-100] Command     get_default_platform returned 0; 0 sec.
@I [HLS-100] Execute     config_chip_info -quiet -resource  {SLICE 4400}   {LUT 17600}     {FF 35200}  {DSP48E 80}    {BRAM 120}  
@I [HLS-100] Command     config_chip_info returned 0; 0 sec.
@I [HLS-100] Execute     config_chip_info -quiet -speed slow 
@I [HLS-100] Command     config_chip_info returned 0; 0 sec.
@I [HLS-100] Command   open_solution returned 0; 0.237 sec.
@I [HLS-100] Execute   set_part xc7z010clg400-1 
@I [HLS-100] Execute     add_library xilinx/zynq/zynq:xc7z010:clg400:-1 
@I [HLS-100] Execute       get_default_platform 
@I [HLS-100] Command       get_default_platform returned 0; 0 sec.
@I [HLS-100] Execute       license_isbetapart xc7z010 
@I [HLS-100] Command       license_isbetapart returned 1; 0 sec.
@I [HLS-100] Execute       get_default_platform 
@I [HLS-100] Command       get_default_platform returned 0; 0 sec.
@I [HLS-100] Execute       config_chip_info -quiet -resource  {SLICE 4400}   {LUT 17600}     {FF 35200}  {DSP48E 80}    {BRAM 120}  
@I [HLS-100] Command       config_chip_info returned 0; 0 sec.
@I [HLS-100] Execute       config_chip_info -quiet -speed slow 
@I [HLS-100] Command       config_chip_info returned 0; 0 sec.
@I [HLS-100] Command     add_library returned 0; 0.007 sec.
@I [HLS-100] Execute     add_library xilinx/zynq/zynq_fpv6 
@I [HLS-100] Execute       get_default_platform 
@I [HLS-100] Command       get_default_platform returned 0; 0 sec.
@I [HLS-100] Command     add_library returned 0; 0.002 sec.
@I [HLS-100] Command   set_part returned 0; 0.012 sec.
@I [HLS-100] Execute   create_clock -period 5 -name default 
@I [HLS-100] Command   create_clock returned 0; 0.004 sec.
@I [HLS-100] Execute   source ./hls_matmul/solution_default/directives.tcl 
@I [HLS-100] Execute     set_directive_pipeline matmul/CL1 
@I [HLS-0] Setting directive 'PIPELINE' 
@I [HLS-100] Command     set_directive_pipeline returned 0; 0.002 sec.
@I [HLS-100] Execute     set_directive_interface -mode ap_ctrl_hs matmul 
@I [HLS-0] Setting directive 'PIPELINE' 
@I [HLS-0] Setting directive 'INTERFACE' ap_ctrl_hs=positionBoolean0mode port=positionBooleanTextRequiredreturn 
@I [HLS-100] Command     set_directive_interface returned 0; 0.003 sec.
@I [HLS-100] Command   ap_source returned 0; 0.009 sec.
@I [HLS-100] Execute   csynth_design 
@I [HLS-100] Execute     elaborate -effort=medium -skip_syncheck=0 -keep_printf=0 -lm=0 -skip_cdt=0 -skip_transform=0 -ng=0 -g=0 -opt_fp=0 
@I [HLS-10] Analyzing design file 'matmul.c' ... 
@I [HLS-0] Compiling one TU...
@I [HLS-0] Handling matmul.c as C
@I [HLS-0] Syntax Checking before pre-processing...
@I [HLS-100] Execute       clang  -fno-limit-debug-info -gcc-toolchain "C:/Developer/Xilinx/Vivado_HLS/2016.4/msys" -hls    -fno-math-errno -c -emit-llvm -O0  -mllvm -disable-llvm-optzns -std=gnu89   -DAESL_SYN -D__SYNTHESIS__ -D__HLS_SYN__ -I "C:/Developer/Xilinx/Vivado_HLS/2016.4/common/technology/autopilot" -I "C:/Developer/Xilinx/Vivado_HLS/2016.4/common/technology/autopilot/ap_sysc" -include etc/autopilot_ssdm_op.h -D__cdecl=  "matmul.c"  -o "C:/Dropbox/Projects/vivado_hls/matmul_float/hls/hls_matmul/solution_default/.autopilot/db/matmul.pp.00.o" 
@I [HLS-100] Command       clang returned 0; 0.18 sec.
@I [HLS-100] Execute       is_encrypted C:/Dropbox/Projects/vivado_hls/matmul_float/hls/hls_matmul/solution_default/.autopilot/db/matmul.pp.00.o 
@I [HLS-100] Command       is_encrypted returned 0; 0.001 sec.
@I [HLS-0] Source preprocessing
@I [HLS-100] Execute       clang  -fno-limit-debug-info -gcc-toolchain "C:/Developer/Xilinx/Vivado_HLS/2016.4/msys" -hls -fno-exceptions  -D__llvm__  -CC -E "matmul.c"     -fno-math-errno -c -emit-llvm -O0  -mllvm -disable-llvm-optzns -std=gnu89   -DAESL_SYN -D__SYNTHESIS__ -D__HLS_SYN__ -I "C:/Developer/Xilinx/Vivado_HLS/2016.4/common/technology/autopilot" -I "C:/Developer/Xilinx/Vivado_HLS/2016.4/common/technology/autopilot/ap_sysc" -include etc/autopilot_ssdm_op.h -D__cdecl=  -o "C:/Dropbox/Projects/vivado_hls/matmul_float/hls/hls_matmul/solution_default/.autopilot/db/matmul.pp.0.c" 
@I [HLS-100] Command       clang returned 0; 0.179 sec.
@I [HLS-0] GCC PP time: 0 seconds per iteration
@I [HLS-0] Setting directive 'PIPELINE' 
@I [HLS-0] Setting directive 'INTERFACE' ap_ctrl_hs=positionBoolean0mode port=positionBooleanTextRequiredreturn 
@I [HLS-100] Execute       list_core -type functional_unit 
@I [HLS-100] Command       list_core returned 0; 0 sec.
@I [HLS-0] CDT Preprocessing...
@I [HLS-0] Marker-Pragma convertor: C:/Dropbox/Projects/vivado_hls/matmul_float/hls/hls_matmul/solution_default/.autopilot/db/matmul.pp.0.c C:/Dropbox/Projects/vivado_hls/matmul_float/hls/hls_matmul/solution_default/.autopilot/db/matmul.pp.0.c.ap-line.c C:/Dropbox/Projects/vivado_hls/matmul_float/hls/hls_matmul/solution_default/.autopilot/db/matmul.pp.0.c.ap-line.c.CXX 1
@I [HLS-0] Converting Markers to Pragmas...
@I [HLS-100] Execute       cdt  "C:/Dropbox/Projects/vivado_hls/matmul_float/hls/hls_matmul/solution_default/.autopilot/db/matmul.pp.0.c.ap-line.c"  -m "matmul" -o "C:/Dropbox/Projects/vivado_hls/matmul_float/hls/hls_matmul/solution_default/.autopilot/db/matmul.pp.0.c.ap-cdt.c" -c --pp --directive C:/Dropbox/Projects/vivado_hls/matmul_float/hls/hls_matmul/solution_default/solution_default.directive --source C:/Dropbox/Projects/vivado_hls/matmul_float/hls/matmul.c --error C:/Dropbox/Projects/vivado_hls/matmul_float/hls/hls_matmul/solution_default/.autopilot/db --funcunit "AddSub AddSub_DSP AddSubnS DAddSub_fulldsp DAddSub_nodsp DDiv DExp_fulldsp DExp_meddsp DExp_nodsp DLog_fulldsp DLog_meddsp DLog_nodsp DMul_fulldsp DMul_maxdsp DMul_meddsp DMul_nodsp DRSqrt DRecip DSqrt DivnS FAddSub_fulldsp FAddSub_nodsp FDiv FExp_fulldsp FExp_meddsp FExp_nodsp FLog_fulldsp FLog_meddsp FLog_nodsp FMul_fulldsp FMul_maxdsp FMul_meddsp FMul_nodsp FRSqrt_fulldsp FRSqrt_nodsp FRecip_fulldsp FRecip_nodsp FSqrt HAddSub_nodsp HDiv HMul_fulldsp HMul_maxdsp HMul_nodsp HSqrt Mul Mul2S Mul3S Mul4S Mul5S Mul6S Mul_LUT MulnS MuxnS" --ca --gf --pd --p2d C:/Dropbox/Projects/vivado_hls/matmul_float/hls/hls_matmul/solution_default/.autopilot/db --sd --scff C:/Dropbox/Projects/vivado_hls/matmul_float/hls/hls_matmul/solution_default/.autopilot/db/.systemc_flag --ad 
@I [HLS-100] Command       cdt returned 0; 0.718 sec.
@I [HLS-0] Marker-Pragma convertor: C:/Dropbox/Projects/vivado_hls/matmul_float/hls/hls_matmul/solution_default/.autopilot/db/matmul.pp.0.c.ap-cdt.c C:/Dropbox/Projects/vivado_hls/matmul_float/hls/hls_matmul/solution_default/.autopilot/db/matmul.pragma.0.c C:/Dropbox/Projects/vivado_hls/matmul_float/hls/hls_matmul/solution_default/.autopilot/db/matmul.pragma.0.c.ap-line.CXX 0
@I [HLS-0] Converting Pragmas to Markers...
@I [HLS-100] Execute       source C:/Dropbox/Projects/vivado_hls/matmul_float/hls/hls_matmul/solution_default/.autopilot/db/pragma.status.tcl 
@I [HLS-100] Command       ap_source returned 0; 0 sec.
@I [HLS-0] Pragma Handling...
@I [HLS-0] Source preprocessing
@I [HLS-100] Execute       clang  -fno-limit-debug-info -gcc-toolchain "C:/Developer/Xilinx/Vivado_HLS/2016.4/msys" -hls -fno-exceptions  -D__llvm__  -CC -E "C:/Dropbox/Projects/vivado_hls/matmul_float/hls/hls_matmul/solution_default/.autopilot/db/matmul.pragma.1.c"     -fno-math-errno -c -emit-llvm -O0  -mllvm -disable-llvm-optzns -std=gnu89   -DAESL_SYN -D__SYNTHESIS__ -D__HLS_SYN__ -I "C:/Developer/Xilinx/Vivado_HLS/2016.4/common/technology/autopilot" -I "C:/Developer/Xilinx/Vivado_HLS/2016.4/common/technology/autopilot/ap_sysc" -include etc/autopilot_ssdm_op.h -D__cdecl=  -o "C:/Dropbox/Projects/vivado_hls/matmul_float/hls/hls_matmul/solution_default/.autopilot/db/matmul.pragma.2.c" 
@I [HLS-100] Command       clang returned 0; 0.17 sec.
@I [HLS-0] Processing labels
@I [HLS-100] Execute       clang  -fno-limit-debug-info -gcc-toolchain C:/Developer/Xilinx/Vivado_HLS/2016.4/msys -hls -hls-analyze-label -hls-analyze-pragma -fno-exceptions  -D__llvm__  -w  "C:/Dropbox/Projects/vivado_hls/matmul_float/hls/hls_matmul/solution_default/.autopilot/db/matmul.pragma.2.c"    -fno-math-errno -c -emit-llvm -O0  -mllvm -disable-llvm-optzns -std=gnu89  -DAESL_SYN -D__SYNTHESIS__ -D__HLS_SYN__ -I "C:/Developer/Xilinx/Vivado_HLS/2016.4/common/technology/autopilot" -I "C:/Developer/Xilinx/Vivado_HLS/2016.4/common/technology/autopilot/ap_sysc" -include etc/autopilot_ssdm_op.h -g -o "C:/Dropbox/Projects/vivado_hls/matmul_float/hls/hls_matmul/solution_default/.autopilot/db/matmul.g.bc" 
@I [HLS-100] Command       clang returned 0; 0.172 sec.
@I [HLS-10] Validating synthesis directives ...
@I [HLS-100] Execute       source C:/Dropbox/Projects/vivado_hls/matmul_float/hls/hls_matmul/solution_default/.autopilot/db/pragma.status.tcl 
@I [HLS-100] Command       ap_source returned 0; 0.001 sec.
@I [HLS-111] Finished Checking Pragmas Time (s): cpu = 00:00:01 ; elapsed = 00:00:02 . Memory (MB): peak = 92.688 ; gain = 43.832
@I [HLS-0] Linking Release ...
@I [HLS-100] Execute       llvm-ld C:/Dropbox/Projects/vivado_hls/matmul_float/hls/hls_matmul/solution_default/.autopilot/db/matmul.bc -disable-opt -LC:/Developer/Xilinx/Vivado_HLS/2016.4/win64/lib -lm_basic -o C:/Dropbox/Projects/vivado_hls/matmul_float/hls/hls_matmul/solution_default/.autopilot/db/a.o 
@I [HLS-100] Command       llvm-ld returned 0; 0.094 sec.
@I [HLS-100] Execute       disassemble C:/Dropbox/Projects/vivado_hls/matmul_float/hls/hls_matmul/solution_default/.autopilot/db/a.o C:/Dropbox/Projects/vivado_hls/matmul_float/hls/hls_matmul/solution_default/.autopilot/db/a.o 
@I [HLS-100] Execute         is_encrypted C:/Dropbox/Projects/vivado_hls/matmul_float/hls/hls_matmul/solution_default/.autopilot/db/a.o.bc 
@I [HLS-100] Command         is_encrypted returned 0; 0 sec.
@I [HLS-100] Command       disassemble returned 0; 0.019 sec.
@I [HLS-0] Disassemble time: 0 seconds per iteration
@I [HLS-0] Linking Debug ...
@I [HLS-100] Execute       llvm-ld C:/Dropbox/Projects/vivado_hls/matmul_float/hls/hls_matmul/solution_default/.autopilot/db/matmul.g.bc -disable-opt -LC:/Developer/Xilinx/Vivado_HLS/2016.4/win64/lib -lm_basic -o C:/Dropbox/Projects/vivado_hls/matmul_float/hls/hls_matmul/solution_default/.autopilot/db/a.g 
@I [HLS-100] Command       llvm-ld returned 0; 0.094 sec.
@I [HLS-100] Execute       disassemble C:/Dropbox/Projects/vivado_hls/matmul_float/hls/hls_matmul/solution_default/.autopilot/db/a.g C:/Dropbox/Projects/vivado_hls/matmul_float/hls/hls_matmul/solution_default/.autopilot/db/a.g 
@I [HLS-100] Execute         is_encrypted C:/Dropbox/Projects/vivado_hls/matmul_float/hls/hls_matmul/solution_default/.autopilot/db/a.g.bc 
@I [HLS-100] Command         is_encrypted returned 0; 0 sec.
@I [HLS-100] Command       disassemble returned 0; 0.029 sec.
@I [HLS-0] Disassemble time: 0 seconds per iteration
@I [HLS-111] Finished Linking Time (s): cpu = 00:00:01 ; elapsed = 00:00:03 . Memory (MB): peak = 92.703 ; gain = 43.848
@I [HLS-100] Execute       opt_and_import_c a -opt_level=2 -skip_syncheck=0 -ng=0 -keep_printf=0 
@I [HLS-100] Execute         cleanup_all_models 
@I [HLS-100] Command         cleanup_all_models returned 0; 0 sec.
@I [HLS-10] Starting code transformations ...
@I [HLS-100] Execute         transform -promote-dbg-pointer C:/Dropbox/Projects/vivado_hls/matmul_float/hls/hls_matmul/solution_default/.autopilot/db/a.pp.bc -o C:/Dropbox/Projects/vivado_hls/matmul_float/hls/hls_matmul/solution_default/.autopilot/db/a.pp.0.bc -f 
@I [HLS-100] Command         transform returned 0; 0.005 sec.
@I [HLS-100] Execute         llvm-ld C:/Dropbox/Projects/vivado_hls/matmul_float/hls/hls_matmul/solution_default/.autopilot/db/a.pp.0.bc -disable-opt -LC:/Developer/Xilinx/Vivado_HLS/2016.4/win64/lib -lfloatconversion -o C:/Dropbox/Projects/vivado_hls/matmul_float/hls/hls_matmul/solution_default/.autopilot/db/a.g.0 
@I [HLS-100] Command         llvm-ld returned 0; 0.096 sec.
@I [HLS-0] Running Standard Transforms...
@I [HLS-100] Execute         transform -hls -share-std-xform -always-inline -promote-dbg-pointer -interface-preproc -scalarrepl -mem2reg -keep-read-access -instcombine -dce -promote-dbg-pointer -bitop-raise -indvarspre -indvars -loop-simplify -xunroll -constprop -instcombine -simplifycfg -indvars -simplifycfg -dce -globaldce -basicaa -simplifycfg -mem2reg -globalopt -global-constprop -deadargelim -instcombine -simplifycfg -prune-eh -simplifycfg -scalarrepl -instcombine -reassociate -licm -simplifycfg -loop-simplify -indvars -instcombine -simplifycfg -mem2reg -loop-simplify -indvars -instcombine -gvn -gvn -instcombine -adce -break-crit-edges -simplifycfg -loop-delete -global-array-opt -dce -dse -adce -find-syn-modules -top matmul -deadargelim -mem2reg -instcombine -dce -presyn-prepare -auto-rom-infer -interface-preproc -syn-check -check-rec-only -find-region -simplifycfg -func-extr -function-inline -globaldce -mem2reg -instcombine -dce -gvn -globaldce -adce -adse -constprop -instcombine -bit-constprop -instcombine -dce -simplifycfg -bitop-raise -simplifycfg -dce -loop-delete -reassociate -globalopt -global-privatize -mem2reg -dce -global-constprop -pointer-simplify -constprop -dce -func-inst -deadargelim -promote-dbg-pointer -norm-name C:/Dropbox/Projects/vivado_hls/matmul_float/hls/hls_matmul/solution_default/.autopilot/db/a.g.0.bc -o C:/Dropbox/Projects/vivado_hls/matmul_float/hls/hls_matmul/solution_default/.autopilot/db/a.g.1.bc -f -phase std-opt 
@I [HLS-100] Command         transform returned 0; 0.028 sec.
@I [HLS-100] Execute         disassemble C:/Dropbox/Projects/vivado_hls/matmul_float/hls/hls_matmul/solution_default/.autopilot/db/a.g.1 C:/Dropbox/Projects/vivado_hls/matmul_float/hls/hls_matmul/solution_default/.autopilot/db/a.g.1 
@I [HLS-100] Execute           is_encrypted C:/Dropbox/Projects/vivado_hls/matmul_float/hls/hls_matmul/solution_default/.autopilot/db/a.g.1.bc 
@I [HLS-100] Command           is_encrypted returned 0; 0 sec.
@I [HLS-100] Command         disassemble returned 0; 0.017 sec.
@I [HLS-111] Finished Standard Transforms Time (s): cpu = 00:00:01 ; elapsed = 00:00:03 . Memory (MB): peak = 94.105 ; gain = 45.250
@I [HLS-10] Checking synthesizability ...
@I [HLS-0] Checking Synthesizability 1/2..
@I [HLS-100] Execute         transform -hls -syn-check -check-rec-only -disaggr -scalarrepl -norm-name -dce -mem2reg -instcombine -function-uniquify -directive-preproc -mem2reg -dse -dce -auto-rom-infer -dce -array-normalize -instcombine -dce -array-seg-normalize -instcombine -dce -array-flatten -instcombine -dce -array-burst -dce -deadargelim -promote-global-argument -simplifycfg -mem2reg -globaldce -resolve-double-ptr -dce -deadargelim -dce -instcombine -function-inline -globaldce -dce -doublePtrSimplify -doublePtrElim -dce -doublePtrSimplify -promote-dbg-pointer -dce -scalarrepl -dse -adse -instcombine -ptrLegalization -simplifycfg -dce -instcombine -pointer-simplify -ptrArgReplace -dce -instcombine -disaggr -scalarrepl -norm-name -dce -mem2reg -instcombine -ptrLegalization -simplifycfg -deadargelim -instcombine -dce -inst-simplify -function-uniquify -directive-preproc -mem2reg -dse -dce -globaldce C:/Dropbox/Projects/vivado_hls/matmul_float/hls/hls_matmul/solution_default/.autopilot/db/a.g.1.bc -o C:/Dropbox/Projects/vivado_hls/matmul_float/hls/hls_matmul/solution_default/.autopilot/db/a.g.2.prechk.bc -f 
@I [HLS-100] Command         transform returned 0; 0.02 sec.
@I [HLS-0] Checking Synthesizability 2/2..
@I [HLS-100] Execute         transform -syn-check C:/Dropbox/Projects/vivado_hls/matmul_float/hls/hls_matmul/solution_default/.autopilot/db/a.g.2.prechk.bc -o C:/Dropbox/Projects/vivado_hls/matmul_float/hls/hls_matmul/solution_default/.autopilot/db/a.g.2.bc -f -phase syn-check 
@I [HLS-100] Command         transform returned 0; 0.006 sec.
@I [HLS-111] Finished Checking Synthesizability Time (s): cpu = 00:00:01 ; elapsed = 00:00:03 . Memory (MB): peak = 94.324 ; gain = 45.469
@I [HLS-0] Compiler optimizing ...
@I [HLS-0] Share syncheck's 1.bc for syn flow: copy C:/Dropbox/Projects/vivado_hls/matmul_float/hls/hls_matmul/solution_default/.autopilot/db/a.g.1.bc to C:/Dropbox/Projects/vivado_hls/matmul_float/hls/hls_matmul/solution_default/.autopilot/db/a.o.1.bc
@I [HLS-0] Presyn 1...
@I [HLS-100] Execute         transform -hls -tmp C:/Dropbox/Projects/vivado_hls/matmul_float/hls/hls_matmul/solution_default/.autopilot/db -interface-port-rename -type-info -function-uniquify -directive-preproc -mem2reg -dse -dce -disaggr -scalarrepl -norm-name -deadargelim -mem2reg -instcombine -dce -auto-rom-infer -dce -function-uniquify -resource-proc -simplifycfg -mem2reg -globaldce -resolve-double-ptr -dce -deadargelim -dce -instcombine -clib-intrinsic-prepare -dce -func-buffer -dce -array-normalize -func-legal -instcombine -gvn -constprop -dce -ptrArgReplace -mem2reg -instcombine -dce -array-seg-normalize -deadargelim -instcombine -dce -pointer-simplify -dce -port-alignment -dce -interface-preproc -data-pack -instcombine -dce -basicaa -aggr-aa -aggrmodref-aa -aggr-aa -gvn -gvn -basicaa -aggr-aa -aggrmodref-aa -aggr-aa -dse -adse -adce -loop-simplify -indvars -instcombine -gvn -loop-simplify -mem2reg -dce -simplifycfg -find-region -instcombine -auto-loop-pipeline -inst-simplify -interface-preproc -cfgopt -instcombine -indvars -auto-loop-unroll -loop-simplify -loop-bound -xunroll -constprop -instcombine -simplifycfg -indvars -simplifycfg -dce -globaldce -clean-region -attach-range -gvn -inst-simplify -constprop -simplifycfg -dce -pointer-simplify -dce -globalopt -constprop -dce -array-promote -constprop -instcombine -dce -ptrArgReplace -mem2reg -instcombine -simplifycfg -dce -auto-par -instcombine -dce -array-transform-check -array-reshape -instcombine -simplifycfg -dce -ptrArgReplace -deadargelim -mem2reg -instcombine -simplifycfg -dce -indvars -loop-simplify -loop-bound -xunroll -constprop -instcombine -simplifycfg -indvars -simplifycfg -dce -globaldce -duplicate-dataflow-processes -globaldce -instcombine -array-partition -instcombine -simplifycfg -dce -ptrArgReplace -global-constprop -deadargelim -mem2reg -func-legal -instcombine -dce -global-constprop -deadargelim -mem2reg -instcombine -simplifycfg -dce -globalopt -constprop -dce -array-promote -constprop -instcombine -dce -ptrArgReplace -mem2reg -instcombine -simplifycfg -dce -mem-intrinsic-preproc -dce -global-privatize -mem2reg -globaldce -promote-global-argument -ptrArgReplace -mem2reg -instcombine -dce -globalopt -mergereturn -simplify-global-access -mem2reg -dce -pointer-simplify -dce -functionattrs -basicaa -aggr-aa -aggrmodref-aa -aggr-aa -gvn -gvn -basicaa -aggr-aa -aggrmodref-aa -aggr-aa -dse -adse -adce -inst-simplify -dce -norm-name -function-inline -globaldce -func-inst -constprop -instcombine -simplifycfg -dce -func-legal -dce -loop-bound -arraycheck -bitwidthmin -on-by-dataflow -loop-delete -instcombine -simplifycfg -globaldce -dce -gvn -deadargelim -dce -loop-simplify -clean-region -simplifycfg -propagate-stable-arguments -loop-stream -instcombine -simplifycfg -dce -globaldce -stream-intrinsic-preproc -dce -check-ap-stream -loop-simplify -eliminate-keepreads -extract-dataflow-in-loop -loop-simplify -dce -gvn -deadargelim -dse -check-dataflow-syntax -legalize-stream-variable -legalize-global -extract-subproc -dce -dead-channel-elimination -canonicalize-gep -globaldce -dce -gvn -deadargelim -annotate-dataflow-channels -scalar-propagation -deadargelim -globaldce -mem2reg -check-dataflow-channels -function-stream -dce -globaldce -prop-fifo-spec -internal-stream-gen -canonicalize-gep -globaldce -dce -gvn -deadargelim -mergereturn -indvars -loop-simplify -instcombine -array-stream -array-seg-normalize -array-partition -func-legal -instcombine -simplifycfg -dce -bundle-memfifo-ops -deadargelim -function-uniquify -directive-preproc -mem2reg -dse -dce -group-axi-access -licm -simplifycfg -dce -loop-delete -norm-name C:/Dropbox/Projects/vivado_hls/matmul_float/hls/hls_matmul/solution_default/.autopilot/db/a.o.1.bc -o C:/Dropbox/Projects/vivado_hls/matmul_float/hls/hls_matmul/solution_default/.autopilot/db/a.o.1.tmp.bc -f 
@I [XFORM-502] Unrolling all sub-loops inside loop 'CL1' (matmul.c:12) in function 'matmul' for pipelining.
@I [XFORM-501] Unrolling loop 'CL2' (matmul.c:16) in function 'matmul' completely.
@I [HLS-100] Command         transform returned 0; 0.067 sec.
@I [HLS-0] Presyn 2...
@I [HLS-100] Execute         transform -hls -keep-callgraph -scalarrepl -mem2reg -port-alignment -attach-range -dce -pipe-mux-gen -indvars -loop-bound -inst-simplify -instcombine -dce -merge-array-access -mem2reg -dce -clean-region -mergereturn -if-conv -instcombine -dce -constprop -basicaa -aggr-aa -aggrmodref-aa -aggr-aa -gvn -gvn -basicaa -aggr-aa -aggrmodref-aa -aggr-aa -dse -adse -adce -scalarrepl -mem2reg -global-constprop -deadargelim -deadargelim -instcombine -dce -simplifycfg -ptrArgReplace -mem2reg -function-inline -globaldce -mem2reg -instcombine -dce -expr-balance -instcombine -dce -bitwidthmin -interface-preproc -directive-preproc -inst-rectify -instcombine -dce -functionattrs -constprop -instcombine -bit-constprop -simplify-global-access -globalopt -globaldce -inst-simplify -instcombine -elimdeaddata -dce -loop-delete -simplifycfg -loop-simplify -auto-burst -norm-name C:/Dropbox/Projects/vivado_hls/matmul_float/hls/hls_matmul/solution_default/.autopilot/db/a.o.1.tmp.bc -o C:/Dropbox/Projects/vivado_hls/matmul_float/hls/hls_matmul/solution_default/.autopilot/db/a.o.2.bc -f -phase presyn 
@I [HLS-100] Command         transform returned 0; 0.042 sec.
@I [HLS-100] Execute         disassemble C:/Dropbox/Projects/vivado_hls/matmul_float/hls/hls_matmul/solution_default/.autopilot/db/a.o.2 C:/Dropbox/Projects/vivado_hls/matmul_float/hls/hls_matmul/solution_default/.autopilot/db/a.o.2 
@I [HLS-100] Execute           is_encrypted C:/Dropbox/Projects/vivado_hls/matmul_float/hls/hls_matmul/solution_default/.autopilot/db/a.o.2.bc 
@I [HLS-100] Command           is_encrypted returned 0; 0 sec.
@I [HLS-100] Command         disassemble returned 0; 0.018 sec.
@I [HLS-111] Finished Pre-synthesis Time (s): cpu = 00:00:01 ; elapsed = 00:00:03 . Memory (MB): peak = 115.184 ; gain = 66.328
@I [HLS-0] Building ssdm...
@I [HLS-100] Execute         transform -hls -function-uniquify -auto-function-inline -globaldce -ptrArgReplace -mem2reg -instcombine -dce -reset-lda -loop-simplify -indvars -licm -loop-dep -loop-bound -licm -loop-simplify -flattenloopnest -array-flatten -gvn -instcombine -dce -array-map -dce -func-legal -gvn -adce -instcombine -cfgopt -simplifycfg -loop-simplify -array-burst -promote-global-argument -dce -axi4-lower -array-seg-normalize -basicaa -aggrmodref-aa -globalsmodref-aa -aggr-aa -gvn -gvn -basicaa -aggrmodref-aa -globalsmodref-aa -aggr-aa -dse -adse -adce -licm -inst-simplify -dce -globaldce -instcombine -array-stream -eliminate-keepreads -instcombine -dce -deadargelim -doublePtrSimplify -doublePtrElim -dce -doublePtrSimplify -promote-dbg-pointer -dce -scalarrepl -mem2reg -disaggr -norm-name -mem2reg -instcombine -dse -adse -adce -ptrLegalization -dce -auto-rom-infer -array-flatten -dce -instcombine -loop-rot -constprop -cfgopt -simplifycfg -loop-simplify -indvars -pointer-simplify -dce -loop-bound -loop-simplify -loop-preproc -constprop -global-constprop -gvn -mem2reg -instcombine -dce -loop-bound -loop-merge -dce -bitwidthmin -deadargelim -dce -canonicalize-dataflow -dce -scalar-propagation -deadargelim -globaldce -mem2reg -interface-preproc -interface-gen -deadargelim -directive-preproc -inst-simplify -dce -gvn -mem2reg -instcombine -dce -adse -loop-bound -instcombine -cfgopt -simplifycfg -loop-simplify -clean-region -io-protocol -find-region -mem2reg -bitop-raise -inst-simplify -inst-rectify -instcombine -adce -deadargelim -loop-simplify -phi-opt -bitop-raise -cfgopt -simplifycfg -strip-dead-prototypes -interface-lower -bitop-lower -intrinsic-lower -auto-function-inline -basicaa -aggrmodref-aa -globalsmodref-aa -aggr-aa -inst-simplify -simplifycfg -loop-simplify -mergereturn -inst-simplify -inst-rectify -dce -bitop-lower -loop-rewind -pointer-simplify -dce -cfgopt -read-loop-dep -dce -bitwidth -loop-dep -norm-name -legalize -cdfg-build C:/Dropbox/Projects/vivado_hls/matmul_float/hls/hls_matmul/solution_default/.autopilot/db/a.o.2.bc -o C:/Dropbox/Projects/vivado_hls/matmul_float/hls/hls_matmul/solution_default/.autopilot/db/a.o.3.bc -f -phase build-ssdm 
@I [XFORM-541] Flattening a loop nest 'CL0' (matmul.c:10:2) in function 'matmul'.
@I [HLS-100] Command         transform returned 0; 0.058 sec.
@I [HLS-100] Execute         disassemble C:/Dropbox/Projects/vivado_hls/matmul_float/hls/hls_matmul/solution_default/.autopilot/db/a.o.3 C:/Dropbox/Projects/vivado_hls/matmul_float/hls/hls_matmul/solution_default/.autopilot/db/a.o.3 
@I [HLS-100] Execute           is_encrypted C:/Dropbox/Projects/vivado_hls/matmul_float/hls/hls_matmul/solution_default/.autopilot/db/a.o.3.bc 
@I [HLS-100] Command           is_encrypted returned 0; 0 sec.
@I [HLS-100] Command         disassemble returned 0; 0.017 sec.
@I [HLS-111] Finished Architecture Synthesis Time (s): cpu = 00:00:01 ; elapsed = 00:00:03 . Memory (MB): peak = 115.184 ; gain = 66.328
@I [HLS-0] Finish building internal data model.
@I [HLS-100] Command       opt_and_import_c returned 0; 0.444 sec.
@I [HLS-100] Command     elaborate returned 0; 2.196 sec.
@I [HLS-100] Execute     autosyn 
@I [HLS-10] Starting hardware synthesis ...
@I [HLS-0] Synthesizing C/C++ design ...
@I [HLS-10] Synthesizing 'matmul' ...
@I [HLS-100] Execute       ap_set_top_model matmul 
@I [HLS-100] Command       ap_set_top_model returned 0; 0 sec.
@I [HLS-100] Execute       get_model_list matmul -filter all-wo-channel -topdown 
@I [HLS-100] Command       get_model_list returned 0; 0 sec.
@I [HLS-100] Execute       preproc_iomode -model matmul 
@I [HLS-100] Command       preproc_iomode returned 0; 0 sec.
@I [HLS-100] Execute       get_model_list matmul -filter all-wo-channel 
@I [HLS-100] Command       get_model_list returned 0; 0 sec.
@I [HLS-0] Model list for configure: matmul
@I [HLS-0] Configuring Module : matmul ...
@I [HLS-100] Execute       set_default_model matmul 
@I [HLS-100] Command       set_default_model returned 0; 0 sec.
@I [HLS-100] Execute       apply_spec_resource_limit matmul 
@I [HLS-100] Command       apply_spec_resource_limit returned 0; 0 sec.
@I [HLS-0] Model list for preprocess: matmul
@I [HLS-0] Preprocessing Module: matmul ...
@I [HLS-100] Execute       set_default_model matmul 
@I [HLS-100] Command       set_default_model returned 0; 0 sec.
@I [HLS-100] Execute       cdfg_preprocess -model matmul 
@I [HLS-100] Command       cdfg_preprocess returned 0; 0.001 sec.
@I [HLS-100] Execute       rtl_gen_preprocess matmul 
@I [HLS-100] Command       rtl_gen_preprocess returned 0; 0 sec.
@I [HLS-0] Model list for synthesis: matmul
@I [HLS-10] ----------------------------------------------------------------
@I [HLS-10] -- Implementing module 'matmul' 
@I [HLS-10] ----------------------------------------------------------------
@I [HLS-100] Execute       set_default_model matmul 
@I [HLS-100] Command       set_default_model returned 0; 0 sec.
@I [HLS-100] Execute       schedule -model matmul 
@I [SCHED-11] Starting scheduling ...
@I [SCHED-61] Pipelining loop 'CL0_CL1'.
@W [SCHED-69] Unable to schedule 'load' operation ('a_load_2', matmul.c:17) on array 'a' due to limited memory ports.
@I [SCHED-61] Pipelining result: Target II: 1, Final II: 7, Depth: 127.
@I [SCHED-11] Finished scheduling.
@I [HLS-100] Command       schedule returned 0; 0.16 sec.
@I [HLS-111]  Elapsed time: 3.125 seconds; current allocated memory: 74.978 MB.
@I [HLS-100] Execute       report -o C:/Dropbox/Projects/vivado_hls/matmul_float/hls/hls_matmul/solution_default/.autopilot/db/matmul.verbose.sched.rpt -verbose -f 
@I [HLS-100] Command       report returned 0; 0.028 sec.
@I [HLS-100] Execute       db_write -o C:/Dropbox/Projects/vivado_hls/matmul_float/hls/hls_matmul/solution_default/.autopilot/db/matmul.sched.adb -f 
@I [HLS-100] Command       db_write returned 0; 0.026 sec.
@I [HLS-0] Finish scheduling matmul.
@I [HLS-100] Execute       set_default_model matmul 
@I [HLS-100] Command       set_default_model returned 0; 0 sec.
@I [HLS-100] Execute       bind -model matmul 
@I [BIND-110] clear=
@I [BIND-110] debug=
@I [BIND-110] drf=
@I [BIND-110] effort=
@I [BIND-110] fast_refine=
@I [BIND-110] fu_weight=[ 0.0 -- 1.0 ]
@I [BIND-110] global_opt=
@I [BIND-110] gsearch=
@I [BIND-110] help=
@I [BIND-110] help-hidden=
@I [BIND-110] min_mem_port=
@I [BIND-110] min_op=
@I [BIND-110] minreg=
@I [BIND-110] ml=
@I [BIND-110] model=matmul
@I [BIND-110] no_false_path=
@I [BIND-110] no_min_op=
@I [BIND-110] normalize=
@I [BIND-110] quiet=
@I [BIND-110] refine=
@I [BIND-110] reg_weight=[ 0.0 -- 1.0 ]
@I [BIND-110] search=
@I [BIND-110] tight_delay=
@I [BIND-110] verbose=
@I [BIND-110] wFF=
@I [BIND-110] wFU=
@I [BIND-110] wMUX=
@I [BIND-110] wNET=
@I [BIND-100] Starting micro-architecture generation ...
@I [BIND-101] Performing variable lifetime analysis.
@I [BIND-101] Exploring resource sharing.
@I [BIND-101] Binding ...
@I [BIND-100] After resource sharing, estimated clock period (5.52ns) exceeds the target (target clock period: 5ns, clock uncertainty: 0.625ns, effective delay budget: 4.38ns).
@I [BIND-100] The critical path consists of the following:
	'fmul' operation ('tmp1', matmul.c:17) (5.52 ns)
@I [BIND-100] Finished micro-architecture generation.
@I [HLS-100] Command       bind returned 0; 0.032 sec.
@I [HLS-111]  Elapsed time: 0.101 seconds; current allocated memory: 75.310 MB.
@I [HLS-100] Execute       report -o C:/Dropbox/Projects/vivado_hls/matmul_float/hls/hls_matmul/solution_default/.autopilot/db/matmul.verbose.bind.rpt -verbose -f 
@I [HLS-100] Command       report returned 0; 0.041 sec.
@I [HLS-100] Execute       db_write -o C:/Dropbox/Projects/vivado_hls/matmul_float/hls/hls_matmul/solution_default/.autopilot/db/matmul.bind.adb -f 
@I [HLS-100] Command       db_write returned 0; 0.04 sec.
@I [HLS-0] Finish binding matmul.
@I [HLS-100] Execute       get_model_list matmul -filter all-wo-channel 
@I [HLS-100] Command       get_model_list returned 0; 0 sec.
@I [HLS-0] Preprocessing for RTLGen ...
@I [HLS-100] Execute       rtl_gen_preprocess matmul 
@I [HLS-100] Command       rtl_gen_preprocess returned 0; 0.001 sec.
@I [HLS-0] Model list for RTL generation: matmul
@I [HLS-10] ----------------------------------------------------------------
@I [HLS-10] -- Generating RTL for module 'matmul' 
@I [HLS-10] ----------------------------------------------------------------
@I [HLS-100] Execute       create_rtl_model matmul -vendor xilinx -mg_file C:/Dropbox/Projects/vivado_hls/matmul_float/hls/hls_matmul/solution_default/.autopilot/db/matmul.compgen.tcl 
@I [RTGEN-500] Setting interface mode on port 'matmul/a' to 'ap_memory'.
@I [RTGEN-500] Setting interface mode on port 'matmul/b' to 'ap_memory'.
@I [RTGEN-500] Setting interface mode on port 'matmul/c' to 'ap_memory'.
@I [RTGEN-500] Setting interface mode on function 'matmul' to 'ap_ctrl_hs'.
@I [SYN-210] Renamed object name 'matmul_fadd_32ns_32ns_32_9_full_dsp' to 'matmul_fadd_32ns_bkb' due to the length limit 20
@I [SYN-210] Renamed object name 'matmul_fmul_32ns_32ns_32_5_max_dsp' to 'matmul_fmul_32ns_cud' due to the length limit 20
@I [RTGEN-100] Generating core module 'matmul_fadd_32ns_bkb': 2 instance(s).
@I [RTGEN-100] Generating core module 'matmul_fmul_32ns_cud': 2 instance(s).
@I [RTGEN-100] Finished creating RTL model for 'matmul'.
@I [HLS-100] Command       create_rtl_model returned 0; 0.058 sec.
@I [HLS-111]  Elapsed time: 0.153 seconds; current allocated memory: 76.723 MB.
@I [HLS-100] Execute       source C:/Dropbox/Projects/vivado_hls/matmul_float/hls/hls_matmul/solution_default/.autopilot/db/matmul.rtl_wrap.cfg.tcl 
@I [HLS-100] Command       ap_source returned 0; 0.001 sec.
@I [HLS-100] Execute       gen_rtl matmul -istop -style xilinx -tracefl mytrace -tracefmt vcd -traceopt all -f -lang sc -o C:/Dropbox/Projects/vivado_hls/matmul_float/hls/hls_matmul/solution_default/syn/systemc/matmul -synmodules matmul 
@I [HLS-100] Command       gen_rtl returned 0; 0.01 sec.
@I [HLS-100] Execute       gen_rtl matmul -istop -style xilinx -f -lang vhdl -o C:/Dropbox/Projects/vivado_hls/matmul_float/hls/hls_matmul/solution_default/syn/vhdl/matmul 
@I [HLS-100] Command       gen_rtl returned 0; 0.029 sec.
@I [HLS-100] Execute       gen_rtl matmul -istop -style xilinx -f -lang vlog -o C:/Dropbox/Projects/vivado_hls/matmul_float/hls/hls_matmul/solution_default/syn/verilog/matmul 
@I [HLS-100] Command       gen_rtl returned 0; 0.024 sec.
@I [HLS-100] Execute       export_constraint_db -o C:/Dropbox/Projects/vivado_hls/matmul_float/hls/hls_matmul/solution_default/.autopilot/db/matmul.constraint.tcl -f -tool general 
@I [HLS-100] Command       export_constraint_db returned 0; 0.001 sec.
@I [HLS-100] Execute       report -model matmul -o C:/Dropbox/Projects/vivado_hls/matmul_float/hls/hls_matmul/solution_default/.autopilot/db/matmul.design.xml -verbose -f -dv 
@I [HLS-100] Command       report returned 0; 0.028 sec.
@I [HLS-100] Execute       report -model matmul -o C:/Dropbox/Projects/vivado_hls/matmul_float/hls/hls_matmul/solution_default/.autopilot/db/matmul.sdaccel.xml -verbose -f -sdaccel 
@I [HLS-100] Command       report returned 0; 0.041 sec.
@I [HLS-100] Execute       gen_tb_info matmul -o C:/Dropbox/Projects/vivado_hls/matmul_float/hls/hls_matmul/solution_default/.autopilot/db/matmul -p C:/Dropbox/Projects/vivado_hls/matmul_float/hls/hls_matmul/solution_default/.autopilot/db 
@I [HLS-100] Command       gen_tb_info returned 0; 0.015 sec.
@I [HLS-100] Execute       report -model matmul -o C:/Dropbox/Projects/vivado_hls/matmul_float/hls/hls_matmul/solution_default/syn/report/matmul_csynth.rpt -f 
@I [HLS-100] Command       report returned 0; 0.018 sec.
@I [HLS-100] Execute       report -model matmul -o C:/Dropbox/Projects/vivado_hls/matmul_float/hls/hls_matmul/solution_default/syn/report/matmul_csynth.xml -f -x 
@I [HLS-100] Command       report returned 0; 0.015 sec.
@I [HLS-100] Execute       report -model matmul -o C:/Dropbox/Projects/vivado_hls/matmul_float/hls/hls_matmul/solution_default/.autopilot/db/matmul.verbose.rpt -verbose -f 
@I [HLS-100] Command       report returned 0; 0.067 sec.
@I [HLS-100] Execute       db_write -model matmul -o C:/Dropbox/Projects/vivado_hls/matmul_float/hls/hls_matmul/solution_default/.autopilot/db/matmul.adb -f 
@I [HLS-100] Command       db_write returned 0; 0.067 sec.
@I [HLS-100] Execute       sc_get_clocks matmul 
@I [HLS-100] Command       sc_get_clocks returned 0; 0 sec.
@I [HLS-100] Execute       sc_get_portdomain matmul 
@I [HLS-100] Command       sc_get_portdomain returned 0; 0 sec.
@I [HLS-0] Model list for RTL component generation: matmul
@I [HLS-0] Handling components in module [matmul] ... 
@I [HLS-100] Execute       source C:/Dropbox/Projects/vivado_hls/matmul_float/hls/hls_matmul/solution_default/.autopilot/db/matmul.compgen.tcl 
@I [HLS-0] Found component matmul_fadd_32ns_bkb.
@I [HLS-0] Append model matmul_fadd_32ns_bkb
@I [HLS-0] Found component matmul_fmul_32ns_cud.
@I [HLS-0] Append model matmul_fmul_32ns_cud
@I [HLS-100] Command       ap_source returned 0; 0.005 sec.
@I [HLS-0] Append model matmul
@I [HLS-0] Generating RTL model list ...
@I [HLS-0] All models in this session: matmul_fadd_32ns_bkb matmul_fmul_32ns_cud matmul
@I [HLS-0] To file: write model matmul_fadd_32ns_bkb
@I [HLS-0] To file: write model matmul_fmul_32ns_cud
@I [HLS-0] To file: write model matmul
@I [HLS-0] Finished generating RTL model list.


@I [HLS-0] RTL Generation done.
@I [HLS-0] CAS Generation done.
@I [HLS-0] CBC Generation done.
@I [HLS-100] Execute       export_ssdm C:/Dropbox/Projects/vivado_hls/matmul_float/hls/hls_matmul/solution_default/.autopilot/db/a.export.ll 
@I [HLS-100] Command       export_ssdm returned 0; 0.003 sec.
@I [HLS-100] Execute       source C:/Dropbox/Projects/vivado_hls/matmul_float/hls/hls_matmul/solution_default/.autopilot/db/global.setting.tcl 
@I [HLS-100] Command       ap_source returned 0; 0.001 sec.
@I [HLS-100] Execute       source C:/Developer/Xilinx/Vivado_HLS/2016.4/common/technology/generic/autopilot/common.gen 
@I [HLS-100] Execute         source C:/Developer/Xilinx/Vivado_HLS/2016.4/common/technology/generic/autopilot/APCoreGen.gen 
@I [HLS-100] Command         ap_source returned 0; 0 sec.
@I [HLS-100] Command       ap_source returned 0; 0.002 sec.
@I [HLS-100] Execute       source C:/Developer/Xilinx/Vivado_HLS/2016.4/common/technology/generic/autopilot/op.gen 
@I [HLS-100] Command       ap_source returned 0; 0.001 sec.
@I [HLS-100] Execute       source C:/Developer/Xilinx/Vivado_HLS/2016.4/common/technology/generic/autopilot/op_simcore.gen 
@I [HLS-100] Command       ap_source returned 0; 0.001 sec.
@I [HLS-100] Execute       source C:/Developer/Xilinx/Vivado_HLS/2016.4/common/technology/generic/autopilot/interface.gen 
@I [HLS-100] Command       ap_source returned 0; 0 sec.
@I [HLS-100] Execute       source C:/Dropbox/Projects/vivado_hls/matmul_float/hls/hls_matmul/solution_default/.autopilot/db/global.setting.tcl 
@I [HLS-100] Command       ap_source returned 0; 0.001 sec.
@I [HLS-100] Execute       source C:/Developer/Xilinx/Vivado_HLS/2016.4/common/technology/xilinx/zynq/zynq.gen 
@I [HLS-100] Execute         source C:/Developer/Xilinx/Vivado_HLS/2016.4/common/technology/xilinx/common/virtex.gen 
@I [HLS-100] Execute           source C:/Developer/Xilinx/Vivado_HLS/2016.4/common/technology/xilinx/common/xilinx.gen 
@I [HLS-100] Execute             source C:/Developer/Xilinx/Vivado_HLS/2016.4/common/technology/xilinx/interface/plb46.gen 
@I [HLS-100] Command             ap_source returned 0; 0.001 sec.
@I [HLS-100] Execute             source C:/Developer/Xilinx/Vivado_HLS/2016.4/common/technology/xilinx/interface/fsl.gen 
@I [HLS-100] Command             ap_source returned 0; 0 sec.
@I [HLS-100] Execute             source C:/Developer/Xilinx/Vivado_HLS/2016.4/common/technology/xilinx/interface/axi4.gen 
@I [HLS-100] Command             ap_source returned 0; 0.003 sec.
@I [HLS-100] Execute             source C:/Developer/Xilinx/Vivado_HLS/2016.4/common/technology/xilinx/interface/nativeAXI4.gen 
@I [HLS-100] Execute               source C:/Developer/Xilinx/Vivado_HLS/2016.4/common/technology/xilinx/interface/saxilite.gen 
@I [HLS-100] Command               ap_source returned 0; 0.003 sec.
@I [HLS-100] Execute               source C:/Developer/Xilinx/Vivado_HLS/2016.4/common/technology/xilinx/interface/maxi.gen 
@I [HLS-100] Command               ap_source returned 0; 0.007 sec.
@I [HLS-100] Command             ap_source returned 0; 0.011 sec.
@I [HLS-100] Execute             source C:/Developer/Xilinx/Vivado_HLS/2016.4/common/technology/xilinx/scripts/xilinxcoregen.gen 
@I [HLS-100] Command             ap_source returned 0; 0.01 sec.
@I [HLS-100] Execute             source C:/Developer/Xilinx/Vivado_HLS/2016.4/common/technology/xilinx/interface/XilEDKCoreGen.gen 
@I [HLS-100] Command             ap_source returned 0; 0.008 sec.
@I [HLS-100] Execute             source C:/Developer/Xilinx/Vivado_HLS/2016.4/common/technology/xilinx/ip/dds_compiler.gen 
@I [HLS-100] Command             ap_source returned 0; 0.003 sec.
@I [HLS-100] Execute             source C:/Developer/Xilinx/Vivado_HLS/2016.4/common/technology/xilinx/ip/util.gen 
@I [HLS-100] Command             ap_source returned 0; 0 sec.
@I [HLS-100] Execute             source C:/Developer/Xilinx/Vivado_HLS/2016.4/common/technology/xilinx/ip/xfft.gen 
@I [HLS-100] Command             ap_source returned 0; 0.09 sec.
@I [HLS-100] Execute             source C:/Developer/Xilinx/Vivado_HLS/2016.4/common/technology/xilinx/ip/xfir.gen 
@I [HLS-100] Command             ap_source returned 0; 0.001 sec.
@I [HLS-100] Command           ap_source returned 0; 0.132 sec.
@I [HLS-100] Execute           source C:/Developer/Xilinx/Vivado_HLS/2016.4/common/technology/xilinx/common/dsp48.gen 
@I [HLS-100] Command           ap_source returned 0; 0 sec.
@I [HLS-100] Command         ap_source returned 0; 0.135 sec.
@I [HLS-100] Command       ap_source returned 0; 0.136 sec.
@I [HLS-100] Execute       source C:/Developer/Xilinx/Vivado_HLS/2016.4/common/technology/xilinx/zynq/zynq_fpv6.gen 
@I [HLS-100] Execute         source C:/Developer/Xilinx/Vivado_HLS/2016.4/common/technology/xilinx/common/xilinx_fpv6.gen 
@I [HLS-100] Command         ap_source returned 0; 0.002 sec.
@I [HLS-100] Command       ap_source returned 0; 0.002 sec.
@I [HLS-100] Execute       source C:/Dropbox/Projects/vivado_hls/matmul_float/hls/hls_matmul/solution_default/.autopilot/db/global.setting.tcl 
@I [HLS-100] Command       ap_source returned 0; 0.001 sec.
@I [HLS-100] Execute       source C:/Dropbox/Projects/vivado_hls/matmul_float/hls/hls_matmul/solution_default/.autopilot/db/global.setting.tcl 
@I [HLS-100] Command       ap_source returned 0; 0.001 sec.
@I [HLS-100] Execute       source C:/Dropbox/Projects/vivado_hls/matmul_float/hls/hls_matmul/solution_default/.autopilot/db/global.setting.tcl 
@I [HLS-100] Command       ap_source returned 0; 0.001 sec.
@I [HLS-100] Execute       source C:/Dropbox/Projects/vivado_hls/matmul_float/hls/hls_matmul/solution_default/.autopilot/db/global.setting.tcl 
@I [HLS-100] Command       ap_source returned 0; 0.001 sec.
@I [HLS-100] Execute       source C:/Dropbox/Projects/vivado_hls/matmul_float/hls/hls_matmul/solution_default/.autopilot/db/matmul.compgen.tcl 
@I [HLS-100] Command       ap_source returned 0; 0.103 sec.
@I [HLS-111] Finished generating all RTL models Time (s): cpu = 00:00:02 ; elapsed = 00:00:04 . Memory (MB): peak = 118.383 ; gain = 69.527
@I [SYSC-301] Generating SystemC RTL for matmul.
@I [VHDL-304] Generating VHDL RTL for matmul.
@I [VLOG-307] Generating Verilog RTL for matmul.
@I [HLS-100] Command     autosyn returned 0; 1.272 sec.
@I [HLS-100] Command   csynth_design returned 0; 3.469 sec.
@I [HLS-100] Command ap_source returned 0; 3.765 sec.
@I [HLS-100] Execute cleanup_all 
@I [HLS-100] Command cleanup_all returned 0; 0.004 sec.
