

================================================================
== Vivado HLS Report for 'matmul_hw'
================================================================
* Date:           Thu Apr 20 16:49:21 2017

* Version:        2016.4 (Build 1733598 on Wed Dec 14 22:59:20 MST 2016)
* Project:        hls_matmul_int
* Solution:       matmul_3b
* Product family: artix7
* Target device:  xc7a100tcsg324-1


================================================================
== Performance Estimates
================================================================
+ Timing (ns): 
    * Summary: 
    +--------+-------+----------+------------+
    |  Clock | Target| Estimated| Uncertainty|
    +--------+-------+----------+------------+
    |ap_clk  |  10.00|      8.05|        1.25|
    +--------+-------+----------+------------+

+ Latency (clock cycles): 
    * Summary: 
    +-----+-----+-----+-----+---------+
    |  Latency  |  Interval | Pipeline|
    | min | max | min | max |   Type  |
    +-----+-----+-----+-----+---------+
    |   73|   73|   74|   74|   none  |
    +-----+-----+-----+-----+---------+

    + Detail: 
        * Instance: 
        N/A

        * Loop: 
        +----------+-----+-----+----------+-----------+-----------+------+----------+
        |          |  Latency  | Iteration|  Initiation Interval  | Trip |          |
        | Loop Name| min | max |  Latency |  achieved |   target  | Count| Pipelined|
        +----------+-----+-----+----------+-----------+-----------+------+----------+
        |- L_col   |   71|   71|        12|          4|          1|    16|    yes   |
        +----------+-----+-----+----------+-----------+-----------+------+----------+

============================================================
+ Verbose Summary: Synthesis Manager
============================================================
InlineROM: 1
ExposeGlobal: 0
============================================================
+ Verbose Summary: CDFG Model
============================================================
IsTopModel: 1
ResetActiveHigh: 1
IsCombinational: 0
IsDatapathOnly: 0
HasWiredReturn: 1
HasMFsm: 0
HasVarLatency: 1
IsPipeline: 0
IsRtlPipelined: 0
IsInstanceOverlapped: 0
IsDontTouch: 0
HasImplIP: 0
IsGatedGlobalClock: 0

+ Individual pipeline summary: 
  * Pipeline-0: initiation interval (II) = 4, depth = 12


============================================================
+ Verbose Summary: Schedule
============================================================
* Number of FSM states: 14
* Pipeline: 1
  Pipeline-0: II = 4, D = 12, States = { 2 3 4 5 6 7 8 9 10 11 12 13 }
* Dataflow Pipeline: 0

* FSM state transitions: 
1 --> 
	2  / true
2 --> 
	14  / (exitcond_flatten)
	3  / (!exitcond_flatten)
3 --> 
	4  / true
4 --> 
	5  / true
5 --> 
	6  / true
6 --> 
	7  / true
7 --> 
	8  / true
8 --> 
	9  / true
9 --> 
	10  / true
10 --> 
	11  / true
11 --> 
	12  / true
12 --> 
	13  / true
13 --> 
	2  / true
14 --> 
* FSM state operations: 

 <State 1>: 1.57ns
ST_1: a_row_0_2 (4)  [1/1] 0.00ns
:0  %a_row_0_2 = alloca i32

ST_1: a_row_1_2 (5)  [1/1] 0.00ns
:1  %a_row_1_2 = alloca i32

ST_1: a_row_2_2 (6)  [1/1] 0.00ns
:2  %a_row_2_2 = alloca i32

ST_1: a_row_3_2 (7)  [1/1] 0.00ns
:3  %a_row_3_2 = alloca i32

ST_1: b_copy_0_3_11 (8)  [1/1] 0.00ns
:4  %b_copy_0_3_11 = alloca i32

ST_1: b_copy_0_3_8 (9)  [1/1] 0.00ns
:5  %b_copy_0_3_8 = alloca i32

ST_1: b_copy_0_3_12 (10)  [1/1] 0.00ns
:6  %b_copy_0_3_12 = alloca i32

ST_1: b_copy_0_3_1 (11)  [1/1] 0.00ns
:7  %b_copy_0_3_1 = alloca i32

ST_1: b_copy_1_3_11 (12)  [1/1] 0.00ns
:8  %b_copy_1_3_11 = alloca i32

ST_1: b_copy_1_3_8 (13)  [1/1] 0.00ns
:9  %b_copy_1_3_8 = alloca i32

ST_1: b_copy_1_3_12 (14)  [1/1] 0.00ns
:10  %b_copy_1_3_12 = alloca i32

ST_1: b_copy_1_3_1 (15)  [1/1] 0.00ns
:11  %b_copy_1_3_1 = alloca i32

ST_1: b_copy_2_3_11 (16)  [1/1] 0.00ns
:12  %b_copy_2_3_11 = alloca i32

ST_1: b_copy_2_3_8 (17)  [1/1] 0.00ns
:13  %b_copy_2_3_8 = alloca i32

ST_1: b_copy_2_3_12 (18)  [1/1] 0.00ns
:14  %b_copy_2_3_12 = alloca i32

ST_1: b_copy_2_3_1 (19)  [1/1] 0.00ns
:15  %b_copy_2_3_1 = alloca i32

ST_1: b_copy_3_3_11 (20)  [1/1] 0.00ns
:16  %b_copy_3_3_11 = alloca i32

ST_1: b_copy_3_3_8 (21)  [1/1] 0.00ns
:17  %b_copy_3_3_8 = alloca i32

ST_1: b_copy_3_3_12 (22)  [1/1] 0.00ns
:18  %b_copy_3_3_12 = alloca i32

ST_1: b_copy_3_3_1 (23)  [1/1] 0.00ns
:19  %b_copy_3_3_1 = alloca i32

ST_1: StgValue_35 (24)  [1/1] 0.00ns
:20  call void (...)* @_ssdm_op_SpecBitsMap([16 x i32]* %a_2), !map !7

ST_1: StgValue_36 (25)  [1/1] 0.00ns
:21  call void (...)* @_ssdm_op_SpecBitsMap([16 x i32]* %a_1), !map !14

ST_1: StgValue_37 (26)  [1/1] 0.00ns
:22  call void (...)* @_ssdm_op_SpecBitsMap([16 x i32]* %a_0), !map !20

ST_1: StgValue_38 (27)  [1/1] 0.00ns
:23  call void (...)* @_ssdm_op_SpecTopModule([10 x i8]* @matmul_hw_str) nounwind

ST_1: StgValue_39 (28)  [1/1] 0.00ns  loc: matmul.cpp:6
:24  call void (...)* @_ssdm_op_SpecInterface(i32 0, [11 x i8]* @p_str2, i32 0, i32 0, [1 x i8]* @p_str1, i32 0, i32 0, [1 x i8]* @p_str1, [1 x i8]* @p_str1, [1 x i8]* @p_str1, i32 0, i32 0, i32 0, i32 0, [1 x i8]* @p_str1, [1 x i8]* @p_str1) nounwind

ST_1: StgValue_40 (29)  [1/1] 0.00ns
:25  call void (...)* @_ssdm_op_SpecInterface([16 x i32]* %a_0, [16 x i32]* %a_1, [16 x i32]* %a_2, [5 x i8]* @p_str3, i32 0, i32 0, [1 x i8]* @p_str1, i32 0, i32 0, [1 x i8]* @p_str1, [1 x i8]* @p_str1, [1 x i8]* @p_str1, i32 0, i32 0, i32 0, i32 0, [1 x i8]* @p_str1, [1 x i8]* @p_str1)

ST_1: StgValue_41 (30)  [1/1] 0.00ns
:26  call void (...)* @_ssdm_op_SpecMemCore([16 x i32]* %a_0, [16 x i32]* %a_1, [16 x i32]* %a_2, [1 x i8]* @p_str1, [12 x i8]* @p_str4, [1 x i8]* @p_str1, i32 -1, [1 x i8]* @p_str1, [1 x i8]* @p_str1, [1 x i8]* @p_str1, [1 x i8]* @p_str1, [1 x i8]* @p_str1)

ST_1: StgValue_42 (31)  [1/1] 1.57ns  loc: matmul.cpp:19
:27  br label %.preheader7


 <State 2>: 5.70ns
ST_2: indvar_flatten (33)  [1/1] 0.00ns
.preheader7:0  %indvar_flatten = phi i5 [ 0, %0 ], [ %indvar_flatten_next, %.preheader7.preheader ]

ST_2: i (34)  [1/1] 0.00ns  loc: matmul.cpp:20
.preheader7:1  %i = phi i3 [ 0, %0 ], [ %i2_mid2_v, %.preheader7.preheader ]

ST_2: j (35)  [1/1] 0.00ns
.preheader7:2  %j = phi i3 [ 0, %0 ], [ %j_1, %.preheader7.preheader ]

ST_2: exitcond_flatten (36)  [1/1] 2.37ns
.preheader7:3  %exitcond_flatten = icmp eq i5 %indvar_flatten, -16

ST_2: indvar_flatten_next (37)  [1/1] 1.67ns
.preheader7:4  %indvar_flatten_next = add i5 %indvar_flatten, 1

ST_2: StgValue_48 (38)  [1/1] 0.00ns
.preheader7:5  br i1 %exitcond_flatten, label %1, label %.preheader7.preheader

ST_2: i_1 (60)  [1/1] 0.75ns  loc: matmul.cpp:19
.preheader7.preheader:20  %i_1 = add i3 1, %i

ST_2: exitcond (63)  [1/1] 1.94ns  loc: matmul.cpp:20
.preheader7.preheader:23  %exitcond = icmp eq i3 %j, -4

ST_2: j_mid2 (64)  [1/1] 1.37ns  loc: matmul.cpp:20
.preheader7.preheader:24  %j_mid2 = select i1 %exitcond, i3 0, i3 %j

ST_2: tmp_mid1 (65)  [1/1] 1.94ns  loc: matmul.cpp:31
.preheader7.preheader:25  %tmp_mid1 = icmp eq i3 %i_1, 0

ST_2: tmp1 (66)  [1/1] 1.94ns  loc: matmul.cpp:31
.preheader7.preheader:26  %tmp1 = icmp eq i3 %i, 0

ST_2: tmp_mid2 (67)  [1/1] 1.37ns  loc: matmul.cpp:31
.preheader7.preheader:27  %tmp_mid2 = select i1 %exitcond, i1 %tmp_mid1, i1 %tmp1

ST_2: i2_mid2_v (68)  [1/1] 1.37ns  loc: matmul.cpp:20
.preheader7.preheader:28  %i2_mid2_v = select i1 %exitcond, i3 %i_1, i3 %i

ST_2: tmp_7 (69)  [1/1] 0.00ns  loc: matmul.cpp:20
.preheader7.preheader:29  %tmp_7 = call i5 @_ssdm_op_BitConcatenate.i5.i3.i2(i3 %i2_mid2_v, i2 0)

ST_2: tmp_9 (70)  [1/1] 0.00ns  loc: matmul.cpp:20
.preheader7.preheader:30  %tmp_9 = zext i5 %tmp_7 to i64

ST_2: a_0_addr (72)  [1/1] 0.00ns  loc: matmul.cpp:20
.preheader7.preheader:32  %a_0_addr = getelementptr [16 x i32]* %a_0, i64 0, i64 %tmp_9

ST_2: a_row_0 (86)  [2/2] 2.39ns  loc: matmul.cpp:27
.preheader7.preheader:46  %a_row_0 = load i32* %a_0_addr, align 4

ST_2: tmp_8 (94)  [1/1] 0.00ns  loc: matmul.cpp:33
.preheader7.preheader:54  %tmp_8 = zext i3 %j_mid2 to i64

ST_2: a_1_addr (98)  [1/1] 0.00ns  loc: matmul.cpp:33
.preheader7.preheader:58  %a_1_addr = getelementptr [16 x i32]* %a_1, i64 0, i64 %tmp_8

ST_2: b_copy_0_3_19 (110)  [2/2] 2.39ns  loc: matmul.cpp:33
.preheader7.preheader:70  %b_copy_0_3_19 = load i32* %a_1_addr, align 4

ST_2: tmp (111)  [1/1] 0.00ns  loc: matmul.cpp:20
.preheader7.preheader:71  %tmp = trunc i3 %j_mid2 to i2


 <State 3>: 6.70ns
ST_3: b_copy_0_3_11_load (44)  [1/1] 0.00ns
.preheader7.preheader:4  %b_copy_0_3_11_load = load i32* %b_copy_0_3_11

ST_3: b_copy_0_3_8_load (45)  [1/1] 0.00ns
.preheader7.preheader:5  %b_copy_0_3_8_load = load i32* %b_copy_0_3_8

ST_3: b_copy_0_3_12_load (46)  [1/1] 0.00ns
.preheader7.preheader:6  %b_copy_0_3_12_load = load i32* %b_copy_0_3_12

ST_3: b_copy_0_3_1_load (47)  [1/1] 0.00ns
.preheader7.preheader:7  %b_copy_0_3_1_load = load i32* %b_copy_0_3_1

ST_3: tmp_10 (73)  [1/1] 0.00ns  loc: matmul.cpp:20
.preheader7.preheader:33  %tmp_10 = or i5 %tmp_7, 1

ST_3: tmp_11 (74)  [1/1] 0.00ns  loc: matmul.cpp:20
.preheader7.preheader:34  %tmp_11 = call i64 @_ssdm_op_BitConcatenate.i64.i59.i5(i59 0, i5 %tmp_10)

ST_3: a_0_addr_1 (75)  [1/1] 0.00ns  loc: matmul.cpp:20
.preheader7.preheader:35  %a_0_addr_1 = getelementptr [16 x i32]* %a_0, i64 0, i64 %tmp_11

ST_3: tmp_5 (85)  [1/1] 1.94ns  loc: matmul.cpp:25
.preheader7.preheader:45  %tmp_5 = icmp eq i3 %j_mid2, 0

ST_3: a_row_0 (86)  [1/2] 2.39ns  loc: matmul.cpp:27
.preheader7.preheader:46  %a_row_0 = load i32* %a_0_addr, align 4

ST_3: a_row_1 (87)  [2/2] 2.39ns  loc: matmul.cpp:27
.preheader7.preheader:47  %a_row_1 = load i32* %a_0_addr_1, align 4

ST_3: tmp_8_cast (97)  [1/1] 0.00ns  loc: matmul.cpp:20
.preheader7.preheader:57  %tmp_8_cast = zext i3 %j_mid2 to i4

ST_3: tmp_16 (99)  [1/1] 0.75ns  loc: matmul.cpp:20
.preheader7.preheader:59  %tmp_16 = add i4 4, %tmp_8_cast

ST_3: tmp_16_cast (100)  [1/1] 0.00ns  loc: matmul.cpp:20
.preheader7.preheader:60  %tmp_16_cast = zext i4 %tmp_16 to i64

ST_3: a_1_addr_1 (101)  [1/1] 0.00ns  loc: matmul.cpp:20
.preheader7.preheader:61  %a_1_addr_1 = getelementptr [16 x i32]* %a_1, i64 0, i64 %tmp_16_cast

ST_3: b_copy_0_3_19 (110)  [1/2] 2.39ns  loc: matmul.cpp:33
.preheader7.preheader:70  %b_copy_0_3_19 = load i32* %a_1_addr, align 4

ST_3: sel_tmp (112)  [1/1] 1.54ns  loc: matmul.cpp:20
.preheader7.preheader:72  %sel_tmp = icmp eq i2 %tmp, -2

ST_3: b_copy_0_3 (113)  [1/1] 0.00ns  loc: matmul.cpp:20 (grouped into LUT with out node b_copy_0_3_4)
.preheader7.preheader:73  %b_copy_0_3 = select i1 %sel_tmp, i32 %b_copy_0_3_1_load, i32 %b_copy_0_3_19

ST_3: sel_tmp2 (114)  [1/1] 1.54ns  loc: matmul.cpp:20
.preheader7.preheader:74  %sel_tmp2 = icmp eq i2 %tmp, 1

ST_3: b_copy_0_3_4 (115)  [1/1] 1.37ns  loc: matmul.cpp:20 (out node of the LUT)
.preheader7.preheader:75  %b_copy_0_3_4 = select i1 %sel_tmp2, i32 %b_copy_0_3_1_load, i32 %b_copy_0_3

ST_3: sel_tmp4 (116)  [1/1] 1.54ns  loc: matmul.cpp:20
.preheader7.preheader:76  %sel_tmp4 = icmp eq i2 %tmp, 0

ST_3: b_copy_0_3_2 (117)  [1/1] 0.00ns  loc: matmul.cpp:20 (grouped into LUT with out node b_copy_0_3_3)
.preheader7.preheader:77  %b_copy_0_3_2 = select i1 %sel_tmp4, i32 %b_copy_0_3_1_load, i32 %b_copy_0_3_4

ST_3: b_copy_0_3_5 (118)  [1/1] 0.00ns  loc: matmul.cpp:20 (grouped into LUT with out node b_copy_0_3_6)
.preheader7.preheader:78  %b_copy_0_3_5 = select i1 %sel_tmp, i32 %b_copy_0_3_19, i32 %b_copy_0_3_12_load

ST_3: b_copy_0_3_6 (119)  [1/1] 1.37ns  loc: matmul.cpp:20 (out node of the LUT)
.preheader7.preheader:79  %b_copy_0_3_6 = select i1 %sel_tmp2, i32 %b_copy_0_3_12_load, i32 %b_copy_0_3_5

ST_3: b_copy_0_3_7 (120)  [1/1] 0.00ns  loc: matmul.cpp:20 (grouped into LUT with out node b_copy_0_3_16)
.preheader7.preheader:80  %b_copy_0_3_7 = select i1 %sel_tmp4, i32 %b_copy_0_3_12_load, i32 %b_copy_0_3_6

ST_3: b_copy_0_3_9 (121)  [1/1] 0.00ns  loc: matmul.cpp:20 (grouped into LUT with out node b_copy_0_3_14)
.preheader7.preheader:81  %b_copy_0_3_9 = select i1 %sel_tmp2, i32 %b_copy_0_3_19, i32 %b_copy_0_3_8_load

ST_3: b_copy_0_3_14 (122)  [1/1] 1.37ns  loc: matmul.cpp:20 (out node of the LUT)
.preheader7.preheader:82  %b_copy_0_3_14 = select i1 %sel_tmp4, i32 %b_copy_0_3_8_load, i32 %b_copy_0_3_9

ST_3: b_copy_0_3_15 (123)  [1/1] 0.00ns  loc: matmul.cpp:20 (grouped into LUT with out node b_copy_0_3_18)
.preheader7.preheader:83  %b_copy_0_3_15 = select i1 %sel_tmp4, i32 %b_copy_0_3_19, i32 %b_copy_0_3_11_load

ST_3: b_copy_1_3_19 (124)  [2/2] 2.39ns  loc: matmul.cpp:33
.preheader7.preheader:84  %b_copy_1_3_19 = load i32* %a_1_addr_1, align 4

ST_3: b_copy_0_3_3 (166)  [1/1] 1.37ns  loc: matmul.cpp:31 (out node of the LUT)
.preheader7.preheader:126  %b_copy_0_3_3 = select i1 %tmp_mid2, i32 %b_copy_0_3_2, i32 %b_copy_0_3_1_load

ST_3: b_copy_0_3_16 (167)  [1/1] 1.37ns  loc: matmul.cpp:31 (out node of the LUT)
.preheader7.preheader:127  %b_copy_0_3_16 = select i1 %tmp_mid2, i32 %b_copy_0_3_7, i32 %b_copy_0_3_12_load

ST_3: b_copy_0_3_17 (168)  [1/1] 1.37ns  loc: matmul.cpp:31 (out node of the LUT)
.preheader7.preheader:128  %b_copy_0_3_17 = select i1 %tmp_mid2, i32 %b_copy_0_3_14, i32 %b_copy_0_3_8_load

ST_3: b_copy_0_3_18 (169)  [1/1] 1.37ns  loc: matmul.cpp:31 (out node of the LUT)
.preheader7.preheader:129  %b_copy_0_3_18 = select i1 %tmp_mid2, i32 %b_copy_0_3_15, i32 %b_copy_0_3_11_load

ST_3: tmp_2 (170)  [1/1] 1.57ns  loc: matmul.cpp:31
.preheader7.preheader:130  %tmp_2 = call i32 @_ssdm_op_Mux.ap_auto.4i32.i2(i32 %b_copy_0_3_18, i32 %b_copy_0_3_17, i32 %b_copy_0_3_16, i32 %b_copy_0_3_3, i2 %tmp)

ST_3: StgValue_97 (196)  [1/1] 0.00ns  loc: matmul.cpp:31
.preheader7.preheader:156  store i32 %b_copy_0_3_3, i32* %b_copy_0_3_1

ST_3: StgValue_98 (197)  [1/1] 0.00ns  loc: matmul.cpp:31
.preheader7.preheader:157  store i32 %b_copy_0_3_16, i32* %b_copy_0_3_12

ST_3: StgValue_99 (198)  [1/1] 0.00ns  loc: matmul.cpp:31
.preheader7.preheader:158  store i32 %b_copy_0_3_17, i32* %b_copy_0_3_8

ST_3: StgValue_100 (199)  [1/1] 0.00ns  loc: matmul.cpp:31
.preheader7.preheader:159  store i32 %b_copy_0_3_18, i32* %b_copy_0_3_11


 <State 4>: 8.05ns
ST_4: a_row_0_2_load (40)  [1/1] 0.00ns
.preheader7.preheader:0  %a_row_0_2_load = load i32* %a_row_0_2

ST_4: b_copy_1_3_11_load (48)  [1/1] 0.00ns
.preheader7.preheader:8  %b_copy_1_3_11_load = load i32* %b_copy_1_3_11

ST_4: b_copy_1_3_8_load (49)  [1/1] 0.00ns
.preheader7.preheader:9  %b_copy_1_3_8_load = load i32* %b_copy_1_3_8

ST_4: b_copy_1_3_12_load (50)  [1/1] 0.00ns
.preheader7.preheader:10  %b_copy_1_3_12_load = load i32* %b_copy_1_3_12

ST_4: b_copy_1_3_1_load (51)  [1/1] 0.00ns
.preheader7.preheader:11  %b_copy_1_3_1_load = load i32* %b_copy_1_3_1

ST_4: tmp_12 (76)  [1/1] 0.00ns  loc: matmul.cpp:20
.preheader7.preheader:36  %tmp_12 = or i5 %tmp_7, 2

ST_4: tmp_13 (77)  [1/1] 0.00ns  loc: matmul.cpp:20
.preheader7.preheader:37  %tmp_13 = call i64 @_ssdm_op_BitConcatenate.i64.i59.i5(i59 0, i5 %tmp_12)

ST_4: a_0_addr_2 (78)  [1/1] 0.00ns  loc: matmul.cpp:20
.preheader7.preheader:38  %a_0_addr_2 = getelementptr [16 x i32]* %a_0, i64 0, i64 %tmp_13

ST_4: a_row_1 (87)  [1/2] 2.39ns  loc: matmul.cpp:27
.preheader7.preheader:47  %a_row_1 = load i32* %a_0_addr_1, align 4

ST_4: a_row_2 (88)  [2/2] 2.39ns  loc: matmul.cpp:27
.preheader7.preheader:48  %a_row_2 = load i32* %a_0_addr_2, align 4

ST_4: a_row_0_1 (93)  [1/1] 1.37ns  loc: matmul.cpp:25
.preheader7.preheader:53  %a_row_0_1 = select i1 %tmp_5, i32 %a_row_0, i32 %a_row_0_2_load

ST_4: tmp_17 (102)  [1/1] 0.00ns  loc: matmul.cpp:20
.preheader7.preheader:62  %tmp_17 = call i64 @_ssdm_op_BitConcatenate.i64.i61.i3(i61 1, i3 %j_mid2)

ST_4: a_1_addr_2 (103)  [1/1] 0.00ns  loc: matmul.cpp:20
.preheader7.preheader:63  %a_1_addr_2 = getelementptr [16 x i32]* %a_1, i64 0, i64 %tmp_17

ST_4: b_copy_1_3_19 (124)  [1/2] 2.39ns  loc: matmul.cpp:33
.preheader7.preheader:84  %b_copy_1_3_19 = load i32* %a_1_addr_1, align 4

ST_4: b_copy_1_3 (125)  [1/1] 0.00ns  loc: matmul.cpp:20 (grouped into LUT with out node b_copy_1_3_4)
.preheader7.preheader:85  %b_copy_1_3 = select i1 %sel_tmp, i32 %b_copy_1_3_1_load, i32 %b_copy_1_3_19

ST_4: b_copy_1_3_4 (126)  [1/1] 1.37ns  loc: matmul.cpp:20 (out node of the LUT)
.preheader7.preheader:86  %b_copy_1_3_4 = select i1 %sel_tmp2, i32 %b_copy_1_3_1_load, i32 %b_copy_1_3

ST_4: b_copy_1_3_2 (127)  [1/1] 0.00ns  loc: matmul.cpp:20 (grouped into LUT with out node b_copy_1_3_3)
.preheader7.preheader:87  %b_copy_1_3_2 = select i1 %sel_tmp4, i32 %b_copy_1_3_1_load, i32 %b_copy_1_3_4

ST_4: b_copy_1_3_5 (128)  [1/1] 0.00ns  loc: matmul.cpp:20 (grouped into LUT with out node b_copy_1_3_6)
.preheader7.preheader:88  %b_copy_1_3_5 = select i1 %sel_tmp, i32 %b_copy_1_3_19, i32 %b_copy_1_3_12_load

ST_4: b_copy_1_3_6 (129)  [1/1] 1.37ns  loc: matmul.cpp:20 (out node of the LUT)
.preheader7.preheader:89  %b_copy_1_3_6 = select i1 %sel_tmp2, i32 %b_copy_1_3_12_load, i32 %b_copy_1_3_5

ST_4: b_copy_1_3_7 (130)  [1/1] 0.00ns  loc: matmul.cpp:20 (grouped into LUT with out node b_copy_1_3_16)
.preheader7.preheader:90  %b_copy_1_3_7 = select i1 %sel_tmp4, i32 %b_copy_1_3_12_load, i32 %b_copy_1_3_6

ST_4: b_copy_1_3_9 (131)  [1/1] 0.00ns  loc: matmul.cpp:20 (grouped into LUT with out node b_copy_1_3_14)
.preheader7.preheader:91  %b_copy_1_3_9 = select i1 %sel_tmp2, i32 %b_copy_1_3_19, i32 %b_copy_1_3_8_load

ST_4: b_copy_1_3_14 (132)  [1/1] 1.37ns  loc: matmul.cpp:20 (out node of the LUT)
.preheader7.preheader:92  %b_copy_1_3_14 = select i1 %sel_tmp4, i32 %b_copy_1_3_8_load, i32 %b_copy_1_3_9

ST_4: b_copy_1_3_15 (133)  [1/1] 0.00ns  loc: matmul.cpp:20 (grouped into LUT with out node b_copy_1_3_18)
.preheader7.preheader:93  %b_copy_1_3_15 = select i1 %sel_tmp4, i32 %b_copy_1_3_19, i32 %b_copy_1_3_11_load

ST_4: b_copy_2_3_19 (134)  [2/2] 2.39ns  loc: matmul.cpp:33
.preheader7.preheader:94  %b_copy_2_3_19 = load i32* %a_1_addr_2, align 4

ST_4: b_copy_1_3_3 (162)  [1/1] 1.37ns  loc: matmul.cpp:31 (out node of the LUT)
.preheader7.preheader:122  %b_copy_1_3_3 = select i1 %tmp_mid2, i32 %b_copy_1_3_2, i32 %b_copy_1_3_1_load

ST_4: b_copy_1_3_16 (163)  [1/1] 1.37ns  loc: matmul.cpp:31 (out node of the LUT)
.preheader7.preheader:123  %b_copy_1_3_16 = select i1 %tmp_mid2, i32 %b_copy_1_3_7, i32 %b_copy_1_3_12_load

ST_4: b_copy_1_3_17 (164)  [1/1] 1.37ns  loc: matmul.cpp:31 (out node of the LUT)
.preheader7.preheader:124  %b_copy_1_3_17 = select i1 %tmp_mid2, i32 %b_copy_1_3_14, i32 %b_copy_1_3_8_load

ST_4: b_copy_1_3_18 (165)  [1/1] 1.37ns  loc: matmul.cpp:31 (out node of the LUT)
.preheader7.preheader:125  %b_copy_1_3_18 = select i1 %tmp_mid2, i32 %b_copy_1_3_15, i32 %b_copy_1_3_11_load

ST_4: tmp_s (171)  [6/6] 6.68ns  loc: matmul.cpp:38
.preheader7.preheader:131  %tmp_s = mul nsw i32 %tmp_2, %a_row_0_1

ST_4: tmp_3 (172)  [1/1] 1.57ns  loc: matmul.cpp:31
.preheader7.preheader:132  %tmp_3 = call i32 @_ssdm_op_Mux.ap_auto.4i32.i2(i32 %b_copy_1_3_18, i32 %b_copy_1_3_17, i32 %b_copy_1_3_16, i32 %b_copy_1_3_3, i2 %tmp)

ST_4: StgValue_131 (192)  [1/1] 0.00ns  loc: matmul.cpp:31
.preheader7.preheader:152  store i32 %b_copy_1_3_3, i32* %b_copy_1_3_1

ST_4: StgValue_132 (193)  [1/1] 0.00ns  loc: matmul.cpp:31
.preheader7.preheader:153  store i32 %b_copy_1_3_16, i32* %b_copy_1_3_12

ST_4: StgValue_133 (194)  [1/1] 0.00ns  loc: matmul.cpp:31
.preheader7.preheader:154  store i32 %b_copy_1_3_17, i32* %b_copy_1_3_8

ST_4: StgValue_134 (195)  [1/1] 0.00ns  loc: matmul.cpp:31
.preheader7.preheader:155  store i32 %b_copy_1_3_18, i32* %b_copy_1_3_11

ST_4: StgValue_135 (203)  [1/1] 0.00ns  loc: matmul.cpp:25
.preheader7.preheader:163  store i32 %a_row_0_1, i32* %a_row_0_2


 <State 5>: 8.05ns
ST_5: a_row_1_2_load (41)  [1/1] 0.00ns
.preheader7.preheader:1  %a_row_1_2_load = load i32* %a_row_1_2

ST_5: b_copy_2_3_11_load (52)  [1/1] 0.00ns
.preheader7.preheader:12  %b_copy_2_3_11_load = load i32* %b_copy_2_3_11

ST_5: b_copy_2_3_8_load (53)  [1/1] 0.00ns
.preheader7.preheader:13  %b_copy_2_3_8_load = load i32* %b_copy_2_3_8

ST_5: b_copy_2_3_12_load (54)  [1/1] 0.00ns
.preheader7.preheader:14  %b_copy_2_3_12_load = load i32* %b_copy_2_3_12

ST_5: b_copy_2_3_1_load (55)  [1/1] 0.00ns
.preheader7.preheader:15  %b_copy_2_3_1_load = load i32* %b_copy_2_3_1

ST_5: tmp_9_cast (71)  [1/1] 0.00ns  loc: matmul.cpp:20
.preheader7.preheader:31  %tmp_9_cast = zext i5 %tmp_7 to i6

ST_5: tmp_14 (79)  [1/1] 0.00ns  loc: matmul.cpp:20
.preheader7.preheader:39  %tmp_14 = or i5 %tmp_7, 3

ST_5: tmp_15 (80)  [1/1] 0.00ns  loc: matmul.cpp:20
.preheader7.preheader:40  %tmp_15 = call i64 @_ssdm_op_BitConcatenate.i64.i59.i5(i59 0, i5 %tmp_14)

ST_5: a_0_addr_3 (81)  [1/1] 0.00ns  loc: matmul.cpp:20
.preheader7.preheader:41  %a_0_addr_3 = getelementptr [16 x i32]* %a_0, i64 0, i64 %tmp_15

ST_5: a_row_2 (88)  [1/2] 2.39ns  loc: matmul.cpp:27
.preheader7.preheader:48  %a_row_2 = load i32* %a_0_addr_2, align 4

ST_5: a_row_3 (89)  [2/2] 2.39ns  loc: matmul.cpp:27
.preheader7.preheader:49  %a_row_3 = load i32* %a_0_addr_3, align 4

ST_5: a_row_1_1 (92)  [1/1] 1.37ns  loc: matmul.cpp:25
.preheader7.preheader:52  %a_row_1_1 = select i1 %tmp_5, i32 %a_row_1, i32 %a_row_1_2_load

ST_5: tmp_8_cast6 (95)  [1/1] 0.00ns  loc: matmul.cpp:20
.preheader7.preheader:55  %tmp_8_cast6 = zext i3 %j_mid2 to i6

ST_5: tmp_8_cast5 (96)  [1/1] 0.00ns  loc: matmul.cpp:20
.preheader7.preheader:56  %tmp_8_cast5 = zext i3 %j_mid2 to i5

ST_5: tmp_18 (104)  [1/1] 1.67ns  loc: matmul.cpp:20
.preheader7.preheader:64  %tmp_18 = add i5 12, %tmp_8_cast5

ST_5: tmp_18_cast (105)  [1/1] 0.00ns  loc: matmul.cpp:20
.preheader7.preheader:65  %tmp_18_cast = zext i5 %tmp_18 to i64

ST_5: a_1_addr_3 (106)  [1/1] 0.00ns  loc: matmul.cpp:20
.preheader7.preheader:66  %a_1_addr_3 = getelementptr [16 x i32]* %a_1, i64 0, i64 %tmp_18_cast

ST_5: tmp_19 (107)  [1/1] 1.67ns  loc: matmul.cpp:20
.preheader7.preheader:67  %tmp_19 = add i6 %tmp_9_cast, %tmp_8_cast6

ST_5: b_copy_2_3_19 (134)  [1/2] 2.39ns  loc: matmul.cpp:33
.preheader7.preheader:94  %b_copy_2_3_19 = load i32* %a_1_addr_2, align 4

ST_5: b_copy_2_3 (135)  [1/1] 0.00ns  loc: matmul.cpp:20 (grouped into LUT with out node b_copy_2_3_4)
.preheader7.preheader:95  %b_copy_2_3 = select i1 %sel_tmp, i32 %b_copy_2_3_1_load, i32 %b_copy_2_3_19

ST_5: b_copy_2_3_4 (136)  [1/1] 1.37ns  loc: matmul.cpp:20 (out node of the LUT)
.preheader7.preheader:96  %b_copy_2_3_4 = select i1 %sel_tmp2, i32 %b_copy_2_3_1_load, i32 %b_copy_2_3

ST_5: b_copy_2_3_2 (137)  [1/1] 0.00ns  loc: matmul.cpp:20 (grouped into LUT with out node b_copy_2_3_3)
.preheader7.preheader:97  %b_copy_2_3_2 = select i1 %sel_tmp4, i32 %b_copy_2_3_1_load, i32 %b_copy_2_3_4

ST_5: b_copy_2_3_5 (138)  [1/1] 0.00ns  loc: matmul.cpp:20 (grouped into LUT with out node b_copy_2_3_6)
.preheader7.preheader:98  %b_copy_2_3_5 = select i1 %sel_tmp, i32 %b_copy_2_3_19, i32 %b_copy_2_3_12_load

ST_5: b_copy_2_3_6 (139)  [1/1] 1.37ns  loc: matmul.cpp:20 (out node of the LUT)
.preheader7.preheader:99  %b_copy_2_3_6 = select i1 %sel_tmp2, i32 %b_copy_2_3_12_load, i32 %b_copy_2_3_5

ST_5: b_copy_2_3_7 (140)  [1/1] 0.00ns  loc: matmul.cpp:20 (grouped into LUT with out node b_copy_2_3_16)
.preheader7.preheader:100  %b_copy_2_3_7 = select i1 %sel_tmp4, i32 %b_copy_2_3_12_load, i32 %b_copy_2_3_6

ST_5: b_copy_2_3_9 (141)  [1/1] 0.00ns  loc: matmul.cpp:20 (grouped into LUT with out node b_copy_2_3_14)
.preheader7.preheader:101  %b_copy_2_3_9 = select i1 %sel_tmp2, i32 %b_copy_2_3_19, i32 %b_copy_2_3_8_load

ST_5: b_copy_2_3_14 (142)  [1/1] 1.37ns  loc: matmul.cpp:20 (out node of the LUT)
.preheader7.preheader:102  %b_copy_2_3_14 = select i1 %sel_tmp4, i32 %b_copy_2_3_8_load, i32 %b_copy_2_3_9

ST_5: b_copy_2_3_15 (143)  [1/1] 0.00ns  loc: matmul.cpp:20 (grouped into LUT with out node b_copy_2_3_18)
.preheader7.preheader:103  %b_copy_2_3_15 = select i1 %sel_tmp4, i32 %b_copy_2_3_19, i32 %b_copy_2_3_11_load

ST_5: b_copy_3_3_19 (144)  [2/2] 2.39ns  loc: matmul.cpp:33
.preheader7.preheader:104  %b_copy_3_3_19 = load i32* %a_1_addr_3, align 4

ST_5: b_copy_2_3_3 (158)  [1/1] 1.37ns  loc: matmul.cpp:31 (out node of the LUT)
.preheader7.preheader:118  %b_copy_2_3_3 = select i1 %tmp_mid2, i32 %b_copy_2_3_2, i32 %b_copy_2_3_1_load

ST_5: b_copy_2_3_16 (159)  [1/1] 1.37ns  loc: matmul.cpp:31 (out node of the LUT)
.preheader7.preheader:119  %b_copy_2_3_16 = select i1 %tmp_mid2, i32 %b_copy_2_3_7, i32 %b_copy_2_3_12_load

ST_5: b_copy_2_3_17 (160)  [1/1] 1.37ns  loc: matmul.cpp:31 (out node of the LUT)
.preheader7.preheader:120  %b_copy_2_3_17 = select i1 %tmp_mid2, i32 %b_copy_2_3_14, i32 %b_copy_2_3_8_load

ST_5: b_copy_2_3_18 (161)  [1/1] 1.37ns  loc: matmul.cpp:31 (out node of the LUT)
.preheader7.preheader:121  %b_copy_2_3_18 = select i1 %tmp_mid2, i32 %b_copy_2_3_15, i32 %b_copy_2_3_11_load

ST_5: tmp_s (171)  [5/6] 6.68ns  loc: matmul.cpp:38
.preheader7.preheader:131  %tmp_s = mul nsw i32 %tmp_2, %a_row_0_1

ST_5: tmp_11_1 (173)  [6/6] 6.68ns  loc: matmul.cpp:38
.preheader7.preheader:133  %tmp_11_1 = mul nsw i32 %tmp_3, %a_row_1_1

ST_5: tmp_4 (174)  [1/1] 1.57ns  loc: matmul.cpp:31
.preheader7.preheader:134  %tmp_4 = call i32 @_ssdm_op_Mux.ap_auto.4i32.i2(i32 %b_copy_2_3_18, i32 %b_copy_2_3_17, i32 %b_copy_2_3_16, i32 %b_copy_2_3_3, i2 %tmp)

ST_5: j_1 (183)  [1/1] 0.75ns  loc: matmul.cpp:20
.preheader7.preheader:143  %j_1 = add i3 1, %j_mid2

ST_5: StgValue_173 (188)  [1/1] 0.00ns  loc: matmul.cpp:31
.preheader7.preheader:148  store i32 %b_copy_2_3_3, i32* %b_copy_2_3_1

ST_5: StgValue_174 (189)  [1/1] 0.00ns  loc: matmul.cpp:31
.preheader7.preheader:149  store i32 %b_copy_2_3_16, i32* %b_copy_2_3_12

ST_5: StgValue_175 (190)  [1/1] 0.00ns  loc: matmul.cpp:31
.preheader7.preheader:150  store i32 %b_copy_2_3_17, i32* %b_copy_2_3_8

ST_5: StgValue_176 (191)  [1/1] 0.00ns  loc: matmul.cpp:31
.preheader7.preheader:151  store i32 %b_copy_2_3_18, i32* %b_copy_2_3_11

ST_5: StgValue_177 (202)  [1/1] 0.00ns  loc: matmul.cpp:25
.preheader7.preheader:162  store i32 %a_row_1_1, i32* %a_row_1_2


 <State 6>: 8.05ns
ST_6: a_row_2_2_load (42)  [1/1] 0.00ns
.preheader7.preheader:2  %a_row_2_2_load = load i32* %a_row_2_2

ST_6: a_row_3_2_load (43)  [1/1] 0.00ns
.preheader7.preheader:3  %a_row_3_2_load = load i32* %a_row_3_2

ST_6: b_copy_3_3_11_load (56)  [1/1] 0.00ns
.preheader7.preheader:16  %b_copy_3_3_11_load = load i32* %b_copy_3_3_11

ST_6: b_copy_3_3_8_load (57)  [1/1] 0.00ns
.preheader7.preheader:17  %b_copy_3_3_8_load = load i32* %b_copy_3_3_8

ST_6: b_copy_3_3_12_load (58)  [1/1] 0.00ns
.preheader7.preheader:18  %b_copy_3_3_12_load = load i32* %b_copy_3_3_12

ST_6: b_copy_3_3_1_load (59)  [1/1] 0.00ns
.preheader7.preheader:19  %b_copy_3_3_1_load = load i32* %b_copy_3_3_1

ST_6: a_row_3 (89)  [1/2] 2.39ns  loc: matmul.cpp:27
.preheader7.preheader:49  %a_row_3 = load i32* %a_0_addr_3, align 4

ST_6: a_row_3_1 (90)  [1/1] 1.37ns  loc: matmul.cpp:25
.preheader7.preheader:50  %a_row_3_1 = select i1 %tmp_5, i32 %a_row_3, i32 %a_row_3_2_load

ST_6: a_row_2_1 (91)  [1/1] 1.37ns  loc: matmul.cpp:25
.preheader7.preheader:51  %a_row_2_1 = select i1 %tmp_5, i32 %a_row_2, i32 %a_row_2_2_load

ST_6: b_copy_3_3_19 (144)  [1/2] 2.39ns  loc: matmul.cpp:33
.preheader7.preheader:104  %b_copy_3_3_19 = load i32* %a_1_addr_3, align 4

ST_6: b_copy_3_3 (145)  [1/1] 0.00ns  loc: matmul.cpp:20 (grouped into LUT with out node b_copy_3_3_4)
.preheader7.preheader:105  %b_copy_3_3 = select i1 %sel_tmp, i32 %b_copy_3_3_1_load, i32 %b_copy_3_3_19

ST_6: b_copy_3_3_4 (146)  [1/1] 1.37ns  loc: matmul.cpp:20 (out node of the LUT)
.preheader7.preheader:106  %b_copy_3_3_4 = select i1 %sel_tmp2, i32 %b_copy_3_3_1_load, i32 %b_copy_3_3

ST_6: b_copy_3_3_2 (147)  [1/1] 0.00ns  loc: matmul.cpp:20 (grouped into LUT with out node b_copy_3_3_3)
.preheader7.preheader:107  %b_copy_3_3_2 = select i1 %sel_tmp4, i32 %b_copy_3_3_1_load, i32 %b_copy_3_3_4

ST_6: b_copy_3_3_5 (148)  [1/1] 0.00ns  loc: matmul.cpp:20 (grouped into LUT with out node b_copy_3_3_6)
.preheader7.preheader:108  %b_copy_3_3_5 = select i1 %sel_tmp, i32 %b_copy_3_3_19, i32 %b_copy_3_3_12_load

ST_6: b_copy_3_3_6 (149)  [1/1] 1.37ns  loc: matmul.cpp:20 (out node of the LUT)
.preheader7.preheader:109  %b_copy_3_3_6 = select i1 %sel_tmp2, i32 %b_copy_3_3_12_load, i32 %b_copy_3_3_5

ST_6: b_copy_3_3_7 (150)  [1/1] 0.00ns  loc: matmul.cpp:20 (grouped into LUT with out node b_copy_3_3_16)
.preheader7.preheader:110  %b_copy_3_3_7 = select i1 %sel_tmp4, i32 %b_copy_3_3_12_load, i32 %b_copy_3_3_6

ST_6: b_copy_3_3_9 (151)  [1/1] 0.00ns  loc: matmul.cpp:20 (grouped into LUT with out node b_copy_3_3_14)
.preheader7.preheader:111  %b_copy_3_3_9 = select i1 %sel_tmp2, i32 %b_copy_3_3_19, i32 %b_copy_3_3_8_load

ST_6: b_copy_3_3_14 (152)  [1/1] 1.37ns  loc: matmul.cpp:20 (out node of the LUT)
.preheader7.preheader:112  %b_copy_3_3_14 = select i1 %sel_tmp4, i32 %b_copy_3_3_8_load, i32 %b_copy_3_3_9

ST_6: b_copy_3_3_15 (153)  [1/1] 0.00ns  loc: matmul.cpp:20 (grouped into LUT with out node b_copy_3_3_18)
.preheader7.preheader:113  %b_copy_3_3_15 = select i1 %sel_tmp4, i32 %b_copy_3_3_19, i32 %b_copy_3_3_11_load

ST_6: b_copy_3_3_3 (154)  [1/1] 1.37ns  loc: matmul.cpp:31 (out node of the LUT)
.preheader7.preheader:114  %b_copy_3_3_3 = select i1 %tmp_mid2, i32 %b_copy_3_3_2, i32 %b_copy_3_3_1_load

ST_6: b_copy_3_3_16 (155)  [1/1] 1.37ns  loc: matmul.cpp:31 (out node of the LUT)
.preheader7.preheader:115  %b_copy_3_3_16 = select i1 %tmp_mid2, i32 %b_copy_3_3_7, i32 %b_copy_3_3_12_load

ST_6: b_copy_3_3_17 (156)  [1/1] 1.37ns  loc: matmul.cpp:31 (out node of the LUT)
.preheader7.preheader:116  %b_copy_3_3_17 = select i1 %tmp_mid2, i32 %b_copy_3_3_14, i32 %b_copy_3_3_8_load

ST_6: b_copy_3_3_18 (157)  [1/1] 1.37ns  loc: matmul.cpp:31 (out node of the LUT)
.preheader7.preheader:117  %b_copy_3_3_18 = select i1 %tmp_mid2, i32 %b_copy_3_3_15, i32 %b_copy_3_3_11_load

ST_6: tmp_s (171)  [4/6] 6.68ns  loc: matmul.cpp:38
.preheader7.preheader:131  %tmp_s = mul nsw i32 %tmp_2, %a_row_0_1

ST_6: tmp_11_1 (173)  [5/6] 6.68ns  loc: matmul.cpp:38
.preheader7.preheader:133  %tmp_11_1 = mul nsw i32 %tmp_3, %a_row_1_1

ST_6: tmp_11_2 (175)  [6/6] 6.68ns  loc: matmul.cpp:38
.preheader7.preheader:135  %tmp_11_2 = mul nsw i32 %tmp_4, %a_row_2_1

ST_6: tmp_6 (176)  [1/1] 1.57ns  loc: matmul.cpp:31
.preheader7.preheader:136  %tmp_6 = call i32 @_ssdm_op_Mux.ap_auto.4i32.i2(i32 %b_copy_3_3_18, i32 %b_copy_3_3_17, i32 %b_copy_3_3_16, i32 %b_copy_3_3_3, i2 %tmp)

ST_6: StgValue_205 (184)  [1/1] 0.00ns  loc: matmul.cpp:31
.preheader7.preheader:144  store i32 %b_copy_3_3_3, i32* %b_copy_3_3_1

ST_6: StgValue_206 (185)  [1/1] 0.00ns  loc: matmul.cpp:31
.preheader7.preheader:145  store i32 %b_copy_3_3_16, i32* %b_copy_3_3_12

ST_6: StgValue_207 (186)  [1/1] 0.00ns  loc: matmul.cpp:31
.preheader7.preheader:146  store i32 %b_copy_3_3_17, i32* %b_copy_3_3_8

ST_6: StgValue_208 (187)  [1/1] 0.00ns  loc: matmul.cpp:31
.preheader7.preheader:147  store i32 %b_copy_3_3_18, i32* %b_copy_3_3_11

ST_6: StgValue_209 (200)  [1/1] 0.00ns  loc: matmul.cpp:25
.preheader7.preheader:160  store i32 %a_row_3_1, i32* %a_row_3_2

ST_6: StgValue_210 (201)  [1/1] 0.00ns  loc: matmul.cpp:25
.preheader7.preheader:161  store i32 %a_row_2_1, i32* %a_row_2_2


 <State 7>: 6.68ns
ST_7: tmp_s (171)  [3/6] 6.68ns  loc: matmul.cpp:38
.preheader7.preheader:131  %tmp_s = mul nsw i32 %tmp_2, %a_row_0_1

ST_7: tmp_11_1 (173)  [4/6] 6.68ns  loc: matmul.cpp:38
.preheader7.preheader:133  %tmp_11_1 = mul nsw i32 %tmp_3, %a_row_1_1

ST_7: tmp_11_2 (175)  [5/6] 6.68ns  loc: matmul.cpp:38
.preheader7.preheader:135  %tmp_11_2 = mul nsw i32 %tmp_4, %a_row_2_1

ST_7: tmp_11_3 (177)  [6/6] 6.68ns  loc: matmul.cpp:38
.preheader7.preheader:137  %tmp_11_3 = mul nsw i32 %tmp_6, %a_row_3_1


 <State 8>: 6.68ns
ST_8: tmp_s (171)  [2/6] 6.68ns  loc: matmul.cpp:38
.preheader7.preheader:131  %tmp_s = mul nsw i32 %tmp_2, %a_row_0_1

ST_8: tmp_11_1 (173)  [3/6] 6.68ns  loc: matmul.cpp:38
.preheader7.preheader:133  %tmp_11_1 = mul nsw i32 %tmp_3, %a_row_1_1

ST_8: tmp_11_2 (175)  [4/6] 6.68ns  loc: matmul.cpp:38
.preheader7.preheader:135  %tmp_11_2 = mul nsw i32 %tmp_4, %a_row_2_1

ST_8: tmp_11_3 (177)  [5/6] 6.68ns  loc: matmul.cpp:38
.preheader7.preheader:137  %tmp_11_3 = mul nsw i32 %tmp_6, %a_row_3_1


 <State 9>: 6.68ns
ST_9: tmp_s (171)  [1/6] 6.68ns  loc: matmul.cpp:38
.preheader7.preheader:131  %tmp_s = mul nsw i32 %tmp_2, %a_row_0_1

ST_9: tmp_11_1 (173)  [2/6] 6.68ns  loc: matmul.cpp:38
.preheader7.preheader:133  %tmp_11_1 = mul nsw i32 %tmp_3, %a_row_1_1

ST_9: tmp_11_2 (175)  [3/6] 6.68ns  loc: matmul.cpp:38
.preheader7.preheader:135  %tmp_11_2 = mul nsw i32 %tmp_4, %a_row_2_1

ST_9: tmp_11_3 (177)  [4/6] 6.68ns  loc: matmul.cpp:38
.preheader7.preheader:137  %tmp_11_3 = mul nsw i32 %tmp_6, %a_row_3_1


 <State 10>: 6.68ns
ST_10: tmp_11_1 (173)  [1/6] 6.68ns  loc: matmul.cpp:38
.preheader7.preheader:133  %tmp_11_1 = mul nsw i32 %tmp_3, %a_row_1_1

ST_10: tmp_11_2 (175)  [2/6] 6.68ns  loc: matmul.cpp:38
.preheader7.preheader:135  %tmp_11_2 = mul nsw i32 %tmp_4, %a_row_2_1

ST_10: tmp_11_3 (177)  [3/6] 6.68ns  loc: matmul.cpp:38
.preheader7.preheader:137  %tmp_11_3 = mul nsw i32 %tmp_6, %a_row_3_1


 <State 11>: 6.68ns
ST_11: tmp_11_2 (175)  [1/6] 6.68ns  loc: matmul.cpp:38
.preheader7.preheader:135  %tmp_11_2 = mul nsw i32 %tmp_4, %a_row_2_1

ST_11: tmp_11_3 (177)  [2/6] 6.68ns  loc: matmul.cpp:38
.preheader7.preheader:137  %tmp_11_3 = mul nsw i32 %tmp_6, %a_row_3_1

ST_11: tmp7 (178)  [1/1] 2.39ns  loc: matmul.cpp:38
.preheader7.preheader:138  %tmp7 = add i32 %tmp_11_1, %tmp_s


 <State 12>: 6.68ns
ST_12: tmp_11_3 (177)  [1/6] 6.68ns  loc: matmul.cpp:38
.preheader7.preheader:137  %tmp_11_3 = mul nsw i32 %tmp_6, %a_row_3_1


 <State 13>: 6.23ns
ST_13: StgValue_230 (61)  [1/1] 0.00ns
.preheader7.preheader:21  call void (...)* @_ssdm_op_SpecLoopName([6 x i8]* @L_col_str)

ST_13: empty (62)  [1/1] 0.00ns
.preheader7.preheader:22  %empty = call i32 (...)* @_ssdm_op_SpecLoopTripCount(i64 16, i64 16, i64 16)

ST_13: StgValue_232 (82)  [1/1] 0.00ns  loc: matmul.cpp:20
.preheader7.preheader:42  call void (...)* @_ssdm_op_SpecLoopName([4 x i8]* @p_str5) nounwind

ST_13: tmp_1 (83)  [1/1] 0.00ns  loc: matmul.cpp:20
.preheader7.preheader:43  %tmp_1 = call i32 (...)* @_ssdm_op_SpecRegionBegin([4 x i8]* @p_str5) nounwind

ST_13: StgValue_234 (84)  [1/1] 0.00ns  loc: matmul.cpp:21
.preheader7.preheader:44  call void (...)* @_ssdm_op_SpecPipeline(i32 -1, i32 1, i32 1, i32 0, [1 x i8]* @p_str1) nounwind

ST_13: tmp_19_cast (108)  [1/1] 0.00ns  loc: matmul.cpp:20
.preheader7.preheader:68  %tmp_19_cast = zext i6 %tmp_19 to i64

ST_13: a_2_addr (109)  [1/1] 0.00ns  loc: matmul.cpp:20
.preheader7.preheader:69  %a_2_addr = getelementptr [16 x i32]* %a_2, i64 0, i64 %tmp_19_cast

ST_13: tmp8 (179)  [1/1] 1.92ns  loc: matmul.cpp:38
.preheader7.preheader:139  %tmp8 = add i32 %tmp_11_3, %tmp_11_2

ST_13: tmp_12_3 (180)  [1/1] 1.92ns  loc: matmul.cpp:38
.preheader7.preheader:140  %tmp_12_3 = add nsw i32 %tmp7, %tmp8

ST_13: StgValue_239 (181)  [1/1] 2.39ns  loc: matmul.cpp:41
.preheader7.preheader:141  store i32 %tmp_12_3, i32* %a_2_addr, align 4

ST_13: empty_3 (182)  [1/1] 0.00ns  loc: matmul.cpp:42
.preheader7.preheader:142  %empty_3 = call i32 (...)* @_ssdm_op_SpecRegionEnd([4 x i8]* @p_str5, i32 %tmp_1) nounwind

ST_13: StgValue_241 (204)  [1/1] 0.00ns  loc: matmul.cpp:20
.preheader7.preheader:164  br label %.preheader7


 <State 14>: 0.00ns
ST_14: StgValue_242 (206)  [1/1] 0.00ns  loc: matmul.cpp:44
:0  ret void



============================================================
+ Verbose Summary: Timing violations
============================================================
Target clock period: 10ns, clock uncertainty: 1.25ns.

 <State 1>: 1.57ns
The critical path consists of the following:
	multiplexor before 'phi' operation ('indvar_flatten') with incoming values : ('indvar_flatten_next') [33]  (1.57 ns)

 <State 2>: 5.7ns
The critical path consists of the following:
	'phi' operation ('j') with incoming values : ('j', matmul.cpp:20) [35]  (0 ns)
	'icmp' operation ('exitcond', matmul.cpp:20) [63]  (1.94 ns)
	'select' operation ('j_mid2', matmul.cpp:20) [64]  (1.37 ns)
	'getelementptr' operation ('a_1_addr', matmul.cpp:33) [98]  (0 ns)
	'load' operation ('b_copy[0][3]', matmul.cpp:33) on array 'a_1' [110]  (2.39 ns)

 <State 3>: 6.7ns
The critical path consists of the following:
	'load' operation ('b_copy[0][3]', matmul.cpp:33) on array 'a_1' [110]  (2.39 ns)
	'select' operation ('b_copy[0][3]', matmul.cpp:20) [121]  (0 ns)
	'select' operation ('b_copy[0][3]', matmul.cpp:20) [122]  (1.37 ns)
	'select' operation ('b_copy[0][3]', matmul.cpp:31) [168]  (1.37 ns)
	'mux' operation ('tmp_2', matmul.cpp:31) [170]  (1.57 ns)

 <State 4>: 8.05ns
The critical path consists of the following:
	'load' operation ('a_row_0_2_load') on local variable 'a_row[0]' [40]  (0 ns)
	'select' operation ('a_row[0]', matmul.cpp:25) [93]  (1.37 ns)
	'mul' operation ('tmp_s', matmul.cpp:38) [171]  (6.68 ns)

 <State 5>: 8.05ns
The critical path consists of the following:
	'load' operation ('a_row_1_2_load') on local variable 'a_row[1]' [41]  (0 ns)
	'select' operation ('a_row[1]', matmul.cpp:25) [92]  (1.37 ns)
	'mul' operation ('tmp_11_1', matmul.cpp:38) [173]  (6.68 ns)

 <State 6>: 8.05ns
The critical path consists of the following:
	'load' operation ('a_row_2_2_load') on local variable 'a_row[2]' [42]  (0 ns)
	'select' operation ('a_row[2]', matmul.cpp:25) [91]  (1.37 ns)
	'mul' operation ('tmp_11_2', matmul.cpp:38) [175]  (6.68 ns)

 <State 7>: 6.68ns
The critical path consists of the following:
	'mul' operation ('tmp_s', matmul.cpp:38) [171]  (6.68 ns)

 <State 8>: 6.68ns
The critical path consists of the following:
	'mul' operation ('tmp_s', matmul.cpp:38) [171]  (6.68 ns)

 <State 9>: 6.68ns
The critical path consists of the following:
	'mul' operation ('tmp_s', matmul.cpp:38) [171]  (6.68 ns)

 <State 10>: 6.68ns
The critical path consists of the following:
	'mul' operation ('tmp_11_1', matmul.cpp:38) [173]  (6.68 ns)

 <State 11>: 6.68ns
The critical path consists of the following:
	'mul' operation ('tmp_11_2', matmul.cpp:38) [175]  (6.68 ns)

 <State 12>: 6.68ns
The critical path consists of the following:
	'mul' operation ('tmp_11_3', matmul.cpp:38) [177]  (6.68 ns)

 <State 13>: 6.23ns
The critical path consists of the following:
	'add' operation ('tmp8', matmul.cpp:38) [179]  (1.92 ns)
	'add' operation ('tmp_12_3', matmul.cpp:38) [180]  (1.92 ns)
	'store' operation (matmul.cpp:41) of variable 'tmp_12_3', matmul.cpp:38 on array 'a_2' [181]  (2.39 ns)

 <State 14>: 0ns
The critical path consists of the following:


============================================================
+ Verbose Summary: Binding
============================================================
N/A
* FSMD analyzer results:
  - Output states:
 - Input state : 
  - Chain level:
	State 1
	State 2
	State 3
	State 4
	State 5
	State 6
	State 7
	State 8
	State 9
	State 10
	State 11
	State 12
	State 13
	State 14


============================================================
+ Verbose Summary: Datapath Resource usage 
============================================================
N/A
