INFO: [SIM 2] *************** CSIM start ***************
INFO: [SIM 4] CSIM will launch GCC as the compiler.
   Compiling ../../../../matrixmul_test.cpp in debug mode
   Compiling ../../../../matrixmul.cpp in debug mode
   Generating csim.exe
1 2 3 4 
2 3 4 5 
3 4 5 6 
4 5 6 7 
5 6 7 8 
6 7 8 9 
7 8 9 10 
8 9 10 11 

70 80 90 100 
96 110 124 138 
122 140 158 176 
148 170 192 214 

70 80 90 100 
96 110 124 138 
122 140 158 176 
148 170 192 214 

Test Passes:
INFO: [SIM 1] CSim done with 0 errors.
INFO: [SIM 3] *************** CSIM finish ***************
