

================================================================
== Vivado HLS Report for 'matrixmul'
================================================================
* Date:           Mon Mar 27 21:01:49 2017

* Version:        2016.4 (Build 1733598 on Wed Dec 14 22:59:20 MST 2016)
* Project:        hls_matmul
* Solution:       matrixmul_2b
* Product family: artix7
* Target device:  xc7a100tcsg324-1


================================================================
== Performance Estimates
================================================================
+ Timing (ns): 
    * Summary: 
    +--------+-------+----------+------------+
    |  Clock | Target| Estimated| Uncertainty|
    +--------+-------+----------+------------+
    |ap_clk  |  10.00|      8.05|        1.25|
    +--------+-------+----------+------------+

+ Latency (clock cycles): 
    * Summary: 
    +-----+-----+-----+-----+---------+
    |  Latency  |  Interval | Pipeline|
    | min | max | min | max |   Type  |
    +-----+-----+-----+-----+---------+
    |  106|  106|  107|  107|   none  |
    +-----+-----+-----+-----+---------+

    + Detail: 
        * Instance: 
        N/A

        * Loop: 
        +----------+-----+-----+----------+-----------+-----------+------+----------+
        |          |  Latency  | Iteration|  Initiation Interval  | Trip |          |
        | Loop Name| min | max |  Latency |  achieved |   target  | Count| Pipelined|
        +----------+-----+-----+----------+-----------+-----------+------+----------+
        |- L_col   |  104|  104|        15|          6|          1|    16|    yes   |
        +----------+-----+-----+----------+-----------+-----------+------+----------+

============================================================
+ Verbose Summary: Synthesis Manager
============================================================
InlineROM: 1
ExposeGlobal: 0
============================================================
+ Verbose Summary: CDFG Model
============================================================
IsTopModel: 1
ResetActiveHigh: 1
IsCombinational: 0
IsDatapathOnly: 0
HasWiredReturn: 1
HasMFsm: 0
HasVarLatency: 1
IsPipeline: 0
IsRtlPipelined: 0
IsInstanceOverlapped: 0
IsDontTouch: 0
HasImplIP: 0
IsGatedGlobalClock: 0

+ Individual pipeline summary: 
  * Pipeline-0: initiation interval (II) = 6, depth = 15


============================================================
+ Verbose Summary: Schedule
============================================================
* Number of FSM states: 17
* Pipeline: 1
  Pipeline-0: II = 6, D = 15, States = { 2 3 4 5 6 7 8 9 10 11 12 13 14 15 16 }
* Dataflow Pipeline: 0

* FSM state transitions: 
1 --> 
	2  / true
2 --> 
	17  / (exitcond_flatten)
	3  / (!exitcond_flatten)
3 --> 
	4  / true
4 --> 
	5  / true
5 --> 
	6  / true
6 --> 
	7  / true
7 --> 
	8  / true
8 --> 
	9  / true
9 --> 
	10  / true
10 --> 
	11  / true
11 --> 
	12  / true
12 --> 
	13  / true
13 --> 
	14  / true
14 --> 
	15  / true
15 --> 
	16  / true
16 --> 
	2  / true
17 --> 
* FSM state operations: 

 <State 1>: 1.57ns
ST_1: a_row_0_2 (3)  [1/1] 0.00ns
:0  %a_row_0_2 = alloca i32

ST_1: a_row_1_2 (4)  [1/1] 0.00ns
:1  %a_row_1_2 = alloca i32

ST_1: a_row_2_2 (5)  [1/1] 0.00ns
:2  %a_row_2_2 = alloca i32

ST_1: a_row_3_2 (6)  [1/1] 0.00ns
:3  %a_row_3_2 = alloca i32

ST_1: b_copy_0_3_11 (7)  [1/1] 0.00ns
:4  %b_copy_0_3_11 = alloca i32

ST_1: b_copy_0_3_8 (8)  [1/1] 0.00ns
:5  %b_copy_0_3_8 = alloca i32

ST_1: b_copy_0_3_12 (9)  [1/1] 0.00ns
:6  %b_copy_0_3_12 = alloca i32

ST_1: b_copy_0_3_1 (10)  [1/1] 0.00ns
:7  %b_copy_0_3_1 = alloca i32

ST_1: b_copy_1_3_11 (11)  [1/1] 0.00ns
:8  %b_copy_1_3_11 = alloca i32

ST_1: b_copy_1_3_8 (12)  [1/1] 0.00ns
:9  %b_copy_1_3_8 = alloca i32

ST_1: b_copy_1_3_12 (13)  [1/1] 0.00ns
:10  %b_copy_1_3_12 = alloca i32

ST_1: b_copy_1_3_1 (14)  [1/1] 0.00ns
:11  %b_copy_1_3_1 = alloca i32

ST_1: b_copy_2_3_11 (15)  [1/1] 0.00ns
:12  %b_copy_2_3_11 = alloca i32

ST_1: b_copy_2_3_8 (16)  [1/1] 0.00ns
:13  %b_copy_2_3_8 = alloca i32

ST_1: b_copy_2_3_12 (17)  [1/1] 0.00ns
:14  %b_copy_2_3_12 = alloca i32

ST_1: b_copy_2_3_1 (18)  [1/1] 0.00ns
:15  %b_copy_2_3_1 = alloca i32

ST_1: b_copy_3_3_11 (19)  [1/1] 0.00ns
:16  %b_copy_3_3_11 = alloca i32

ST_1: b_copy_3_3_8 (20)  [1/1] 0.00ns
:17  %b_copy_3_3_8 = alloca i32

ST_1: b_copy_3_3_12 (21)  [1/1] 0.00ns
:18  %b_copy_3_3_12 = alloca i32

ST_1: b_copy_3_3_1 (22)  [1/1] 0.00ns
:19  %b_copy_3_3_1 = alloca i32

ST_1: StgValue_38 (23)  [1/1] 0.00ns
:20  call void (...)* @_ssdm_op_SpecBitsMap([24 x i32]* %a_1), !map !7

ST_1: StgValue_39 (24)  [1/1] 0.00ns
:21  call void (...)* @_ssdm_op_SpecBitsMap([24 x i32]* %a_0), !map !14

ST_1: StgValue_40 (25)  [1/1] 0.00ns
:22  call void (...)* @_ssdm_op_SpecTopModule([10 x i8]* @matrixmul_str) nounwind

ST_1: StgValue_41 (26)  [1/1] 0.00ns
:23  call void (...)* @_ssdm_op_SpecInterface([24 x i32]* %a_0, [24 x i32]* %a_1, [5 x i8]* @p_str2, i32 0, i32 0, [1 x i8]* @p_str1, i32 0, i32 0, [1 x i8]* @p_str1, [1 x i8]* @p_str1, [1 x i8]* @p_str1, i32 0, i32 0, i32 0, i32 0, [1 x i8]* @p_str1, [1 x i8]* @p_str1)

ST_1: StgValue_42 (27)  [1/1] 0.00ns
:24  call void (...)* @_ssdm_op_SpecMemCore([24 x i32]* %a_0, [24 x i32]* %a_1, [1 x i8]* @p_str1, [12 x i8]* @p_str3, [1 x i8]* @p_str1, i32 -1, [1 x i8]* @p_str1, [1 x i8]* @p_str1, [1 x i8]* @p_str1, [1 x i8]* @p_str1, [1 x i8]* @p_str1)

ST_1: StgValue_43 (28)  [1/1] 1.57ns  loc: matrixmul.cpp:62
:25  br label %.preheader7


 <State 2>: 5.70ns
ST_2: indvar_flatten (30)  [1/1] 0.00ns
.preheader7:0  %indvar_flatten = phi i5 [ 0, %0 ], [ %indvar_flatten_next, %.preheader7.preheader ]

ST_2: i (31)  [1/1] 0.00ns  loc: matrixmul.cpp:63
.preheader7:1  %i = phi i3 [ 0, %0 ], [ %i2_mid2_v, %.preheader7.preheader ]

ST_2: j (32)  [1/1] 0.00ns
.preheader7:2  %j = phi i3 [ 0, %0 ], [ %j_1, %.preheader7.preheader ]

ST_2: exitcond_flatten (33)  [1/1] 2.37ns
.preheader7:3  %exitcond_flatten = icmp eq i5 %indvar_flatten, -16

ST_2: indvar_flatten_next (34)  [1/1] 1.67ns
.preheader7:4  %indvar_flatten_next = add i5 %indvar_flatten, 1

ST_2: StgValue_49 (35)  [1/1] 0.00ns
.preheader7:5  br i1 %exitcond_flatten, label %1, label %.preheader7.preheader

ST_2: i_1 (57)  [1/1] 0.75ns  loc: matrixmul.cpp:62
.preheader7.preheader:20  %i_1 = add i3 1, %i

ST_2: exitcond (60)  [1/1] 1.94ns  loc: matrixmul.cpp:63
.preheader7.preheader:23  %exitcond = icmp eq i3 %j, -4

ST_2: j_mid2 (61)  [1/1] 1.37ns  loc: matrixmul.cpp:63
.preheader7.preheader:24  %j_mid2 = select i1 %exitcond, i3 0, i3 %j

ST_2: tmp_mid1 (62)  [1/1] 1.94ns  loc: matrixmul.cpp:74
.preheader7.preheader:25  %tmp_mid1 = icmp eq i3 %i_1, 0

ST_2: tmp1 (63)  [1/1] 1.94ns  loc: matrixmul.cpp:74
.preheader7.preheader:26  %tmp1 = icmp eq i3 %i, 0

ST_2: tmp_mid2 (64)  [1/1] 1.37ns  loc: matrixmul.cpp:74
.preheader7.preheader:27  %tmp_mid2 = select i1 %exitcond, i1 %tmp_mid1, i1 %tmp1

ST_2: i2_mid2_v (65)  [1/1] 1.37ns  loc: matrixmul.cpp:63
.preheader7.preheader:28  %i2_mid2_v = select i1 %exitcond, i3 %i_1, i3 %i

ST_2: tmp_1 (66)  [1/1] 0.00ns  loc: matrixmul.cpp:63
.preheader7.preheader:29  %tmp_1 = call i5 @_ssdm_op_BitConcatenate.i5.i3.i2(i3 %i2_mid2_v, i2 0)

ST_2: tmp_9 (67)  [1/1] 0.00ns  loc: matrixmul.cpp:63
.preheader7.preheader:30  %tmp_9 = zext i5 %tmp_1 to i64

ST_2: a_0_addr (68)  [1/1] 0.00ns  loc: matrixmul.cpp:63
.preheader7.preheader:31  %a_0_addr = getelementptr [24 x i32]* %a_0, i64 0, i64 %tmp_9

ST_2: a_row_0 (85)  [2/2] 2.39ns  loc: matrixmul.cpp:70
.preheader7.preheader:48  %a_row_0 = load i32* %a_0_addr, align 4

ST_2: tmp_8 (93)  [1/1] 0.00ns  loc: matrixmul.cpp:76
.preheader7.preheader:56  %tmp_8 = zext i3 %j_mid2 to i64

ST_2: a_1_addr (102)  [1/1] 0.00ns  loc: matrixmul.cpp:76
.preheader7.preheader:65  %a_1_addr = getelementptr [24 x i32]* %a_1, i64 0, i64 %tmp_8

ST_2: tmp (110)  [1/1] 0.00ns  loc: matrixmul.cpp:63
.preheader7.preheader:73  %tmp = trunc i3 %j_mid2 to i2

ST_2: b_copy_2_3_19 (133)  [2/2] 2.39ns  loc: matrixmul.cpp:76
.preheader7.preheader:96  %b_copy_2_3_19 = load i32* %a_1_addr, align 4


 <State 3>: 3.14ns
ST_3: tmp_10 (69)  [1/1] 0.00ns  loc: matrixmul.cpp:63
.preheader7.preheader:32  %tmp_10 = or i5 %tmp_1, 1

ST_3: tmp_11 (70)  [1/1] 0.00ns  loc: matrixmul.cpp:63
.preheader7.preheader:33  %tmp_11 = call i64 @_ssdm_op_BitConcatenate.i64.i59.i5(i59 0, i5 %tmp_10)

ST_3: a_0_addr_1 (71)  [1/1] 0.00ns  loc: matrixmul.cpp:63
.preheader7.preheader:34  %a_0_addr_1 = getelementptr [24 x i32]* %a_0, i64 0, i64 %tmp_11

ST_3: a_row_0 (85)  [1/2] 2.39ns  loc: matrixmul.cpp:70
.preheader7.preheader:48  %a_row_0 = load i32* %a_0_addr, align 4

ST_3: a_row_1 (86)  [2/2] 2.39ns  loc: matrixmul.cpp:70
.preheader7.preheader:49  %a_row_1 = load i32* %a_0_addr_1, align 4

ST_3: tmp_8_cast5 (95)  [1/1] 0.00ns  loc: matrixmul.cpp:63
.preheader7.preheader:58  %tmp_8_cast5 = zext i3 %j_mid2 to i4

ST_3: tmp_19 (103)  [1/1] 0.75ns  loc: matrixmul.cpp:63
.preheader7.preheader:66  %tmp_19 = add i4 4, %tmp_8_cast5

ST_3: tmp_20_cast (104)  [1/1] 0.00ns  loc: matrixmul.cpp:63
.preheader7.preheader:67  %tmp_20_cast = zext i4 %tmp_19 to i64

ST_3: a_1_addr_1 (105)  [1/1] 0.00ns  loc: matrixmul.cpp:63
.preheader7.preheader:68  %a_1_addr_1 = getelementptr [24 x i32]* %a_1, i64 0, i64 %tmp_20_cast

ST_3: b_copy_2_3_19 (133)  [1/2] 2.39ns  loc: matrixmul.cpp:76
.preheader7.preheader:96  %b_copy_2_3_19 = load i32* %a_1_addr, align 4

ST_3: b_copy_3_3_19 (143)  [2/2] 2.39ns  loc: matrixmul.cpp:76
.preheader7.preheader:106  %b_copy_3_3_19 = load i32* %a_1_addr_1, align 4


 <State 4>: 2.39ns
ST_4: tmp_12 (72)  [1/1] 0.00ns  loc: matrixmul.cpp:63
.preheader7.preheader:35  %tmp_12 = or i5 %tmp_1, 2

ST_4: tmp_13 (73)  [1/1] 0.00ns  loc: matrixmul.cpp:63
.preheader7.preheader:36  %tmp_13 = call i64 @_ssdm_op_BitConcatenate.i64.i59.i5(i59 0, i5 %tmp_12)

ST_4: a_0_addr_2 (74)  [1/1] 0.00ns  loc: matrixmul.cpp:63
.preheader7.preheader:37  %a_0_addr_2 = getelementptr [24 x i32]* %a_0, i64 0, i64 %tmp_13

ST_4: a_row_1 (86)  [1/2] 2.39ns  loc: matrixmul.cpp:70
.preheader7.preheader:49  %a_row_1 = load i32* %a_0_addr_1, align 4

ST_4: a_row_2 (87)  [2/2] 2.39ns  loc: matrixmul.cpp:70
.preheader7.preheader:50  %a_row_2 = load i32* %a_0_addr_2, align 4

ST_4: b_copy_3_3_19 (143)  [1/2] 2.39ns  loc: matrixmul.cpp:76
.preheader7.preheader:106  %b_copy_3_3_19 = load i32* %a_1_addr_1, align 4


 <State 5>: 5.86ns
ST_5: b_copy_2_3_11_load (49)  [1/1] 0.00ns
.preheader7.preheader:12  %b_copy_2_3_11_load = load i32* %b_copy_2_3_11

ST_5: b_copy_2_3_8_load (50)  [1/1] 0.00ns
.preheader7.preheader:13  %b_copy_2_3_8_load = load i32* %b_copy_2_3_8

ST_5: b_copy_2_3_12_load (51)  [1/1] 0.00ns
.preheader7.preheader:14  %b_copy_2_3_12_load = load i32* %b_copy_2_3_12

ST_5: b_copy_2_3_1_load (52)  [1/1] 0.00ns
.preheader7.preheader:15  %b_copy_2_3_1_load = load i32* %b_copy_2_3_1

ST_5: tmp_14 (75)  [1/1] 0.00ns  loc: matrixmul.cpp:63
.preheader7.preheader:38  %tmp_14 = or i5 %tmp_1, 3

ST_5: tmp_15 (76)  [1/1] 0.00ns  loc: matrixmul.cpp:63
.preheader7.preheader:39  %tmp_15 = call i64 @_ssdm_op_BitConcatenate.i64.i59.i5(i59 0, i5 %tmp_14)

ST_5: a_0_addr_3 (77)  [1/1] 0.00ns  loc: matrixmul.cpp:63
.preheader7.preheader:40  %a_0_addr_3 = getelementptr [24 x i32]* %a_0, i64 0, i64 %tmp_15

ST_5: tmp_5 (84)  [1/1] 1.94ns  loc: matrixmul.cpp:68
.preheader7.preheader:47  %tmp_5 = icmp eq i3 %j_mid2, 0

ST_5: a_row_2 (87)  [1/2] 2.39ns  loc: matrixmul.cpp:70
.preheader7.preheader:50  %a_row_2 = load i32* %a_0_addr_2, align 4

ST_5: a_row_3 (88)  [2/2] 2.39ns  loc: matrixmul.cpp:70
.preheader7.preheader:51  %a_row_3 = load i32* %a_0_addr_3, align 4

ST_5: sel_tmp (111)  [1/1] 1.54ns  loc: matrixmul.cpp:63
.preheader7.preheader:74  %sel_tmp = icmp eq i2 %tmp, -2

ST_5: sel_tmp2 (113)  [1/1] 1.54ns  loc: matrixmul.cpp:63
.preheader7.preheader:76  %sel_tmp2 = icmp eq i2 %tmp, 1

ST_5: sel_tmp4 (115)  [1/1] 1.54ns  loc: matrixmul.cpp:63
.preheader7.preheader:78  %sel_tmp4 = icmp eq i2 %tmp, 0

ST_5: b_copy_2_3 (134)  [1/1] 0.00ns  loc: matrixmul.cpp:63 (grouped into LUT with out node b_copy_2_3_4)
.preheader7.preheader:97  %b_copy_2_3 = select i1 %sel_tmp, i32 %b_copy_2_3_1_load, i32 %b_copy_2_3_19

ST_5: b_copy_2_3_4 (135)  [1/1] 1.37ns  loc: matrixmul.cpp:63 (out node of the LUT)
.preheader7.preheader:98  %b_copy_2_3_4 = select i1 %sel_tmp2, i32 %b_copy_2_3_1_load, i32 %b_copy_2_3

ST_5: b_copy_2_3_2 (136)  [1/1] 0.00ns  loc: matrixmul.cpp:63 (grouped into LUT with out node b_copy_2_3_3)
.preheader7.preheader:99  %b_copy_2_3_2 = select i1 %sel_tmp4, i32 %b_copy_2_3_1_load, i32 %b_copy_2_3_4

ST_5: b_copy_2_3_5 (137)  [1/1] 0.00ns  loc: matrixmul.cpp:63 (grouped into LUT with out node b_copy_2_3_6)
.preheader7.preheader:100  %b_copy_2_3_5 = select i1 %sel_tmp, i32 %b_copy_2_3_19, i32 %b_copy_2_3_12_load

ST_5: b_copy_2_3_6 (138)  [1/1] 1.37ns  loc: matrixmul.cpp:63 (out node of the LUT)
.preheader7.preheader:101  %b_copy_2_3_6 = select i1 %sel_tmp2, i32 %b_copy_2_3_12_load, i32 %b_copy_2_3_5

ST_5: b_copy_2_3_7 (139)  [1/1] 0.00ns  loc: matrixmul.cpp:63 (grouped into LUT with out node b_copy_2_3_16)
.preheader7.preheader:102  %b_copy_2_3_7 = select i1 %sel_tmp4, i32 %b_copy_2_3_12_load, i32 %b_copy_2_3_6

ST_5: b_copy_2_3_9 (140)  [1/1] 0.00ns  loc: matrixmul.cpp:63 (grouped into LUT with out node b_copy_2_3_14)
.preheader7.preheader:103  %b_copy_2_3_9 = select i1 %sel_tmp2, i32 %b_copy_2_3_19, i32 %b_copy_2_3_8_load

ST_5: b_copy_2_3_14 (141)  [1/1] 1.37ns  loc: matrixmul.cpp:63 (out node of the LUT)
.preheader7.preheader:104  %b_copy_2_3_14 = select i1 %sel_tmp4, i32 %b_copy_2_3_8_load, i32 %b_copy_2_3_9

ST_5: b_copy_2_3_15 (142)  [1/1] 0.00ns  loc: matrixmul.cpp:63 (grouped into LUT with out node b_copy_2_3_18)
.preheader7.preheader:105  %b_copy_2_3_15 = select i1 %sel_tmp4, i32 %b_copy_2_3_19, i32 %b_copy_2_3_11_load

ST_5: b_copy_2_3_3 (157)  [1/1] 1.37ns  loc: matrixmul.cpp:74 (out node of the LUT)
.preheader7.preheader:120  %b_copy_2_3_3 = select i1 %tmp_mid2, i32 %b_copy_2_3_2, i32 %b_copy_2_3_1_load

ST_5: b_copy_2_3_16 (158)  [1/1] 1.37ns  loc: matrixmul.cpp:74 (out node of the LUT)
.preheader7.preheader:121  %b_copy_2_3_16 = select i1 %tmp_mid2, i32 %b_copy_2_3_7, i32 %b_copy_2_3_12_load

ST_5: b_copy_2_3_17 (159)  [1/1] 1.37ns  loc: matrixmul.cpp:74 (out node of the LUT)
.preheader7.preheader:122  %b_copy_2_3_17 = select i1 %tmp_mid2, i32 %b_copy_2_3_14, i32 %b_copy_2_3_8_load

ST_5: b_copy_2_3_18 (160)  [1/1] 1.37ns  loc: matrixmul.cpp:74 (out node of the LUT)
.preheader7.preheader:123  %b_copy_2_3_18 = select i1 %tmp_mid2, i32 %b_copy_2_3_15, i32 %b_copy_2_3_11_load

ST_5: tmp_6 (173)  [1/1] 1.57ns  loc: matrixmul.cpp:74
.preheader7.preheader:136  %tmp_6 = call i32 @_ssdm_op_Mux.ap_auto.4i32.i2(i32 %b_copy_2_3_18, i32 %b_copy_2_3_17, i32 %b_copy_2_3_16, i32 %b_copy_2_3_3, i2 %tmp)

ST_5: StgValue_109 (187)  [1/1] 0.00ns  loc: matrixmul.cpp:74
.preheader7.preheader:150  store i32 %b_copy_2_3_3, i32* %b_copy_2_3_1

ST_5: StgValue_110 (188)  [1/1] 0.00ns  loc: matrixmul.cpp:74
.preheader7.preheader:151  store i32 %b_copy_2_3_16, i32* %b_copy_2_3_12

ST_5: StgValue_111 (189)  [1/1] 0.00ns  loc: matrixmul.cpp:74
.preheader7.preheader:152  store i32 %b_copy_2_3_17, i32* %b_copy_2_3_8

ST_5: StgValue_112 (190)  [1/1] 0.00ns  loc: matrixmul.cpp:74
.preheader7.preheader:153  store i32 %b_copy_2_3_18, i32* %b_copy_2_3_11


 <State 6>: 8.05ns
ST_6: a_row_0_2_load (37)  [1/1] 0.00ns
.preheader7.preheader:0  %a_row_0_2_load = load i32* %a_row_0_2

ST_6: a_row_1_2_load (38)  [1/1] 0.00ns
.preheader7.preheader:1  %a_row_1_2_load = load i32* %a_row_1_2

ST_6: a_row_2_2_load (39)  [1/1] 0.00ns
.preheader7.preheader:2  %a_row_2_2_load = load i32* %a_row_2_2

ST_6: a_row_3_2_load (40)  [1/1] 0.00ns
.preheader7.preheader:3  %a_row_3_2_load = load i32* %a_row_3_2

ST_6: b_copy_3_3_11_load (53)  [1/1] 0.00ns
.preheader7.preheader:16  %b_copy_3_3_11_load = load i32* %b_copy_3_3_11

ST_6: b_copy_3_3_8_load (54)  [1/1] 0.00ns
.preheader7.preheader:17  %b_copy_3_3_8_load = load i32* %b_copy_3_3_8

ST_6: b_copy_3_3_12_load (55)  [1/1] 0.00ns
.preheader7.preheader:18  %b_copy_3_3_12_load = load i32* %b_copy_3_3_12

ST_6: b_copy_3_3_1_load (56)  [1/1] 0.00ns
.preheader7.preheader:19  %b_copy_3_3_1_load = load i32* %b_copy_3_3_1

ST_6: a_row_3 (88)  [1/2] 2.39ns  loc: matrixmul.cpp:70
.preheader7.preheader:51  %a_row_3 = load i32* %a_0_addr_3, align 4

ST_6: a_row_3_1 (89)  [1/1] 1.37ns  loc: matrixmul.cpp:68
.preheader7.preheader:52  %a_row_3_1 = select i1 %tmp_5, i32 %a_row_3, i32 %a_row_3_2_load

ST_6: a_row_2_1 (90)  [1/1] 1.37ns  loc: matrixmul.cpp:68
.preheader7.preheader:53  %a_row_2_1 = select i1 %tmp_5, i32 %a_row_2, i32 %a_row_2_2_load

ST_6: a_row_1_1 (91)  [1/1] 1.37ns  loc: matrixmul.cpp:68
.preheader7.preheader:54  %a_row_1_1 = select i1 %tmp_5, i32 %a_row_1, i32 %a_row_1_2_load

ST_6: a_row_0_1 (92)  [1/1] 1.37ns  loc: matrixmul.cpp:68
.preheader7.preheader:55  %a_row_0_1 = select i1 %tmp_5, i32 %a_row_0, i32 %a_row_0_2_load

ST_6: tmp_17 (97)  [1/1] 0.00ns  loc: matrixmul.cpp:63
.preheader7.preheader:60  %tmp_17 = call i64 @_ssdm_op_BitConcatenate.i64.i61.i3(i61 2, i3 %j_mid2)

ST_6: a_0_addr_4 (98)  [1/1] 0.00ns  loc: matrixmul.cpp:63
.preheader7.preheader:61  %a_0_addr_4 = getelementptr [24 x i32]* %a_0, i64 0, i64 %tmp_17

ST_6: b_copy_0_3_19 (109)  [2/2] 2.39ns  loc: matrixmul.cpp:76
.preheader7.preheader:72  %b_copy_0_3_19 = load i32* %a_0_addr_4, align 4

ST_6: b_copy_3_3 (144)  [1/1] 0.00ns  loc: matrixmul.cpp:63 (grouped into LUT with out node b_copy_3_3_4)
.preheader7.preheader:107  %b_copy_3_3 = select i1 %sel_tmp, i32 %b_copy_3_3_1_load, i32 %b_copy_3_3_19

ST_6: b_copy_3_3_4 (145)  [1/1] 1.37ns  loc: matrixmul.cpp:63 (out node of the LUT)
.preheader7.preheader:108  %b_copy_3_3_4 = select i1 %sel_tmp2, i32 %b_copy_3_3_1_load, i32 %b_copy_3_3

ST_6: b_copy_3_3_2 (146)  [1/1] 0.00ns  loc: matrixmul.cpp:63 (grouped into LUT with out node b_copy_3_3_3)
.preheader7.preheader:109  %b_copy_3_3_2 = select i1 %sel_tmp4, i32 %b_copy_3_3_1_load, i32 %b_copy_3_3_4

ST_6: b_copy_3_3_5 (147)  [1/1] 0.00ns  loc: matrixmul.cpp:63 (grouped into LUT with out node b_copy_3_3_6)
.preheader7.preheader:110  %b_copy_3_3_5 = select i1 %sel_tmp, i32 %b_copy_3_3_19, i32 %b_copy_3_3_12_load

ST_6: b_copy_3_3_6 (148)  [1/1] 1.37ns  loc: matrixmul.cpp:63 (out node of the LUT)
.preheader7.preheader:111  %b_copy_3_3_6 = select i1 %sel_tmp2, i32 %b_copy_3_3_12_load, i32 %b_copy_3_3_5

ST_6: b_copy_3_3_7 (149)  [1/1] 0.00ns  loc: matrixmul.cpp:63 (grouped into LUT with out node b_copy_3_3_16)
.preheader7.preheader:112  %b_copy_3_3_7 = select i1 %sel_tmp4, i32 %b_copy_3_3_12_load, i32 %b_copy_3_3_6

ST_6: b_copy_3_3_9 (150)  [1/1] 0.00ns  loc: matrixmul.cpp:63 (grouped into LUT with out node b_copy_3_3_14)
.preheader7.preheader:113  %b_copy_3_3_9 = select i1 %sel_tmp2, i32 %b_copy_3_3_19, i32 %b_copy_3_3_8_load

ST_6: b_copy_3_3_14 (151)  [1/1] 1.37ns  loc: matrixmul.cpp:63 (out node of the LUT)
.preheader7.preheader:114  %b_copy_3_3_14 = select i1 %sel_tmp4, i32 %b_copy_3_3_8_load, i32 %b_copy_3_3_9

ST_6: b_copy_3_3_15 (152)  [1/1] 0.00ns  loc: matrixmul.cpp:63 (grouped into LUT with out node b_copy_3_3_18)
.preheader7.preheader:115  %b_copy_3_3_15 = select i1 %sel_tmp4, i32 %b_copy_3_3_19, i32 %b_copy_3_3_11_load

ST_6: b_copy_3_3_3 (153)  [1/1] 1.37ns  loc: matrixmul.cpp:74 (out node of the LUT)
.preheader7.preheader:116  %b_copy_3_3_3 = select i1 %tmp_mid2, i32 %b_copy_3_3_2, i32 %b_copy_3_3_1_load

ST_6: b_copy_3_3_16 (154)  [1/1] 1.37ns  loc: matrixmul.cpp:74 (out node of the LUT)
.preheader7.preheader:117  %b_copy_3_3_16 = select i1 %tmp_mid2, i32 %b_copy_3_3_7, i32 %b_copy_3_3_12_load

ST_6: b_copy_3_3_17 (155)  [1/1] 1.37ns  loc: matrixmul.cpp:74 (out node of the LUT)
.preheader7.preheader:118  %b_copy_3_3_17 = select i1 %tmp_mid2, i32 %b_copy_3_3_14, i32 %b_copy_3_3_8_load

ST_6: b_copy_3_3_18 (156)  [1/1] 1.37ns  loc: matrixmul.cpp:74 (out node of the LUT)
.preheader7.preheader:119  %b_copy_3_3_18 = select i1 %tmp_mid2, i32 %b_copy_3_3_15, i32 %b_copy_3_3_11_load

ST_6: tmp_11_2 (174)  [6/6] 6.68ns  loc: matrixmul.cpp:81
.preheader7.preheader:137  %tmp_11_2 = mul nsw i32 %tmp_6, %a_row_2_1

ST_6: tmp_7 (175)  [1/1] 1.57ns  loc: matrixmul.cpp:74
.preheader7.preheader:138  %tmp_7 = call i32 @_ssdm_op_Mux.ap_auto.4i32.i2(i32 %b_copy_3_3_18, i32 %b_copy_3_3_17, i32 %b_copy_3_3_16, i32 %b_copy_3_3_3, i2 %tmp)

ST_6: StgValue_144 (183)  [1/1] 0.00ns  loc: matrixmul.cpp:74
.preheader7.preheader:146  store i32 %b_copy_3_3_3, i32* %b_copy_3_3_1

ST_6: StgValue_145 (184)  [1/1] 0.00ns  loc: matrixmul.cpp:74
.preheader7.preheader:147  store i32 %b_copy_3_3_16, i32* %b_copy_3_3_12

ST_6: StgValue_146 (185)  [1/1] 0.00ns  loc: matrixmul.cpp:74
.preheader7.preheader:148  store i32 %b_copy_3_3_17, i32* %b_copy_3_3_8

ST_6: StgValue_147 (186)  [1/1] 0.00ns  loc: matrixmul.cpp:74
.preheader7.preheader:149  store i32 %b_copy_3_3_18, i32* %b_copy_3_3_11

ST_6: StgValue_148 (199)  [1/1] 0.00ns  loc: matrixmul.cpp:68
.preheader7.preheader:162  store i32 %a_row_3_1, i32* %a_row_3_2

ST_6: StgValue_149 (200)  [1/1] 0.00ns  loc: matrixmul.cpp:68
.preheader7.preheader:163  store i32 %a_row_2_1, i32* %a_row_2_2

ST_6: StgValue_150 (201)  [1/1] 0.00ns  loc: matrixmul.cpp:68
.preheader7.preheader:164  store i32 %a_row_1_1, i32* %a_row_1_2

ST_6: StgValue_151 (202)  [1/1] 0.00ns  loc: matrixmul.cpp:68
.preheader7.preheader:165  store i32 %a_row_0_1, i32* %a_row_0_2


 <State 7>: 6.70ns
ST_7: b_copy_0_3_11_load (41)  [1/1] 0.00ns
.preheader7.preheader:4  %b_copy_0_3_11_load = load i32* %b_copy_0_3_11

ST_7: b_copy_0_3_8_load (42)  [1/1] 0.00ns
.preheader7.preheader:5  %b_copy_0_3_8_load = load i32* %b_copy_0_3_8

ST_7: b_copy_0_3_12_load (43)  [1/1] 0.00ns
.preheader7.preheader:6  %b_copy_0_3_12_load = load i32* %b_copy_0_3_12

ST_7: b_copy_0_3_1_load (44)  [1/1] 0.00ns
.preheader7.preheader:7  %b_copy_0_3_1_load = load i32* %b_copy_0_3_1

ST_7: tmp_8_cast (96)  [1/1] 0.00ns  loc: matrixmul.cpp:63
.preheader7.preheader:59  %tmp_8_cast = zext i3 %j_mid2 to i5

ST_7: tmp_18 (99)  [1/1] 1.67ns  loc: matrixmul.cpp:63
.preheader7.preheader:62  %tmp_18 = add i5 -12, %tmp_8_cast

ST_7: tmp_19_cast (100)  [1/1] 0.00ns  loc: matrixmul.cpp:63
.preheader7.preheader:63  %tmp_19_cast = zext i5 %tmp_18 to i64

ST_7: a_0_addr_5 (101)  [1/1] 0.00ns  loc: matrixmul.cpp:63
.preheader7.preheader:64  %a_0_addr_5 = getelementptr [24 x i32]* %a_0, i64 0, i64 %tmp_19_cast

ST_7: b_copy_0_3_19 (109)  [1/2] 2.39ns  loc: matrixmul.cpp:76
.preheader7.preheader:72  %b_copy_0_3_19 = load i32* %a_0_addr_4, align 4

ST_7: b_copy_0_3 (112)  [1/1] 0.00ns  loc: matrixmul.cpp:63 (grouped into LUT with out node b_copy_0_3_4)
.preheader7.preheader:75  %b_copy_0_3 = select i1 %sel_tmp, i32 %b_copy_0_3_1_load, i32 %b_copy_0_3_19

ST_7: b_copy_0_3_4 (114)  [1/1] 1.37ns  loc: matrixmul.cpp:63 (out node of the LUT)
.preheader7.preheader:77  %b_copy_0_3_4 = select i1 %sel_tmp2, i32 %b_copy_0_3_1_load, i32 %b_copy_0_3

ST_7: b_copy_0_3_2 (116)  [1/1] 0.00ns  loc: matrixmul.cpp:63 (grouped into LUT with out node b_copy_0_3_3)
.preheader7.preheader:79  %b_copy_0_3_2 = select i1 %sel_tmp4, i32 %b_copy_0_3_1_load, i32 %b_copy_0_3_4

ST_7: b_copy_0_3_5 (117)  [1/1] 0.00ns  loc: matrixmul.cpp:63 (grouped into LUT with out node b_copy_0_3_6)
.preheader7.preheader:80  %b_copy_0_3_5 = select i1 %sel_tmp, i32 %b_copy_0_3_19, i32 %b_copy_0_3_12_load

ST_7: b_copy_0_3_6 (118)  [1/1] 1.37ns  loc: matrixmul.cpp:63 (out node of the LUT)
.preheader7.preheader:81  %b_copy_0_3_6 = select i1 %sel_tmp2, i32 %b_copy_0_3_12_load, i32 %b_copy_0_3_5

ST_7: b_copy_0_3_7 (119)  [1/1] 0.00ns  loc: matrixmul.cpp:63 (grouped into LUT with out node b_copy_0_3_16)
.preheader7.preheader:82  %b_copy_0_3_7 = select i1 %sel_tmp4, i32 %b_copy_0_3_12_load, i32 %b_copy_0_3_6

ST_7: b_copy_0_3_9 (120)  [1/1] 0.00ns  loc: matrixmul.cpp:63 (grouped into LUT with out node b_copy_0_3_14)
.preheader7.preheader:83  %b_copy_0_3_9 = select i1 %sel_tmp2, i32 %b_copy_0_3_19, i32 %b_copy_0_3_8_load

ST_7: b_copy_0_3_14 (121)  [1/1] 1.37ns  loc: matrixmul.cpp:63 (out node of the LUT)
.preheader7.preheader:84  %b_copy_0_3_14 = select i1 %sel_tmp4, i32 %b_copy_0_3_8_load, i32 %b_copy_0_3_9

ST_7: b_copy_0_3_15 (122)  [1/1] 0.00ns  loc: matrixmul.cpp:63 (grouped into LUT with out node b_copy_0_3_18)
.preheader7.preheader:85  %b_copy_0_3_15 = select i1 %sel_tmp4, i32 %b_copy_0_3_19, i32 %b_copy_0_3_11_load

ST_7: b_copy_1_3_19 (123)  [2/2] 2.39ns  loc: matrixmul.cpp:76
.preheader7.preheader:86  %b_copy_1_3_19 = load i32* %a_0_addr_5, align 4

ST_7: b_copy_0_3_3 (165)  [1/1] 1.37ns  loc: matrixmul.cpp:74 (out node of the LUT)
.preheader7.preheader:128  %b_copy_0_3_3 = select i1 %tmp_mid2, i32 %b_copy_0_3_2, i32 %b_copy_0_3_1_load

ST_7: b_copy_0_3_16 (166)  [1/1] 1.37ns  loc: matrixmul.cpp:74 (out node of the LUT)
.preheader7.preheader:129  %b_copy_0_3_16 = select i1 %tmp_mid2, i32 %b_copy_0_3_7, i32 %b_copy_0_3_12_load

ST_7: b_copy_0_3_17 (167)  [1/1] 1.37ns  loc: matrixmul.cpp:74 (out node of the LUT)
.preheader7.preheader:130  %b_copy_0_3_17 = select i1 %tmp_mid2, i32 %b_copy_0_3_14, i32 %b_copy_0_3_8_load

ST_7: b_copy_0_3_18 (168)  [1/1] 1.37ns  loc: matrixmul.cpp:74 (out node of the LUT)
.preheader7.preheader:131  %b_copy_0_3_18 = select i1 %tmp_mid2, i32 %b_copy_0_3_15, i32 %b_copy_0_3_11_load

ST_7: tmp_3 (169)  [1/1] 1.57ns  loc: matrixmul.cpp:74
.preheader7.preheader:132  %tmp_3 = call i32 @_ssdm_op_Mux.ap_auto.4i32.i2(i32 %b_copy_0_3_18, i32 %b_copy_0_3_17, i32 %b_copy_0_3_16, i32 %b_copy_0_3_3, i2 %tmp)

ST_7: tmp_11_2 (174)  [5/6] 6.68ns  loc: matrixmul.cpp:81
.preheader7.preheader:137  %tmp_11_2 = mul nsw i32 %tmp_6, %a_row_2_1

ST_7: tmp_11_3 (176)  [6/6] 6.68ns  loc: matrixmul.cpp:81
.preheader7.preheader:139  %tmp_11_3 = mul nsw i32 %tmp_7, %a_row_3_1

ST_7: j_1 (182)  [1/1] 0.75ns  loc: matrixmul.cpp:63
.preheader7.preheader:145  %j_1 = add i3 1, %j_mid2

ST_7: StgValue_179 (195)  [1/1] 0.00ns  loc: matrixmul.cpp:74
.preheader7.preheader:158  store i32 %b_copy_0_3_3, i32* %b_copy_0_3_1

ST_7: StgValue_180 (196)  [1/1] 0.00ns  loc: matrixmul.cpp:74
.preheader7.preheader:159  store i32 %b_copy_0_3_16, i32* %b_copy_0_3_12

ST_7: StgValue_181 (197)  [1/1] 0.00ns  loc: matrixmul.cpp:74
.preheader7.preheader:160  store i32 %b_copy_0_3_17, i32* %b_copy_0_3_8

ST_7: StgValue_182 (198)  [1/1] 0.00ns  loc: matrixmul.cpp:74
.preheader7.preheader:161  store i32 %b_copy_0_3_18, i32* %b_copy_0_3_11


 <State 8>: 6.70ns
ST_8: b_copy_1_3_11_load (45)  [1/1] 0.00ns
.preheader7.preheader:8  %b_copy_1_3_11_load = load i32* %b_copy_1_3_11

ST_8: b_copy_1_3_8_load (46)  [1/1] 0.00ns
.preheader7.preheader:9  %b_copy_1_3_8_load = load i32* %b_copy_1_3_8

ST_8: b_copy_1_3_12_load (47)  [1/1] 0.00ns
.preheader7.preheader:10  %b_copy_1_3_12_load = load i32* %b_copy_1_3_12

ST_8: b_copy_1_3_1_load (48)  [1/1] 0.00ns
.preheader7.preheader:11  %b_copy_1_3_1_load = load i32* %b_copy_1_3_1

ST_8: b_copy_1_3_19 (123)  [1/2] 2.39ns  loc: matrixmul.cpp:76
.preheader7.preheader:86  %b_copy_1_3_19 = load i32* %a_0_addr_5, align 4

ST_8: b_copy_1_3 (124)  [1/1] 0.00ns  loc: matrixmul.cpp:63 (grouped into LUT with out node b_copy_1_3_4)
.preheader7.preheader:87  %b_copy_1_3 = select i1 %sel_tmp, i32 %b_copy_1_3_1_load, i32 %b_copy_1_3_19

ST_8: b_copy_1_3_4 (125)  [1/1] 1.37ns  loc: matrixmul.cpp:63 (out node of the LUT)
.preheader7.preheader:88  %b_copy_1_3_4 = select i1 %sel_tmp2, i32 %b_copy_1_3_1_load, i32 %b_copy_1_3

ST_8: b_copy_1_3_2 (126)  [1/1] 0.00ns  loc: matrixmul.cpp:63 (grouped into LUT with out node b_copy_1_3_3)
.preheader7.preheader:89  %b_copy_1_3_2 = select i1 %sel_tmp4, i32 %b_copy_1_3_1_load, i32 %b_copy_1_3_4

ST_8: b_copy_1_3_5 (127)  [1/1] 0.00ns  loc: matrixmul.cpp:63 (grouped into LUT with out node b_copy_1_3_6)
.preheader7.preheader:90  %b_copy_1_3_5 = select i1 %sel_tmp, i32 %b_copy_1_3_19, i32 %b_copy_1_3_12_load

ST_8: b_copy_1_3_6 (128)  [1/1] 1.37ns  loc: matrixmul.cpp:63 (out node of the LUT)
.preheader7.preheader:91  %b_copy_1_3_6 = select i1 %sel_tmp2, i32 %b_copy_1_3_12_load, i32 %b_copy_1_3_5

ST_8: b_copy_1_3_7 (129)  [1/1] 0.00ns  loc: matrixmul.cpp:63 (grouped into LUT with out node b_copy_1_3_16)
.preheader7.preheader:92  %b_copy_1_3_7 = select i1 %sel_tmp4, i32 %b_copy_1_3_12_load, i32 %b_copy_1_3_6

ST_8: b_copy_1_3_9 (130)  [1/1] 0.00ns  loc: matrixmul.cpp:63 (grouped into LUT with out node b_copy_1_3_14)
.preheader7.preheader:93  %b_copy_1_3_9 = select i1 %sel_tmp2, i32 %b_copy_1_3_19, i32 %b_copy_1_3_8_load

ST_8: b_copy_1_3_14 (131)  [1/1] 1.37ns  loc: matrixmul.cpp:63 (out node of the LUT)
.preheader7.preheader:94  %b_copy_1_3_14 = select i1 %sel_tmp4, i32 %b_copy_1_3_8_load, i32 %b_copy_1_3_9

ST_8: b_copy_1_3_15 (132)  [1/1] 0.00ns  loc: matrixmul.cpp:63 (grouped into LUT with out node b_copy_1_3_18)
.preheader7.preheader:95  %b_copy_1_3_15 = select i1 %sel_tmp4, i32 %b_copy_1_3_19, i32 %b_copy_1_3_11_load

ST_8: b_copy_1_3_3 (161)  [1/1] 1.37ns  loc: matrixmul.cpp:74 (out node of the LUT)
.preheader7.preheader:124  %b_copy_1_3_3 = select i1 %tmp_mid2, i32 %b_copy_1_3_2, i32 %b_copy_1_3_1_load

ST_8: b_copy_1_3_16 (162)  [1/1] 1.37ns  loc: matrixmul.cpp:74 (out node of the LUT)
.preheader7.preheader:125  %b_copy_1_3_16 = select i1 %tmp_mid2, i32 %b_copy_1_3_7, i32 %b_copy_1_3_12_load

ST_8: b_copy_1_3_17 (163)  [1/1] 1.37ns  loc: matrixmul.cpp:74 (out node of the LUT)
.preheader7.preheader:126  %b_copy_1_3_17 = select i1 %tmp_mid2, i32 %b_copy_1_3_14, i32 %b_copy_1_3_8_load

ST_8: b_copy_1_3_18 (164)  [1/1] 1.37ns  loc: matrixmul.cpp:74 (out node of the LUT)
.preheader7.preheader:127  %b_copy_1_3_18 = select i1 %tmp_mid2, i32 %b_copy_1_3_15, i32 %b_copy_1_3_11_load

ST_8: tmp_s (170)  [6/6] 6.68ns  loc: matrixmul.cpp:81
.preheader7.preheader:133  %tmp_s = mul nsw i32 %tmp_3, %a_row_0_1

ST_8: tmp_4 (171)  [1/1] 1.57ns  loc: matrixmul.cpp:74
.preheader7.preheader:134  %tmp_4 = call i32 @_ssdm_op_Mux.ap_auto.4i32.i2(i32 %b_copy_1_3_18, i32 %b_copy_1_3_17, i32 %b_copy_1_3_16, i32 %b_copy_1_3_3, i2 %tmp)

ST_8: tmp_11_2 (174)  [4/6] 6.68ns  loc: matrixmul.cpp:81
.preheader7.preheader:137  %tmp_11_2 = mul nsw i32 %tmp_6, %a_row_2_1

ST_8: tmp_11_3 (176)  [5/6] 6.68ns  loc: matrixmul.cpp:81
.preheader7.preheader:139  %tmp_11_3 = mul nsw i32 %tmp_7, %a_row_3_1

ST_8: StgValue_205 (191)  [1/1] 0.00ns  loc: matrixmul.cpp:74
.preheader7.preheader:154  store i32 %b_copy_1_3_3, i32* %b_copy_1_3_1

ST_8: StgValue_206 (192)  [1/1] 0.00ns  loc: matrixmul.cpp:74
.preheader7.preheader:155  store i32 %b_copy_1_3_16, i32* %b_copy_1_3_12

ST_8: StgValue_207 (193)  [1/1] 0.00ns  loc: matrixmul.cpp:74
.preheader7.preheader:156  store i32 %b_copy_1_3_17, i32* %b_copy_1_3_8

ST_8: StgValue_208 (194)  [1/1] 0.00ns  loc: matrixmul.cpp:74
.preheader7.preheader:157  store i32 %b_copy_1_3_18, i32* %b_copy_1_3_11


 <State 9>: 6.68ns
ST_9: newIndex1_mid2_v_v (78)  [1/1] 0.00ns  loc: matrixmul.cpp:63
.preheader7.preheader:41  %newIndex1_mid2_v_v = call i4 @_ssdm_op_BitConcatenate.i4.i1.i3(i1 true, i3 %i2_mid2_v)

ST_9: newIndex1_mid2_v (79)  [8/8] 2.74ns  loc: matrixmul.cpp:63
.preheader7.preheader:42  %newIndex1_mid2_v = urem i4 %newIndex1_mid2_v_v, 6

ST_9: tmp_s (170)  [5/6] 6.68ns  loc: matrixmul.cpp:81
.preheader7.preheader:133  %tmp_s = mul nsw i32 %tmp_3, %a_row_0_1

ST_9: tmp_11_1 (172)  [6/6] 6.68ns  loc: matrixmul.cpp:81
.preheader7.preheader:135  %tmp_11_1 = mul nsw i32 %tmp_4, %a_row_1_1

ST_9: tmp_11_2 (174)  [3/6] 6.68ns  loc: matrixmul.cpp:81
.preheader7.preheader:137  %tmp_11_2 = mul nsw i32 %tmp_6, %a_row_2_1

ST_9: tmp_11_3 (176)  [4/6] 6.68ns  loc: matrixmul.cpp:81
.preheader7.preheader:139  %tmp_11_3 = mul nsw i32 %tmp_7, %a_row_3_1


 <State 10>: 6.68ns
ST_10: newIndex1_mid2_v (79)  [7/8] 2.74ns  loc: matrixmul.cpp:63
.preheader7.preheader:42  %newIndex1_mid2_v = urem i4 %newIndex1_mid2_v_v, 6

ST_10: tmp_s (170)  [4/6] 6.68ns  loc: matrixmul.cpp:81
.preheader7.preheader:133  %tmp_s = mul nsw i32 %tmp_3, %a_row_0_1

ST_10: tmp_11_1 (172)  [5/6] 6.68ns  loc: matrixmul.cpp:81
.preheader7.preheader:135  %tmp_11_1 = mul nsw i32 %tmp_4, %a_row_1_1

ST_10: tmp_11_2 (174)  [2/6] 6.68ns  loc: matrixmul.cpp:81
.preheader7.preheader:137  %tmp_11_2 = mul nsw i32 %tmp_6, %a_row_2_1

ST_10: tmp_11_3 (176)  [3/6] 6.68ns  loc: matrixmul.cpp:81
.preheader7.preheader:139  %tmp_11_3 = mul nsw i32 %tmp_7, %a_row_3_1


 <State 11>: 6.68ns
ST_11: newIndex1_mid2_v (79)  [6/8] 2.74ns  loc: matrixmul.cpp:63
.preheader7.preheader:42  %newIndex1_mid2_v = urem i4 %newIndex1_mid2_v_v, 6

ST_11: tmp_s (170)  [3/6] 6.68ns  loc: matrixmul.cpp:81
.preheader7.preheader:133  %tmp_s = mul nsw i32 %tmp_3, %a_row_0_1

ST_11: tmp_11_1 (172)  [4/6] 6.68ns  loc: matrixmul.cpp:81
.preheader7.preheader:135  %tmp_11_1 = mul nsw i32 %tmp_4, %a_row_1_1

ST_11: tmp_11_2 (174)  [1/6] 6.68ns  loc: matrixmul.cpp:81
.preheader7.preheader:137  %tmp_11_2 = mul nsw i32 %tmp_6, %a_row_2_1

ST_11: tmp_11_3 (176)  [2/6] 6.68ns  loc: matrixmul.cpp:81
.preheader7.preheader:139  %tmp_11_3 = mul nsw i32 %tmp_7, %a_row_3_1


 <State 12>: 6.68ns
ST_12: newIndex1_mid2_v (79)  [5/8] 2.74ns  loc: matrixmul.cpp:63
.preheader7.preheader:42  %newIndex1_mid2_v = urem i4 %newIndex1_mid2_v_v, 6

ST_12: tmp_s (170)  [2/6] 6.68ns  loc: matrixmul.cpp:81
.preheader7.preheader:133  %tmp_s = mul nsw i32 %tmp_3, %a_row_0_1

ST_12: tmp_11_1 (172)  [3/6] 6.68ns  loc: matrixmul.cpp:81
.preheader7.preheader:135  %tmp_11_1 = mul nsw i32 %tmp_4, %a_row_1_1

ST_12: tmp_11_3 (176)  [1/6] 6.68ns  loc: matrixmul.cpp:81
.preheader7.preheader:139  %tmp_11_3 = mul nsw i32 %tmp_7, %a_row_3_1


 <State 13>: 6.68ns
ST_13: newIndex1_mid2_v (79)  [4/8] 2.74ns  loc: matrixmul.cpp:63
.preheader7.preheader:42  %newIndex1_mid2_v = urem i4 %newIndex1_mid2_v_v, 6

ST_13: tmp_s (170)  [1/6] 6.68ns  loc: matrixmul.cpp:81
.preheader7.preheader:133  %tmp_s = mul nsw i32 %tmp_3, %a_row_0_1

ST_13: tmp_11_1 (172)  [2/6] 6.68ns  loc: matrixmul.cpp:81
.preheader7.preheader:135  %tmp_11_1 = mul nsw i32 %tmp_4, %a_row_1_1


 <State 14>: 6.68ns
ST_14: newIndex1_mid2_v (79)  [3/8] 2.74ns  loc: matrixmul.cpp:63
.preheader7.preheader:42  %newIndex1_mid2_v = urem i4 %newIndex1_mid2_v_v, 6

ST_14: tmp_11_1 (172)  [1/6] 6.68ns  loc: matrixmul.cpp:81
.preheader7.preheader:135  %tmp_11_1 = mul nsw i32 %tmp_4, %a_row_1_1


 <State 15>: 4.31ns
ST_15: newIndex1_mid2_v (79)  [2/8] 2.74ns  loc: matrixmul.cpp:63
.preheader7.preheader:42  %newIndex1_mid2_v = urem i4 %newIndex1_mid2_v_v, 6

ST_15: tmp8 (177)  [1/1] 2.39ns  loc: matrixmul.cpp:81
.preheader7.preheader:140  %tmp8 = add i32 %tmp_11_1, %tmp_s

ST_15: tmp9 (178)  [1/1] 1.92ns  loc: matrixmul.cpp:81
.preheader7.preheader:141  %tmp9 = add i32 %tmp_11_3, %tmp_11_2

ST_15: tmp_12_3 (179)  [1/1] 1.92ns  loc: matrixmul.cpp:81
.preheader7.preheader:142  %tmp_12_3 = add nsw i32 %tmp8, %tmp9


 <State 16>: 6.80ns
ST_16: StgValue_238 (58)  [1/1] 0.00ns
.preheader7.preheader:21  call void (...)* @_ssdm_op_SpecLoopName([6 x i8]* @L_col_str)

ST_16: empty (59)  [1/1] 0.00ns
.preheader7.preheader:22  %empty = call i32 (...)* @_ssdm_op_SpecLoopTripCount(i64 16, i64 16, i64 16)

ST_16: newIndex1_mid2_v (79)  [1/8] 2.74ns  loc: matrixmul.cpp:63
.preheader7.preheader:42  %newIndex1_mid2_v = urem i4 %newIndex1_mid2_v_v, 6

ST_16: tmp_16 (80)  [1/1] 0.00ns  loc: matrixmul.cpp:63
.preheader7.preheader:43  %tmp_16 = call i6 @_ssdm_op_BitConcatenate.i6.i4.i2(i4 %newIndex1_mid2_v, i2 0)

ST_16: StgValue_242 (81)  [1/1] 0.00ns  loc: matrixmul.cpp:63
.preheader7.preheader:44  call void (...)* @_ssdm_op_SpecLoopName([4 x i8]* @p_str4) nounwind

ST_16: tmp_2 (82)  [1/1] 0.00ns  loc: matrixmul.cpp:63
.preheader7.preheader:45  %tmp_2 = call i32 (...)* @_ssdm_op_SpecRegionBegin([4 x i8]* @p_str4) nounwind

ST_16: StgValue_244 (83)  [1/1] 0.00ns  loc: matrixmul.cpp:64
.preheader7.preheader:46  call void (...)* @_ssdm_op_SpecPipeline(i32 -1, i32 1, i32 1, i32 0, [1 x i8]* @p_str1) nounwind

ST_16: tmp_8_cast6 (94)  [1/1] 0.00ns  loc: matrixmul.cpp:63
.preheader7.preheader:57  %tmp_8_cast6 = zext i3 %j_mid2 to i6

ST_16: tmp_20 (106)  [1/1] 1.67ns  loc: matrixmul.cpp:84
.preheader7.preheader:69  %tmp_20 = add i6 %tmp_16, %tmp_8_cast6

ST_16: tmp_21_cast (107)  [1/1] 0.00ns  loc: matrixmul.cpp:84
.preheader7.preheader:70  %tmp_21_cast = zext i6 %tmp_20 to i64

ST_16: a_1_addr_2 (108)  [1/1] 0.00ns  loc: matrixmul.cpp:84
.preheader7.preheader:71  %a_1_addr_2 = getelementptr [24 x i32]* %a_1, i64 0, i64 %tmp_21_cast

ST_16: StgValue_249 (180)  [1/1] 2.39ns  loc: matrixmul.cpp:84
.preheader7.preheader:143  store i32 %tmp_12_3, i32* %a_1_addr_2, align 4

ST_16: empty_3 (181)  [1/1] 0.00ns  loc: matrixmul.cpp:85
.preheader7.preheader:144  %empty_3 = call i32 (...)* @_ssdm_op_SpecRegionEnd([4 x i8]* @p_str4, i32 %tmp_2) nounwind

ST_16: StgValue_251 (203)  [1/1] 0.00ns  loc: matrixmul.cpp:63
.preheader7.preheader:166  br label %.preheader7


 <State 17>: 0.00ns
ST_17: StgValue_252 (205)  [1/1] 0.00ns  loc: matrixmul.cpp:87
:0  ret void



============================================================
+ Verbose Summary: Timing violations
============================================================
Target clock period: 10ns, clock uncertainty: 1.25ns.

 <State 1>: 1.57ns
The critical path consists of the following:
	multiplexor before 'phi' operation ('indvar_flatten') with incoming values : ('indvar_flatten_next') [30]  (1.57 ns)

 <State 2>: 5.7ns
The critical path consists of the following:
	'phi' operation ('j') with incoming values : ('j', matrixmul.cpp:63) [32]  (0 ns)
	'icmp' operation ('exitcond', matrixmul.cpp:63) [60]  (1.94 ns)
	'select' operation ('j_mid2', matrixmul.cpp:63) [61]  (1.37 ns)
	'getelementptr' operation ('a_1_addr', matrixmul.cpp:76) [102]  (0 ns)
	'load' operation ('b_copy[2][3]', matrixmul.cpp:76) on array 'a_1' [133]  (2.39 ns)

 <State 3>: 3.14ns
The critical path consists of the following:
	'add' operation ('tmp_19', matrixmul.cpp:63) [103]  (0.75 ns)
	'getelementptr' operation ('a_1_addr_1', matrixmul.cpp:63) [105]  (0 ns)
	'load' operation ('b_copy[3][3]', matrixmul.cpp:76) on array 'a_1' [143]  (2.39 ns)

 <State 4>: 2.39ns
The critical path consists of the following:
	'or' operation ('tmp_12', matrixmul.cpp:63) [72]  (0 ns)
	'getelementptr' operation ('a_0_addr_2', matrixmul.cpp:63) [74]  (0 ns)
	'load' operation ('a_row[2]', matrixmul.cpp:70) on array 'a_0' [87]  (2.39 ns)

 <State 5>: 5.86ns
The critical path consists of the following:
	'icmp' operation ('sel_tmp', matrixmul.cpp:63) [111]  (1.54 ns)
	'select' operation ('b_copy[2][3]', matrixmul.cpp:63) [134]  (0 ns)
	'select' operation ('b_copy[2][3]', matrixmul.cpp:63) [135]  (1.37 ns)
	'select' operation ('b_copy[2][3]', matrixmul.cpp:63) [136]  (0 ns)
	'select' operation ('b_copy[2][3]', matrixmul.cpp:74) [157]  (1.37 ns)
	'mux' operation ('tmp_6', matrixmul.cpp:74) [173]  (1.57 ns)

 <State 6>: 8.05ns
The critical path consists of the following:
	'load' operation ('a_row_2_2_load') on local variable 'a_row[2]' [39]  (0 ns)
	'select' operation ('a_row[2]', matrixmul.cpp:68) [90]  (1.37 ns)
	'mul' operation ('tmp_11_2', matrixmul.cpp:81) [174]  (6.68 ns)

 <State 7>: 6.7ns
The critical path consists of the following:
	'load' operation ('b_copy[0][3]', matrixmul.cpp:76) on array 'a_0' [109]  (2.39 ns)
	'select' operation ('b_copy[0][3]', matrixmul.cpp:63) [112]  (0 ns)
	'select' operation ('b_copy[0][3]', matrixmul.cpp:63) [114]  (1.37 ns)
	'select' operation ('b_copy[0][3]', matrixmul.cpp:63) [116]  (0 ns)
	'select' operation ('b_copy[0][3]', matrixmul.cpp:74) [165]  (1.37 ns)
	'mux' operation ('tmp_3', matrixmul.cpp:74) [169]  (1.57 ns)

 <State 8>: 6.7ns
The critical path consists of the following:
	'load' operation ('b_copy[1][3]', matrixmul.cpp:76) on array 'a_0' [123]  (2.39 ns)
	'select' operation ('b_copy[1][3]', matrixmul.cpp:63) [124]  (0 ns)
	'select' operation ('b_copy[1][3]', matrixmul.cpp:63) [125]  (1.37 ns)
	'select' operation ('b_copy[1][3]', matrixmul.cpp:63) [126]  (0 ns)
	'select' operation ('b_copy[1][3]', matrixmul.cpp:74) [161]  (1.37 ns)
	'mux' operation ('tmp_4', matrixmul.cpp:74) [171]  (1.57 ns)

 <State 9>: 6.68ns
The critical path consists of the following:
	'mul' operation ('tmp_s', matrixmul.cpp:81) [170]  (6.68 ns)

 <State 10>: 6.68ns
The critical path consists of the following:
	'mul' operation ('tmp_s', matrixmul.cpp:81) [170]  (6.68 ns)

 <State 11>: 6.68ns
The critical path consists of the following:
	'mul' operation ('tmp_s', matrixmul.cpp:81) [170]  (6.68 ns)

 <State 12>: 6.68ns
The critical path consists of the following:
	'mul' operation ('tmp_s', matrixmul.cpp:81) [170]  (6.68 ns)

 <State 13>: 6.68ns
The critical path consists of the following:
	'mul' operation ('tmp_s', matrixmul.cpp:81) [170]  (6.68 ns)

 <State 14>: 6.68ns
The critical path consists of the following:
	'mul' operation ('tmp_11_1', matrixmul.cpp:81) [172]  (6.68 ns)

 <State 15>: 4.31ns
The critical path consists of the following:
	'add' operation ('tmp8', matrixmul.cpp:81) [177]  (2.39 ns)
	'add' operation ('tmp_12_3', matrixmul.cpp:81) [179]  (1.92 ns)

 <State 16>: 6.8ns
The critical path consists of the following:
	'urem' operation ('newIndex1_mid2_v', matrixmul.cpp:63) [79]  (2.74 ns)
	'add' operation ('tmp_20', matrixmul.cpp:84) [106]  (1.67 ns)
	'getelementptr' operation ('a_1_addr_2', matrixmul.cpp:84) [108]  (0 ns)
	'store' operation (matrixmul.cpp:84) of variable 'tmp_12_3', matrixmul.cpp:81 on array 'a_1' [180]  (2.39 ns)

 <State 17>: 0ns
The critical path consists of the following:


============================================================
+ Verbose Summary: Binding
============================================================
N/A
* FSMD analyzer results:
  - Output states:
 - Input state : 
  - Chain level:
	State 1
	State 2
	State 3
	State 4
	State 5
	State 6
	State 7
	State 8
	State 9
	State 10
	State 11
	State 12
	State 13
	State 14
	State 15
	State 16
	State 17


============================================================
+ Verbose Summary: Datapath Resource usage 
============================================================
N/A
