==============================================================
File generated by Vivado(TM) HLS - High-Level Synthesis from C, C++ and SystemC
Version: 2016.4
Copyright (C) 1986-2016 Xilinx, Inc. All Rights Reserved.

==============================================================

@I [SYN-201] Setting up clock 'default' with a period of 10ns.
@I [HLS-10] Setting target device to 'xc7a100tcsg324-1'
@I [SYN-201] Setting up clock 'default' with a period of 10ns.
@I [HLS-10] Analyzing design file 'matmul.cpp' ... 
@I [HLS-10] Validating synthesis directives ...
@I [HLS-111] Finished Checking Pragmas Time (s): cpu = 00:00:03 ; elapsed = 00:00:02 . Memory (MB): peak = 326.355 ; gain = 12.586 ; free physical = 10056 ; free virtual = 15453
@I [HLS-111] Finished Linking Time (s): cpu = 00:00:03 ; elapsed = 00:00:02 . Memory (MB): peak = 326.355 ; gain = 12.586 ; free physical = 10056 ; free virtual = 15453
@I [HLS-10] Starting code transformations ...
@I [HLS-111] Finished Standard Transforms Time (s): cpu = 00:00:03 ; elapsed = 00:00:03 . Memory (MB): peak = 326.355 ; gain = 12.586 ; free physical = 10055 ; free virtual = 15452
@I [HLS-10] Checking synthesizability ...
@I [HLS-111] Finished Checking Synthesizability Time (s): cpu = 00:00:03 ; elapsed = 00:00:03 . Memory (MB): peak = 326.355 ; gain = 12.586 ; free physical = 10055 ; free virtual = 15452
@I [XFORM-502] Unrolling all sub-loops inside loop 'col' (matmul.cpp:20) in function 'matmul_hw' for pipelining.
@I [XFORM-501] Unrolling loop 'Cache_Row' (matmul.cpp:27) in function 'matmul_hw' completely.
@I [XFORM-501] Unrolling loop 'Cache_Col' (matmul.cpp:32) in function 'matmul_hw' completely.
@I [XFORM-501] Unrolling loop 'Product' (matmul.cpp:37) in function 'matmul_hw' completely.
@I [XFORM-102] Partitioning array 'a_row' (matmul.cpp:13) automatically.
@I [XFORM-102] Partitioning array 'b_copy' (matmul.cpp:14) in dimension 1 automatically.
@W [XFORM-105] Cannot partition array 'a' (matmul.cpp:4): incorrect partition factor 1.
@I [XFORM-102] Automatically partitioning small array 'b_copy.0' (matmul.cpp:14) completely based on array size.
@I [XFORM-102] Automatically partitioning small array 'b_copy.1' (matmul.cpp:14) completely based on array size.
@I [XFORM-102] Automatically partitioning small array 'b_copy.2' (matmul.cpp:14) completely based on array size.
@I [XFORM-102] Automatically partitioning small array 'b_copy.3' (matmul.cpp:14) completely based on array size.
@I [XFORM-101] Partitioning array 'b_copy.0' (matmul.cpp:14) in dimension 1 completely.
@I [XFORM-101] Partitioning array 'b_copy.1' (matmul.cpp:14) in dimension 1 completely.
@I [XFORM-101] Partitioning array 'b_copy.2' (matmul.cpp:14) in dimension 1 completely.
@I [XFORM-101] Partitioning array 'b_copy.3' (matmul.cpp:14) in dimension 1 completely.
@I [XFORM-401] Performing if-conversion on hyperblock from (matmul.cpp:20:35) to (matmul.cpp:20:29) in function 'matmul_hw'... converting 25 basic blocks.
@I [XFORM-11] Balancing expressions in function 'matmul_hw' (matmul.cpp:4)...3 expression(s) balanced.
@I [HLS-111] Finished Pre-synthesis Time (s): cpu = 00:00:03 ; elapsed = 00:00:03 . Memory (MB): peak = 454.352 ; gain = 140.582 ; free physical = 10036 ; free virtual = 15433
@I [XFORM-541] Flattening a loop nest 'Loop-1' (matmul.cpp:19:15) in function 'matmul_hw'.
@I [HLS-111] Finished Architecture Synthesis Time (s): cpu = 00:00:03 ; elapsed = 00:00:03 . Memory (MB): peak = 454.352 ; gain = 140.582 ; free physical = 10043 ; free virtual = 15440
@I [HLS-10] Starting hardware synthesis ...
@I [HLS-10] Synthesizing 'matmul_hw' ...
@I [HLS-10] ----------------------------------------------------------------
@I [HLS-10] -- Implementing module 'matmul_hw' 
@I [HLS-10] ----------------------------------------------------------------
@I [SCHED-11] Starting scheduling ...
@I [SCHED-61] Pipelining loop 'L_col'.
@W [SCHED-68] Unable to enforce a carried dependence constraint (II = 1, distance = 5, offset = 1)
   between 'store' operation (matmul.cpp:41) of variable 'tmp_12_3', matmul.cpp:38 on array 'a' and 'load' operation ('a_row[0]', matmul.cpp:27) on array 'a'.
@W [SCHED-68] Unable to enforce a carried dependence constraint (II = 2, distance = 1, offset = 1)
   between 'store' operation (matmul.cpp:41) of variable 'tmp_12_3', matmul.cpp:38 on array 'a' and 'load' operation ('a_row[1]', matmul.cpp:27) on array 'a'.
@W [SCHED-68] Unable to enforce a carried dependence constraint (II = 3, distance = 1, offset = 1)
   between 'store' operation (matmul.cpp:41) of variable 'tmp_12_3', matmul.cpp:38 on array 'a' and 'load' operation ('a_row[1]', matmul.cpp:27) on array 'a'.
@W [SCHED-68] Unable to enforce a carried dependence constraint (II = 4, distance = 1, offset = 1)
   between 'store' operation (matmul.cpp:41) of variable 'tmp_12_3', matmul.cpp:38 on array 'a' and 'load' operation ('a_row[1]', matmul.cpp:27) on array 'a'.
@W [SCHED-69] Unable to schedule 'load' operation ('b_copy[0][3]', matmul.cpp:33) on array 'a' due to limited memory ports.
@I [SCHED-61] Pipelining result: Target II: 1, Final II: 16, Depth: 16.
@I [SCHED-11] Finished scheduling.
@I [HLS-111]  Elapsed time: 3.55 seconds; current allocated memory: 58.258 MB.
@I [BIND-100] Starting micro-architecture generation ...
@I [BIND-101] Performing variable lifetime analysis.
@I [BIND-101] Exploring resource sharing.
@I [BIND-101] Binding ...
@I [BIND-100] Finished micro-architecture generation.
@I [HLS-111]  Elapsed time: 0.07 seconds; current allocated memory: 59.108 MB.
@I [HLS-10] ----------------------------------------------------------------
@I [HLS-10] -- Generating RTL for module 'matmul_hw' 
@I [HLS-10] ----------------------------------------------------------------
@I [RTGEN-500] Setting interface mode on port 'matmul_hw/a' to 'bram'.
@I [RTGEN-500] Setting interface mode on function 'matmul_hw' to 'ap_ctrl_hs'.
@I [SYN-210] Renamed object name 'matmul_hw_mux_42_32_1' to 'matmul_hw_mux_42_bkb' due to the length limit 20
@I [SYN-210] Renamed object name 'matmul_hw_mul_32s_32s_32_6' to 'matmul_hw_mul_32scud' due to the length limit 20
@I [RTGEN-100] Generating core module 'matmul_hw_mul_32scud': 4 instance(s).
@I [RTGEN-100] Generating core module 'matmul_hw_mux_42_bkb': 4 instance(s).
@I [RTGEN-100] Finished creating RTL model for 'matmul_hw'.
@I [HLS-111]  Elapsed time: 0.17 seconds; current allocated memory: 60.402 MB.
@I [RTMG-282] Generating pipelined core: 'matmul_hw_mul_32scud_MulnS_0'
@I [HLS-111] Finished generating all RTL models Time (s): cpu = 00:00:04 ; elapsed = 00:00:04 . Memory (MB): peak = 454.352 ; gain = 140.582 ; free physical = 10032 ; free virtual = 15432
@I [SYSC-301] Generating SystemC RTL for matmul_hw.
@I [VHDL-304] Generating VHDL RTL for matmul_hw.
@I [VLOG-307] Generating Verilog RTL for matmul_hw.
@I [HLS-112] Total elapsed time: 4.47 seconds; peak allocated memory: 60.402 MB.
