#-----------------------------------------------------------
# Vivado v2016.4 (64-bit)
# SW Build 1733598 on Wed Dec 14 22:35:39 MST 2016
# IP Build 1731160 on Wed Dec 14 23:47:21 MST 2016
# Start of session at: Sun Mar 05 20:51:19 2017
# Process ID: 2024
# Current directory: C:/Dropbox/Projects/vivado_hls/bit_flipping/hls/hls_matmul/solution_default/sim/vhdl
# Command line: vivado.exe -source open_wave.tcl
# Log file: C:/Dropbox/Projects/vivado_hls/bit_flipping/hls/hls_matmul/solution_default/sim/vhdl/vivado.log
# Journal file: C:/Dropbox/Projects/vivado_hls/bit_flipping/hls/hls_matmul/solution_default/sim/vhdl\vivado.jou
#-----------------------------------------------------------
start_gui
source open_wave.tcl
# current_fileset
INFO: [IP_Flow 19-234] Refreshing IP repositories
INFO: [IP_Flow 19-1704] No user IP repositories specified
INFO: [IP_Flow 19-2313] Loaded Vivado IP repository 'C:/Developer/Xilinx/Vivado/2016.4/data/ip'.
# open_wave_database matrixmul.wdb
open_wave_config C:/Dropbox/Projects/vivado_hls/bit_flipping/hls/hls_matmul/solution_default/sim/vhdl/matrixmul.wcfg
close_sim
INFO: [Simtcl 6-16] Simulation closed
exit
INFO: [Common 17-206] Exiting Vivado at Mon Mar 06 07:58:32 2017...
