INFO: [XSIM 43-3496] Using init file passed via -initfile option "C:/Developer/Xilinx/Vivado/2016.4/data/xsim/ip/xsim_ip.ini".
Vivado Simulator 2016.4
Copyright 1986-1999, 2001-2016 Xilinx, Inc. All Rights Reserved.
Running: C:/Developer/Xilinx/Vivado/2016.4/bin/unwrapped/win64.o/xelab.exe xil_defaultlib.apatb_matrixmul_top -prj matrixmul.prj --initfile C:/Developer/Xilinx/Vivado/2016.4/data/xsim/ip/xsim_ip.ini --lib ieee_proposed=./ieee_proposed -s matrixmul -debug wave 
Multi-threading is on. Using 6 slave threads.
Determining compilation order of HDL files.
INFO: [VRFC 10-163] Analyzing VHDL file "C:/Dropbox/Projects/vivado_hls/bit_flipping/hls/hls_matmul/solution_default/sim/vhdl/AESL_sim_pkg.vhd" into library xil_defaultlib
INFO: [VRFC 10-163] Analyzing VHDL file "C:/Dropbox/Projects/vivado_hls/bit_flipping/hls/hls_matmul/solution_default/sim/vhdl/AESL_autobram_a.vhd" into library xil_defaultlib
INFO: [VRFC 10-307] analyzing entity AESL_autobram_a
INFO: [VRFC 10-163] Analyzing VHDL file "C:/Dropbox/Projects/vivado_hls/bit_flipping/hls/hls_matmul/solution_default/sim/vhdl/matrixmul.autotb.vhd" into library xil_defaultlib
INFO: [VRFC 10-307] analyzing entity apatb_matrixmul_top
INFO: [VRFC 10-163] Analyzing VHDL file "C:/Dropbox/Projects/vivado_hls/bit_flipping/hls/hls_matmul/solution_default/sim/vhdl/matrixmul.vhd" into library xil_defaultlib
INFO: [VRFC 10-307] analyzing entity matrixmul
INFO: [VRFC 10-163] Analyzing VHDL file "C:/Dropbox/Projects/vivado_hls/bit_flipping/hls/hls_matmul/solution_default/sim/vhdl/matrixmul_mux_32_bkb.vhd" into library xil_defaultlib
INFO: [VRFC 10-307] analyzing entity matrixmul_mux_32_bkb
Starting static elaboration
Completed static elaboration
Starting simulation data flow analysis
Completed simulation data flow analysis
Time Resolution for simulation is 1ps
Compiling package std.standard
Compiling package std.textio
Compiling package ieee.std_logic_1164
Compiling package ieee.std_logic_arith
Compiling package ieee.std_logic_unsigned
Compiling package ieee.numeric_std
Compiling package ieee.std_logic_textio
Compiling architecture rtl of entity xil_defaultlib.matrixmul_mux_32_bkb [\matrixmul_mux_32_bkb(id=1,din4_...]
Compiling architecture behav of entity xil_defaultlib.matrixmul [matrixmul_default]
Compiling architecture behav of entity xil_defaultlib.AESL_autobram_a [aesl_autobram_a_default]
Compiling architecture behav of entity xil_defaultlib.apatb_matrixmul_top
Built simulation snapshot matrixmul
