================================================================
  Vivado(TM) HLS - High-Level Synthesis from C, C++ and SystemC
  Version 2016.4
  Build 1733598 on Wed Dec 14 22:59:20 MST 2016
  Copyright (C) 1986-2016 Xilinx, Inc. All Rights Reserved.
================================================================
INFO: [HLS 200-10] Running '/home/patmos/Xilinx/Vivado_HLS/2016.4/bin/unwrapped/lnx64.o/vivado_hls'
INFO: [HLS 200-10] For user 'patmos' on host 'ubuntu' (Linux_x86_64 version 4.4.0-72-generic) on Mon Apr 24 20:45:20 CEST 2017
INFO: [HLS 200-10] On os Ubuntu 16.04.2 LTS
INFO: [HLS 200-10] In directory '/home/patmos/github/bachelor_project_HLS/hls/misc/matmul_int/hls_matmul_int'

# ****************************************************************************
# 32x32 Matrix
# ****************************************************************************

INFO: [HLS 200-10] Opening project '/home/patmos/github/bachelor_project_HLS/hls/misc/matmul_int/hls_matmul_int/hls_matmul_int'.
WARNING: [HLS 200-40] Cannot find design file 'matmul.h'
WARNING: [HLS 200-40] Cannot find design file 'matmul.cpp'
WARNING: [HLS 200-40] Cannot find test bench file 'matmul_test.cpp'
INFO: [HLS 200-10] Opening solution '/home/patmos/github/bachelor_project_HLS/hls/misc/matmul_int/hls_matmul_int/hls_matmul_int/matmul_1b_32x32'.
INFO: [SYN 201-201] Setting up clock 'default' with a period of 10ns.
INFO: [HLS 200-10] Setting target device to 'xc7a100tcsg324-1'
WARNING: [HLS 200-40] Cannot find source file matmul.cpp; skipping it.
WARNING: [HLS 200-40] Cannot find source file matmul.h; skipping it.
INFO: [HLS 200-111] Finished Checking Pragmas Time (s): cpu = 00:00:00.56 ; elapsed = 00:00:00.66 . Memory (MB): peak = 328.273 ; gain = 12.586 ; free physical = 11612 ; free virtual = 16514
ERROR: [HLS 200-70] Cannot find any design unit to elaborate.
Error in linking the design.
    while executing
"source [lindex $::argv 1] "
    ("uplevel" body line 1)
    invoked from within
"uplevel \#0 { source [lindex $::argv 1] } "

