#-----------------------------------------------------------
# Vivado v2016.4 (64-bit)
# SW Build 1733598 on Wed Dec 14 22:35:39 MST 2016
# IP Build 1731160 on Wed Dec 14 23:47:21 MST 2016
# Start of session at: Fri Mar 17 06:27:57 2017
# Process ID: 15724
# Current directory: C:/Dropbox/Projects/bachelor_project_HLS/misc/matmul_mem_external/hls/hls_matmul/solution_bram_BRAM/sim/vhdl
# Command line: vivado.exe -source open_wave.tcl
# Log file: C:/Dropbox/Projects/bachelor_project_HLS/misc/matmul_mem_external/hls/hls_matmul/solution_bram_BRAM/sim/vhdl/vivado.log
# Journal file: C:/Dropbox/Projects/bachelor_project_HLS/misc/matmul_mem_external/hls/hls_matmul/solution_bram_BRAM/sim/vhdl\vivado.jou
#-----------------------------------------------------------
start_gui
source open_wave.tcl
# current_fileset
INFO: [IP_Flow 19-234] Refreshing IP repositories
INFO: [IP_Flow 19-1704] No user IP repositories specified
INFO: [IP_Flow 19-2313] Loaded Vivado IP repository 'C:/Developer/Xilinx/Vivado/2016.4/data/ip'.
# open_wave_database matrixmul.wdb
open_wave_config C:/Dropbox/Projects/bachelor_project_HLS/misc/matmul_mem_external/hls/hls_matmul/solution_bram_BRAM/sim/vhdl/matrixmul.wcfg
close_sim
INFO: [Simtcl 6-16] Simulation closed
exit
INFO: [Common 17-206] Exiting Vivado at Fri Mar 17 06:32:52 2017...
