@I [HLS-0] Workspace C:/Dropbox/Projects/bachelor_project_HLS/misc/matmul_mem_external/hls/hls_matmul/solution_bram_BRAM opened at Fri Mar 17 06:27:25 +0100 2017
@I [HLS-100] Execute     config_clock -quiet -name default -period 10 -default=false 
@I [SYN-201] Setting up clock 'default' with a period of 10ns.
@I [HLS-100] Command     config_clock returned 0; 0 sec.
@I [HLS-100] Execute     open_platform DefaultPlatform 
@I [HLS-100] Command     open_platform returned 0; 0 sec.
@I [HLS-100] Execute     import_lib C:/Developer/Xilinx/Vivado_HLS/2016.4/common/technology/xilinx/artix7/artix7 
@I [HLS-100] Execute       source C:/Developer/Xilinx/Vivado_HLS/2016.4/common/technology/xilinx/common/xilinx.lib 
@I [HLS-100] Execute         source C:/Developer/Xilinx/Vivado_HLS/2016.4/common/technology/xilinx/interface/xilinx_interface.lib 
@I [HLS-100] Execute           source C:/Developer/Xilinx/Vivado_HLS/2016.4/common/technology/xilinx/interface/plb46.lib 
@I [HLS-100] Command           ap_source returned 0; 0 sec.
@I [HLS-100] Execute           source C:/Developer/Xilinx/Vivado_HLS/2016.4/common/technology/xilinx/interface/fsl.lib 
@I [HLS-100] Command           ap_source returned 0; 0 sec.
@I [HLS-100] Execute           source C:/Developer/Xilinx/Vivado_HLS/2016.4/common/technology/xilinx/interface/axi4.lib 
@I [HLS-100] Command           ap_source returned 0; 0.001 sec.
@I [HLS-100] Execute           source C:/Developer/Xilinx/Vivado_HLS/2016.4/common/technology/xilinx/interface/maxi.lib 
@I [HLS-100] Command           ap_source returned 0; 0 sec.
@I [HLS-100] Execute           source C:/Developer/Xilinx/Vivado_HLS/2016.4/common/technology/xilinx/interface/saxilite.lib 
@I [HLS-100] Command           ap_source returned 0; 0.001 sec.
@I [HLS-100] Command         ap_source returned 0; 0.003 sec.
@I [HLS-100] Execute         source C:/Developer/Xilinx/Vivado_HLS/2016.4/common/technology/xilinx/common/dsp48.lib 
@I [HLS-100] Command         ap_source returned 0; 0 sec.
@I [HLS-100] Execute         source C:/Developer/Xilinx/Vivado_HLS/2016.4/common/technology/xilinx/ip/dds_compiler.lib 
@I [HLS-100] Command         ap_source returned 0; 0 sec.
@I [HLS-100] Execute         source C:/Developer/Xilinx/Vivado_HLS/2016.4/common/technology/xilinx/ip/xfft.lib 
@I [HLS-100] Command         ap_source returned 0; 0.001 sec.
@I [HLS-100] Execute         source C:/Developer/Xilinx/Vivado_HLS/2016.4/common/technology/xilinx/ip/xfir.lib 
@I [HLS-100] Command         ap_source returned 0; 0 sec.
@I [HLS-100] Command       ap_source returned 0; 0.006 sec.
@I [HLS-100] Execute       source C:/Developer/Xilinx/Vivado_HLS/2016.4/common/technology/xilinx/common/xilinx_old.lib 
@I [HLS-100] Command       ap_source returned 0; 0.001 sec.
@I [HLS-100] Execute       source C:/Developer/Xilinx/Vivado_HLS/2016.4/common/technology/xilinx/common/xilinx_vivado.lib 
@I [HLS-100] Command       ap_source returned 0; 0.001 sec.
@I [HLS-100] Execute       source C:/Developer/Xilinx/Vivado_HLS/2016.4/common/technology/xilinx/common/xilinx.hlp 
@I [HLS-100] Execute         source C:/Developer/Xilinx/Vivado_HLS/2016.4/common/technology/xilinx/common/target_info.tcl 
@I [HLS-100] Command         ap_source returned 0; 0.001 sec.
@I [HLS-100] Execute         source C:/Developer/Xilinx/Vivado_HLS/2016.4/common/technology/xilinx/interface/xilinx_interface.hlp 
@I [HLS-100] Execute           source C:/Developer/Xilinx/Vivado_HLS/2016.4/common/technology/xilinx/interface/maxi.hlp 
@I [HLS-100] Command           ap_source returned 0; 0.001 sec.
@I [HLS-100] Execute           source C:/Developer/Xilinx/Vivado_HLS/2016.4/common/technology/xilinx/interface/saxilite.hlp 
@I [HLS-100] Command           ap_source returned 0; 0 sec.
@I [HLS-100] Command         ap_source returned 0; 0.001 sec.
@I [HLS-100] Execute         source C:/Developer/Xilinx/Vivado_HLS/2016.4/common/technology/xilinx/common/dsp48.hlp 
@I [HLS-100] Command         ap_source returned 0; 0.001 sec.
@I [HLS-100] Command       ap_source returned 0; 0.003 sec.
@I [HLS-100] Execute       source C:/Developer/Xilinx/Vivado_HLS/2016.4/common/technology/xilinx/artix7/dsp48e1.hlp 
@I [HLS-100] Command       ap_source returned 0; 0 sec.
@I [HLS-100] Execute       get_default_platform 
@I [HLS-100] Command       get_default_platform returned 0; 0 sec.
@I [HLS-100] Execute       config_chip_info -quiet -resource  {SLICE 15850} {LUT 63400}     {FF 126800} {DSP48E 240}    {BRAM 270}  
@I [HLS-100] Command       config_chip_info returned 0; 0 sec.
@I [HLS-100] Execute       config_chip_info -quiet -speed medium 
@I [HLS-100] Command       config_chip_info returned 0; 0 sec.
@I [HLS-100] Command     import_lib returned 0; 0.018 sec.
@I [HLS-100] Execute     source C:/Developer/Xilinx/Vivado_HLS/2016.4/common/technology/xilinx/artix7/artix7.gen 
@I [HLS-100] Execute       source C:/Developer/Xilinx/Vivado_HLS/2016.4/common/technology/xilinx/common/virtex.gen 
@I [HLS-100] Execute         source C:/Developer/Xilinx/Vivado_HLS/2016.4/common/technology/xilinx/common/xilinx.gen 
@I [HLS-100] Execute           source C:/Developer/Xilinx/Vivado_HLS/2016.4/common/technology/xilinx/interface/plb46.gen 
@I [HLS-100] Command           ap_source returned 0; 0.001 sec.
@I [HLS-100] Execute           source C:/Developer/Xilinx/Vivado_HLS/2016.4/common/technology/xilinx/interface/fsl.gen 
@I [HLS-100] Command           ap_source returned 0; 0 sec.
@I [HLS-100] Execute           source C:/Developer/Xilinx/Vivado_HLS/2016.4/common/technology/xilinx/interface/axi4.gen 
@I [HLS-100] Command           ap_source returned 0; 0.002 sec.
@I [HLS-100] Execute           source C:/Developer/Xilinx/Vivado_HLS/2016.4/common/technology/xilinx/interface/nativeAXI4.gen 
@I [HLS-100] Execute             source C:/Developer/Xilinx/Vivado_HLS/2016.4/common/technology/xilinx/interface/saxilite.gen 
@I [HLS-100] Command             ap_source returned 0; 0.003 sec.
@I [HLS-100] Execute             source C:/Developer/Xilinx/Vivado_HLS/2016.4/common/technology/xilinx/interface/maxi.gen 
@I [HLS-100] Command             ap_source returned 0; 0.008 sec.
@I [HLS-100] Command           ap_source returned 0; 0.011 sec.
@I [HLS-100] Execute           source C:/Developer/Xilinx/Vivado_HLS/2016.4/common/technology/xilinx/scripts/xilinxcoregen.gen 
@I [HLS-100] Command           ap_source returned 0; 0.009 sec.
@I [HLS-100] Execute           source C:/Developer/Xilinx/Vivado_HLS/2016.4/common/technology/xilinx/interface/XilEDKCoreGen.gen 
@I [HLS-100] Command           ap_source returned 0; 0.007 sec.
@I [HLS-100] Execute           source C:/Developer/Xilinx/Vivado_HLS/2016.4/common/technology/xilinx/ip/dds_compiler.gen 
@I [HLS-100] Command           ap_source returned 0; 0.003 sec.
@I [HLS-100] Execute           source C:/Developer/Xilinx/Vivado_HLS/2016.4/common/technology/xilinx/ip/util.gen 
@I [HLS-100] Command           ap_source returned 0; 0 sec.
@I [HLS-100] Execute           source C:/Developer/Xilinx/Vivado_HLS/2016.4/common/technology/xilinx/ip/xfft.gen 
@I [HLS-100] Command           ap_source returned 0; 0.113 sec.
@I [HLS-100] Execute           source C:/Developer/Xilinx/Vivado_HLS/2016.4/common/technology/xilinx/ip/xfir.gen 
@I [HLS-100] Command           ap_source returned 0; 0.001 sec.
@I [HLS-100] Command         ap_source returned 0; 0.152 sec.
@I [HLS-100] Execute         source C:/Developer/Xilinx/Vivado_HLS/2016.4/common/technology/xilinx/common/dsp48.gen 
@I [HLS-100] Command         ap_source returned 0; 0 sec.
@I [HLS-100] Command       ap_source returned 0; 0.154 sec.
@I [HLS-100] Command     ap_source returned 0; 0.155 sec.
@I [HLS-100] Execute     open_platform DefaultPlatform 
@I [HLS-100] Command     open_platform returned 0; 0 sec.
@I [HLS-100] Execute     import_lib C:/Developer/Xilinx/Vivado_HLS/2016.4/common/technology/xilinx/artix7/artix7_fpv6 
@I [HLS-100] Execute       source C:/Developer/Xilinx/Vivado_HLS/2016.4/common/technology/xilinx/common/xilinx_fpv7.lib 
@I [HLS-100] Execute         source C:/Developer/Xilinx/Vivado_HLS/2016.4/common/technology/xilinx/common/xilinx_hp.lib 
@I [HLS-100] Command         ap_source returned 0; 0.001 sec.
@I [HLS-100] Command       ap_source returned 0; 0.003 sec.
@I [HLS-100] Execute       source C:/Developer/Xilinx/Vivado_HLS/2016.4/common/technology/xilinx/common/xilinx_fpv.hlp 
@I [HLS-100] Execute         source C:/Developer/Xilinx/Vivado_HLS/2016.4/common/technology/xilinx/common/xilinx.hlp 
@I [HLS-100] Execute           source C:/Developer/Xilinx/Vivado_HLS/2016.4/common/technology/xilinx/common/target_info.tcl 
@I [HLS-100] Command           ap_source returned 0; 0.003 sec.
@I [HLS-100] Execute           source C:/Developer/Xilinx/Vivado_HLS/2016.4/common/technology/xilinx/interface/xilinx_interface.hlp 
@I [HLS-100] Execute             source C:/Developer/Xilinx/Vivado_HLS/2016.4/common/technology/xilinx/interface/maxi.hlp 
@I [HLS-100] Command             ap_source returned 0; 0.001 sec.
@I [HLS-100] Execute             source C:/Developer/Xilinx/Vivado_HLS/2016.4/common/technology/xilinx/interface/saxilite.hlp 
@I [HLS-100] Command             ap_source returned 0; 0 sec.
@I [HLS-100] Command           ap_source returned 0; 0.001 sec.
@I [HLS-100] Execute           source C:/Developer/Xilinx/Vivado_HLS/2016.4/common/technology/xilinx/common/dsp48.hlp 
@I [HLS-100] Command           ap_source returned 0; 0.001 sec.
@I [HLS-100] Command         ap_source returned 0; 0.006 sec.
@I [HLS-100] Command       ap_source returned 0; 0.008 sec.
@I [HLS-100] Execute       source C:/Developer/Xilinx/Vivado_HLS/2016.4/common/technology/xilinx/artix7/artix7_hp.hlp 
@I [HLS-100] Command       ap_source returned 0; 0.001 sec.
@I [HLS-100] Command     import_lib returned 0; 0.023 sec.
@I [HLS-100] Execute     source C:/Developer/Xilinx/Vivado_HLS/2016.4/common/technology/xilinx/artix7/artix7_fpv6.gen 
@I [HLS-100] Execute       source C:/Developer/Xilinx/Vivado_HLS/2016.4/common/technology/xilinx/common/xilinx_fpv6.gen 
@I [HLS-100] Command       ap_source returned 0; 0.001 sec.
@I [HLS-100] Command     ap_source returned 0; 0.002 sec.
@I [HLS-100] Execute     set_part xc7a100tcsg324-1 
@I [HLS-100] Execute       add_library xilinx/artix7/artix7:xc7a100t:csg324:-1 
@I [HLS-100] Execute         get_default_platform 
@I [HLS-100] Command         get_default_platform returned 0; 0 sec.
@I [HLS-100] Execute         license_isbetapart xc7a100t 
@I [HLS-100] Command         license_isbetapart returned 1; 0.015 sec.
@I [HLS-100] Execute         get_default_platform 
@I [HLS-100] Command         get_default_platform returned 0; 0 sec.
@I [HLS-100] Execute         config_chip_info -quiet -resource  {SLICE 15850} {LUT 63400}     {FF 126800} {DSP48E 240}    {BRAM 270}  
@I [HLS-100] Command         config_chip_info returned 0; 0 sec.
@I [HLS-100] Execute         config_chip_info -quiet -speed slow 
@I [HLS-100] Command         config_chip_info returned 0; 0 sec.
@I [HLS-100] Command       add_library returned 0; 0.024 sec.
@I [HLS-100] Execute       add_library xilinx/artix7/artix7_fpv6 
@I [HLS-100] Execute         get_default_platform 
@I [HLS-100] Command         get_default_platform returned 0; 0 sec.
@I [HLS-100] Command       add_library returned 0; 0.006 sec.
@I [HLS-10] Setting target device to 'xc7a100tcsg324-1'
@I [HLS-100] Command     set_part returned 0; 0.033 sec.
@I [HLS-100] Execute     get_default_platform 
@I [HLS-100] Command     get_default_platform returned 0; 0 sec.
@I [HLS-100] Execute     config_chip_info -quiet -resource  {SLICE 15850} {LUT 63400}     {FF 126800} {DSP48E 240}    {BRAM 270}  
@I [HLS-100] Command     config_chip_info returned 0; 0 sec.
@I [HLS-100] Execute     config_chip_info -quiet -speed slow 
@I [HLS-100] Command     config_chip_info returned 0; 0 sec.
@I [HLS-100] Command   open_solution returned 0; 0.258 sec.
@I [HLS-100] Execute   cosim_design -trace_level all -rtl vhdl 
@I [HLS-100] Execute     source C:/Dropbox/Projects/bachelor_project_HLS/misc/matmul_mem_external/hls/hls_matmul/solution_bram_BRAM/.autopilot/db/global.setting.tcl 
@I [HLS-100] Command     ap_source returned 0; 0.001 sec.
@I [HLS-100] Execute     source C:/Dropbox/Projects/bachelor_project_HLS/misc/matmul_mem_external/hls/hls_matmul/solution_bram_BRAM/.autopilot/db/global.setting.tcl 
@I [HLS-100] Command     ap_source returned 0; 0.002 sec.
@I [HLS-100] Execute     source C:/Dropbox/Projects/bachelor_project_HLS/misc/matmul_mem_external/hls/hls_matmul/solution_bram_BRAM/.autopilot/db/global.setting.tcl 
@I [HLS-100] Command     ap_source returned 0; 0 sec.
@I [HLS-100] Execute     source C:/Developer/Xilinx/Vivado_HLS/2016.4/common/technology/generic/autopilot/common.gen 
@I [HLS-100] Execute       source C:/Developer/Xilinx/Vivado_HLS/2016.4/common/technology/generic/autopilot/APCoreGen.gen 
@I [HLS-100] Command       ap_source returned 0; 0 sec.
@I [HLS-100] Command     ap_source returned 0; 0.002 sec.
@I [HLS-100] Execute     source C:/Developer/Xilinx/Vivado_HLS/2016.4/common/technology/generic/autopilot/op.gen 
@I [HLS-100] Command     ap_source returned 0; 0.001 sec.
@I [HLS-100] Execute     source C:/Developer/Xilinx/Vivado_HLS/2016.4/common/technology/generic/autopilot/op_simcore.gen 
@I [HLS-100] Command     ap_source returned 0; 0.001 sec.
@I [HLS-100] Execute     source C:/Developer/Xilinx/Vivado_HLS/2016.4/common/technology/generic/autopilot/interface.gen 
@I [HLS-100] Command     ap_source returned 0; 0 sec.
@I [HLS-100] Execute     source C:/Dropbox/Projects/bachelor_project_HLS/misc/matmul_mem_external/hls/hls_matmul/solution_bram_BRAM/.autopilot/db/global.setting.tcl 
@I [HLS-100] Command     ap_source returned 0; 0.001 sec.
@I [HLS-100] Execute     source C:/Developer/Xilinx/Vivado_HLS/2016.4/common/technology/xilinx/artix7/artix7.gen 
@I [HLS-100] Execute       source C:/Developer/Xilinx/Vivado_HLS/2016.4/common/technology/xilinx/common/virtex.gen 
@I [HLS-100] Execute         source C:/Developer/Xilinx/Vivado_HLS/2016.4/common/technology/xilinx/common/xilinx.gen 
@I [HLS-100] Execute           source C:/Developer/Xilinx/Vivado_HLS/2016.4/common/technology/xilinx/interface/plb46.gen 
@I [HLS-100] Command           ap_source returned 0; 0.001 sec.
@I [HLS-100] Execute           source C:/Developer/Xilinx/Vivado_HLS/2016.4/common/technology/xilinx/interface/fsl.gen 
@I [HLS-100] Command           ap_source returned 0; 0 sec.
@I [HLS-100] Execute           source C:/Developer/Xilinx/Vivado_HLS/2016.4/common/technology/xilinx/interface/axi4.gen 
@I [HLS-100] Command           ap_source returned 0; 0.002 sec.
@I [HLS-100] Execute           source C:/Developer/Xilinx/Vivado_HLS/2016.4/common/technology/xilinx/interface/nativeAXI4.gen 
@I [HLS-100] Execute             source C:/Developer/Xilinx/Vivado_HLS/2016.4/common/technology/xilinx/interface/saxilite.gen 
@I [HLS-100] Command             ap_source returned 0; 0.005 sec.
@I [HLS-100] Execute             source C:/Developer/Xilinx/Vivado_HLS/2016.4/common/technology/xilinx/interface/maxi.gen 
@I [HLS-100] Command             ap_source returned 0; 0.01 sec.
@I [HLS-100] Command           ap_source returned 0; 0.016 sec.
@I [HLS-100] Execute           source C:/Developer/Xilinx/Vivado_HLS/2016.4/common/technology/xilinx/scripts/xilinxcoregen.gen 
@I [HLS-100] Command           ap_source returned 0; 0.009 sec.
@I [HLS-100] Execute           source C:/Developer/Xilinx/Vivado_HLS/2016.4/common/technology/xilinx/interface/XilEDKCoreGen.gen 
@I [HLS-100] Command           ap_source returned 0; 0.008 sec.
@I [HLS-100] Execute           source C:/Developer/Xilinx/Vivado_HLS/2016.4/common/technology/xilinx/ip/dds_compiler.gen 
@I [HLS-100] Command           ap_source returned 0; 0.004 sec.
@I [HLS-100] Execute           source C:/Developer/Xilinx/Vivado_HLS/2016.4/common/technology/xilinx/ip/util.gen 
@I [HLS-100] Command           ap_source returned 0; 0 sec.
@I [HLS-100] Execute           source C:/Developer/Xilinx/Vivado_HLS/2016.4/common/technology/xilinx/ip/xfft.gen 
@I [HLS-100] Command           ap_source returned 0; 0.11 sec.
@I [HLS-100] Execute           source C:/Developer/Xilinx/Vivado_HLS/2016.4/common/technology/xilinx/ip/xfir.gen 
@I [HLS-100] Command           ap_source returned 0; 0.001 sec.
@I [HLS-100] Command         ap_source returned 0; 0.153 sec.
@I [HLS-100] Execute         source C:/Developer/Xilinx/Vivado_HLS/2016.4/common/technology/xilinx/common/dsp48.gen 
@I [HLS-100] Command         ap_source returned 0; 0 sec.
@I [HLS-100] Command       ap_source returned 0; 0.156 sec.
@I [HLS-100] Command     ap_source returned 0; 0.156 sec.
@I [HLS-100] Execute     source C:/Developer/Xilinx/Vivado_HLS/2016.4/common/technology/xilinx/artix7/artix7_fpv6.gen 
@I [HLS-100] Execute       source C:/Developer/Xilinx/Vivado_HLS/2016.4/common/technology/xilinx/common/xilinx_fpv6.gen 
@I [HLS-100] Command       ap_source returned 0; 0.001 sec.
@I [HLS-100] Command     ap_source returned 0; 0.001 sec.
@I [HLS-100] Execute     source C:/Dropbox/Projects/bachelor_project_HLS/misc/matmul_mem_external/hls/hls_matmul/solution_bram_BRAM/.autopilot/db/global.setting.tcl 
@I [HLS-100] Command     ap_source returned 0; 0.001 sec.
@I [HLS-100] Execute     source C:/Dropbox/Projects/bachelor_project_HLS/misc/matmul_mem_external/hls/hls_matmul/solution_bram_BRAM/.autopilot/db/matrixmul.rtl_wrap.cfg.tcl 
@I [HLS-100] Command     ap_source returned 0; 0.001 sec.
@I [HLS-100] Execute     source C:/Dropbox/Projects/bachelor_project_HLS/misc/matmul_mem_external/hls/hls_matmul/solution_bram_BRAM/.autopilot/db/matrixmul.tbgen.tcl 
@I [HLS-100] Command     ap_source returned 0; 0.001 sec.
@I [HLS-100] Execute     is_encrypted C:/Dropbox/Projects/bachelor_project_HLS/misc/matmul_mem_external/hls/matrixmul_test.cpp 
@I [HLS-100] Command     is_encrypted returned 0; 0 sec.
@I [HLS-100] Execute     is_encrypted C:/Dropbox/Projects/bachelor_project_HLS/misc/matmul_mem_external/hls/matrixmul.cpp 
@I [HLS-100] Command     is_encrypted returned 0; 0 sec.
@I [HLS-100] Execute     is_encrypted C:/Dropbox/Projects/bachelor_project_HLS/misc/matmul_mem_external/hls/matrixmul.h 
@I [HLS-100] Command     is_encrypted returned 0; 0 sec.
@I [HLS-100] Execute     source C:/Dropbox/Projects/bachelor_project_HLS/misc/matmul_mem_external/hls/hls_matmul/solution_bram_BRAM/.autopilot/db/matrixmul.tbgen.tcl 
@I [HLS-100] Command     ap_source returned 0; 0.002 sec.
@I [HLS-100] Execute     source C:/Dropbox/Projects/bachelor_project_HLS/misc/matmul_mem_external/hls/hls_matmul/solution_bram_BRAM/.autopilot/db/matrixmul.tbgen.tcl 
@I [HLS-100] Command     ap_source returned 0; 0.001 sec.
@I [COSIM-47] Using XSIM for RTL simulation.
@I [COSIM-14] Instrumenting C test bench ...
@I [HLS-0] Marker-Pragma convertor: C:/Dropbox/Projects/bachelor_project_HLS/misc/matmul_mem_external/hls/hls_matmul/solution_bram_BRAM/./sim/autowrap/testbench/matrixmul_test.cpp_pre.cpp C:/Dropbox/Projects/bachelor_project_HLS/misc/matmul_mem_external/hls/hls_matmul/solution_bram_BRAM/./sim/autowrap/testbench/matrixmul_test.cpp_pre.cpp.line.cpp ./sim/autowrap/testbench/line.tmp 1
@I [HLS-0] Converting Markers to Pragmas...
@I [HLS-0] Marker-Pragma convertor: ./sim/autowrap/testbench/matrixmul_test.cpp_pre.cpp.tb.cpp.line ./sim/autowrap/testbench/matrixmul_test.cpp_pre.cpp.tb.cpp ./sim/autowrap/testbench/line.tmp 0
@I [HLS-0] Converting Pragmas to Markers...
@I [HLS-0] Marker-Pragma convertor: C:/Dropbox/Projects/bachelor_project_HLS/misc/matmul_mem_external/hls/hls_matmul/solution_bram_BRAM/./sim/autowrap/testbench/matrixmul.cpp_pre.cpp C:/Dropbox/Projects/bachelor_project_HLS/misc/matmul_mem_external/hls/hls_matmul/solution_bram_BRAM/./sim/autowrap/testbench/matrixmul.cpp_pre.cpp.line.cpp ./sim/autowrap/testbench/line.tmp 1
@I [HLS-0] Converting Markers to Pragmas...
@I [HLS-0] Marker-Pragma convertor: ./sim/autowrap/testbench/matrixmul.cpp_pre.cpp.tb.cpp.line ./sim/autowrap/testbench/matrixmul.cpp_pre.cpp.tb.cpp ./sim/autowrap/testbench/line.tmp 0
@I [HLS-0] Converting Pragmas to Markers...
@I [HLS-100] Execute     source C:/Dropbox/Projects/bachelor_project_HLS/misc/matmul_mem_external/hls/hls_matmul/solution_bram_BRAM/./sim/autowrap/testbench/tb.status.tcl 
@I [HLS-100] Command     ap_source returned 0; 0.001 sec.
@I [HLS-100] Execute     source C:/Dropbox/Projects/bachelor_project_HLS/misc/matmul_mem_external/hls/hls_matmul/solution_bram_BRAM/.autopilot/db/global.setting.tcl 
@I [HLS-100] Command     ap_source returned 0; 0.001 sec.
@I [HLS-100] Execute     source C:/Dropbox/Projects/bachelor_project_HLS/misc/matmul_mem_external/hls/hls_matmul/solution_bram_BRAM/.autopilot/db/matrixmul.rtl_wrap.cfg.tcl 
@I [HLS-100] Command     ap_source returned 0; 0.001 sec.
@I [HLS-100] Execute     source C:/Dropbox/Projects/bachelor_project_HLS/misc/matmul_mem_external/hls/hls_matmul/solution_bram_BRAM/.autopilot/db/matrixmul.rtl_wrap.cfg.tcl 
@I [HLS-100] Command     ap_source returned 0; 0.001 sec.
@I [HLS-100] Execute     source C:/Dropbox/Projects/bachelor_project_HLS/misc/matmul_mem_external/hls/hls_matmul/solution_bram_BRAM/.autopilot/db/matrixmul.rtl_wrap.cfg.tcl 
@I [HLS-100] Command     ap_source returned 0; 0.001 sec.
@I [HLS-100] Execute     source C:/Dropbox/Projects/bachelor_project_HLS/misc/matmul_mem_external/hls/hls_matmul/solution_bram_BRAM/.autopilot/db/matrixmul.tbgen.tcl 
@I [HLS-100] Command     ap_source returned 0; 0.001 sec.
@I [HLS-100] Execute     source C:/Dropbox/Projects/bachelor_project_HLS/misc/matmul_mem_external/hls/hls_matmul/solution_bram_BRAM/.autopilot/db/matrixmul.tbgen.tcl 
@I [HLS-100] Command     ap_source returned 0; 0.001 sec.
@I [HLS-100] Execute     source .run_sim.tcl 
@I [COSIM-302] Starting C TB testing ... 
@I [HLS-100] Command     ap_source returned 0; 0.07 sec.
@I [COSIM-333] Generating C post check test bench ...
@I [COSIM-12] Generating RTL test bench ...
@I [HLS-100] Execute     source C:/Dropbox/Projects/bachelor_project_HLS/misc/matmul_mem_external/hls/hls_matmul/solution_bram_BRAM/.autopilot/db/matrixmul.tbgen.tcl 
@I [HLS-100] Command     ap_source returned 0; 0.001 sec.
@I [HLS-100] Execute     source C:/Dropbox/Projects/bachelor_project_HLS/misc/matmul_mem_external/hls/hls_matmul/solution_bram_BRAM/.autopilot/db/matrixmul.tbgen.tcl 
@I [HLS-100] Command     ap_source returned 0; 0.001 sec.
@I [HLS-100] Execute     source C:/Dropbox/Projects/bachelor_project_HLS/misc/matmul_mem_external/hls/hls_matmul/solution_bram_BRAM/.autopilot/db/matrixmul.tbgen.tcl 
@I [HLS-100] Command     ap_source returned 0; 0.001 sec.
@I [HLS-100] Execute     source C:/Dropbox/Projects/bachelor_project_HLS/misc/matmul_mem_external/hls/hls_matmul/solution_bram_BRAM/.autopilot/db/matrixmul.tbgen.tcl 
@I [HLS-100] Command     ap_source returned 0; 0.001 sec.
@I [HLS-100] Execute     source ../tv/cdatafile/ref.tcl 
@I [HLS-100] Command     ap_source returned 0; 0.001 sec.
@I [HLS-100] Execute     source C:/Dropbox/Projects/bachelor_project_HLS/misc/matmul_mem_external/hls/hls_matmul/solution_bram_BRAM/.autopilot/db/matrixmul.tbgen.tcl 
@I [HLS-100] Command     ap_source returned 0; 0.001 sec.
@I [HLS-100] Execute     source C:/Dropbox/Projects/bachelor_project_HLS/misc/matmul_mem_external/hls/hls_matmul/solution_bram_BRAM/.autopilot/db/matrixmul.tbgen.tcl 
@I [HLS-100] Command     ap_source returned 0; 0.001 sec.
@I [HLS-100] Execute     source C:/Dropbox/Projects/bachelor_project_HLS/misc/matmul_mem_external/hls/hls_matmul/solution_bram_BRAM/.autopilot/db/matrixmul.tbgen.tcl 
@I [HLS-100] Command     ap_source returned 0; 0.001 sec.
@I [HLS-100] Execute     source C:/Dropbox/Projects/bachelor_project_HLS/misc/matmul_mem_external/hls/hls_matmul/solution_bram_BRAM/.autopilot/db/matrixmul.tbgen.tcl 
@I [HLS-100] Command     ap_source returned 0; 0 sec.
@I [HLS-100] Execute     source C:/Dropbox/Projects/bachelor_project_HLS/misc/matmul_mem_external/hls/hls_matmul/solution_bram_BRAM/.autopilot/db/matrixmul.tbgen.tcl 
@I [HLS-100] Command     ap_source returned 0; 0 sec.
@I [HLS-100] Execute     source C:/Dropbox/Projects/bachelor_project_HLS/misc/matmul_mem_external/hls/hls_matmul/solution_bram_BRAM/.autopilot/db/matrixmul.tbgen.tcl 
@I [HLS-100] Command     ap_source returned 0; 0.002 sec.
@I [HLS-100] Execute     source C:/Dropbox/Projects/bachelor_project_HLS/misc/matmul_mem_external/hls/hls_matmul/solution_bram_BRAM/.autopilot/db/matrixmul.tbgen.tcl 
@I [HLS-100] Command     ap_source returned 0; 0.001 sec.
@I [HLS-100] Execute     source C:/Dropbox/Projects/bachelor_project_HLS/misc/matmul_mem_external/hls/hls_matmul/solution_bram_BRAM/.autopilot/db/matrixmul.tbgen.tcl 
@I [HLS-100] Command     ap_source returned 0; 0 sec.
@I [HLS-100] Execute     source C:/Dropbox/Projects/bachelor_project_HLS/misc/matmul_mem_external/hls/hls_matmul/solution_bram_BRAM/.autopilot/db/matrixmul.tbgen.tcl 
@I [HLS-100] Command     ap_source returned 0; 0.001 sec.
@I [HLS-100] Execute     source C:/Dropbox/Projects/bachelor_project_HLS/misc/matmul_mem_external/hls/hls_matmul/solution_bram_BRAM/.autopilot/db/matrixmul.tbgen.tcl 
@I [HLS-100] Command     ap_source returned 0; 0 sec.
@I [HLS-100] Execute     source C:/Dropbox/Projects/bachelor_project_HLS/misc/matmul_mem_external/hls/hls_matmul/solution_bram_BRAM/.autopilot/db/matrixmul.tbgen.tcl 
@I [HLS-100] Command     ap_source returned 0; 0.001 sec.
@I [HLS-100] Execute     source C:/Dropbox/Projects/bachelor_project_HLS/misc/matmul_mem_external/hls/hls_matmul/solution_bram_BRAM/.autopilot/db/matrixmul.tbgen.tcl 
@I [HLS-100] Command     ap_source returned 0; 0.001 sec.
@I [HLS-100] Execute     source C:/Dropbox/Projects/bachelor_project_HLS/misc/matmul_mem_external/hls/hls_matmul/solution_bram_BRAM/.autopilot/db/matrixmul.tbgen.tcl 
@I [HLS-100] Command     ap_source returned 0; 0 sec.
@I [HLS-100] Execute     source C:/Dropbox/Projects/bachelor_project_HLS/misc/matmul_mem_external/hls/hls_matmul/solution_bram_BRAM/.autopilot/db/matrixmul.tbgen.tcl 
@I [HLS-100] Command     ap_source returned 0; 0.001 sec.
@I [HLS-100] Execute     source C:/Dropbox/Projects/bachelor_project_HLS/misc/matmul_mem_external/hls/hls_matmul/solution_bram_BRAM/.autopilot/db/matrixmul.tbgen.tcl 
@I [HLS-100] Command     ap_source returned 0; 0.001 sec.
@I [HLS-100] Execute     source C:/Dropbox/Projects/bachelor_project_HLS/misc/matmul_mem_external/hls/hls_matmul/solution_bram_BRAM/.autopilot/db/matrixmul.tbgen.tcl 
@I [HLS-100] Command     ap_source returned 0; 0.001 sec.
@I [HLS-100] Execute     source C:/Dropbox/Projects/bachelor_project_HLS/misc/matmul_mem_external/hls/hls_matmul/solution_bram_BRAM/.autopilot/db/matrixmul.tbgen.tcl 
@I [HLS-100] Command     ap_source returned 0; 0.001 sec.
@I [HLS-100] Execute     source ../tv/cdatafile/ref.tcl 
@I [HLS-100] Command     ap_source returned 0; 0.001 sec.
@I [HLS-100] Execute     source C:/Dropbox/Projects/bachelor_project_HLS/misc/matmul_mem_external/hls/hls_matmul/solution_bram_BRAM/.autopilot/db/matrixmul.tbgen.tcl 
@I [HLS-100] Command     ap_source returned 0; 0.001 sec.
@I [HLS-100] Execute     source C:/Dropbox/Projects/bachelor_project_HLS/misc/matmul_mem_external/hls/hls_matmul/solution_bram_BRAM/.autopilot/db/matrixmul.tbgen.tcl 
@I [HLS-100] Command     ap_source returned 0; 0.001 sec.
@I [HLS-100] Execute     source C:/Dropbox/Projects/bachelor_project_HLS/misc/matmul_mem_external/hls/hls_matmul/solution_bram_BRAM/.autopilot/db/matrixmul.tbgen.tcl 
@I [HLS-100] Command     ap_source returned 0; 0.001 sec.
@I [HLS-100] Execute     source C:/Dropbox/Projects/bachelor_project_HLS/misc/matmul_mem_external/hls/hls_matmul/solution_bram_BRAM/.autopilot/db/matrixmul.tbgen.tcl 
@I [HLS-100] Command     ap_source returned 0; 0.001 sec.
@I [HLS-100] Execute     source C:/Dropbox/Projects/bachelor_project_HLS/misc/matmul_mem_external/hls/hls_matmul/solution_bram_BRAM/.autopilot/db/matrixmul.tbgen.tcl 
@I [HLS-100] Command     ap_source returned 0; 0.001 sec.
@I [HLS-100] Execute     source C:/Dropbox/Projects/bachelor_project_HLS/misc/matmul_mem_external/hls/hls_matmul/solution_bram_BRAM/.autopilot/db/matrixmul.tbgen.tcl 
@I [HLS-100] Command     ap_source returned 0; 0.001 sec.
@I [HLS-100] Execute     source C:/Dropbox/Projects/bachelor_project_HLS/misc/matmul_mem_external/hls/hls_matmul/solution_bram_BRAM/.autopilot/db/matrixmul.tbgen.tcl 
@I [HLS-100] Command     ap_source returned 0; 0.001 sec.
@I [HLS-100] Execute     source C:/Dropbox/Projects/bachelor_project_HLS/misc/matmul_mem_external/hls/hls_matmul/solution_bram_BRAM/.autopilot/db/matrixmul.tbgen.tcl 
@I [HLS-100] Command     ap_source returned 0; 0.001 sec.
@I [HLS-100] Execute     source C:/Dropbox/Projects/bachelor_project_HLS/misc/matmul_mem_external/hls/hls_matmul/solution_bram_BRAM/.autopilot/db/matrixmul.tbgen.tcl 
@I [HLS-100] Command     ap_source returned 0; 0.001 sec.
@I [HLS-100] Execute     source C:/Dropbox/Projects/bachelor_project_HLS/misc/matmul_mem_external/hls/hls_matmul/solution_bram_BRAM/.autopilot/db/matrixmul.tbgen.tcl 
@I [HLS-100] Command     ap_source returned 0; 0.001 sec.
@I [HLS-100] Execute     source C:/Dropbox/Projects/bachelor_project_HLS/misc/matmul_mem_external/hls/hls_matmul/solution_bram_BRAM/.autopilot/db/matrixmul.tbgen.tcl 
@I [HLS-100] Command     ap_source returned 0; 0 sec.
@I [HLS-100] Execute     source C:/Dropbox/Projects/bachelor_project_HLS/misc/matmul_mem_external/hls/hls_matmul/solution_bram_BRAM/.autopilot/db/matrixmul.tbgen.tcl 
@I [HLS-100] Command     ap_source returned 0; 0 sec.
@I [HLS-100] Execute     source C:/Dropbox/Projects/bachelor_project_HLS/misc/matmul_mem_external/hls/hls_matmul/solution_bram_BRAM/.autopilot/db/matrixmul.tbgen.tcl 
@I [HLS-100] Command     ap_source returned 0; 0.002 sec.
@I [HLS-100] Execute     source .run_sim.tcl 
@I [HLS-100] Execute       source check_sim.tcl 
@I [HLS-100] Command       ap_source returned 0; 0.001 sec.
@I [HLS-100] Execute       source .sim.status.tcl 
@I [HLS-100] Command       ap_source returned 0; 0.001 sec.
@I [COSIM-322] Starting VHDL simulation. 
@I [COSIM-15] Starting XSIM ...
@I [COSIM-316] Starting C post checking ...
@I [HLS-100] Command     ap_source returned 0; 12.842 sec.
@I [COSIM-1000] *** C/RTL co-simulation finished: PASS ***
@I [HLS-100] Command   cosim_design returned 0; 21.568 sec.
@I [HLS-100] Command ap_source returned 0; 21.836 sec.
@I [HLS-100] Execute cleanup_all 
@I [HLS-100] Command cleanup_all returned 0; 0 sec.
