

================================================================
== Vivado HLS Report for 'matmul_hw'
================================================================
* Date:           Mon Apr 24 20:36:52 2017

* Version:        2016.4 (Build 1733598 on Wed Dec 14 22:59:20 MST 2016)
* Project:        hls_matmul_float
* Solution:       matmul_3b_32x32
* Product family: artix7
* Target device:  xc7a100tcsg324-1


================================================================
== Performance Estimates
================================================================
+ Timing (ns): 
    * Summary: 
    +--------+-------+----------+------------+
    |  Clock | Target| Estimated| Uncertainty|
    +--------+-------+----------+------------+
    |ap_clk  |  10.00|      9.44|        1.25|
    +--------+-------+----------+------------+

+ Latency (clock cycles): 
    * Summary: 
    +-------+-------+-------+-------+---------+
    |    Latency    |    Interval   | Pipeline|
    |  min  |  max  |  min  |  max  |   Type  |
    +-------+-------+-------+-------+---------+
    |  32905|  32905|  32906|  32906|   none  |
    +-------+-------+-------+-------+---------+

    + Detail: 
        * Instance: 
        N/A

        * Loop: 
        +----------+-------+-------+----------+-----------+-----------+------+----------+
        |          |    Latency    | Iteration|  Initiation Interval  | Trip |          |
        | Loop Name|  min  |  max  |  Latency |  achieved |   target  | Count| Pipelined|
        +----------+-------+-------+----------+-----------+-----------+------+----------+
        |- L_col   |  32903|  32903|       168|         32|          1|  1024|    yes   |
        +----------+-------+-------+----------+-----------+-----------+------+----------+



================================================================
== Utilization Estimates
================================================================
* Summary: 
+-----------------+---------+-------+--------+-------+
|       Name      | BRAM_18K| DSP48E|   FF   |  LUT  |
+-----------------+---------+-------+--------+-------+
|DSP              |        -|      -|       -|      -|
|Expression       |        -|      -|       0|   1665|
|FIFO             |        -|      -|       -|      -|
|Instance         |        -|      5|     348|    345|
|Memory           |       32|      -|       0|      0|
|Multiplexer      |        -|      -|       -|   1935|
|Register         |        -|      -|    2729|    557|
+-----------------+---------+-------+--------+-------+
|Total            |       32|      5|    3077|   4502|
+-----------------+---------+-------+--------+-------+
|Available        |      270|    240|  126800|  63400|
+-----------------+---------+-------+--------+-------+
|Utilization (%)  |       11|      2|       2|      7|
+-----------------+---------+-------+--------+-------+

+ Detail: 
    * Instance: 
    +-------------------------+----------------------+---------+-------+-----+-----+
    |         Instance        |        Module        | BRAM_18K| DSP48E|  FF | LUT |
    +-------------------------+----------------------+---------+-------+-----+-----+
    |matmul_hw_fadd_32g8j_U1  |matmul_hw_fadd_32g8j  |        0|      2|  205|  205|
    |matmul_hw_fmul_32hbi_U2  |matmul_hw_fmul_32hbi  |        0|      3|  143|  140|
    +-------------------------+----------------------+---------+-------+-----+-----+
    |Total                    |                      |        0|      5|  348|  345|
    +-------------------------+----------------------+---------+-------+-----+-----+

    * DSP48: 
    N/A

    * Memory: 
    +-------------+--------------------+---------+---+----+------+-----+------+-------------+
    |    Memory   |       Module       | BRAM_18K| FF| LUT| Words| Bits| Banks| W*Bits*Banks|
    +-------------+--------------------+---------+---+----+------+-----+------+-------------+
    |b_copy_0_U   |matmul_hw_b_copy_0  |        1|  0|   0|    32|   32|     1|         1024|
    |b_copy_1_U   |matmul_hw_b_copy_0  |        1|  0|   0|    32|   32|     1|         1024|
    |b_copy_2_U   |matmul_hw_b_copy_0  |        1|  0|   0|    32|   32|     1|         1024|
    |b_copy_3_U   |matmul_hw_b_copy_0  |        1|  0|   0|    32|   32|     1|         1024|
    |b_copy_4_U   |matmul_hw_b_copy_0  |        1|  0|   0|    32|   32|     1|         1024|
    |b_copy_5_U   |matmul_hw_b_copy_0  |        1|  0|   0|    32|   32|     1|         1024|
    |b_copy_6_U   |matmul_hw_b_copy_0  |        1|  0|   0|    32|   32|     1|         1024|
    |b_copy_7_U   |matmul_hw_b_copy_0  |        1|  0|   0|    32|   32|     1|         1024|
    |b_copy_8_U   |matmul_hw_b_copy_0  |        1|  0|   0|    32|   32|     1|         1024|
    |b_copy_9_U   |matmul_hw_b_copy_0  |        1|  0|   0|    32|   32|     1|         1024|
    |b_copy_10_U  |matmul_hw_b_copy_0  |        1|  0|   0|    32|   32|     1|         1024|
    |b_copy_11_U  |matmul_hw_b_copy_0  |        1|  0|   0|    32|   32|     1|         1024|
    |b_copy_12_U  |matmul_hw_b_copy_0  |        1|  0|   0|    32|   32|     1|         1024|
    |b_copy_13_U  |matmul_hw_b_copy_0  |        1|  0|   0|    32|   32|     1|         1024|
    |b_copy_14_U  |matmul_hw_b_copy_0  |        1|  0|   0|    32|   32|     1|         1024|
    |b_copy_15_U  |matmul_hw_b_copy_0  |        1|  0|   0|    32|   32|     1|         1024|
    |b_copy_16_U  |matmul_hw_b_copy_0  |        1|  0|   0|    32|   32|     1|         1024|
    |b_copy_17_U  |matmul_hw_b_copy_0  |        1|  0|   0|    32|   32|     1|         1024|
    |b_copy_18_U  |matmul_hw_b_copy_0  |        1|  0|   0|    32|   32|     1|         1024|
    |b_copy_19_U  |matmul_hw_b_copy_0  |        1|  0|   0|    32|   32|     1|         1024|
    |b_copy_20_U  |matmul_hw_b_copy_0  |        1|  0|   0|    32|   32|     1|         1024|
    |b_copy_21_U  |matmul_hw_b_copy_0  |        1|  0|   0|    32|   32|     1|         1024|
    |b_copy_22_U  |matmul_hw_b_copy_0  |        1|  0|   0|    32|   32|     1|         1024|
    |b_copy_23_U  |matmul_hw_b_copy_0  |        1|  0|   0|    32|   32|     1|         1024|
    |b_copy_24_U  |matmul_hw_b_copy_0  |        1|  0|   0|    32|   32|     1|         1024|
    |b_copy_25_U  |matmul_hw_b_copy_0  |        1|  0|   0|    32|   32|     1|         1024|
    |b_copy_26_U  |matmul_hw_b_copy_0  |        1|  0|   0|    32|   32|     1|         1024|
    |b_copy_27_U  |matmul_hw_b_copy_0  |        1|  0|   0|    32|   32|     1|         1024|
    |b_copy_28_U  |matmul_hw_b_copy_0  |        1|  0|   0|    32|   32|     1|         1024|
    |b_copy_29_U  |matmul_hw_b_copy_0  |        1|  0|   0|    32|   32|     1|         1024|
    |b_copy_30_U  |matmul_hw_b_copy_0  |        1|  0|   0|    32|   32|     1|         1024|
    |b_copy_31_U  |matmul_hw_b_copy_0  |        1|  0|   0|    32|   32|     1|         1024|
    +-------------+--------------------+---------+---+----+------+-----+------+-------------+
    |Total        |                    |       32|  0|   0|  1024| 1024|    32|        32768|
    +-------------+--------------------+---------+---+----+------+-----+------+-------------+

    * FIFO: 
    N/A

    * Expression: 
    +--------------------------------+----------+-------+---+----+------------+------------+
    |          Variable Name         | Operation| DSP48E| FF| LUT| Bitwidth P0| Bitwidth P1|
    +--------------------------------+----------+-------+---+----+------------+------------+
    |i_1_fu_1710_p2                  |     +    |      0|  0|   6|           6|           1|
    |indvar_flatten_next_fu_1704_p2  |     +    |      0|  0|  11|          11|           1|
    |j_1_fu_2987_p2                  |     +    |      0|  0|   6|           6|           1|
    |tmp_70_fu_1793_p2               |     +    |      0|  0|   7|           7|           6|
    |tmp_72_fu_1868_p2               |     +    |      0|  0|   8|           8|           7|
    |tmp_74_fu_1947_p2               |     +    |      0|  0|   8|           8|           8|
    |tmp_76_fu_2028_p2               |     +    |      0|  0|   9|           9|           8|
    |tmp_78_fu_2107_p2               |     +    |      0|  0|   9|           9|           9|
    |tmp_80_fu_2185_p2               |     +    |      0|  0|   9|           9|           9|
    |tmp_83_fu_2342_p2               |     +    |      0|  0|  10|          10|           9|
    |tmp_85_fu_2421_p2               |     +    |      0|  0|  10|          10|          10|
    |tmp_87_fu_2499_p2               |     +    |      0|  0|  10|          10|          10|
    |tmp_89_fu_2577_p2               |     +    |      0|  0|  10|          10|          10|
    |tmp_91_fu_2655_p2               |     +    |      0|  0|  10|          10|          10|
    |tmp_96_fu_2967_p2               |     +    |      0|  0|  11|          11|          10|
    |tmp_97_fu_2981_p2               |     +    |      0|  0|  12|          12|          12|
    |exitcond_flatten_fu_1698_p2     |   icmp   |      0|  0|   5|          11|          12|
    |exitcond_fu_1716_p2             |   icmp   |      0|  0|   3|           6|           7|
    |tmp1_fu_1736_p2                 |   icmp   |      0|  0|   3|           6|           1|
    |tmp_5_fu_1818_p2                |   icmp   |      0|  0|   3|           6|           1|
    |tmp_mid1_fu_1730_p2             |   icmp   |      0|  0|   3|           6|           1|
    |tmp_10_fu_1804_p2               |    or    |      0|  0|  15|          11|           2|
    |tmp_12_fu_1838_p2               |    or    |      0|  0|  15|          11|           2|
    |tmp_14_fu_1882_p2               |    or    |      0|  0|  15|          11|           3|
    |tmp_16_fu_1920_p2               |    or    |      0|  0|  15|          11|           3|
    |tmp_18_fu_1960_p2               |    or    |      0|  0|  15|          11|           3|
    |tmp_20_fu_1998_p2               |    or    |      0|  0|  15|          11|           3|
    |tmp_22_fu_2042_p2               |    or    |      0|  0|  15|          11|           4|
    |tmp_24_fu_2080_p2               |    or    |      0|  0|  15|          11|           4|
    |tmp_26_fu_2120_p2               |    or    |      0|  0|  15|          11|           4|
    |tmp_28_fu_2158_p2               |    or    |      0|  0|  15|          11|           4|
    |tmp_30_fu_2198_p2               |    or    |      0|  0|  15|          11|           4|
    |tmp_32_fu_2236_p2               |    or    |      0|  0|  15|          11|           4|
    |tmp_34_fu_2274_p2               |    or    |      0|  0|  15|          11|           4|
    |tmp_36_fu_2312_p2               |    or    |      0|  0|  15|          11|           4|
    |tmp_38_fu_2356_p2               |    or    |      0|  0|  15|          11|           5|
    |tmp_40_fu_2394_p2               |    or    |      0|  0|  15|          11|           5|
    |tmp_42_fu_2434_p2               |    or    |      0|  0|  15|          11|           5|
    |tmp_44_fu_2472_p2               |    or    |      0|  0|  15|          11|           5|
    |tmp_46_fu_2512_p2               |    or    |      0|  0|  15|          11|           5|
    |tmp_48_fu_2550_p2               |    or    |      0|  0|  15|          11|           5|
    |tmp_50_fu_2590_p2               |    or    |      0|  0|  15|          11|           5|
    |tmp_52_fu_2628_p2               |    or    |      0|  0|  15|          11|           5|
    |tmp_54_fu_2668_p2               |    or    |      0|  0|  15|          11|           5|
    |tmp_56_fu_2706_p2               |    or    |      0|  0|  15|          11|           5|
    |tmp_58_fu_2744_p2               |    or    |      0|  0|  15|          11|           5|
    |tmp_60_fu_2782_p2               |    or    |      0|  0|  15|          11|           5|
    |tmp_62_fu_2820_p2               |    or    |      0|  0|  15|          11|           5|
    |tmp_64_fu_2858_p2               |    or    |      0|  0|  15|          11|           5|
    |tmp_66_fu_2896_p2               |    or    |      0|  0|  15|          11|           5|
    |tmp_68_fu_2937_p2               |    or    |      0|  0|  15|          11|           5|
    |tmp_6_fu_1776_p2                |    or    |      0|  0|  15|          11|           1|
    |a_row_load_10_fu_2250_p3        |  select  |      0|  0|  32|           1|          32|
    |a_row_load_11_fu_2288_p3        |  select  |      0|  0|  32|           1|          32|
    |a_row_load_12_fu_2326_p3        |  select  |      0|  0|  32|           1|          32|
    |a_row_load_13_fu_2370_p3        |  select  |      0|  0|  32|           1|          32|
    |a_row_load_14_fu_2408_p3        |  select  |      0|  0|  32|           1|          32|
    |a_row_load_15_fu_2448_p3        |  select  |      0|  0|  32|           1|          32|
    |a_row_load_16_fu_2486_p3        |  select  |      0|  0|  32|           1|          32|
    |a_row_load_17_fu_2526_p3        |  select  |      0|  0|  32|           1|          32|
    |a_row_load_18_fu_2564_p3        |  select  |      0|  0|  32|           1|          32|
    |a_row_load_19_fu_2604_p3        |  select  |      0|  0|  32|           1|          32|
    |a_row_load_1_fu_1896_p3         |  select  |      0|  0|  32|           1|          32|
    |a_row_load_20_fu_2642_p3        |  select  |      0|  0|  32|           1|          32|
    |a_row_load_21_fu_2682_p3        |  select  |      0|  0|  32|           1|          32|
    |a_row_load_22_fu_2720_p3        |  select  |      0|  0|  32|           1|          32|
    |a_row_load_23_fu_2758_p3        |  select  |      0|  0|  32|           1|          32|
    |a_row_load_24_fu_2796_p3        |  select  |      0|  0|  32|           1|          32|
    |a_row_load_25_fu_2834_p3        |  select  |      0|  0|  32|           1|          32|
    |a_row_load_26_fu_2872_p3        |  select  |      0|  0|  32|           1|          32|
    |a_row_load_27_fu_2910_p3        |  select  |      0|  0|  32|           1|          32|
    |a_row_load_28_fu_2951_p3        |  select  |      0|  0|  32|           1|          32|
    |a_row_load_29_fu_3015_p3        |  select  |      0|  0|  32|           1|          32|
    |a_row_load_2_fu_1934_p3         |  select  |      0|  0|  32|           1|          32|
    |a_row_load_30_fu_3008_p3        |  select  |      0|  0|  32|           1|          32|
    |a_row_load_31_fu_3001_p3        |  select  |      0|  0|  32|           1|          32|
    |a_row_load_3_fu_1974_p3         |  select  |      0|  0|  32|           1|          32|
    |a_row_load_4_fu_2012_p3         |  select  |      0|  0|  32|           1|          32|
    |a_row_load_5_fu_2056_p3         |  select  |      0|  0|  32|           1|          32|
    |a_row_load_6_fu_2094_p3         |  select  |      0|  0|  32|           1|          32|
    |a_row_load_7_fu_2134_p3         |  select  |      0|  0|  32|           1|          32|
    |a_row_load_8_fu_2172_p3         |  select  |      0|  0|  32|           1|          32|
    |a_row_load_9_fu_2212_p3         |  select  |      0|  0|  32|           1|          32|
    |a_row_load_fu_1852_p3           |  select  |      0|  0|  32|           1|          32|
    |i2_mid2_v_fu_1750_p3            |  select  |      0|  0|   6|           1|           6|
    |j_mid2_fu_1722_p3               |  select  |      0|  0|   6|           1|           1|
    |tmp_mid2_fu_1742_p3             |  select  |      0|  0|   1|           1|           1|
    +--------------------------------+----------+-------+---+----+------------+------------+
    |Total                           |          |      0|  0|1665|         557|        1304|
    +--------------------------------+----------+-------+---+----+------------+------------+

    * Multiplexer: 
    +-------------------------------+-----+-----------+-----+-----------+
    |              Name             | LUT | Input Size| Bits| Total Bits|
    +-------------------------------+-----+-----------+-----+-----------+
    |a_0_Addr_A_orig                |  320|         33|   32|       1056|
    |a_1_Addr_A_orig                |  320|         33|   32|       1056|
    |a_2_WEN_A                      |    4|          2|    4|          8|
    |ap_NS_fsm                      |   60|         35|    1|         35|
    |ap_enable_reg_pp0_iter5        |    1|          2|    1|          2|
    |b_copy_0_address0              |    5|          3|    5|         15|
    |b_copy_10_address0             |    5|          3|    5|         15|
    |b_copy_11_address0             |    5|          3|    5|         15|
    |b_copy_12_address0             |    5|          3|    5|         15|
    |b_copy_13_address0             |    5|          3|    5|         15|
    |b_copy_14_address0             |    5|          3|    5|         15|
    |b_copy_15_address0             |    5|          3|    5|         15|
    |b_copy_16_address0             |    5|          3|    5|         15|
    |b_copy_17_address0             |    5|          3|    5|         15|
    |b_copy_18_address0             |    5|          3|    5|         15|
    |b_copy_19_address0             |    5|          3|    5|         15|
    |b_copy_1_address0              |    5|          3|    5|         15|
    |b_copy_20_address0             |    5|          3|    5|         15|
    |b_copy_21_address0             |    5|          3|    5|         15|
    |b_copy_22_address0             |    5|          3|    5|         15|
    |b_copy_23_address0             |    5|          3|    5|         15|
    |b_copy_24_address0             |    5|          3|    5|         15|
    |b_copy_25_address0             |    5|          3|    5|         15|
    |b_copy_26_address0             |    5|          3|    5|         15|
    |b_copy_27_address0             |    5|          3|    5|         15|
    |b_copy_28_address0             |    5|          3|    5|         15|
    |b_copy_29_address0             |    5|          3|    5|         15|
    |b_copy_2_address0              |    5|          3|    5|         15|
    |b_copy_30_address0             |    5|          3|    5|         15|
    |b_copy_31_address0             |    5|          3|    5|         15|
    |b_copy_3_address0              |    5|          3|    5|         15|
    |b_copy_4_address0              |    5|          3|    5|         15|
    |b_copy_5_address0              |    5|          3|    5|         15|
    |b_copy_6_address0              |    5|          3|    5|         15|
    |b_copy_7_address0              |    5|          3|    5|         15|
    |b_copy_8_address0              |    5|          3|    5|         15|
    |b_copy_9_address0              |    5|          3|    5|         15|
    |grp_fu_1617_p0                 |   64|          8|   32|        256|
    |grp_fu_1617_p1                 |  320|         33|   32|       1056|
    |grp_fu_1622_p0                 |  320|         33|   32|       1056|
    |grp_fu_1622_p1                 |  320|         33|   32|       1056|
    |i_phi_fu_1599_p4               |    6|          2|    6|         12|
    |i_reg_1595                     |    6|          2|    6|         12|
    |indvar_flatten_phi_fu_1588_p4  |   11|          2|   11|         22|
    |indvar_flatten_reg_1584        |   11|          2|   11|         22|
    |j_phi_fu_1610_p4               |    6|          2|    6|         12|
    |j_reg_1606                     |    6|          2|    6|         12|
    +-------------------------------+-----+-----------+-----+-----------+
    |Total                          | 1935|        320|  404|       6153|
    +-------------------------------+-----+-----------+-----+-----------+

    * Register: 
    +----------------------------------------------+----+----+-----+-----------+
    |                     Name                     | FF | LUT| Bits| Const Bits|
    +----------------------------------------------+----+----+-----+-----------+
    |a_row_load_018_fu_188                         |  32|   0|   32|          0|
    |a_row_load_30_reg_4353                        |  32|   0|   32|          0|
    |a_row_load_31_reg_4348                        |  32|   0|   32|          0|
    |a_row_load_32_fu_308                          |  32|   0|   32|          0|
    |a_row_load_33_fu_304                          |  32|   0|   32|          0|
    |a_row_load_34_fu_300                          |  32|   0|   32|          0|
    |a_row_load_35_fu_296                          |  32|   0|   32|          0|
    |a_row_load_36_fu_292                          |  32|   0|   32|          0|
    |a_row_load_37_fu_288                          |  32|   0|   32|          0|
    |a_row_load_38_fu_284                          |  32|   0|   32|          0|
    |a_row_load_39_fu_280                          |  32|   0|   32|          0|
    |a_row_load_40_fu_276                          |  32|   0|   32|          0|
    |a_row_load_41_fu_272                          |  32|   0|   32|          0|
    |a_row_load_42_fu_268                          |  32|   0|   32|          0|
    |a_row_load_43_fu_264                          |  32|   0|   32|          0|
    |a_row_load_44_fu_260                          |  32|   0|   32|          0|
    |a_row_load_45_fu_256                          |  32|   0|   32|          0|
    |a_row_load_46_fu_252                          |  32|   0|   32|          0|
    |a_row_load_47_fu_248                          |  32|   0|   32|          0|
    |a_row_load_48_fu_244                          |  32|   0|   32|          0|
    |a_row_load_49_fu_240                          |  32|   0|   32|          0|
    |a_row_load_50_fu_236                          |  32|   0|   32|          0|
    |a_row_load_51_fu_232                          |  32|   0|   32|          0|
    |a_row_load_52_fu_228                          |  32|   0|   32|          0|
    |a_row_load_53_fu_224                          |  32|   0|   32|          0|
    |a_row_load_54_fu_220                          |  32|   0|   32|          0|
    |a_row_load_55_fu_216                          |  32|   0|   32|          0|
    |a_row_load_56_fu_212                          |  32|   0|   32|          0|
    |a_row_load_57_fu_208                          |  32|   0|   32|          0|
    |a_row_load_58_fu_204                          |  32|   0|   32|          0|
    |a_row_load_59_fu_200                          |  32|   0|   32|          0|
    |a_row_load_60_fu_196                          |  32|   0|   32|          0|
    |a_row_load_61_fu_192                          |  32|   0|   32|          0|
    |a_row_load_s_fu_312                           |  32|   0|   32|          0|
    |ap_CS_fsm                                     |  34|   0|   34|          0|
    |ap_enable_reg_pp0_iter0                       |   1|   0|    1|          0|
    |ap_enable_reg_pp0_iter1                       |   1|   0|    1|          0|
    |ap_enable_reg_pp0_iter2                       |   1|   0|    1|          0|
    |ap_enable_reg_pp0_iter3                       |   1|   0|    1|          0|
    |ap_enable_reg_pp0_iter4                       |   1|   0|    1|          0|
    |ap_enable_reg_pp0_iter5                       |   1|   0|    1|          0|
    |ap_pipeline_reg_pp0_iter1_tmp_11_10_reg_3903  |  32|   0|   32|          0|
    |ap_pipeline_reg_pp0_iter1_tmp_11_11_reg_3933  |  32|   0|   32|          0|
    |ap_pipeline_reg_pp0_iter1_tmp_11_12_reg_3963  |  32|   0|   32|          0|
    |ap_pipeline_reg_pp0_iter1_tmp_11_13_reg_3993  |  32|   0|   32|          0|
    |ap_pipeline_reg_pp0_iter1_tmp_11_8_reg_3805   |  32|   0|   32|          0|
    |ap_pipeline_reg_pp0_iter1_tmp_11_9_reg_3843   |  32|   0|   32|          0|
    |ap_pipeline_reg_pp0_iter1_tmp_11_s_reg_3873   |  32|   0|   32|          0|
    |exitcond_flatten_reg_3234                     |   1|   0|    1|          0|
    |i2_mid2_v_reg_3275                            |   6|   0|    6|          0|
    |i_reg_1595                                    |   6|   0|    6|          0|
    |indvar_flatten_next_reg_3238                  |  11|   0|   11|          0|
    |indvar_flatten_reg_1584                       |  11|   0|   11|          0|
    |j_1_reg_4343                                  |   6|   0|    6|          0|
    |j_mid2_reg_3243                               |   6|   0|    6|          0|
    |j_reg_1606                                    |   6|   0|    6|          0|
    |reg_1658                                      |  32|   0|   32|          0|
    |reg_1662                                      |  32|   0|   32|          0|
    |reg_1666                                      |  32|   0|   32|          0|
    |reg_1672                                      |  32|   0|   32|          0|
    |reg_1677                                      |  32|   0|   32|          0|
    |reg_1682                                      |  32|   0|   32|          0|
    |reg_1688                                      |  32|   0|   32|          0|
    |reg_1693                                      |  32|   0|   32|          0|
    |tmp_11_10_reg_3903                            |  32|   0|   32|          0|
    |tmp_11_11_reg_3933                            |  32|   0|   32|          0|
    |tmp_11_12_reg_3963                            |  32|   0|   32|          0|
    |tmp_11_13_reg_3993                            |  32|   0|   32|          0|
    |tmp_11_14_reg_4023                            |  32|   0|   32|          0|
    |tmp_11_15_reg_4053                            |  32|   0|   32|          0|
    |tmp_11_16_reg_4083                            |  32|   0|   32|          0|
    |tmp_11_17_reg_4113                            |  32|   0|   32|          0|
    |tmp_11_18_reg_4143                            |  32|   0|   32|          0|
    |tmp_11_19_reg_4173                            |  32|   0|   32|          0|
    |tmp_11_1_reg_3590                             |  32|   0|   32|          0|
    |tmp_11_20_reg_4203                            |  32|   0|   32|          0|
    |tmp_11_21_reg_4233                            |  32|   0|   32|          0|
    |tmp_11_22_reg_4263                            |  32|   0|   32|          0|
    |tmp_11_23_reg_4293                            |  32|   0|   32|          0|
    |tmp_11_24_reg_4328                            |  32|   0|   32|          0|
    |tmp_11_25_reg_4363                            |  32|   0|   32|          0|
    |tmp_11_26_reg_4378                            |  32|   0|   32|          0|
    |tmp_11_27_reg_4393                            |  32|   0|   32|          0|
    |tmp_11_28_reg_4403                            |  32|   0|   32|          0|
    |tmp_11_29_reg_4408                            |  32|   0|   32|          0|
    |tmp_11_2_reg_3620                             |  32|   0|   32|          0|
    |tmp_11_30_reg_4413                            |  32|   0|   32|          0|
    |tmp_11_3_reg_3655                             |  32|   0|   32|          0|
    |tmp_11_4_reg_3685                             |  32|   0|   32|          0|
    |tmp_11_6_reg_3745                             |  32|   0|   32|          0|
    |tmp_11_7_reg_3775                             |  32|   0|   32|          0|
    |tmp_11_8_reg_3805                             |  32|   0|   32|          0|
    |tmp_11_9_reg_3843                             |  32|   0|   32|          0|
    |tmp_11_s_reg_3873                             |  32|   0|   32|          0|
    |tmp_12_29_reg_4418                            |  32|   0|   32|          0|
    |tmp_3_reg_3280                                |   6|   0|   11|          5|
    |tmp_5_reg_3377                                |   1|   0|    1|          0|
    |tmp_74_reg_3523                               |   8|   0|    8|          0|
    |tmp_78_reg_3645                               |   9|   0|    9|          0|
    |tmp_7_reg_3418                                |   6|   0|   64|         58|
    |tmp_80_reg_3710                               |   9|   0|    9|          0|
    |tmp_8_cast7_cast1_reg_3468                    |   6|   0|    8|          2|
    |tmp_8_cast7_cast_reg_3579                     |   6|   0|    9|          3|
    |tmp_8_cast7_reg_3830                          |   6|   0|   10|          4|
    |tmp_8_reg_3321                                |   6|   0|   64|         58|
    |tmp_97_reg_4323                               |  12|   0|   12|          0|
    |tmp_mid2_reg_3271                             |   1|   0|    1|          0|
    |exitcond_flatten_reg_3234                     |   0|   1|    1|          0|
    |tmp_11_14_reg_4023                            |   0|  32|   32|          0|
    |tmp_11_15_reg_4053                            |   0|  32|   32|          0|
    |tmp_11_16_reg_4083                            |   0|  32|   32|          0|
    |tmp_11_17_reg_4113                            |   0|  32|   32|          0|
    |tmp_11_18_reg_4143                            |   0|  32|   32|          0|
    |tmp_11_19_reg_4173                            |   0|  32|   32|          0|
    |tmp_11_20_reg_4203                            |   0|  32|   32|          0|
    |tmp_11_21_reg_4233                            |   0|  32|   32|          0|
    |tmp_11_22_reg_4263                            |   0|  32|   32|          0|
    |tmp_11_23_reg_4293                            |   0|  32|   32|          0|
    |tmp_11_24_reg_4328                            |   0|  32|   32|          0|
    |tmp_11_25_reg_4363                            |   0|  32|   32|          0|
    |tmp_11_26_reg_4378                            |   0|  32|   32|          0|
    |tmp_11_27_reg_4393                            |   0|  32|   32|          0|
    |tmp_11_28_reg_4403                            |   0|  32|   32|          0|
    |tmp_11_29_reg_4408                            |   0|  32|   32|          0|
    |tmp_11_30_reg_4413                            |   0|  32|   32|          0|
    |tmp_97_reg_4323                               |   0|  12|   12|          0|
    +----------------------------------------------+----+----+-----+-----------+
    |Total                                         |2729| 557| 3416|        130|
    +----------------------------------------------+----+----+-----+-----------+



================================================================
== Interface
================================================================
* Summary: 
+------------+-----+-----+------------+--------------+--------------+
|  RTL Ports | Dir | Bits|  Protocol  | Source Object|    C Type    |
+------------+-----+-----+------------+--------------+--------------+
|ap_clk      |  in |    1| ap_ctrl_hs |   matmul_hw  | return value |
|ap_rst      |  in |    1| ap_ctrl_hs |   matmul_hw  | return value |
|ap_start    |  in |    1| ap_ctrl_hs |   matmul_hw  | return value |
|ap_done     | out |    1| ap_ctrl_hs |   matmul_hw  | return value |
|ap_idle     | out |    1| ap_ctrl_hs |   matmul_hw  | return value |
|ap_ready    | out |    1| ap_ctrl_hs |   matmul_hw  | return value |
|a_0_Addr_A  | out |   32|    bram    |      a_0     |     array    |
|a_0_EN_A    | out |    1|    bram    |      a_0     |     array    |
|a_0_WEN_A   | out |    4|    bram    |      a_0     |     array    |
|a_0_Din_A   | out |   32|    bram    |      a_0     |     array    |
|a_0_Dout_A  |  in |   32|    bram    |      a_0     |     array    |
|a_0_Clk_A   | out |    1|    bram    |      a_0     |     array    |
|a_0_Rst_A   | out |    1|    bram    |      a_0     |     array    |
|a_1_Addr_A  | out |   32|    bram    |      a_1     |     array    |
|a_1_EN_A    | out |    1|    bram    |      a_1     |     array    |
|a_1_WEN_A   | out |    4|    bram    |      a_1     |     array    |
|a_1_Din_A   | out |   32|    bram    |      a_1     |     array    |
|a_1_Dout_A  |  in |   32|    bram    |      a_1     |     array    |
|a_1_Clk_A   | out |    1|    bram    |      a_1     |     array    |
|a_1_Rst_A   | out |    1|    bram    |      a_1     |     array    |
|a_2_Addr_A  | out |   32|    bram    |      a_2     |     array    |
|a_2_EN_A    | out |    1|    bram    |      a_2     |     array    |
|a_2_WEN_A   | out |    4|    bram    |      a_2     |     array    |
|a_2_Din_A   | out |   32|    bram    |      a_2     |     array    |
|a_2_Dout_A  |  in |   32|    bram    |      a_2     |     array    |
|a_2_Clk_A   | out |    1|    bram    |      a_2     |     array    |
|a_2_Rst_A   | out |    1|    bram    |      a_2     |     array    |
+------------+-----+-----+------------+--------------+--------------+

