

================================================================
== Vivado HLS Report for 'matmul_hw'
================================================================
* Date:           Mon Apr 24 20:31:05 2017

* Version:        2016.4 (Build 1733598 on Wed Dec 14 22:59:20 MST 2016)
* Project:        hls_matmul_float
* Solution:       matmul_1b_16x16
* Product family: artix7
* Target device:  xc7a100tcsg324-1


================================================================
== Performance Estimates
================================================================
+ Timing (ns): 
    * Summary: 
    +--------+-------+----------+------------+
    |  Clock | Target| Estimated| Uncertainty|
    +--------+-------+----------+------------+
    |ap_clk  |  10.00|     16.53|        1.25|
    +--------+-------+----------+------------+

+ Latency (clock cycles): 
    * Summary: 
    +-------+-------+-------+-------+---------+
    |    Latency    |    Interval   | Pipeline|
    |  min  |  max  |  min  |  max  |   Type  |
    +-------+-------+-------+-------+---------+
    |  16649|  16649|  16650|  16650|   none  |
    +-------+-------+-------+-------+---------+

    + Detail: 
        * Instance: 
        N/A

        * Loop: 
        +----------+-------+-------+----------+-----------+-----------+------+----------+
        |          |    Latency    | Iteration|  Initiation Interval  | Trip |          |
        | Loop Name|  min  |  max  |  Latency |  achieved |   target  | Count| Pipelined|
        +----------+-------+-------+----------+-----------+-----------+------+----------+
        |- L_col   |  16647|  16647|        73|         65|          1|   256|    yes   |
        +----------+-------+-------+----------+-----------+-----------+------+----------+

============================================================
+ Verbose Summary: Synthesis Manager
============================================================
InlineROM: 1
ExposeGlobal: 0
============================================================
+ Verbose Summary: CDFG Model
============================================================
IsTopModel: 1
ResetActiveHigh: 1
IsCombinational: 0
IsDatapathOnly: 0
HasWiredReturn: 1
HasMFsm: 0
HasVarLatency: 1
IsPipeline: 0
IsRtlPipelined: 0
IsInstanceOverlapped: 0
IsDontTouch: 0
HasImplIP: 0
IsGatedGlobalClock: 0

+ Individual pipeline summary: 
  * Pipeline-0: initiation interval (II) = 65, depth = 73


============================================================
+ Verbose Summary: Schedule
============================================================
* Number of FSM states: 75
* Pipeline: 1
  Pipeline-0: II = 65, D = 73, States = { 2 3 4 5 6 7 8 9 10 11 12 13 14 15 16 17 18 19 20 21 22 23 24 25 26 27 28 29 30 31 32 33 34 35 36 37 38 39 40 41 42 43 44 45 46 47 48 49 50 51 52 53 54 55 56 57 58 59 60 61 62 63 64 65 66 67 68 69 70 71 72 73 74 }
* Dataflow Pipeline: 0

* FSM state transitions: 
1 --> 
	2  / true
2 --> 
	75  / (exitcond_flatten)
	3  / (!exitcond_flatten)
3 --> 
	4  / true
4 --> 
	5  / true
5 --> 
	6  / true
6 --> 
	7  / true
7 --> 
	8  / true
8 --> 
	9  / true
9 --> 
	10  / true
10 --> 
	11  / true
11 --> 
	12  / true
12 --> 
	13  / true
13 --> 
	14  / true
14 --> 
	15  / true
15 --> 
	16  / true
16 --> 
	17  / true
17 --> 
	18  / true
18 --> 
	19  / true
19 --> 
	20  / true
20 --> 
	21  / true
21 --> 
	22  / true
22 --> 
	23  / true
23 --> 
	24  / true
24 --> 
	25  / true
25 --> 
	26  / true
26 --> 
	27  / true
27 --> 
	28  / true
28 --> 
	29  / true
29 --> 
	30  / true
30 --> 
	31  / true
31 --> 
	32  / true
32 --> 
	33  / true
33 --> 
	34  / true
34 --> 
	35  / true
35 --> 
	36  / true
36 --> 
	37  / true
37 --> 
	38  / true
38 --> 
	39  / true
39 --> 
	40  / true
40 --> 
	41  / true
41 --> 
	42  / true
42 --> 
	43  / true
43 --> 
	44  / true
44 --> 
	45  / true
45 --> 
	46  / true
46 --> 
	47  / true
47 --> 
	48  / true
48 --> 
	49  / true
49 --> 
	50  / true
50 --> 
	51  / true
51 --> 
	52  / true
52 --> 
	53  / true
53 --> 
	54  / true
54 --> 
	55  / true
55 --> 
	56  / true
56 --> 
	57  / true
57 --> 
	58  / true
58 --> 
	59  / true
59 --> 
	60  / true
60 --> 
	61  / true
61 --> 
	62  / true
62 --> 
	63  / true
63 --> 
	64  / true
64 --> 
	65  / true
65 --> 
	66  / true
66 --> 
	67  / true
67 --> 
	68  / true
68 --> 
	69  / true
69 --> 
	70  / true
70 --> 
	71  / true
71 --> 
	72  / true
72 --> 
	73  / true
73 --> 
	74  / true
74 --> 
	2  / true
75 --> 
* FSM state operations: 

 <State 1>: 1.57ns
ST_1: a_row_load_015 (2)  [1/1] 0.00ns
:0  %a_row_load_015 = alloca float

ST_1: a_row_load_29 (3)  [1/1] 0.00ns
:1  %a_row_load_29 = alloca float

ST_1: a_row_load_28 (4)  [1/1] 0.00ns
:2  %a_row_load_28 = alloca float

ST_1: a_row_load_27 (5)  [1/1] 0.00ns
:3  %a_row_load_27 = alloca float

ST_1: a_row_load_26 (6)  [1/1] 0.00ns
:4  %a_row_load_26 = alloca float

ST_1: a_row_load_25 (7)  [1/1] 0.00ns
:5  %a_row_load_25 = alloca float

ST_1: a_row_load_24 (8)  [1/1] 0.00ns
:6  %a_row_load_24 = alloca float

ST_1: a_row_load_23 (9)  [1/1] 0.00ns
:7  %a_row_load_23 = alloca float

ST_1: a_row_load_22 (10)  [1/1] 0.00ns
:8  %a_row_load_22 = alloca float

ST_1: a_row_load_21 (11)  [1/1] 0.00ns
:9  %a_row_load_21 = alloca float

ST_1: a_row_load_20 (12)  [1/1] 0.00ns
:10  %a_row_load_20 = alloca float

ST_1: a_row_load_19 (13)  [1/1] 0.00ns
:11  %a_row_load_19 = alloca float

ST_1: a_row_load_18 (14)  [1/1] 0.00ns
:12  %a_row_load_18 = alloca float

ST_1: a_row_load_17 (15)  [1/1] 0.00ns
:13  %a_row_load_17 = alloca float

ST_1: a_row_load_16 (16)  [1/1] 0.00ns
:14  %a_row_load_16 = alloca float

ST_1: a_row_load_s (17)  [1/1] 0.00ns
:15  %a_row_load_s = alloca float

ST_1: StgValue_92 (18)  [1/1] 0.00ns
:16  call void (...)* @_ssdm_op_SpecBitsMap([768 x float]* %a) nounwind, !map !7

ST_1: StgValue_93 (19)  [1/1] 0.00ns
:17  call void (...)* @_ssdm_op_SpecTopModule([10 x i8]* @matmul_hw_str) nounwind

ST_1: b_copy_0 (20)  [1/1] 0.00ns  loc: matmul.cpp:14
:18  %b_copy_0 = alloca [16 x float], align 16

ST_1: b_copy_1 (21)  [1/1] 0.00ns  loc: matmul.cpp:14
:19  %b_copy_1 = alloca [16 x float], align 16

ST_1: b_copy_2 (22)  [1/1] 0.00ns  loc: matmul.cpp:14
:20  %b_copy_2 = alloca [16 x float], align 16

ST_1: b_copy_3 (23)  [1/1] 0.00ns  loc: matmul.cpp:14
:21  %b_copy_3 = alloca [16 x float], align 16

ST_1: b_copy_4 (24)  [1/1] 0.00ns  loc: matmul.cpp:14
:22  %b_copy_4 = alloca [16 x float], align 16

ST_1: b_copy_5 (25)  [1/1] 0.00ns  loc: matmul.cpp:14
:23  %b_copy_5 = alloca [16 x float], align 16

ST_1: b_copy_6 (26)  [1/1] 0.00ns  loc: matmul.cpp:14
:24  %b_copy_6 = alloca [16 x float], align 16

ST_1: b_copy_7 (27)  [1/1] 0.00ns  loc: matmul.cpp:14
:25  %b_copy_7 = alloca [16 x float], align 16

ST_1: b_copy_8 (28)  [1/1] 0.00ns  loc: matmul.cpp:14
:26  %b_copy_8 = alloca [16 x float], align 16

ST_1: b_copy_9 (29)  [1/1] 0.00ns  loc: matmul.cpp:14
:27  %b_copy_9 = alloca [16 x float], align 16

ST_1: b_copy_10 (30)  [1/1] 0.00ns  loc: matmul.cpp:14
:28  %b_copy_10 = alloca [16 x float], align 16

ST_1: b_copy_11 (31)  [1/1] 0.00ns  loc: matmul.cpp:14
:29  %b_copy_11 = alloca [16 x float], align 16

ST_1: b_copy_12 (32)  [1/1] 0.00ns  loc: matmul.cpp:14
:30  %b_copy_12 = alloca [16 x float], align 16

ST_1: b_copy_13 (33)  [1/1] 0.00ns  loc: matmul.cpp:14
:31  %b_copy_13 = alloca [16 x float], align 16

ST_1: b_copy_14 (34)  [1/1] 0.00ns  loc: matmul.cpp:14
:32  %b_copy_14 = alloca [16 x float], align 16

ST_1: b_copy_15 (35)  [1/1] 0.00ns  loc: matmul.cpp:14
:33  %b_copy_15 = alloca [16 x float], align 16

ST_1: StgValue_110 (36)  [1/1] 0.00ns  loc: matmul.cpp:6
:34  call void (...)* @_ssdm_op_SpecInterface(i32 0, [11 x i8]* @p_str, i32 0, i32 0, [1 x i8]* @p_str1, i32 0, i32 0, [1 x i8]* @p_str1, [1 x i8]* @p_str1, [1 x i8]* @p_str1, i32 0, i32 0, i32 0, i32 0, [1 x i8]* @p_str1, [1 x i8]* @p_str1) nounwind

ST_1: StgValue_111 (37)  [1/1] 0.00ns
:35  call void (...)* @_ssdm_op_SpecInterface([768 x float]* %a, [5 x i8]* @p_str2, i32 0, i32 0, [1 x i8]* @p_str1, i32 0, i32 0, [1 x i8]* @p_str1, [1 x i8]* @p_str1, [1 x i8]* @p_str1, i32 0, i32 0, i32 0, i32 0, [1 x i8]* @p_str1, [1 x i8]* @p_str1)

ST_1: StgValue_112 (38)  [1/1] 0.00ns
:36  call void (...)* @_ssdm_op_SpecMemCore([768 x float]* %a, [1 x i8]* @p_str1, [12 x i8]* @p_str3, [1 x i8]* @p_str1, i32 -1, [1 x i8]* @p_str1, [1 x i8]* @p_str1, [1 x i8]* @p_str1, [1 x i8]* @p_str1, [1 x i8]* @p_str1) nounwind

ST_1: StgValue_113 (39)  [1/1] 1.57ns  loc: matmul.cpp:19
:37  br label %.preheader7


 <State 2>: 6.45ns
ST_2: indvar_flatten (41)  [1/1] 0.00ns
.preheader7:0  %indvar_flatten = phi i9 [ 0, %0 ], [ %indvar_flatten_next, %.loopexit ]

ST_2: i (42)  [1/1] 0.00ns  loc: matmul.cpp:41
.preheader7:1  %i = phi i5 [ 0, %0 ], [ %tmp_2_mid2_v_v_v, %.loopexit ]

ST_2: j (43)  [1/1] 0.00ns
.preheader7:2  %j = phi i5 [ 0, %0 ], [ %j_1, %.loopexit ]

ST_2: exitcond_flatten (44)  [1/1] 2.51ns
.preheader7:3  %exitcond_flatten = icmp eq i9 %indvar_flatten, -256

ST_2: indvar_flatten_next (45)  [1/1] 1.79ns
.preheader7:4  %indvar_flatten_next = add i9 %indvar_flatten, 1

ST_2: StgValue_119 (46)  [1/1] 0.00ns
.preheader7:5  br i1 %exitcond_flatten, label %1, label %.preheader7.preheader

ST_2: i_1 (64)  [1/1] 1.67ns  loc: matmul.cpp:19
.preheader7.preheader:16  %i_1 = add i5 %i, 1

ST_2: exitcond (67)  [1/1] 2.37ns  loc: matmul.cpp:20
.preheader7.preheader:19  %exitcond = icmp eq i5 %j, -16

ST_2: j_mid2 (68)  [1/1] 1.37ns  loc: matmul.cpp:20
.preheader7.preheader:20  %j_mid2 = select i1 %exitcond, i5 0, i5 %j

ST_2: tmp_mid1 (69)  [1/1] 2.37ns  loc: matmul.cpp:31
.preheader7.preheader:21  %tmp_mid1 = icmp eq i5 %i_1, 0

ST_2: tmp1 (70)  [1/1] 2.37ns  loc: matmul.cpp:31
.preheader7.preheader:22  %tmp1 = icmp eq i5 %i, 0

ST_2: tmp_mid2 (71)  [1/1] 1.37ns  loc: matmul.cpp:31
.preheader7.preheader:23  %tmp_mid2 = select i1 %exitcond, i1 %tmp_mid1, i1 %tmp1

ST_2: tmp_2_mid2_v_v_v (72)  [1/1] 1.37ns  loc: matmul.cpp:41
.preheader7.preheader:24  %tmp_2_mid2_v_v_v = select i1 %exitcond, i5 %i_1, i5 %i

ST_2: StgValue_127 (175)  [1/1] 0.00ns  loc: matmul.cpp:31
.preheader7.preheader:127  br i1 %tmp_mid2, label %.preheader.preheader, label %.loopexit

ST_2: tmp_39 (182)  [1/1] 0.00ns  loc: matmul.cpp:33
.preheader.preheader:5  %tmp_39 = call i64 @_ssdm_op_BitConcatenate.i64.i59.i5(i59 8, i5 %j_mid2)

ST_2: a_addr_16 (183)  [1/1] 0.00ns  loc: matmul.cpp:33
.preheader.preheader:6  %a_addr_16 = getelementptr [768 x float]* %a, i64 0, i64 %tmp_39

ST_2: a_load_16 (225)  [2/2] 2.71ns  loc: matmul.cpp:33
.preheader.preheader:48  %a_load_16 = load float* %a_addr_16, align 4


 <State 3>: 5.10ns
ST_3: tmp_3 (75)  [1/1] 0.00ns  loc: matmul.cpp:41
.preheader7.preheader:27  %tmp_3 = call i9 @_ssdm_op_BitConcatenate.i9.i5.i4(i5 %tmp_2_mid2_v_v_v, i4 0)

ST_3: tmp_9 (76)  [1/1] 0.00ns  loc: matmul.cpp:27
.preheader7.preheader:28  %tmp_9 = zext i9 %tmp_3 to i64

ST_3: a_addr (77)  [1/1] 0.00ns  loc: matmul.cpp:27
.preheader7.preheader:29  %a_addr = getelementptr [768 x float]* %a, i64 0, i64 %tmp_9

ST_3: a_load (127)  [2/2] 2.71ns  loc: matmul.cpp:27
.preheader7.preheader:79  %a_load = load float* %a_addr, align 4

ST_3: tmp_8 (177)  [1/1] 0.00ns  loc: matmul.cpp:33
.preheader.preheader:0  %tmp_8 = zext i5 %j_mid2 to i64

ST_3: a_load_16 (225)  [1/2] 2.71ns  loc: matmul.cpp:33
.preheader.preheader:48  %a_load_16 = load float* %a_addr_16, align 4

ST_3: b_copy_0_addr (226)  [1/1] 0.00ns  loc: matmul.cpp:33
.preheader.preheader:49  %b_copy_0_addr = getelementptr [16 x float]* %b_copy_0, i64 0, i64 %tmp_8

ST_3: StgValue_138 (227)  [1/1] 2.39ns  loc: matmul.cpp:33
.preheader.preheader:50  store float %a_load_16, float* %b_copy_0_addr, align 4


 <State 4>: 4.50ns
ST_4: tmp_5 (126)  [1/1] 2.37ns  loc: matmul.cpp:25
.preheader7.preheader:78  %tmp_5 = icmp eq i5 %j_mid2, 0

ST_4: a_load (127)  [1/2] 2.71ns  loc: matmul.cpp:27
.preheader7.preheader:79  %a_load = load float* %a_addr, align 4

ST_4: tmp_8_cast (179)  [1/1] 0.00ns  loc: matmul.cpp:33
.preheader.preheader:2  %tmp_8_cast = zext i5 %j_mid2 to i9

ST_4: tmp_40 (184)  [1/1] 1.79ns  loc: matmul.cpp:33
.preheader.preheader:7  %tmp_40 = add i9 %tmp_8_cast, -240

ST_4: tmp_41_cast (185)  [1/1] 0.00ns  loc: matmul.cpp:33
.preheader.preheader:8  %tmp_41_cast = zext i9 %tmp_40 to i64

ST_4: a_addr_17 (186)  [1/1] 0.00ns  loc: matmul.cpp:33
.preheader.preheader:9  %a_addr_17 = getelementptr [768 x float]* %a, i64 0, i64 %tmp_41_cast

ST_4: a_load_17 (228)  [2/2] 2.71ns  loc: matmul.cpp:33
.preheader.preheader:51  %a_load_17 = load float* %a_addr_17, align 4

ST_4: tmp_7 (275)  [1/1] 0.00ns  loc: matmul.cpp:38
.loopexit:0  %tmp_7 = zext i5 %j_mid2 to i64

ST_4: b_copy_0_addr_1 (280)  [1/1] 0.00ns  loc: matmul.cpp:38
.loopexit:5  %b_copy_0_addr_1 = getelementptr [16 x float]* %b_copy_0, i64 0, i64 %tmp_7

ST_4: b_copy_0_load (281)  [2/2] 2.39ns  loc: matmul.cpp:38
.loopexit:6  %b_copy_0_load = load float* %b_copy_0_addr_1, align 4


 <State 5>: 8.17ns
ST_5: a_row_load_30 (48)  [1/1] 0.00ns
.preheader7.preheader:0  %a_row_load_30 = load float* %a_row_load_015

ST_5: a_row_load (158)  [1/1] 1.37ns  loc: matmul.cpp:25
.preheader7.preheader:110  %a_row_load = select i1 %tmp_5, float %a_load, float %a_row_load_30

ST_5: StgValue_151 (174)  [1/1] 0.00ns  loc: matmul.cpp:25
.preheader7.preheader:126  store float %a_row_load, float* %a_row_load_015

ST_5: tmp_41 (187)  [1/1] 0.00ns  loc: matmul.cpp:33
.preheader.preheader:10  %tmp_41 = call i64 @_ssdm_op_BitConcatenate.i64.i59.i5(i59 9, i5 %j_mid2)

ST_5: a_addr_18 (188)  [1/1] 0.00ns  loc: matmul.cpp:33
.preheader.preheader:11  %a_addr_18 = getelementptr [768 x float]* %a, i64 0, i64 %tmp_41

ST_5: a_load_17 (228)  [1/2] 2.71ns  loc: matmul.cpp:33
.preheader.preheader:51  %a_load_17 = load float* %a_addr_17, align 4

ST_5: b_copy_1_addr (229)  [1/1] 0.00ns  loc: matmul.cpp:33
.preheader.preheader:52  %b_copy_1_addr = getelementptr [16 x float]* %b_copy_1, i64 0, i64 %tmp_8

ST_5: StgValue_156 (230)  [1/1] 2.39ns  loc: matmul.cpp:33
.preheader.preheader:53  store float %a_load_17, float* %b_copy_1_addr, align 4

ST_5: a_load_18 (231)  [2/2] 2.71ns  loc: matmul.cpp:33
.preheader.preheader:54  %a_load_18 = load float* %a_addr_18, align 4

ST_5: b_copy_0_load (281)  [1/2] 2.39ns  loc: matmul.cpp:38
.loopexit:6  %b_copy_0_load = load float* %b_copy_0_addr_1, align 4

ST_5: tmp_s (282)  [4/4] 5.78ns  loc: matmul.cpp:38
.loopexit:7  %tmp_s = fmul float %a_row_load, %b_copy_0_load


 <State 6>: 5.78ns
ST_6: tmp_42 (189)  [1/1] 1.79ns  loc: matmul.cpp:33
.preheader.preheader:12  %tmp_42 = add i9 %tmp_8_cast, -208

ST_6: tmp_43_cast (190)  [1/1] 0.00ns  loc: matmul.cpp:33
.preheader.preheader:13  %tmp_43_cast = zext i9 %tmp_42 to i64

ST_6: a_addr_19 (191)  [1/1] 0.00ns  loc: matmul.cpp:33
.preheader.preheader:14  %a_addr_19 = getelementptr [768 x float]* %a, i64 0, i64 %tmp_43_cast

ST_6: a_load_18 (231)  [1/2] 2.71ns  loc: matmul.cpp:33
.preheader.preheader:54  %a_load_18 = load float* %a_addr_18, align 4

ST_6: b_copy_2_addr (232)  [1/1] 0.00ns  loc: matmul.cpp:33
.preheader.preheader:55  %b_copy_2_addr = getelementptr [16 x float]* %b_copy_2, i64 0, i64 %tmp_8

ST_6: StgValue_165 (233)  [1/1] 2.39ns  loc: matmul.cpp:33
.preheader.preheader:56  store float %a_load_18, float* %b_copy_2_addr, align 4

ST_6: a_load_19 (234)  [2/2] 2.71ns  loc: matmul.cpp:33
.preheader.preheader:57  %a_load_19 = load float* %a_addr_19, align 4

ST_6: tmp_s (282)  [3/4] 5.78ns  loc: matmul.cpp:38
.loopexit:7  %tmp_s = fmul float %a_row_load, %b_copy_0_load


 <State 7>: 5.78ns
ST_7: tmp_43 (192)  [1/1] 0.00ns  loc: matmul.cpp:33
.preheader.preheader:15  %tmp_43 = call i64 @_ssdm_op_BitConcatenate.i64.i59.i5(i59 10, i5 %j_mid2)

ST_7: a_addr_20 (193)  [1/1] 0.00ns  loc: matmul.cpp:33
.preheader.preheader:16  %a_addr_20 = getelementptr [768 x float]* %a, i64 0, i64 %tmp_43

ST_7: a_load_19 (234)  [1/2] 2.71ns  loc: matmul.cpp:33
.preheader.preheader:57  %a_load_19 = load float* %a_addr_19, align 4

ST_7: b_copy_3_addr (235)  [1/1] 0.00ns  loc: matmul.cpp:33
.preheader.preheader:58  %b_copy_3_addr = getelementptr [16 x float]* %b_copy_3, i64 0, i64 %tmp_8

ST_7: StgValue_172 (236)  [1/1] 2.39ns  loc: matmul.cpp:33
.preheader.preheader:59  store float %a_load_19, float* %b_copy_3_addr, align 4

ST_7: a_load_20 (237)  [2/2] 2.71ns  loc: matmul.cpp:33
.preheader.preheader:60  %a_load_20 = load float* %a_addr_20, align 4

ST_7: tmp_s (282)  [2/4] 5.78ns  loc: matmul.cpp:38
.loopexit:7  %tmp_s = fmul float %a_row_load, %b_copy_0_load


 <State 8>: 5.78ns
ST_8: tmp_44 (194)  [1/1] 1.79ns  loc: matmul.cpp:33
.preheader.preheader:17  %tmp_44 = add i9 %tmp_8_cast, -176

ST_8: tmp_45_cast (195)  [1/1] 0.00ns  loc: matmul.cpp:33
.preheader.preheader:18  %tmp_45_cast = zext i9 %tmp_44 to i64

ST_8: a_addr_21 (196)  [1/1] 0.00ns  loc: matmul.cpp:33
.preheader.preheader:19  %a_addr_21 = getelementptr [768 x float]* %a, i64 0, i64 %tmp_45_cast

ST_8: a_load_20 (237)  [1/2] 2.71ns  loc: matmul.cpp:33
.preheader.preheader:60  %a_load_20 = load float* %a_addr_20, align 4

ST_8: b_copy_4_addr (238)  [1/1] 0.00ns  loc: matmul.cpp:33
.preheader.preheader:61  %b_copy_4_addr = getelementptr [16 x float]* %b_copy_4, i64 0, i64 %tmp_8

ST_8: StgValue_180 (239)  [1/1] 2.39ns  loc: matmul.cpp:33
.preheader.preheader:62  store float %a_load_20, float* %b_copy_4_addr, align 4

ST_8: a_load_21 (240)  [2/2] 2.71ns  loc: matmul.cpp:33
.preheader.preheader:63  %a_load_21 = load float* %a_addr_21, align 4

ST_8: tmp_s (282)  [1/4] 5.78ns  loc: matmul.cpp:38
.loopexit:7  %tmp_s = fmul float %a_row_load, %b_copy_0_load


 <State 9>: 8.26ns
ST_9: a_load_21 (240)  [1/2] 2.71ns  loc: matmul.cpp:33
.preheader.preheader:63  %a_load_21 = load float* %a_addr_21, align 4

ST_9: b_copy_5_addr (241)  [1/1] 0.00ns  loc: matmul.cpp:33
.preheader.preheader:64  %b_copy_5_addr = getelementptr [16 x float]* %b_copy_5, i64 0, i64 %tmp_8

ST_9: StgValue_185 (242)  [1/1] 2.39ns  loc: matmul.cpp:33
.preheader.preheader:65  store float %a_load_21, float* %b_copy_5_addr, align 4

ST_9: tmp_6 (283)  [5/5] 8.26ns  loc: matmul.cpp:38
.loopexit:8  %tmp_6 = fadd float %tmp_s, 0.000000e+00


 <State 10>: 8.26ns
ST_10: tmp_2 (78)  [1/1] 0.00ns  loc: matmul.cpp:41
.preheader7.preheader:30  %tmp_2 = or i9 %tmp_3, 1

ST_10: tmp_10 (79)  [1/1] 0.00ns  loc: matmul.cpp:27
.preheader7.preheader:31  %tmp_10 = call i64 @_ssdm_op_BitConcatenate.i64.i55.i9(i55 0, i9 %tmp_2)

ST_10: a_addr_1 (80)  [1/1] 0.00ns  loc: matmul.cpp:27
.preheader7.preheader:32  %a_addr_1 = getelementptr [768 x float]* %a, i64 0, i64 %tmp_10

ST_10: a_load_1 (128)  [2/2] 2.71ns  loc: matmul.cpp:27
.preheader7.preheader:80  %a_load_1 = load float* %a_addr_1, align 4

ST_10: tmp_6 (283)  [4/5] 8.26ns  loc: matmul.cpp:38
.loopexit:8  %tmp_6 = fadd float %tmp_s, 0.000000e+00

ST_10: b_copy_1_addr_1 (284)  [1/1] 0.00ns  loc: matmul.cpp:38
.loopexit:9  %b_copy_1_addr_1 = getelementptr [16 x float]* %b_copy_1, i64 0, i64 %tmp_7

ST_10: b_copy_1_load (285)  [2/2] 2.39ns  loc: matmul.cpp:38
.loopexit:10  %b_copy_1_load = load float* %b_copy_1_addr_1, align 4


 <State 11>: 9.86ns
ST_11: a_row_load_31 (49)  [1/1] 0.00ns
.preheader7.preheader:1  %a_row_load_31 = load float* %a_row_load_29

ST_11: tmp_11 (81)  [1/1] 0.00ns  loc: matmul.cpp:41
.preheader7.preheader:33  %tmp_11 = or i9 %tmp_3, 2

ST_11: tmp_12 (82)  [1/1] 0.00ns  loc: matmul.cpp:27
.preheader7.preheader:34  %tmp_12 = call i64 @_ssdm_op_BitConcatenate.i64.i55.i9(i55 0, i9 %tmp_11)

ST_11: a_addr_2 (83)  [1/1] 0.00ns  loc: matmul.cpp:27
.preheader7.preheader:35  %a_addr_2 = getelementptr [768 x float]* %a, i64 0, i64 %tmp_12

ST_11: a_load_1 (128)  [1/2] 2.71ns  loc: matmul.cpp:27
.preheader7.preheader:80  %a_load_1 = load float* %a_addr_1, align 4

ST_11: a_load_2 (129)  [2/2] 2.71ns  loc: matmul.cpp:27
.preheader7.preheader:81  %a_load_2 = load float* %a_addr_2, align 4

ST_11: a_row_load_1 (157)  [1/1] 1.37ns  loc: matmul.cpp:25
.preheader7.preheader:109  %a_row_load_1 = select i1 %tmp_5, float %a_load_1, float %a_row_load_31

ST_11: StgValue_201 (173)  [1/1] 0.00ns  loc: matmul.cpp:25
.preheader7.preheader:125  store float %a_row_load_1, float* %a_row_load_29

ST_11: tmp_6 (283)  [3/5] 8.26ns  loc: matmul.cpp:38
.loopexit:8  %tmp_6 = fadd float %tmp_s, 0.000000e+00

ST_11: b_copy_1_load (285)  [1/2] 2.39ns  loc: matmul.cpp:38
.loopexit:10  %b_copy_1_load = load float* %b_copy_1_addr_1, align 4

ST_11: tmp_11_1 (286)  [4/4] 5.78ns  loc: matmul.cpp:38
.loopexit:11  %tmp_11_1 = fmul float %a_row_load_1, %b_copy_1_load


 <State 12>: 8.26ns
ST_12: tmp_13 (84)  [1/1] 0.00ns  loc: matmul.cpp:41
.preheader7.preheader:36  %tmp_13 = or i9 %tmp_3, 3

ST_12: tmp_14 (85)  [1/1] 0.00ns  loc: matmul.cpp:27
.preheader7.preheader:37  %tmp_14 = call i64 @_ssdm_op_BitConcatenate.i64.i55.i9(i55 0, i9 %tmp_13)

ST_12: a_addr_3 (86)  [1/1] 0.00ns  loc: matmul.cpp:27
.preheader7.preheader:38  %a_addr_3 = getelementptr [768 x float]* %a, i64 0, i64 %tmp_14

ST_12: a_load_2 (129)  [1/2] 2.71ns  loc: matmul.cpp:27
.preheader7.preheader:81  %a_load_2 = load float* %a_addr_2, align 4

ST_12: a_load_3 (130)  [2/2] 2.71ns  loc: matmul.cpp:27
.preheader7.preheader:82  %a_load_3 = load float* %a_addr_3, align 4

ST_12: tmp_6 (283)  [2/5] 8.26ns  loc: matmul.cpp:38
.loopexit:8  %tmp_6 = fadd float %tmp_s, 0.000000e+00

ST_12: tmp_11_1 (286)  [3/4] 5.78ns  loc: matmul.cpp:38
.loopexit:11  %tmp_11_1 = fmul float %a_row_load_1, %b_copy_1_load

ST_12: b_copy_2_addr_1 (288)  [1/1] 0.00ns  loc: matmul.cpp:38
.loopexit:13  %b_copy_2_addr_1 = getelementptr [16 x float]* %b_copy_2, i64 0, i64 %tmp_7

ST_12: b_copy_2_load (289)  [2/2] 2.39ns  loc: matmul.cpp:38
.loopexit:14  %b_copy_2_load = load float* %b_copy_2_addr_1, align 4


 <State 13>: 8.26ns
ST_13: a_row_load_32 (50)  [1/1] 0.00ns
.preheader7.preheader:2  %a_row_load_32 = load float* %a_row_load_28

ST_13: tmp_15 (87)  [1/1] 0.00ns  loc: matmul.cpp:41
.preheader7.preheader:39  %tmp_15 = or i9 %tmp_3, 4

ST_13: tmp_16 (88)  [1/1] 0.00ns  loc: matmul.cpp:27
.preheader7.preheader:40  %tmp_16 = call i64 @_ssdm_op_BitConcatenate.i64.i55.i9(i55 0, i9 %tmp_15)

ST_13: a_addr_4 (89)  [1/1] 0.00ns  loc: matmul.cpp:27
.preheader7.preheader:41  %a_addr_4 = getelementptr [768 x float]* %a, i64 0, i64 %tmp_16

ST_13: a_load_3 (130)  [1/2] 2.71ns  loc: matmul.cpp:27
.preheader7.preheader:82  %a_load_3 = load float* %a_addr_3, align 4

ST_13: a_load_4 (131)  [2/2] 2.71ns  loc: matmul.cpp:27
.preheader7.preheader:83  %a_load_4 = load float* %a_addr_4, align 4

ST_13: a_row_load_2 (156)  [1/1] 1.37ns  loc: matmul.cpp:25
.preheader7.preheader:108  %a_row_load_2 = select i1 %tmp_5, float %a_load_2, float %a_row_load_32

ST_13: StgValue_221 (172)  [1/1] 0.00ns  loc: matmul.cpp:25
.preheader7.preheader:124  store float %a_row_load_2, float* %a_row_load_28

ST_13: tmp_6 (283)  [1/5] 8.26ns  loc: matmul.cpp:38
.loopexit:8  %tmp_6 = fadd float %tmp_s, 0.000000e+00

ST_13: tmp_11_1 (286)  [2/4] 5.78ns  loc: matmul.cpp:38
.loopexit:11  %tmp_11_1 = fmul float %a_row_load_1, %b_copy_1_load

ST_13: b_copy_2_load (289)  [1/2] 2.39ns  loc: matmul.cpp:38
.loopexit:14  %b_copy_2_load = load float* %b_copy_2_addr_1, align 4

ST_13: tmp_11_2 (290)  [4/4] 5.78ns  loc: matmul.cpp:38
.loopexit:15  %tmp_11_2 = fmul float %a_row_load_2, %b_copy_2_load

ST_13: b_copy_3_addr_1 (292)  [1/1] 0.00ns  loc: matmul.cpp:38
.loopexit:17  %b_copy_3_addr_1 = getelementptr [16 x float]* %b_copy_3, i64 0, i64 %tmp_7

ST_13: b_copy_3_load (293)  [2/2] 2.39ns  loc: matmul.cpp:38
.loopexit:18  %b_copy_3_load = load float* %b_copy_3_addr_1, align 4


 <State 14>: 14.05ns
ST_14: a_row_load_33 (51)  [1/1] 0.00ns
.preheader7.preheader:3  %a_row_load_33 = load float* %a_row_load_27

ST_14: tmp_17 (90)  [1/1] 0.00ns  loc: matmul.cpp:41
.preheader7.preheader:42  %tmp_17 = or i9 %tmp_3, 5

ST_14: tmp_18 (91)  [1/1] 0.00ns  loc: matmul.cpp:27
.preheader7.preheader:43  %tmp_18 = call i64 @_ssdm_op_BitConcatenate.i64.i55.i9(i55 0, i9 %tmp_17)

ST_14: a_addr_5 (92)  [1/1] 0.00ns  loc: matmul.cpp:27
.preheader7.preheader:44  %a_addr_5 = getelementptr [768 x float]* %a, i64 0, i64 %tmp_18

ST_14: a_load_4 (131)  [1/2] 2.71ns  loc: matmul.cpp:27
.preheader7.preheader:83  %a_load_4 = load float* %a_addr_4, align 4

ST_14: a_load_5 (132)  [2/2] 2.71ns  loc: matmul.cpp:27
.preheader7.preheader:84  %a_load_5 = load float* %a_addr_5, align 4

ST_14: a_row_load_3 (155)  [1/1] 1.37ns  loc: matmul.cpp:25
.preheader7.preheader:107  %a_row_load_3 = select i1 %tmp_5, float %a_load_3, float %a_row_load_33

ST_14: StgValue_235 (171)  [1/1] 0.00ns  loc: matmul.cpp:25
.preheader7.preheader:123  store float %a_row_load_3, float* %a_row_load_27

ST_14: tmp_11_1 (286)  [1/4] 5.78ns  loc: matmul.cpp:38
.loopexit:11  %tmp_11_1 = fmul float %a_row_load_1, %b_copy_1_load

ST_14: tmp_12_1 (287)  [5/5] 8.26ns  loc: matmul.cpp:38
.loopexit:12  %tmp_12_1 = fadd float %tmp_6, %tmp_11_1

ST_14: tmp_11_2 (290)  [3/4] 5.78ns  loc: matmul.cpp:38
.loopexit:15  %tmp_11_2 = fmul float %a_row_load_2, %b_copy_2_load

ST_14: b_copy_3_load (293)  [1/2] 2.39ns  loc: matmul.cpp:38
.loopexit:18  %b_copy_3_load = load float* %b_copy_3_addr_1, align 4

ST_14: tmp_11_3 (294)  [4/4] 5.78ns  loc: matmul.cpp:38
.loopexit:19  %tmp_11_3 = fmul float %a_row_load_3, %b_copy_3_load

ST_14: b_copy_4_addr_1 (296)  [1/1] 0.00ns  loc: matmul.cpp:38
.loopexit:21  %b_copy_4_addr_1 = getelementptr [16 x float]* %b_copy_4, i64 0, i64 %tmp_7

ST_14: b_copy_4_load (297)  [2/2] 2.39ns  loc: matmul.cpp:38
.loopexit:22  %b_copy_4_load = load float* %b_copy_4_addr_1, align 4


 <State 15>: 8.26ns
ST_15: a_row_load_34 (52)  [1/1] 0.00ns
.preheader7.preheader:4  %a_row_load_34 = load float* %a_row_load_26

ST_15: a_load_5 (132)  [1/2] 2.71ns  loc: matmul.cpp:27
.preheader7.preheader:84  %a_load_5 = load float* %a_addr_5, align 4

ST_15: a_row_load_4 (154)  [1/1] 1.37ns  loc: matmul.cpp:25
.preheader7.preheader:106  %a_row_load_4 = select i1 %tmp_5, float %a_load_4, float %a_row_load_34

ST_15: StgValue_246 (170)  [1/1] 0.00ns  loc: matmul.cpp:25
.preheader7.preheader:122  store float %a_row_load_4, float* %a_row_load_26

ST_15: tmp_45 (197)  [1/1] 0.00ns  loc: matmul.cpp:33
.preheader.preheader:20  %tmp_45 = call i64 @_ssdm_op_BitConcatenate.i64.i59.i5(i59 11, i5 %j_mid2)

ST_15: a_addr_22 (198)  [1/1] 0.00ns  loc: matmul.cpp:33
.preheader.preheader:21  %a_addr_22 = getelementptr [768 x float]* %a, i64 0, i64 %tmp_45

ST_15: a_load_22 (243)  [2/2] 2.71ns  loc: matmul.cpp:33
.preheader.preheader:66  %a_load_22 = load float* %a_addr_22, align 4

ST_15: tmp_12_1 (287)  [4/5] 8.26ns  loc: matmul.cpp:38
.loopexit:12  %tmp_12_1 = fadd float %tmp_6, %tmp_11_1

ST_15: tmp_11_2 (290)  [2/4] 5.78ns  loc: matmul.cpp:38
.loopexit:15  %tmp_11_2 = fmul float %a_row_load_2, %b_copy_2_load

ST_15: tmp_11_3 (294)  [3/4] 5.78ns  loc: matmul.cpp:38
.loopexit:19  %tmp_11_3 = fmul float %a_row_load_3, %b_copy_3_load

ST_15: b_copy_4_load (297)  [1/2] 2.39ns  loc: matmul.cpp:38
.loopexit:22  %b_copy_4_load = load float* %b_copy_4_addr_1, align 4

ST_15: tmp_11_4 (298)  [4/4] 5.78ns  loc: matmul.cpp:38
.loopexit:23  %tmp_11_4 = fmul float %a_row_load_4, %b_copy_4_load

ST_15: b_copy_5_addr_1 (300)  [1/1] 0.00ns  loc: matmul.cpp:38
.loopexit:25  %b_copy_5_addr_1 = getelementptr [16 x float]* %b_copy_5, i64 0, i64 %tmp_7

ST_15: b_copy_5_load (301)  [2/2] 2.39ns  loc: matmul.cpp:38
.loopexit:26  %b_copy_5_load = load float* %b_copy_5_addr_1, align 4


 <State 16>: 8.26ns
ST_16: a_row_load_35 (53)  [1/1] 0.00ns
.preheader7.preheader:5  %a_row_load_35 = load float* %a_row_load_25

ST_16: tmp_19 (93)  [1/1] 0.00ns  loc: matmul.cpp:41
.preheader7.preheader:45  %tmp_19 = or i9 %tmp_3, 6

ST_16: tmp_20 (94)  [1/1] 0.00ns  loc: matmul.cpp:27
.preheader7.preheader:46  %tmp_20 = call i64 @_ssdm_op_BitConcatenate.i64.i55.i9(i55 0, i9 %tmp_19)

ST_16: a_addr_6 (95)  [1/1] 0.00ns  loc: matmul.cpp:27
.preheader7.preheader:47  %a_addr_6 = getelementptr [768 x float]* %a, i64 0, i64 %tmp_20

ST_16: a_load_6 (133)  [2/2] 2.71ns  loc: matmul.cpp:27
.preheader7.preheader:85  %a_load_6 = load float* %a_addr_6, align 4

ST_16: a_row_load_5 (153)  [1/1] 1.37ns  loc: matmul.cpp:25
.preheader7.preheader:105  %a_row_load_5 = select i1 %tmp_5, float %a_load_5, float %a_row_load_35

ST_16: StgValue_263 (169)  [1/1] 0.00ns  loc: matmul.cpp:25
.preheader7.preheader:121  store float %a_row_load_5, float* %a_row_load_25

ST_16: a_load_22 (243)  [1/2] 2.71ns  loc: matmul.cpp:33
.preheader.preheader:66  %a_load_22 = load float* %a_addr_22, align 4

ST_16: b_copy_6_addr (244)  [1/1] 0.00ns  loc: matmul.cpp:33
.preheader.preheader:67  %b_copy_6_addr = getelementptr [16 x float]* %b_copy_6, i64 0, i64 %tmp_8

ST_16: StgValue_266 (245)  [1/1] 2.39ns  loc: matmul.cpp:33
.preheader.preheader:68  store float %a_load_22, float* %b_copy_6_addr, align 4

ST_16: tmp_12_1 (287)  [3/5] 8.26ns  loc: matmul.cpp:38
.loopexit:12  %tmp_12_1 = fadd float %tmp_6, %tmp_11_1

ST_16: tmp_11_2 (290)  [1/4] 5.78ns  loc: matmul.cpp:38
.loopexit:15  %tmp_11_2 = fmul float %a_row_load_2, %b_copy_2_load

ST_16: tmp_11_3 (294)  [2/4] 5.78ns  loc: matmul.cpp:38
.loopexit:19  %tmp_11_3 = fmul float %a_row_load_3, %b_copy_3_load

ST_16: tmp_11_4 (298)  [3/4] 5.78ns  loc: matmul.cpp:38
.loopexit:23  %tmp_11_4 = fmul float %a_row_load_4, %b_copy_4_load

ST_16: b_copy_5_load (301)  [1/2] 2.39ns  loc: matmul.cpp:38
.loopexit:26  %b_copy_5_load = load float* %b_copy_5_addr_1, align 4

ST_16: tmp_11_5 (302)  [4/4] 5.78ns  loc: matmul.cpp:38
.loopexit:27  %tmp_11_5 = fmul float %a_row_load_5, %b_copy_5_load


 <State 17>: 8.26ns
ST_17: a_load_6 (133)  [1/2] 2.71ns  loc: matmul.cpp:27
.preheader7.preheader:85  %a_load_6 = load float* %a_addr_6, align 4

ST_17: tmp_46 (199)  [1/1] 1.79ns  loc: matmul.cpp:33
.preheader.preheader:22  %tmp_46 = add i9 %tmp_8_cast, -144

ST_17: tmp_47_cast (200)  [1/1] 0.00ns  loc: matmul.cpp:33
.preheader.preheader:23  %tmp_47_cast = zext i9 %tmp_46 to i64

ST_17: a_addr_23 (201)  [1/1] 0.00ns  loc: matmul.cpp:33
.preheader.preheader:24  %a_addr_23 = getelementptr [768 x float]* %a, i64 0, i64 %tmp_47_cast

ST_17: a_load_23 (246)  [2/2] 2.71ns  loc: matmul.cpp:33
.preheader.preheader:69  %a_load_23 = load float* %a_addr_23, align 4

ST_17: tmp_12_1 (287)  [2/5] 8.26ns  loc: matmul.cpp:38
.loopexit:12  %tmp_12_1 = fadd float %tmp_6, %tmp_11_1

ST_17: tmp_11_3 (294)  [1/4] 5.78ns  loc: matmul.cpp:38
.loopexit:19  %tmp_11_3 = fmul float %a_row_load_3, %b_copy_3_load

ST_17: tmp_11_4 (298)  [2/4] 5.78ns  loc: matmul.cpp:38
.loopexit:23  %tmp_11_4 = fmul float %a_row_load_4, %b_copy_4_load

ST_17: tmp_11_5 (302)  [3/4] 5.78ns  loc: matmul.cpp:38
.loopexit:27  %tmp_11_5 = fmul float %a_row_load_5, %b_copy_5_load

ST_17: b_copy_6_addr_1 (304)  [1/1] 0.00ns  loc: matmul.cpp:38
.loopexit:29  %b_copy_6_addr_1 = getelementptr [16 x float]* %b_copy_6, i64 0, i64 %tmp_7

ST_17: b_copy_6_load (305)  [2/2] 2.39ns  loc: matmul.cpp:38
.loopexit:30  %b_copy_6_load = load float* %b_copy_6_addr_1, align 4


 <State 18>: 16.53ns
ST_18: a_row_load_36 (54)  [1/1] 0.00ns
.preheader7.preheader:6  %a_row_load_36 = load float* %a_row_load_24

ST_18: tmp_21 (96)  [1/1] 0.00ns  loc: matmul.cpp:41
.preheader7.preheader:48  %tmp_21 = or i9 %tmp_3, 7

ST_18: tmp_22 (97)  [1/1] 0.00ns  loc: matmul.cpp:27
.preheader7.preheader:49  %tmp_22 = call i64 @_ssdm_op_BitConcatenate.i64.i55.i9(i55 0, i9 %tmp_21)

ST_18: a_addr_7 (98)  [1/1] 0.00ns  loc: matmul.cpp:27
.preheader7.preheader:50  %a_addr_7 = getelementptr [768 x float]* %a, i64 0, i64 %tmp_22

ST_18: a_load_7 (134)  [2/2] 2.71ns  loc: matmul.cpp:27
.preheader7.preheader:86  %a_load_7 = load float* %a_addr_7, align 4

ST_18: a_row_load_6 (152)  [1/1] 1.37ns  loc: matmul.cpp:25
.preheader7.preheader:104  %a_row_load_6 = select i1 %tmp_5, float %a_load_6, float %a_row_load_36

ST_18: StgValue_290 (168)  [1/1] 0.00ns  loc: matmul.cpp:25
.preheader7.preheader:120  store float %a_row_load_6, float* %a_row_load_24

ST_18: a_load_23 (246)  [1/2] 2.71ns  loc: matmul.cpp:33
.preheader.preheader:69  %a_load_23 = load float* %a_addr_23, align 4

ST_18: b_copy_7_addr (247)  [1/1] 0.00ns  loc: matmul.cpp:33
.preheader.preheader:70  %b_copy_7_addr = getelementptr [16 x float]* %b_copy_7, i64 0, i64 %tmp_8

ST_18: StgValue_293 (248)  [1/1] 2.39ns  loc: matmul.cpp:33
.preheader.preheader:71  store float %a_load_23, float* %b_copy_7_addr, align 4

ST_18: tmp_12_1 (287)  [1/5] 8.26ns  loc: matmul.cpp:38
.loopexit:12  %tmp_12_1 = fadd float %tmp_6, %tmp_11_1

ST_18: tmp_12_2 (291)  [5/5] 8.26ns  loc: matmul.cpp:38
.loopexit:16  %tmp_12_2 = fadd float %tmp_12_1, %tmp_11_2

ST_18: tmp_11_4 (298)  [1/4] 5.78ns  loc: matmul.cpp:38
.loopexit:23  %tmp_11_4 = fmul float %a_row_load_4, %b_copy_4_load

ST_18: tmp_11_5 (302)  [2/4] 5.78ns  loc: matmul.cpp:38
.loopexit:27  %tmp_11_5 = fmul float %a_row_load_5, %b_copy_5_load

ST_18: b_copy_6_load (305)  [1/2] 2.39ns  loc: matmul.cpp:38
.loopexit:30  %b_copy_6_load = load float* %b_copy_6_addr_1, align 4

ST_18: tmp_11_6 (306)  [4/4] 5.78ns  loc: matmul.cpp:38
.loopexit:31  %tmp_11_6 = fmul float %a_row_load_6, %b_copy_6_load


 <State 19>: 8.26ns
ST_19: a_load_7 (134)  [1/2] 2.71ns  loc: matmul.cpp:27
.preheader7.preheader:86  %a_load_7 = load float* %a_addr_7, align 4

ST_19: tmp_47 (202)  [1/1] 0.00ns  loc: matmul.cpp:33
.preheader.preheader:25  %tmp_47 = call i64 @_ssdm_op_BitConcatenate.i64.i59.i5(i59 12, i5 %j_mid2)

ST_19: a_addr_24 (203)  [1/1] 0.00ns  loc: matmul.cpp:33
.preheader.preheader:26  %a_addr_24 = getelementptr [768 x float]* %a, i64 0, i64 %tmp_47

ST_19: a_load_24 (249)  [2/2] 2.71ns  loc: matmul.cpp:33
.preheader.preheader:72  %a_load_24 = load float* %a_addr_24, align 4

ST_19: tmp_12_2 (291)  [4/5] 8.26ns  loc: matmul.cpp:38
.loopexit:16  %tmp_12_2 = fadd float %tmp_12_1, %tmp_11_2

ST_19: tmp_11_5 (302)  [1/4] 5.78ns  loc: matmul.cpp:38
.loopexit:27  %tmp_11_5 = fmul float %a_row_load_5, %b_copy_5_load

ST_19: tmp_11_6 (306)  [3/4] 5.78ns  loc: matmul.cpp:38
.loopexit:31  %tmp_11_6 = fmul float %a_row_load_6, %b_copy_6_load

ST_19: b_copy_7_addr_1 (308)  [1/1] 0.00ns  loc: matmul.cpp:38
.loopexit:33  %b_copy_7_addr_1 = getelementptr [16 x float]* %b_copy_7, i64 0, i64 %tmp_7

ST_19: b_copy_7_load (309)  [2/2] 2.39ns  loc: matmul.cpp:38
.loopexit:34  %b_copy_7_load = load float* %b_copy_7_addr_1, align 4


 <State 20>: 8.26ns
ST_20: a_row_load_37 (55)  [1/1] 0.00ns
.preheader7.preheader:7  %a_row_load_37 = load float* %a_row_load_23

ST_20: tmp_23 (99)  [1/1] 0.00ns  loc: matmul.cpp:41
.preheader7.preheader:51  %tmp_23 = or i9 %tmp_3, 8

ST_20: tmp_24 (100)  [1/1] 0.00ns  loc: matmul.cpp:27
.preheader7.preheader:52  %tmp_24 = call i64 @_ssdm_op_BitConcatenate.i64.i55.i9(i55 0, i9 %tmp_23)

ST_20: a_addr_8 (101)  [1/1] 0.00ns  loc: matmul.cpp:27
.preheader7.preheader:53  %a_addr_8 = getelementptr [768 x float]* %a, i64 0, i64 %tmp_24

ST_20: a_load_8 (135)  [2/2] 2.71ns  loc: matmul.cpp:27
.preheader7.preheader:87  %a_load_8 = load float* %a_addr_8, align 4

ST_20: a_row_load_7 (151)  [1/1] 1.37ns  loc: matmul.cpp:25
.preheader7.preheader:103  %a_row_load_7 = select i1 %tmp_5, float %a_load_7, float %a_row_load_37

ST_20: StgValue_315 (167)  [1/1] 0.00ns  loc: matmul.cpp:25
.preheader7.preheader:119  store float %a_row_load_7, float* %a_row_load_23

ST_20: a_load_24 (249)  [1/2] 2.71ns  loc: matmul.cpp:33
.preheader.preheader:72  %a_load_24 = load float* %a_addr_24, align 4

ST_20: b_copy_8_addr (250)  [1/1] 0.00ns  loc: matmul.cpp:33
.preheader.preheader:73  %b_copy_8_addr = getelementptr [16 x float]* %b_copy_8, i64 0, i64 %tmp_8

ST_20: StgValue_318 (251)  [1/1] 2.39ns  loc: matmul.cpp:33
.preheader.preheader:74  store float %a_load_24, float* %b_copy_8_addr, align 4

ST_20: tmp_12_2 (291)  [3/5] 8.26ns  loc: matmul.cpp:38
.loopexit:16  %tmp_12_2 = fadd float %tmp_12_1, %tmp_11_2

ST_20: tmp_11_6 (306)  [2/4] 5.78ns  loc: matmul.cpp:38
.loopexit:31  %tmp_11_6 = fmul float %a_row_load_6, %b_copy_6_load

ST_20: b_copy_7_load (309)  [1/2] 2.39ns  loc: matmul.cpp:38
.loopexit:34  %b_copy_7_load = load float* %b_copy_7_addr_1, align 4

ST_20: tmp_11_7 (310)  [4/4] 5.78ns  loc: matmul.cpp:38
.loopexit:35  %tmp_11_7 = fmul float %a_row_load_7, %b_copy_7_load


 <State 21>: 8.26ns
ST_21: a_load_8 (135)  [1/2] 2.71ns  loc: matmul.cpp:27
.preheader7.preheader:87  %a_load_8 = load float* %a_addr_8, align 4

ST_21: tmp_8_cast_cast (181)  [1/1] 0.00ns  loc: matmul.cpp:33
.preheader.preheader:4  %tmp_8_cast_cast = zext i5 %j_mid2 to i8

ST_21: tmp_48 (204)  [1/1] 1.67ns  loc: matmul.cpp:33
.preheader.preheader:27  %tmp_48 = add i8 %tmp_8_cast_cast, -112

ST_21: tmp_49_cast8 (205)  [1/1] 0.00ns  loc: matmul.cpp:33
.preheader.preheader:28  %tmp_49_cast8 = sext i8 %tmp_48 to i9

ST_21: tmp_49_cast (206)  [1/1] 0.00ns  loc: matmul.cpp:33
.preheader.preheader:29  %tmp_49_cast = zext i9 %tmp_49_cast8 to i64

ST_21: a_addr_26 (207)  [1/1] 0.00ns  loc: matmul.cpp:33
.preheader.preheader:30  %a_addr_26 = getelementptr [768 x float]* %a, i64 0, i64 %tmp_49_cast

ST_21: a_load_25 (252)  [2/2] 2.71ns  loc: matmul.cpp:33
.preheader.preheader:75  %a_load_25 = load float* %a_addr_26, align 4

ST_21: tmp_12_2 (291)  [2/5] 8.26ns  loc: matmul.cpp:38
.loopexit:16  %tmp_12_2 = fadd float %tmp_12_1, %tmp_11_2

ST_21: tmp_11_6 (306)  [1/4] 5.78ns  loc: matmul.cpp:38
.loopexit:31  %tmp_11_6 = fmul float %a_row_load_6, %b_copy_6_load

ST_21: tmp_11_7 (310)  [3/4] 5.78ns  loc: matmul.cpp:38
.loopexit:35  %tmp_11_7 = fmul float %a_row_load_7, %b_copy_7_load

ST_21: b_copy_8_addr_1 (312)  [1/1] 0.00ns  loc: matmul.cpp:38
.loopexit:37  %b_copy_8_addr_1 = getelementptr [16 x float]* %b_copy_8, i64 0, i64 %tmp_7

ST_21: b_copy_8_load (313)  [2/2] 2.39ns  loc: matmul.cpp:38
.loopexit:38  %b_copy_8_load = load float* %b_copy_8_addr_1, align 4


 <State 22>: 16.53ns
ST_22: a_row_load_38 (56)  [1/1] 0.00ns
.preheader7.preheader:8  %a_row_load_38 = load float* %a_row_load_22

ST_22: tmp_25 (102)  [1/1] 0.00ns  loc: matmul.cpp:41
.preheader7.preheader:54  %tmp_25 = or i9 %tmp_3, 9

ST_22: tmp_26 (103)  [1/1] 0.00ns  loc: matmul.cpp:27
.preheader7.preheader:55  %tmp_26 = call i64 @_ssdm_op_BitConcatenate.i64.i55.i9(i55 0, i9 %tmp_25)

ST_22: a_addr_9 (104)  [1/1] 0.00ns  loc: matmul.cpp:27
.preheader7.preheader:56  %a_addr_9 = getelementptr [768 x float]* %a, i64 0, i64 %tmp_26

ST_22: a_load_9 (136)  [2/2] 2.71ns  loc: matmul.cpp:27
.preheader7.preheader:88  %a_load_9 = load float* %a_addr_9, align 4

ST_22: a_row_load_8 (150)  [1/1] 1.37ns  loc: matmul.cpp:25
.preheader7.preheader:102  %a_row_load_8 = select i1 %tmp_5, float %a_load_8, float %a_row_load_38

ST_22: StgValue_341 (166)  [1/1] 0.00ns  loc: matmul.cpp:25
.preheader7.preheader:118  store float %a_row_load_8, float* %a_row_load_22

ST_22: a_load_25 (252)  [1/2] 2.71ns  loc: matmul.cpp:33
.preheader.preheader:75  %a_load_25 = load float* %a_addr_26, align 4

ST_22: b_copy_9_addr (253)  [1/1] 0.00ns  loc: matmul.cpp:33
.preheader.preheader:76  %b_copy_9_addr = getelementptr [16 x float]* %b_copy_9, i64 0, i64 %tmp_8

ST_22: StgValue_344 (254)  [1/1] 2.39ns  loc: matmul.cpp:33
.preheader.preheader:77  store float %a_load_25, float* %b_copy_9_addr, align 4

ST_22: tmp_12_2 (291)  [1/5] 8.26ns  loc: matmul.cpp:38
.loopexit:16  %tmp_12_2 = fadd float %tmp_12_1, %tmp_11_2

ST_22: tmp_12_3 (295)  [5/5] 8.26ns  loc: matmul.cpp:38
.loopexit:20  %tmp_12_3 = fadd float %tmp_12_2, %tmp_11_3

ST_22: tmp_11_7 (310)  [2/4] 5.78ns  loc: matmul.cpp:38
.loopexit:35  %tmp_11_7 = fmul float %a_row_load_7, %b_copy_7_load

ST_22: b_copy_8_load (313)  [1/2] 2.39ns  loc: matmul.cpp:38
.loopexit:38  %b_copy_8_load = load float* %b_copy_8_addr_1, align 4

ST_22: tmp_11_8 (314)  [4/4] 5.78ns  loc: matmul.cpp:38
.loopexit:39  %tmp_11_8 = fmul float %a_row_load_8, %b_copy_8_load


 <State 23>: 8.26ns
ST_23: a_load_9 (136)  [1/2] 2.71ns  loc: matmul.cpp:27
.preheader7.preheader:88  %a_load_9 = load float* %a_addr_9, align 4

ST_23: tmp_49 (208)  [1/1] 0.00ns  loc: matmul.cpp:33
.preheader.preheader:31  %tmp_49 = call i64 @_ssdm_op_BitConcatenate.i64.i59.i5(i59 13, i5 %j_mid2)

ST_23: a_addr_27 (209)  [1/1] 0.00ns  loc: matmul.cpp:33
.preheader.preheader:32  %a_addr_27 = getelementptr [768 x float]* %a, i64 0, i64 %tmp_49

ST_23: a_load_26 (255)  [2/2] 2.71ns  loc: matmul.cpp:33
.preheader.preheader:78  %a_load_26 = load float* %a_addr_27, align 4

ST_23: tmp_12_3 (295)  [4/5] 8.26ns  loc: matmul.cpp:38
.loopexit:20  %tmp_12_3 = fadd float %tmp_12_2, %tmp_11_3

ST_23: tmp_11_7 (310)  [1/4] 5.78ns  loc: matmul.cpp:38
.loopexit:35  %tmp_11_7 = fmul float %a_row_load_7, %b_copy_7_load

ST_23: tmp_11_8 (314)  [3/4] 5.78ns  loc: matmul.cpp:38
.loopexit:39  %tmp_11_8 = fmul float %a_row_load_8, %b_copy_8_load

ST_23: b_copy_9_addr_1 (316)  [1/1] 0.00ns  loc: matmul.cpp:38
.loopexit:41  %b_copy_9_addr_1 = getelementptr [16 x float]* %b_copy_9, i64 0, i64 %tmp_7

ST_23: b_copy_9_load (317)  [2/2] 2.39ns  loc: matmul.cpp:38
.loopexit:42  %b_copy_9_load = load float* %b_copy_9_addr_1, align 4


 <State 24>: 8.26ns
ST_24: a_row_load_39 (57)  [1/1] 0.00ns
.preheader7.preheader:9  %a_row_load_39 = load float* %a_row_load_21

ST_24: tmp_27 (105)  [1/1] 0.00ns  loc: matmul.cpp:41
.preheader7.preheader:57  %tmp_27 = or i9 %tmp_3, 10

ST_24: tmp_28 (106)  [1/1] 0.00ns  loc: matmul.cpp:27
.preheader7.preheader:58  %tmp_28 = call i64 @_ssdm_op_BitConcatenate.i64.i55.i9(i55 0, i9 %tmp_27)

ST_24: a_addr_10 (107)  [1/1] 0.00ns  loc: matmul.cpp:27
.preheader7.preheader:59  %a_addr_10 = getelementptr [768 x float]* %a, i64 0, i64 %tmp_28

ST_24: a_load_10 (137)  [2/2] 2.71ns  loc: matmul.cpp:27
.preheader7.preheader:89  %a_load_10 = load float* %a_addr_10, align 4

ST_24: a_row_load_9 (149)  [1/1] 1.37ns  loc: matmul.cpp:25
.preheader7.preheader:101  %a_row_load_9 = select i1 %tmp_5, float %a_load_9, float %a_row_load_39

ST_24: StgValue_365 (165)  [1/1] 0.00ns  loc: matmul.cpp:25
.preheader7.preheader:117  store float %a_row_load_9, float* %a_row_load_21

ST_24: a_load_26 (255)  [1/2] 2.71ns  loc: matmul.cpp:33
.preheader.preheader:78  %a_load_26 = load float* %a_addr_27, align 4

ST_24: b_copy_10_addr (256)  [1/1] 0.00ns  loc: matmul.cpp:33
.preheader.preheader:79  %b_copy_10_addr = getelementptr [16 x float]* %b_copy_10, i64 0, i64 %tmp_8

ST_24: StgValue_368 (257)  [1/1] 2.39ns  loc: matmul.cpp:33
.preheader.preheader:80  store float %a_load_26, float* %b_copy_10_addr, align 4

ST_24: tmp_12_3 (295)  [3/5] 8.26ns  loc: matmul.cpp:38
.loopexit:20  %tmp_12_3 = fadd float %tmp_12_2, %tmp_11_3

ST_24: tmp_11_8 (314)  [2/4] 5.78ns  loc: matmul.cpp:38
.loopexit:39  %tmp_11_8 = fmul float %a_row_load_8, %b_copy_8_load

ST_24: b_copy_9_load (317)  [1/2] 2.39ns  loc: matmul.cpp:38
.loopexit:42  %b_copy_9_load = load float* %b_copy_9_addr_1, align 4

ST_24: tmp_11_9 (318)  [4/4] 5.78ns  loc: matmul.cpp:38
.loopexit:43  %tmp_11_9 = fmul float %a_row_load_9, %b_copy_9_load


 <State 25>: 8.26ns
ST_25: a_load_10 (137)  [1/2] 2.71ns  loc: matmul.cpp:27
.preheader7.preheader:89  %a_load_10 = load float* %a_addr_10, align 4

ST_25: tmp_50 (210)  [1/1] 1.67ns  loc: matmul.cpp:33
.preheader.preheader:33  %tmp_50 = add i8 %tmp_8_cast_cast, -80

ST_25: tmp_51_cast7 (211)  [1/1] 0.00ns  loc: matmul.cpp:33
.preheader.preheader:34  %tmp_51_cast7 = sext i8 %tmp_50 to i9

ST_25: tmp_51_cast (212)  [1/1] 0.00ns  loc: matmul.cpp:33
.preheader.preheader:35  %tmp_51_cast = zext i9 %tmp_51_cast7 to i64

ST_25: a_addr_28 (213)  [1/1] 0.00ns  loc: matmul.cpp:33
.preheader.preheader:36  %a_addr_28 = getelementptr [768 x float]* %a, i64 0, i64 %tmp_51_cast

ST_25: a_load_27 (258)  [2/2] 2.71ns  loc: matmul.cpp:33
.preheader.preheader:81  %a_load_27 = load float* %a_addr_28, align 4

ST_25: tmp_12_3 (295)  [2/5] 8.26ns  loc: matmul.cpp:38
.loopexit:20  %tmp_12_3 = fadd float %tmp_12_2, %tmp_11_3

ST_25: tmp_11_8 (314)  [1/4] 5.78ns  loc: matmul.cpp:38
.loopexit:39  %tmp_11_8 = fmul float %a_row_load_8, %b_copy_8_load

ST_25: tmp_11_9 (318)  [3/4] 5.78ns  loc: matmul.cpp:38
.loopexit:43  %tmp_11_9 = fmul float %a_row_load_9, %b_copy_9_load

ST_25: b_copy_10_addr_1 (320)  [1/1] 0.00ns  loc: matmul.cpp:38
.loopexit:45  %b_copy_10_addr_1 = getelementptr [16 x float]* %b_copy_10, i64 0, i64 %tmp_7

ST_25: b_copy_10_load (321)  [2/2] 2.39ns  loc: matmul.cpp:38
.loopexit:46  %b_copy_10_load = load float* %b_copy_10_addr_1, align 4


 <State 26>: 16.53ns
ST_26: a_row_load_40 (58)  [1/1] 0.00ns
.preheader7.preheader:10  %a_row_load_40 = load float* %a_row_load_20

ST_26: tmp_29 (108)  [1/1] 0.00ns  loc: matmul.cpp:41
.preheader7.preheader:60  %tmp_29 = or i9 %tmp_3, 11

ST_26: tmp_30 (109)  [1/1] 0.00ns  loc: matmul.cpp:27
.preheader7.preheader:61  %tmp_30 = call i64 @_ssdm_op_BitConcatenate.i64.i55.i9(i55 0, i9 %tmp_29)

ST_26: a_addr_11 (110)  [1/1] 0.00ns  loc: matmul.cpp:27
.preheader7.preheader:62  %a_addr_11 = getelementptr [768 x float]* %a, i64 0, i64 %tmp_30

ST_26: a_load_11 (138)  [2/2] 2.71ns  loc: matmul.cpp:27
.preheader7.preheader:90  %a_load_11 = load float* %a_addr_11, align 4

ST_26: a_row_load_10 (148)  [1/1] 1.37ns  loc: matmul.cpp:25
.preheader7.preheader:100  %a_row_load_10 = select i1 %tmp_5, float %a_load_10, float %a_row_load_40

ST_26: StgValue_390 (164)  [1/1] 0.00ns  loc: matmul.cpp:25
.preheader7.preheader:116  store float %a_row_load_10, float* %a_row_load_20

ST_26: a_load_27 (258)  [1/2] 2.71ns  loc: matmul.cpp:33
.preheader.preheader:81  %a_load_27 = load float* %a_addr_28, align 4

ST_26: b_copy_11_addr (259)  [1/1] 0.00ns  loc: matmul.cpp:33
.preheader.preheader:82  %b_copy_11_addr = getelementptr [16 x float]* %b_copy_11, i64 0, i64 %tmp_8

ST_26: StgValue_393 (260)  [1/1] 2.39ns  loc: matmul.cpp:33
.preheader.preheader:83  store float %a_load_27, float* %b_copy_11_addr, align 4

ST_26: tmp_12_3 (295)  [1/5] 8.26ns  loc: matmul.cpp:38
.loopexit:20  %tmp_12_3 = fadd float %tmp_12_2, %tmp_11_3

ST_26: tmp_12_4 (299)  [5/5] 8.26ns  loc: matmul.cpp:38
.loopexit:24  %tmp_12_4 = fadd float %tmp_12_3, %tmp_11_4

ST_26: tmp_11_9 (318)  [2/4] 5.78ns  loc: matmul.cpp:38
.loopexit:43  %tmp_11_9 = fmul float %a_row_load_9, %b_copy_9_load

ST_26: b_copy_10_load (321)  [1/2] 2.39ns  loc: matmul.cpp:38
.loopexit:46  %b_copy_10_load = load float* %b_copy_10_addr_1, align 4

ST_26: tmp_11_s (322)  [4/4] 5.78ns  loc: matmul.cpp:38
.loopexit:47  %tmp_11_s = fmul float %a_row_load_10, %b_copy_10_load


 <State 27>: 8.26ns
ST_27: a_load_11 (138)  [1/2] 2.71ns  loc: matmul.cpp:27
.preheader7.preheader:90  %a_load_11 = load float* %a_addr_11, align 4

ST_27: tmp_51 (214)  [1/1] 0.00ns  loc: matmul.cpp:33
.preheader.preheader:37  %tmp_51 = call i64 @_ssdm_op_BitConcatenate.i64.i59.i5(i59 14, i5 %j_mid2)

ST_27: a_addr_29 (215)  [1/1] 0.00ns  loc: matmul.cpp:33
.preheader.preheader:38  %a_addr_29 = getelementptr [768 x float]* %a, i64 0, i64 %tmp_51

ST_27: a_load_28 (261)  [2/2] 2.71ns  loc: matmul.cpp:33
.preheader.preheader:84  %a_load_28 = load float* %a_addr_29, align 4

ST_27: tmp_12_4 (299)  [4/5] 8.26ns  loc: matmul.cpp:38
.loopexit:24  %tmp_12_4 = fadd float %tmp_12_3, %tmp_11_4

ST_27: tmp_11_9 (318)  [1/4] 5.78ns  loc: matmul.cpp:38
.loopexit:43  %tmp_11_9 = fmul float %a_row_load_9, %b_copy_9_load

ST_27: tmp_11_s (322)  [3/4] 5.78ns  loc: matmul.cpp:38
.loopexit:47  %tmp_11_s = fmul float %a_row_load_10, %b_copy_10_load

ST_27: b_copy_11_addr_1 (324)  [1/1] 0.00ns  loc: matmul.cpp:38
.loopexit:49  %b_copy_11_addr_1 = getelementptr [16 x float]* %b_copy_11, i64 0, i64 %tmp_7

ST_27: b_copy_11_load (325)  [2/2] 2.39ns  loc: matmul.cpp:38
.loopexit:50  %b_copy_11_load = load float* %b_copy_11_addr_1, align 4


 <State 28>: 8.26ns
ST_28: a_row_load_41 (59)  [1/1] 0.00ns
.preheader7.preheader:11  %a_row_load_41 = load float* %a_row_load_19

ST_28: tmp_31 (111)  [1/1] 0.00ns  loc: matmul.cpp:41
.preheader7.preheader:63  %tmp_31 = or i9 %tmp_3, 12

ST_28: tmp_32 (112)  [1/1] 0.00ns  loc: matmul.cpp:27
.preheader7.preheader:64  %tmp_32 = call i64 @_ssdm_op_BitConcatenate.i64.i55.i9(i55 0, i9 %tmp_31)

ST_28: a_addr_12 (113)  [1/1] 0.00ns  loc: matmul.cpp:27
.preheader7.preheader:65  %a_addr_12 = getelementptr [768 x float]* %a, i64 0, i64 %tmp_32

ST_28: a_load_12 (139)  [2/2] 2.71ns  loc: matmul.cpp:27
.preheader7.preheader:91  %a_load_12 = load float* %a_addr_12, align 4

ST_28: a_row_load_11 (147)  [1/1] 1.37ns  loc: matmul.cpp:25
.preheader7.preheader:99  %a_row_load_11 = select i1 %tmp_5, float %a_load_11, float %a_row_load_41

ST_28: StgValue_414 (163)  [1/1] 0.00ns  loc: matmul.cpp:25
.preheader7.preheader:115  store float %a_row_load_11, float* %a_row_load_19

ST_28: a_load_28 (261)  [1/2] 2.71ns  loc: matmul.cpp:33
.preheader.preheader:84  %a_load_28 = load float* %a_addr_29, align 4

ST_28: b_copy_12_addr (262)  [1/1] 0.00ns  loc: matmul.cpp:33
.preheader.preheader:85  %b_copy_12_addr = getelementptr [16 x float]* %b_copy_12, i64 0, i64 %tmp_8

ST_28: StgValue_417 (263)  [1/1] 2.39ns  loc: matmul.cpp:33
.preheader.preheader:86  store float %a_load_28, float* %b_copy_12_addr, align 4

ST_28: tmp_12_4 (299)  [3/5] 8.26ns  loc: matmul.cpp:38
.loopexit:24  %tmp_12_4 = fadd float %tmp_12_3, %tmp_11_4

ST_28: tmp_11_s (322)  [2/4] 5.78ns  loc: matmul.cpp:38
.loopexit:47  %tmp_11_s = fmul float %a_row_load_10, %b_copy_10_load

ST_28: b_copy_11_load (325)  [1/2] 2.39ns  loc: matmul.cpp:38
.loopexit:50  %b_copy_11_load = load float* %b_copy_11_addr_1, align 4

ST_28: tmp_11_10 (326)  [4/4] 5.78ns  loc: matmul.cpp:38
.loopexit:51  %tmp_11_10 = fmul float %a_row_load_11, %b_copy_11_load


 <State 29>: 8.26ns
ST_29: a_load_12 (139)  [1/2] 2.71ns  loc: matmul.cpp:27
.preheader7.preheader:91  %a_load_12 = load float* %a_addr_12, align 4

ST_29: tmp_8_cast_cast9 (180)  [1/1] 0.00ns  loc: matmul.cpp:33
.preheader.preheader:3  %tmp_8_cast_cast9 = zext i5 %j_mid2 to i7

ST_29: tmp_52 (216)  [1/1] 1.67ns  loc: matmul.cpp:33
.preheader.preheader:39  %tmp_52 = add i7 %tmp_8_cast_cast9, -48

ST_29: tmp_53_cast6 (217)  [1/1] 0.00ns  loc: matmul.cpp:33
.preheader.preheader:40  %tmp_53_cast6 = sext i7 %tmp_52 to i9

ST_29: tmp_53_cast (218)  [1/1] 0.00ns  loc: matmul.cpp:33
.preheader.preheader:41  %tmp_53_cast = zext i9 %tmp_53_cast6 to i64

ST_29: a_addr_30 (219)  [1/1] 0.00ns  loc: matmul.cpp:33
.preheader.preheader:42  %a_addr_30 = getelementptr [768 x float]* %a, i64 0, i64 %tmp_53_cast

ST_29: a_load_29 (264)  [2/2] 2.71ns  loc: matmul.cpp:33
.preheader.preheader:87  %a_load_29 = load float* %a_addr_30, align 4

ST_29: tmp_12_4 (299)  [2/5] 8.26ns  loc: matmul.cpp:38
.loopexit:24  %tmp_12_4 = fadd float %tmp_12_3, %tmp_11_4

ST_29: tmp_11_s (322)  [1/4] 5.78ns  loc: matmul.cpp:38
.loopexit:47  %tmp_11_s = fmul float %a_row_load_10, %b_copy_10_load

ST_29: tmp_11_10 (326)  [3/4] 5.78ns  loc: matmul.cpp:38
.loopexit:51  %tmp_11_10 = fmul float %a_row_load_11, %b_copy_11_load

ST_29: b_copy_12_addr_1 (328)  [1/1] 0.00ns  loc: matmul.cpp:38
.loopexit:53  %b_copy_12_addr_1 = getelementptr [16 x float]* %b_copy_12, i64 0, i64 %tmp_7

ST_29: b_copy_12_load (329)  [2/2] 2.39ns  loc: matmul.cpp:38
.loopexit:54  %b_copy_12_load = load float* %b_copy_12_addr_1, align 4


 <State 30>: 16.53ns
ST_30: a_row_load_42 (60)  [1/1] 0.00ns
.preheader7.preheader:12  %a_row_load_42 = load float* %a_row_load_18

ST_30: tmp_33 (114)  [1/1] 0.00ns  loc: matmul.cpp:41
.preheader7.preheader:66  %tmp_33 = or i9 %tmp_3, 13

ST_30: tmp_34 (115)  [1/1] 0.00ns  loc: matmul.cpp:27
.preheader7.preheader:67  %tmp_34 = call i64 @_ssdm_op_BitConcatenate.i64.i55.i9(i55 0, i9 %tmp_33)

ST_30: a_addr_13 (116)  [1/1] 0.00ns  loc: matmul.cpp:27
.preheader7.preheader:68  %a_addr_13 = getelementptr [768 x float]* %a, i64 0, i64 %tmp_34

ST_30: a_load_13 (140)  [2/2] 2.71ns  loc: matmul.cpp:27
.preheader7.preheader:92  %a_load_13 = load float* %a_addr_13, align 4

ST_30: a_row_load_12 (146)  [1/1] 1.37ns  loc: matmul.cpp:25
.preheader7.preheader:98  %a_row_load_12 = select i1 %tmp_5, float %a_load_12, float %a_row_load_42

ST_30: StgValue_440 (162)  [1/1] 0.00ns  loc: matmul.cpp:25
.preheader7.preheader:114  store float %a_row_load_12, float* %a_row_load_18

ST_30: a_load_29 (264)  [1/2] 2.71ns  loc: matmul.cpp:33
.preheader.preheader:87  %a_load_29 = load float* %a_addr_30, align 4

ST_30: b_copy_13_addr (265)  [1/1] 0.00ns  loc: matmul.cpp:33
.preheader.preheader:88  %b_copy_13_addr = getelementptr [16 x float]* %b_copy_13, i64 0, i64 %tmp_8

ST_30: StgValue_443 (266)  [1/1] 2.39ns  loc: matmul.cpp:33
.preheader.preheader:89  store float %a_load_29, float* %b_copy_13_addr, align 4

ST_30: tmp_12_4 (299)  [1/5] 8.26ns  loc: matmul.cpp:38
.loopexit:24  %tmp_12_4 = fadd float %tmp_12_3, %tmp_11_4

ST_30: tmp_12_5 (303)  [5/5] 8.26ns  loc: matmul.cpp:38
.loopexit:28  %tmp_12_5 = fadd float %tmp_12_4, %tmp_11_5

ST_30: tmp_11_10 (326)  [2/4] 5.78ns  loc: matmul.cpp:38
.loopexit:51  %tmp_11_10 = fmul float %a_row_load_11, %b_copy_11_load

ST_30: b_copy_12_load (329)  [1/2] 2.39ns  loc: matmul.cpp:38
.loopexit:54  %b_copy_12_load = load float* %b_copy_12_addr_1, align 4

ST_30: tmp_11_11 (330)  [4/4] 5.78ns  loc: matmul.cpp:38
.loopexit:55  %tmp_11_11 = fmul float %a_row_load_12, %b_copy_12_load


 <State 31>: 8.26ns
ST_31: a_load_13 (140)  [1/2] 2.71ns  loc: matmul.cpp:27
.preheader7.preheader:92  %a_load_13 = load float* %a_addr_13, align 4

ST_31: tmp_53 (220)  [1/1] 0.00ns  loc: matmul.cpp:33
.preheader.preheader:43  %tmp_53 = call i64 @_ssdm_op_BitConcatenate.i64.i59.i5(i59 15, i5 %j_mid2)

ST_31: a_addr_31 (221)  [1/1] 0.00ns  loc: matmul.cpp:33
.preheader.preheader:44  %a_addr_31 = getelementptr [768 x float]* %a, i64 0, i64 %tmp_53

ST_31: a_load_30 (267)  [2/2] 2.71ns  loc: matmul.cpp:33
.preheader.preheader:90  %a_load_30 = load float* %a_addr_31, align 4

ST_31: tmp_12_5 (303)  [4/5] 8.26ns  loc: matmul.cpp:38
.loopexit:28  %tmp_12_5 = fadd float %tmp_12_4, %tmp_11_5

ST_31: tmp_11_10 (326)  [1/4] 5.78ns  loc: matmul.cpp:38
.loopexit:51  %tmp_11_10 = fmul float %a_row_load_11, %b_copy_11_load

ST_31: tmp_11_11 (330)  [3/4] 5.78ns  loc: matmul.cpp:38
.loopexit:55  %tmp_11_11 = fmul float %a_row_load_12, %b_copy_12_load

ST_31: b_copy_13_addr_1 (332)  [1/1] 0.00ns  loc: matmul.cpp:38
.loopexit:57  %b_copy_13_addr_1 = getelementptr [16 x float]* %b_copy_13, i64 0, i64 %tmp_7

ST_31: b_copy_13_load (333)  [2/2] 2.39ns  loc: matmul.cpp:38
.loopexit:58  %b_copy_13_load = load float* %b_copy_13_addr_1, align 4


 <State 32>: 8.26ns
ST_32: a_row_load_43 (61)  [1/1] 0.00ns
.preheader7.preheader:13  %a_row_load_43 = load float* %a_row_load_17

ST_32: tmp_35 (117)  [1/1] 0.00ns  loc: matmul.cpp:41
.preheader7.preheader:69  %tmp_35 = or i9 %tmp_3, 14

ST_32: tmp_36 (118)  [1/1] 0.00ns  loc: matmul.cpp:27
.preheader7.preheader:70  %tmp_36 = call i64 @_ssdm_op_BitConcatenate.i64.i55.i9(i55 0, i9 %tmp_35)

ST_32: a_addr_14 (119)  [1/1] 0.00ns  loc: matmul.cpp:27
.preheader7.preheader:71  %a_addr_14 = getelementptr [768 x float]* %a, i64 0, i64 %tmp_36

ST_32: a_load_14 (141)  [2/2] 2.71ns  loc: matmul.cpp:27
.preheader7.preheader:93  %a_load_14 = load float* %a_addr_14, align 4

ST_32: a_row_load_13 (145)  [1/1] 1.37ns  loc: matmul.cpp:25
.preheader7.preheader:97  %a_row_load_13 = select i1 %tmp_5, float %a_load_13, float %a_row_load_43

ST_32: StgValue_464 (161)  [1/1] 0.00ns  loc: matmul.cpp:25
.preheader7.preheader:113  store float %a_row_load_13, float* %a_row_load_17

ST_32: a_load_30 (267)  [1/2] 2.71ns  loc: matmul.cpp:33
.preheader.preheader:90  %a_load_30 = load float* %a_addr_31, align 4

ST_32: b_copy_14_addr (268)  [1/1] 0.00ns  loc: matmul.cpp:33
.preheader.preheader:91  %b_copy_14_addr = getelementptr [16 x float]* %b_copy_14, i64 0, i64 %tmp_8

ST_32: StgValue_467 (269)  [1/1] 2.39ns  loc: matmul.cpp:33
.preheader.preheader:92  store float %a_load_30, float* %b_copy_14_addr, align 4

ST_32: tmp_12_5 (303)  [3/5] 8.26ns  loc: matmul.cpp:38
.loopexit:28  %tmp_12_5 = fadd float %tmp_12_4, %tmp_11_5

ST_32: tmp_11_11 (330)  [2/4] 5.78ns  loc: matmul.cpp:38
.loopexit:55  %tmp_11_11 = fmul float %a_row_load_12, %b_copy_12_load

ST_32: b_copy_13_load (333)  [1/2] 2.39ns  loc: matmul.cpp:38
.loopexit:58  %b_copy_13_load = load float* %b_copy_13_addr_1, align 4

ST_32: tmp_11_12 (334)  [4/4] 5.78ns  loc: matmul.cpp:38
.loopexit:59  %tmp_11_12 = fmul float %a_row_load_13, %b_copy_13_load


 <State 33>: 8.26ns
ST_33: a_load_14 (141)  [1/2] 2.71ns  loc: matmul.cpp:27
.preheader7.preheader:93  %a_load_14 = load float* %a_addr_14, align 4

ST_33: tmp_8_cast5 (178)  [1/1] 0.00ns  loc: matmul.cpp:33
.preheader.preheader:1  %tmp_8_cast5 = zext i5 %j_mid2 to i10

ST_33: tmp_54 (222)  [1/1] 1.79ns  loc: matmul.cpp:33
.preheader.preheader:45  %tmp_54 = add i10 %tmp_8_cast5, 496

ST_33: tmp_55_cast (223)  [1/1] 0.00ns  loc: matmul.cpp:33
.preheader.preheader:46  %tmp_55_cast = zext i10 %tmp_54 to i64

ST_33: a_addr_32 (224)  [1/1] 0.00ns  loc: matmul.cpp:33
.preheader.preheader:47  %a_addr_32 = getelementptr [768 x float]* %a, i64 0, i64 %tmp_55_cast

ST_33: a_load_31 (270)  [2/2] 2.71ns  loc: matmul.cpp:33
.preheader.preheader:93  %a_load_31 = load float* %a_addr_32, align 4

ST_33: tmp_12_5 (303)  [2/5] 8.26ns  loc: matmul.cpp:38
.loopexit:28  %tmp_12_5 = fadd float %tmp_12_4, %tmp_11_5

ST_33: tmp_11_11 (330)  [1/4] 5.78ns  loc: matmul.cpp:38
.loopexit:55  %tmp_11_11 = fmul float %a_row_load_12, %b_copy_12_load

ST_33: tmp_11_12 (334)  [3/4] 5.78ns  loc: matmul.cpp:38
.loopexit:59  %tmp_11_12 = fmul float %a_row_load_13, %b_copy_13_load

ST_33: b_copy_14_addr_1 (336)  [1/1] 0.00ns  loc: matmul.cpp:38
.loopexit:61  %b_copy_14_addr_1 = getelementptr [16 x float]* %b_copy_14, i64 0, i64 %tmp_7

ST_33: b_copy_14_load (337)  [2/2] 2.39ns  loc: matmul.cpp:38
.loopexit:62  %b_copy_14_load = load float* %b_copy_14_addr_1, align 4


 <State 34>: 16.53ns
ST_34: a_row_load_44 (62)  [1/1] 0.00ns
.preheader7.preheader:14  %a_row_load_44 = load float* %a_row_load_16

ST_34: tmp_37 (120)  [1/1] 0.00ns  loc: matmul.cpp:41
.preheader7.preheader:72  %tmp_37 = or i9 %tmp_3, 15

ST_34: tmp_38 (121)  [1/1] 0.00ns  loc: matmul.cpp:27
.preheader7.preheader:73  %tmp_38 = call i64 @_ssdm_op_BitConcatenate.i64.i55.i9(i55 0, i9 %tmp_37)

ST_34: a_addr_15 (122)  [1/1] 0.00ns  loc: matmul.cpp:27
.preheader7.preheader:74  %a_addr_15 = getelementptr [768 x float]* %a, i64 0, i64 %tmp_38

ST_34: a_load_15 (142)  [2/2] 2.71ns  loc: matmul.cpp:27
.preheader7.preheader:94  %a_load_15 = load float* %a_addr_15, align 4

ST_34: a_row_load_14 (144)  [1/1] 1.37ns  loc: matmul.cpp:25
.preheader7.preheader:96  %a_row_load_14 = select i1 %tmp_5, float %a_load_14, float %a_row_load_44

ST_34: StgValue_489 (160)  [1/1] 0.00ns  loc: matmul.cpp:25
.preheader7.preheader:112  store float %a_row_load_14, float* %a_row_load_16

ST_34: a_load_31 (270)  [1/2] 2.71ns  loc: matmul.cpp:33
.preheader.preheader:93  %a_load_31 = load float* %a_addr_32, align 4

ST_34: b_copy_15_addr (271)  [1/1] 0.00ns  loc: matmul.cpp:33
.preheader.preheader:94  %b_copy_15_addr = getelementptr [16 x float]* %b_copy_15, i64 0, i64 %tmp_8

ST_34: StgValue_492 (272)  [1/1] 2.39ns  loc: matmul.cpp:33
.preheader.preheader:95  store float %a_load_31, float* %b_copy_15_addr, align 4

ST_34: StgValue_493 (273)  [1/1] 0.00ns
.preheader.preheader:96  br label %.loopexit

ST_34: tmp_12_5 (303)  [1/5] 8.26ns  loc: matmul.cpp:38
.loopexit:28  %tmp_12_5 = fadd float %tmp_12_4, %tmp_11_5

ST_34: tmp_12_6 (307)  [5/5] 8.26ns  loc: matmul.cpp:38
.loopexit:32  %tmp_12_6 = fadd float %tmp_12_5, %tmp_11_6

ST_34: tmp_11_12 (334)  [2/4] 5.78ns  loc: matmul.cpp:38
.loopexit:59  %tmp_11_12 = fmul float %a_row_load_13, %b_copy_13_load

ST_34: b_copy_14_load (337)  [1/2] 2.39ns  loc: matmul.cpp:38
.loopexit:62  %b_copy_14_load = load float* %b_copy_14_addr_1, align 4

ST_34: tmp_11_13 (338)  [4/4] 5.78ns  loc: matmul.cpp:38
.loopexit:63  %tmp_11_13 = fmul float %a_row_load_14, %b_copy_14_load


 <State 35>: 8.26ns
ST_35: a_row_load_45 (63)  [1/1] 0.00ns
.preheader7.preheader:15  %a_row_load_45 = load float* %a_row_load_s

ST_35: a_load_15 (142)  [1/2] 2.71ns  loc: matmul.cpp:27
.preheader7.preheader:94  %a_load_15 = load float* %a_addr_15, align 4

ST_35: a_row_load_15 (143)  [1/1] 1.37ns  loc: matmul.cpp:25
.preheader7.preheader:95  %a_row_load_15 = select i1 %tmp_5, float %a_load_15, float %a_row_load_45

ST_35: StgValue_502 (159)  [1/1] 0.00ns  loc: matmul.cpp:25
.preheader7.preheader:111  store float %a_row_load_15, float* %a_row_load_s

ST_35: tmp_12_6 (307)  [4/5] 8.26ns  loc: matmul.cpp:38
.loopexit:32  %tmp_12_6 = fadd float %tmp_12_5, %tmp_11_6

ST_35: tmp_11_12 (334)  [1/4] 5.78ns  loc: matmul.cpp:38
.loopexit:59  %tmp_11_12 = fmul float %a_row_load_13, %b_copy_13_load

ST_35: tmp_11_13 (338)  [3/4] 5.78ns  loc: matmul.cpp:38
.loopexit:63  %tmp_11_13 = fmul float %a_row_load_14, %b_copy_14_load

ST_35: b_copy_15_addr_1 (340)  [1/1] 0.00ns  loc: matmul.cpp:38
.loopexit:65  %b_copy_15_addr_1 = getelementptr [16 x float]* %b_copy_15, i64 0, i64 %tmp_7

ST_35: b_copy_15_load (341)  [2/2] 2.39ns  loc: matmul.cpp:38
.loopexit:66  %b_copy_15_load = load float* %b_copy_15_addr_1, align 4


 <State 36>: 8.26ns
ST_36: tmp_12_6 (307)  [3/5] 8.26ns  loc: matmul.cpp:38
.loopexit:32  %tmp_12_6 = fadd float %tmp_12_5, %tmp_11_6

ST_36: tmp_11_13 (338)  [2/4] 5.78ns  loc: matmul.cpp:38
.loopexit:63  %tmp_11_13 = fmul float %a_row_load_14, %b_copy_14_load

ST_36: b_copy_15_load (341)  [1/2] 2.39ns  loc: matmul.cpp:38
.loopexit:66  %b_copy_15_load = load float* %b_copy_15_addr_1, align 4

ST_36: tmp_11_14 (342)  [4/4] 5.78ns  loc: matmul.cpp:38
.loopexit:67  %tmp_11_14 = fmul float %a_row_load_15, %b_copy_15_load


 <State 37>: 8.26ns
ST_37: tmp_12_6 (307)  [2/5] 8.26ns  loc: matmul.cpp:38
.loopexit:32  %tmp_12_6 = fadd float %tmp_12_5, %tmp_11_6

ST_37: tmp_11_13 (338)  [1/4] 5.78ns  loc: matmul.cpp:38
.loopexit:63  %tmp_11_13 = fmul float %a_row_load_14, %b_copy_14_load

ST_37: tmp_11_14 (342)  [3/4] 5.78ns  loc: matmul.cpp:38
.loopexit:67  %tmp_11_14 = fmul float %a_row_load_15, %b_copy_15_load


 <State 38>: 16.53ns
ST_38: tmp_12_6 (307)  [1/5] 8.26ns  loc: matmul.cpp:38
.loopexit:32  %tmp_12_6 = fadd float %tmp_12_5, %tmp_11_6

ST_38: tmp_12_7 (311)  [5/5] 8.26ns  loc: matmul.cpp:38
.loopexit:36  %tmp_12_7 = fadd float %tmp_12_6, %tmp_11_7

ST_38: tmp_11_14 (342)  [2/4] 5.78ns  loc: matmul.cpp:38
.loopexit:67  %tmp_11_14 = fmul float %a_row_load_15, %b_copy_15_load


 <State 39>: 8.26ns
ST_39: tmp_12_7 (311)  [4/5] 8.26ns  loc: matmul.cpp:38
.loopexit:36  %tmp_12_7 = fadd float %tmp_12_6, %tmp_11_7

ST_39: tmp_11_14 (342)  [1/4] 5.78ns  loc: matmul.cpp:38
.loopexit:67  %tmp_11_14 = fmul float %a_row_load_15, %b_copy_15_load


 <State 40>: 8.26ns
ST_40: tmp_12_7 (311)  [3/5] 8.26ns  loc: matmul.cpp:38
.loopexit:36  %tmp_12_7 = fadd float %tmp_12_6, %tmp_11_7


 <State 41>: 8.26ns
ST_41: tmp_12_7 (311)  [2/5] 8.26ns  loc: matmul.cpp:38
.loopexit:36  %tmp_12_7 = fadd float %tmp_12_6, %tmp_11_7


 <State 42>: 16.53ns
ST_42: tmp_12_7 (311)  [1/5] 8.26ns  loc: matmul.cpp:38
.loopexit:36  %tmp_12_7 = fadd float %tmp_12_6, %tmp_11_7

ST_42: tmp_12_8 (315)  [5/5] 8.26ns  loc: matmul.cpp:38
.loopexit:40  %tmp_12_8 = fadd float %tmp_12_7, %tmp_11_8


 <State 43>: 8.26ns
ST_43: tmp_12_8 (315)  [4/5] 8.26ns  loc: matmul.cpp:38
.loopexit:40  %tmp_12_8 = fadd float %tmp_12_7, %tmp_11_8


 <State 44>: 8.26ns
ST_44: tmp_12_8 (315)  [3/5] 8.26ns  loc: matmul.cpp:38
.loopexit:40  %tmp_12_8 = fadd float %tmp_12_7, %tmp_11_8


 <State 45>: 8.26ns
ST_45: tmp_12_8 (315)  [2/5] 8.26ns  loc: matmul.cpp:38
.loopexit:40  %tmp_12_8 = fadd float %tmp_12_7, %tmp_11_8


 <State 46>: 16.53ns
ST_46: tmp_12_8 (315)  [1/5] 8.26ns  loc: matmul.cpp:38
.loopexit:40  %tmp_12_8 = fadd float %tmp_12_7, %tmp_11_8

ST_46: tmp_12_9 (319)  [5/5] 8.26ns  loc: matmul.cpp:38
.loopexit:44  %tmp_12_9 = fadd float %tmp_12_8, %tmp_11_9


 <State 47>: 8.26ns
ST_47: tmp_12_9 (319)  [4/5] 8.26ns  loc: matmul.cpp:38
.loopexit:44  %tmp_12_9 = fadd float %tmp_12_8, %tmp_11_9


 <State 48>: 8.26ns
ST_48: tmp_12_9 (319)  [3/5] 8.26ns  loc: matmul.cpp:38
.loopexit:44  %tmp_12_9 = fadd float %tmp_12_8, %tmp_11_9


 <State 49>: 8.26ns
ST_49: tmp_12_9 (319)  [2/5] 8.26ns  loc: matmul.cpp:38
.loopexit:44  %tmp_12_9 = fadd float %tmp_12_8, %tmp_11_9


 <State 50>: 16.53ns
ST_50: tmp_12_9 (319)  [1/5] 8.26ns  loc: matmul.cpp:38
.loopexit:44  %tmp_12_9 = fadd float %tmp_12_8, %tmp_11_9

ST_50: tmp_12_s (323)  [5/5] 8.26ns  loc: matmul.cpp:38
.loopexit:48  %tmp_12_s = fadd float %tmp_12_9, %tmp_11_s


 <State 51>: 8.26ns
ST_51: tmp_12_s (323)  [4/5] 8.26ns  loc: matmul.cpp:38
.loopexit:48  %tmp_12_s = fadd float %tmp_12_9, %tmp_11_s


 <State 52>: 8.26ns
ST_52: tmp_12_s (323)  [3/5] 8.26ns  loc: matmul.cpp:38
.loopexit:48  %tmp_12_s = fadd float %tmp_12_9, %tmp_11_s


 <State 53>: 8.26ns
ST_53: tmp_12_s (323)  [2/5] 8.26ns  loc: matmul.cpp:38
.loopexit:48  %tmp_12_s = fadd float %tmp_12_9, %tmp_11_s


 <State 54>: 16.53ns
ST_54: tmp_12_s (323)  [1/5] 8.26ns  loc: matmul.cpp:38
.loopexit:48  %tmp_12_s = fadd float %tmp_12_9, %tmp_11_s

ST_54: tmp_12_10 (327)  [5/5] 8.26ns  loc: matmul.cpp:38
.loopexit:52  %tmp_12_10 = fadd float %tmp_12_s, %tmp_11_10


 <State 55>: 8.26ns
ST_55: tmp_12_10 (327)  [4/5] 8.26ns  loc: matmul.cpp:38
.loopexit:52  %tmp_12_10 = fadd float %tmp_12_s, %tmp_11_10


 <State 56>: 8.26ns
ST_56: tmp_12_10 (327)  [3/5] 8.26ns  loc: matmul.cpp:38
.loopexit:52  %tmp_12_10 = fadd float %tmp_12_s, %tmp_11_10


 <State 57>: 8.26ns
ST_57: tmp_12_10 (327)  [2/5] 8.26ns  loc: matmul.cpp:38
.loopexit:52  %tmp_12_10 = fadd float %tmp_12_s, %tmp_11_10


 <State 58>: 16.53ns
ST_58: tmp_12_10 (327)  [1/5] 8.26ns  loc: matmul.cpp:38
.loopexit:52  %tmp_12_10 = fadd float %tmp_12_s, %tmp_11_10

ST_58: tmp_12_11 (331)  [5/5] 8.26ns  loc: matmul.cpp:38
.loopexit:56  %tmp_12_11 = fadd float %tmp_12_10, %tmp_11_11


 <State 59>: 8.26ns
ST_59: tmp_12_11 (331)  [4/5] 8.26ns  loc: matmul.cpp:38
.loopexit:56  %tmp_12_11 = fadd float %tmp_12_10, %tmp_11_11


 <State 60>: 8.26ns
ST_60: tmp_12_11 (331)  [3/5] 8.26ns  loc: matmul.cpp:38
.loopexit:56  %tmp_12_11 = fadd float %tmp_12_10, %tmp_11_11


 <State 61>: 8.26ns
ST_61: tmp_12_11 (331)  [2/5] 8.26ns  loc: matmul.cpp:38
.loopexit:56  %tmp_12_11 = fadd float %tmp_12_10, %tmp_11_11


 <State 62>: 16.53ns
ST_62: tmp_12_11 (331)  [1/5] 8.26ns  loc: matmul.cpp:38
.loopexit:56  %tmp_12_11 = fadd float %tmp_12_10, %tmp_11_11

ST_62: tmp_12_12 (335)  [5/5] 8.26ns  loc: matmul.cpp:38
.loopexit:60  %tmp_12_12 = fadd float %tmp_12_11, %tmp_11_12


 <State 63>: 8.26ns
ST_63: tmp_12_12 (335)  [4/5] 8.26ns  loc: matmul.cpp:38
.loopexit:60  %tmp_12_12 = fadd float %tmp_12_11, %tmp_11_12


 <State 64>: 8.26ns
ST_64: tmp_12_12 (335)  [3/5] 8.26ns  loc: matmul.cpp:38
.loopexit:60  %tmp_12_12 = fadd float %tmp_12_11, %tmp_11_12


 <State 65>: 8.26ns
ST_65: tmp_12_12 (335)  [2/5] 8.26ns  loc: matmul.cpp:38
.loopexit:60  %tmp_12_12 = fadd float %tmp_12_11, %tmp_11_12


 <State 66>: 16.53ns
ST_66: tmp_12_12 (335)  [1/5] 8.26ns  loc: matmul.cpp:38
.loopexit:60  %tmp_12_12 = fadd float %tmp_12_11, %tmp_11_12

ST_66: tmp_12_13 (339)  [5/5] 8.26ns  loc: matmul.cpp:38
.loopexit:64  %tmp_12_13 = fadd float %tmp_12_12, %tmp_11_13

ST_66: j_1 (346)  [1/1] 1.67ns  loc: matmul.cpp:20
.loopexit:71  %j_1 = add i5 %j_mid2, 1


 <State 67>: 8.26ns
ST_67: tmp_12_13 (339)  [4/5] 8.26ns  loc: matmul.cpp:38
.loopexit:64  %tmp_12_13 = fadd float %tmp_12_12, %tmp_11_13


 <State 68>: 8.26ns
ST_68: tmp_12_13 (339)  [3/5] 8.26ns  loc: matmul.cpp:38
.loopexit:64  %tmp_12_13 = fadd float %tmp_12_12, %tmp_11_13


 <State 69>: 8.26ns
ST_69: tmp_12_13 (339)  [2/5] 8.26ns  loc: matmul.cpp:38
.loopexit:64  %tmp_12_13 = fadd float %tmp_12_12, %tmp_11_13


 <State 70>: 16.53ns
ST_70: tmp_12_13 (339)  [1/5] 8.26ns  loc: matmul.cpp:38
.loopexit:64  %tmp_12_13 = fadd float %tmp_12_12, %tmp_11_13

ST_70: tmp_12_14 (343)  [5/5] 8.26ns  loc: matmul.cpp:38
.loopexit:68  %tmp_12_14 = fadd float %tmp_12_13, %tmp_11_14


 <State 71>: 8.26ns
ST_71: tmp_12_14 (343)  [4/5] 8.26ns  loc: matmul.cpp:38
.loopexit:68  %tmp_12_14 = fadd float %tmp_12_13, %tmp_11_14


 <State 72>: 8.26ns
ST_72: tmp_12_14 (343)  [3/5] 8.26ns  loc: matmul.cpp:38
.loopexit:68  %tmp_12_14 = fadd float %tmp_12_13, %tmp_11_14


 <State 73>: 8.26ns
ST_73: tmp_12_14 (343)  [2/5] 8.26ns  loc: matmul.cpp:38
.loopexit:68  %tmp_12_14 = fadd float %tmp_12_13, %tmp_11_14


 <State 74>: 10.97ns
ST_74: StgValue_563 (65)  [1/1] 0.00ns
.preheader7.preheader:17  call void (...)* @_ssdm_op_SpecLoopName([6 x i8]* @L_col_str)

ST_74: empty_3 (66)  [1/1] 0.00ns
.preheader7.preheader:18  %empty_3 = call i32 (...)* @_ssdm_op_SpecLoopTripCount(i64 256, i64 256, i64 256) nounwind

ST_74: tmp_1 (73)  [1/1] 0.00ns  loc: matmul.cpp:41
.preheader7.preheader:25  %tmp_1 = call i10 @_ssdm_op_BitConcatenate.i10.i1.i5.i4(i1 true, i5 %tmp_2_mid2_v_v_v, i4 0)

ST_74: tmp_2_cast (74)  [1/1] 0.00ns  loc: matmul.cpp:41
.preheader7.preheader:26  %tmp_2_cast = zext i10 %tmp_1 to i11

ST_74: StgValue_567 (123)  [1/1] 0.00ns  loc: matmul.cpp:20
.preheader7.preheader:75  call void (...)* @_ssdm_op_SpecLoopName([4 x i8]* @p_str4) nounwind

ST_74: tmp_4 (124)  [1/1] 0.00ns  loc: matmul.cpp:20
.preheader7.preheader:76  %tmp_4 = call i32 (...)* @_ssdm_op_SpecRegionBegin([4 x i8]* @p_str4) nounwind

ST_74: StgValue_569 (125)  [1/1] 0.00ns  loc: matmul.cpp:21
.preheader7.preheader:77  call void (...)* @_ssdm_op_SpecPipeline(i32 -1, i32 1, i32 1, i32 0, [1 x i8]* @p_str1) nounwind

ST_74: tmp_7_cast (276)  [1/1] 0.00ns  loc: matmul.cpp:41
.loopexit:1  %tmp_7_cast = zext i5 %j_mid2 to i11

ST_74: tmp_55 (277)  [1/1] 1.79ns  loc: matmul.cpp:41
.loopexit:2  %tmp_55 = add i11 %tmp_2_cast, %tmp_7_cast

ST_74: tmp_56_cast (278)  [1/1] 0.00ns  loc: matmul.cpp:41
.loopexit:3  %tmp_56_cast = zext i11 %tmp_55 to i64

ST_74: a_addr_25 (279)  [1/1] 0.00ns  loc: matmul.cpp:41
.loopexit:4  %a_addr_25 = getelementptr [768 x float]* %a, i64 0, i64 %tmp_56_cast

ST_74: tmp_12_14 (343)  [1/5] 8.26ns  loc: matmul.cpp:38
.loopexit:68  %tmp_12_14 = fadd float %tmp_12_13, %tmp_11_14

ST_74: StgValue_575 (344)  [1/1] 2.71ns  loc: matmul.cpp:41
.loopexit:69  store float %tmp_12_14, float* %a_addr_25, align 4

ST_74: empty (345)  [1/1] 0.00ns  loc: matmul.cpp:42
.loopexit:70  %empty = call i32 (...)* @_ssdm_op_SpecRegionEnd([4 x i8]* @p_str4, i32 %tmp_4) nounwind

ST_74: StgValue_577 (347)  [1/1] 0.00ns  loc: matmul.cpp:20
.loopexit:72  br label %.preheader7


 <State 75>: 0.00ns
ST_75: StgValue_578 (349)  [1/1] 0.00ns  loc: matmul.cpp:44
:0  ret void



============================================================
+ Verbose Summary: Timing violations
============================================================
Target clock period: 10ns, clock uncertainty: 1.25ns.

 <State 1>: 1.57ns
The critical path consists of the following:
	multiplexor before 'phi' operation ('indvar_flatten') with incoming values : ('indvar_flatten_next') [41]  (1.57 ns)

 <State 2>: 6.45ns
The critical path consists of the following:
	'phi' operation ('j') with incoming values : ('j', matmul.cpp:20) [43]  (0 ns)
	'icmp' operation ('exitcond', matmul.cpp:20) [67]  (2.37 ns)
	'select' operation ('j_mid2', matmul.cpp:20) [68]  (1.37 ns)
	'getelementptr' operation ('a_addr_16', matmul.cpp:33) [183]  (0 ns)
	'load' operation ('a_load_16', matmul.cpp:33) on array 'a' [225]  (2.71 ns)

 <State 3>: 5.1ns
The critical path consists of the following:
	'load' operation ('a_load_16', matmul.cpp:33) on array 'a' [225]  (2.71 ns)
	'store' operation (matmul.cpp:33) of variable 'a_load_16', matmul.cpp:33 on array 'b_copy[0]', matmul.cpp:14 [227]  (2.39 ns)

 <State 4>: 4.5ns
The critical path consists of the following:
	'add' operation ('tmp_40', matmul.cpp:33) [184]  (1.79 ns)
	'getelementptr' operation ('a_addr_17', matmul.cpp:33) [186]  (0 ns)
	'load' operation ('a_load_17', matmul.cpp:33) on array 'a' [228]  (2.71 ns)

 <State 5>: 8.17ns
The critical path consists of the following:
	'load' operation ('b_copy_0_load', matmul.cpp:38) on array 'b_copy[0]', matmul.cpp:14 [281]  (2.39 ns)
	'fmul' operation ('tmp_s', matmul.cpp:38) [282]  (5.78 ns)

 <State 6>: 5.78ns
The critical path consists of the following:
	'fmul' operation ('tmp_s', matmul.cpp:38) [282]  (5.78 ns)

 <State 7>: 5.78ns
The critical path consists of the following:
	'fmul' operation ('tmp_s', matmul.cpp:38) [282]  (5.78 ns)

 <State 8>: 5.78ns
The critical path consists of the following:
	'fmul' operation ('tmp_s', matmul.cpp:38) [282]  (5.78 ns)

 <State 9>: 8.26ns
The critical path consists of the following:
	'fadd' operation ('tmp_6', matmul.cpp:38) [283]  (8.26 ns)

 <State 10>: 8.26ns
The critical path consists of the following:
	'fadd' operation ('tmp_6', matmul.cpp:38) [283]  (8.26 ns)

 <State 11>: 9.86ns
The critical path consists of the following:
	'load' operation ('a_load_1', matmul.cpp:27) on array 'a' [128]  (2.71 ns)
	'select' operation ('a_row_load_1', matmul.cpp:25) [157]  (1.37 ns)
	'fmul' operation ('tmp_11_1', matmul.cpp:38) [286]  (5.78 ns)

 <State 12>: 8.26ns
The critical path consists of the following:
	'fadd' operation ('tmp_6', matmul.cpp:38) [283]  (8.26 ns)

 <State 13>: 8.26ns
The critical path consists of the following:
	'fadd' operation ('tmp_6', matmul.cpp:38) [283]  (8.26 ns)

 <State 14>: 14ns
The critical path consists of the following:
	'fmul' operation ('tmp_11_1', matmul.cpp:38) [286]  (5.78 ns)
	'fadd' operation ('tmp_12_1', matmul.cpp:38) [287]  (8.26 ns)

 <State 15>: 8.26ns
The critical path consists of the following:
	'fadd' operation ('tmp_12_1', matmul.cpp:38) [287]  (8.26 ns)

 <State 16>: 8.26ns
The critical path consists of the following:
	'fadd' operation ('tmp_12_1', matmul.cpp:38) [287]  (8.26 ns)

 <State 17>: 8.26ns
The critical path consists of the following:
	'fadd' operation ('tmp_12_1', matmul.cpp:38) [287]  (8.26 ns)

 <State 18>: 16.5ns
The critical path consists of the following:
	'fadd' operation ('tmp_12_1', matmul.cpp:38) [287]  (8.26 ns)
	'fadd' operation ('tmp_12_2', matmul.cpp:38) [291]  (8.26 ns)

 <State 19>: 8.26ns
The critical path consists of the following:
	'fadd' operation ('tmp_12_2', matmul.cpp:38) [291]  (8.26 ns)

 <State 20>: 8.26ns
The critical path consists of the following:
	'fadd' operation ('tmp_12_2', matmul.cpp:38) [291]  (8.26 ns)

 <State 21>: 8.26ns
The critical path consists of the following:
	'fadd' operation ('tmp_12_2', matmul.cpp:38) [291]  (8.26 ns)

 <State 22>: 16.5ns
The critical path consists of the following:
	'fadd' operation ('tmp_12_2', matmul.cpp:38) [291]  (8.26 ns)
	'fadd' operation ('tmp_12_3', matmul.cpp:38) [295]  (8.26 ns)

 <State 23>: 8.26ns
The critical path consists of the following:
	'fadd' operation ('tmp_12_3', matmul.cpp:38) [295]  (8.26 ns)

 <State 24>: 8.26ns
The critical path consists of the following:
	'fadd' operation ('tmp_12_3', matmul.cpp:38) [295]  (8.26 ns)

 <State 25>: 8.26ns
The critical path consists of the following:
	'fadd' operation ('tmp_12_3', matmul.cpp:38) [295]  (8.26 ns)

 <State 26>: 16.5ns
The critical path consists of the following:
	'fadd' operation ('tmp_12_3', matmul.cpp:38) [295]  (8.26 ns)
	'fadd' operation ('tmp_12_4', matmul.cpp:38) [299]  (8.26 ns)

 <State 27>: 8.26ns
The critical path consists of the following:
	'fadd' operation ('tmp_12_4', matmul.cpp:38) [299]  (8.26 ns)

 <State 28>: 8.26ns
The critical path consists of the following:
	'fadd' operation ('tmp_12_4', matmul.cpp:38) [299]  (8.26 ns)

 <State 29>: 8.26ns
The critical path consists of the following:
	'fadd' operation ('tmp_12_4', matmul.cpp:38) [299]  (8.26 ns)

 <State 30>: 16.5ns
The critical path consists of the following:
	'fadd' operation ('tmp_12_4', matmul.cpp:38) [299]  (8.26 ns)
	'fadd' operation ('tmp_12_5', matmul.cpp:38) [303]  (8.26 ns)

 <State 31>: 8.26ns
The critical path consists of the following:
	'fadd' operation ('tmp_12_5', matmul.cpp:38) [303]  (8.26 ns)

 <State 32>: 8.26ns
The critical path consists of the following:
	'fadd' operation ('tmp_12_5', matmul.cpp:38) [303]  (8.26 ns)

 <State 33>: 8.26ns
The critical path consists of the following:
	'fadd' operation ('tmp_12_5', matmul.cpp:38) [303]  (8.26 ns)

 <State 34>: 16.5ns
The critical path consists of the following:
	'fadd' operation ('tmp_12_5', matmul.cpp:38) [303]  (8.26 ns)
	'fadd' operation ('tmp_12_6', matmul.cpp:38) [307]  (8.26 ns)

 <State 35>: 8.26ns
The critical path consists of the following:
	'fadd' operation ('tmp_12_6', matmul.cpp:38) [307]  (8.26 ns)

 <State 36>: 8.26ns
The critical path consists of the following:
	'fadd' operation ('tmp_12_6', matmul.cpp:38) [307]  (8.26 ns)

 <State 37>: 8.26ns
The critical path consists of the following:
	'fadd' operation ('tmp_12_6', matmul.cpp:38) [307]  (8.26 ns)

 <State 38>: 16.5ns
The critical path consists of the following:
	'fadd' operation ('tmp_12_6', matmul.cpp:38) [307]  (8.26 ns)
	'fadd' operation ('tmp_12_7', matmul.cpp:38) [311]  (8.26 ns)

 <State 39>: 8.26ns
The critical path consists of the following:
	'fadd' operation ('tmp_12_7', matmul.cpp:38) [311]  (8.26 ns)

 <State 40>: 8.26ns
The critical path consists of the following:
	'fadd' operation ('tmp_12_7', matmul.cpp:38) [311]  (8.26 ns)

 <State 41>: 8.26ns
The critical path consists of the following:
	'fadd' operation ('tmp_12_7', matmul.cpp:38) [311]  (8.26 ns)

 <State 42>: 16.5ns
The critical path consists of the following:
	'fadd' operation ('tmp_12_7', matmul.cpp:38) [311]  (8.26 ns)
	'fadd' operation ('tmp_12_8', matmul.cpp:38) [315]  (8.26 ns)

 <State 43>: 8.26ns
The critical path consists of the following:
	'fadd' operation ('tmp_12_8', matmul.cpp:38) [315]  (8.26 ns)

 <State 44>: 8.26ns
The critical path consists of the following:
	'fadd' operation ('tmp_12_8', matmul.cpp:38) [315]  (8.26 ns)

 <State 45>: 8.26ns
The critical path consists of the following:
	'fadd' operation ('tmp_12_8', matmul.cpp:38) [315]  (8.26 ns)

 <State 46>: 16.5ns
The critical path consists of the following:
	'fadd' operation ('tmp_12_8', matmul.cpp:38) [315]  (8.26 ns)
	'fadd' operation ('tmp_12_9', matmul.cpp:38) [319]  (8.26 ns)

 <State 47>: 8.26ns
The critical path consists of the following:
	'fadd' operation ('tmp_12_9', matmul.cpp:38) [319]  (8.26 ns)

 <State 48>: 8.26ns
The critical path consists of the following:
	'fadd' operation ('tmp_12_9', matmul.cpp:38) [319]  (8.26 ns)

 <State 49>: 8.26ns
The critical path consists of the following:
	'fadd' operation ('tmp_12_9', matmul.cpp:38) [319]  (8.26 ns)

 <State 50>: 16.5ns
The critical path consists of the following:
	'fadd' operation ('tmp_12_9', matmul.cpp:38) [319]  (8.26 ns)
	'fadd' operation ('tmp_12_s', matmul.cpp:38) [323]  (8.26 ns)

 <State 51>: 8.26ns
The critical path consists of the following:
	'fadd' operation ('tmp_12_s', matmul.cpp:38) [323]  (8.26 ns)

 <State 52>: 8.26ns
The critical path consists of the following:
	'fadd' operation ('tmp_12_s', matmul.cpp:38) [323]  (8.26 ns)

 <State 53>: 8.26ns
The critical path consists of the following:
	'fadd' operation ('tmp_12_s', matmul.cpp:38) [323]  (8.26 ns)

 <State 54>: 16.5ns
The critical path consists of the following:
	'fadd' operation ('tmp_12_s', matmul.cpp:38) [323]  (8.26 ns)
	'fadd' operation ('tmp_12_10', matmul.cpp:38) [327]  (8.26 ns)

 <State 55>: 8.26ns
The critical path consists of the following:
	'fadd' operation ('tmp_12_10', matmul.cpp:38) [327]  (8.26 ns)

 <State 56>: 8.26ns
The critical path consists of the following:
	'fadd' operation ('tmp_12_10', matmul.cpp:38) [327]  (8.26 ns)

 <State 57>: 8.26ns
The critical path consists of the following:
	'fadd' operation ('tmp_12_10', matmul.cpp:38) [327]  (8.26 ns)

 <State 58>: 16.5ns
The critical path consists of the following:
	'fadd' operation ('tmp_12_10', matmul.cpp:38) [327]  (8.26 ns)
	'fadd' operation ('tmp_12_11', matmul.cpp:38) [331]  (8.26 ns)

 <State 59>: 8.26ns
The critical path consists of the following:
	'fadd' operation ('tmp_12_11', matmul.cpp:38) [331]  (8.26 ns)

 <State 60>: 8.26ns
The critical path consists of the following:
	'fadd' operation ('tmp_12_11', matmul.cpp:38) [331]  (8.26 ns)

 <State 61>: 8.26ns
The critical path consists of the following:
	'fadd' operation ('tmp_12_11', matmul.cpp:38) [331]  (8.26 ns)

 <State 62>: 16.5ns
The critical path consists of the following:
	'fadd' operation ('tmp_12_11', matmul.cpp:38) [331]  (8.26 ns)
	'fadd' operation ('tmp_12_12', matmul.cpp:38) [335]  (8.26 ns)

 <State 63>: 8.26ns
The critical path consists of the following:
	'fadd' operation ('tmp_12_12', matmul.cpp:38) [335]  (8.26 ns)

 <State 64>: 8.26ns
The critical path consists of the following:
	'fadd' operation ('tmp_12_12', matmul.cpp:38) [335]  (8.26 ns)

 <State 65>: 8.26ns
The critical path consists of the following:
	'fadd' operation ('tmp_12_12', matmul.cpp:38) [335]  (8.26 ns)

 <State 66>: 16.5ns
The critical path consists of the following:
	'fadd' operation ('tmp_12_12', matmul.cpp:38) [335]  (8.26 ns)
	'fadd' operation ('tmp_12_13', matmul.cpp:38) [339]  (8.26 ns)

 <State 67>: 8.26ns
The critical path consists of the following:
	'fadd' operation ('tmp_12_13', matmul.cpp:38) [339]  (8.26 ns)

 <State 68>: 8.26ns
The critical path consists of the following:
	'fadd' operation ('tmp_12_13', matmul.cpp:38) [339]  (8.26 ns)

 <State 69>: 8.26ns
The critical path consists of the following:
	'fadd' operation ('tmp_12_13', matmul.cpp:38) [339]  (8.26 ns)

 <State 70>: 16.5ns
The critical path consists of the following:
	'fadd' operation ('tmp_12_13', matmul.cpp:38) [339]  (8.26 ns)
	'fadd' operation ('tmp_12_14', matmul.cpp:38) [343]  (8.26 ns)

 <State 71>: 8.26ns
The critical path consists of the following:
	'fadd' operation ('tmp_12_14', matmul.cpp:38) [343]  (8.26 ns)

 <State 72>: 8.26ns
The critical path consists of the following:
	'fadd' operation ('tmp_12_14', matmul.cpp:38) [343]  (8.26 ns)

 <State 73>: 8.26ns
The critical path consists of the following:
	'fadd' operation ('tmp_12_14', matmul.cpp:38) [343]  (8.26 ns)

 <State 74>: 11ns
The critical path consists of the following:
	'fadd' operation ('tmp_12_14', matmul.cpp:38) [343]  (8.26 ns)
	'store' operation (matmul.cpp:41) of variable 'tmp_12_14', matmul.cpp:38 on array 'a' [344]  (2.71 ns)

 <State 75>: 0ns
The critical path consists of the following:


============================================================
+ Verbose Summary: Binding
============================================================
N/A
* FSMD analyzer results:
  - Output states:
 - Input state : 
  - Chain level:
	State 1
	State 2
	State 3
	State 4
	State 5
	State 6
	State 7
	State 8
	State 9
	State 10
	State 11
	State 12
	State 13
	State 14
	State 15
	State 16
	State 17
	State 18
	State 19
	State 20
	State 21
	State 22
	State 23
	State 24
	State 25
	State 26
	State 27
	State 28
	State 29
	State 30
	State 31
	State 32
	State 33
	State 34
	State 35
	State 36
	State 37
	State 38
	State 39
	State 40
	State 41
	State 42
	State 43
	State 44
	State 45
	State 46
	State 47
	State 48
	State 49
	State 50
	State 51
	State 52
	State 53
	State 54
	State 55
	State 56
	State 57
	State 58
	State 59
	State 60
	State 61
	State 62
	State 63
	State 64
	State 65
	State 66
	State 67
	State 68
	State 69
	State 70
	State 71
	State 72
	State 73
	State 74
	State 75


============================================================
+ Verbose Summary: Datapath Resource usage 
============================================================
N/A
