INFO: [XSIM 43-3496] Using init file passed via -initfile option "/home/patmos/Xilinx/Vivado/2016.4/data/xsim/ip/xsim_ip.ini".
Vivado Simulator 2016.4
Copyright 1986-1999, 2001-2016 Xilinx, Inc. All Rights Reserved.
Running: /home/patmos/Xilinx/Vivado/2016.4/bin/unwrapped/lnx64.o/xelab xil_defaultlib.apatb_matrixmul_top -prj matrixmul.prj --initfile /home/patmos/Xilinx/Vivado/2016.4/data/xsim/ip/xsim_ip.ini --lib ieee_proposed=./ieee_proposed -s matrixmul 
Determining compilation order of HDL files.
WARNING: [XSIM 43-3431] One or more environment variables have been detected which affect the operation of the C compiler. These are typically not set in standard installations and are not tested by Xilinx, however they may be appropriate for your system, so the flow will attempt to continue.  If errors occur, try running fuse with the "-mt off -v 1" switches to see more information from the C compiler. The following environment variables have been detected:
INFO: [VRFC 10-163] Analyzing VHDL file "/home/patmos/github/bachelor_project_HLS/hls/misc/matmul/hls_matmul/matrixmul_2b/sim/vhdl/AESL_sim_pkg.vhd" into library xil_defaultlib
INFO: [VRFC 10-163] Analyzing VHDL file "/home/patmos/github/bachelor_project_HLS/hls/misc/matmul/hls_matmul/matrixmul_2b/sim/vhdl/matrixmul_mux_42_bkb.vhd" into library xil_defaultlib
INFO: [VRFC 10-307] analyzing entity matrixmul_mux_42_bkb
INFO: [VRFC 10-163] Analyzing VHDL file "/home/patmos/github/bachelor_project_HLS/hls/misc/matmul/hls_matmul/matrixmul_2b/sim/vhdl/matrixmul.autotb.vhd" into library xil_defaultlib
INFO: [VRFC 10-307] analyzing entity apatb_matrixmul_top
INFO: [VRFC 10-163] Analyzing VHDL file "/home/patmos/github/bachelor_project_HLS/hls/misc/matmul/hls_matmul/matrixmul_2b/sim/vhdl/matrixmul.vhd" into library xil_defaultlib
INFO: [VRFC 10-307] analyzing entity matrixmul
INFO: [VRFC 10-163] Analyzing VHDL file "/home/patmos/github/bachelor_project_HLS/hls/misc/matmul/hls_matmul/matrixmul_2b/sim/vhdl/AESL_autobram_a_1.vhd" into library xil_defaultlib
INFO: [VRFC 10-307] analyzing entity AESL_autobram_a_1
INFO: [VRFC 10-163] Analyzing VHDL file "/home/patmos/github/bachelor_project_HLS/hls/misc/matmul/hls_matmul/matrixmul_2b/sim/vhdl/matrixmul_urem_4ndEe.vhd" into library xil_defaultlib
INFO: [VRFC 10-307] analyzing entity matrixmul_urem_4ndEe_div_u
INFO: [VRFC 10-307] analyzing entity matrixmul_urem_4ndEe_div
INFO: [VRFC 10-307] analyzing entity matrixmul_urem_4ndEe
INFO: [VRFC 10-163] Analyzing VHDL file "/home/patmos/github/bachelor_project_HLS/hls/misc/matmul/hls_matmul/matrixmul_2b/sim/vhdl/AESL_autobram_a_0.vhd" into library xil_defaultlib
INFO: [VRFC 10-307] analyzing entity AESL_autobram_a_0
INFO: [VRFC 10-163] Analyzing VHDL file "/home/patmos/github/bachelor_project_HLS/hls/misc/matmul/hls_matmul/matrixmul_2b/sim/vhdl/matrixmul_mul_32scud.vhd" into library xil_defaultlib
INFO: [VRFC 10-307] analyzing entity matrixmul_mul_32scud_MulnS_0
INFO: [VRFC 10-307] analyzing entity matrixmul_mul_32scud
Starting static elaboration
Completed static elaboration
Starting simulation data flow analysis
Completed simulation data flow analysis
Time Resolution for simulation is 1ps
Compiling package std.standard
Compiling package std.textio
Compiling package ieee.std_logic_1164
Compiling package ieee.std_logic_arith
Compiling package ieee.std_logic_unsigned
Compiling package ieee.numeric_std
Compiling package ieee.std_logic_textio
Compiling architecture rtl of entity xil_defaultlib.matrixmul_mux_42_bkb [\matrixmul_mux_42_bkb(id=1,din5_...]
Compiling architecture behav of entity xil_defaultlib.matrixmul_mul_32scud_MulnS_0 [matrixmul_mul_32scud_mulns_0_def...]
Compiling architecture arch of entity xil_defaultlib.matrixmul_mul_32scud [\matrixmul_mul_32scud(id=1,num_s...]
Compiling architecture rtl of entity xil_defaultlib.matrixmul_urem_4ndEe_div_u [\matrixmul_urem_4ndEe_div_u(in0_...]
Compiling architecture rtl of entity xil_defaultlib.matrixmul_urem_4ndEe_div [\matrixmul_urem_4ndEe_div(in0_wi...]
Compiling architecture arch of entity xil_defaultlib.matrixmul_urem_4ndEe [\matrixmul_urem_4ndEe(id=1,num_s...]
Compiling architecture behav of entity xil_defaultlib.matrixmul [matrixmul_default]
Compiling architecture behav of entity xil_defaultlib.AESL_autobram_a_0 [aesl_autobram_a_0_default]
Compiling architecture behav of entity xil_defaultlib.AESL_autobram_a_1 [aesl_autobram_a_1_default]
Compiling architecture behav of entity xil_defaultlib.apatb_matrixmul_top
Built simulation snapshot matrixmul
