==============================================================
File generated by Vivado(TM) HLS - High-Level Synthesis from C, C++ and SystemC
Version: 2016.4
Copyright (C) 1986-2016 Xilinx, Inc. All Rights Reserved.

==============================================================

@I [SYN-201] Setting up clock 'default' with a period of 10ns.
@I [HLS-10] Setting target device to 'xc7a100tcsg324-1'
@I [HLS-10] Analyzing design file 'matmul.cpp' ... 
@I [HLS-10] Validating synthesis directives ...
@I [HLS-111] Finished Checking Pragmas Time (s): cpu = 00:00:02 ; elapsed = 00:00:01 . Memory (MB): peak = 328.277 ; gain = 12.586 ; free physical = 11840 ; free virtual = 16273
@I [HLS-111] Finished Linking Time (s): cpu = 00:00:02 ; elapsed = 00:00:02 . Memory (MB): peak = 328.277 ; gain = 12.586 ; free physical = 11839 ; free virtual = 16273
@I [HLS-10] Starting code transformations ...
@I [HLS-111] Finished Standard Transforms Time (s): cpu = 00:00:02 ; elapsed = 00:00:02 . Memory (MB): peak = 328.277 ; gain = 12.586 ; free physical = 11838 ; free virtual = 16271
@I [HLS-10] Checking synthesizability ...
@I [HLS-111] Finished Checking Synthesizability Time (s): cpu = 00:00:02 ; elapsed = 00:00:02 . Memory (MB): peak = 328.277 ; gain = 12.586 ; free physical = 11838 ; free virtual = 16271
@I [XFORM-502] Unrolling all sub-loops inside loop 'col' (matmul.cpp:20) in function 'matmul_hw' for pipelining.
@I [XFORM-501] Unrolling loop 'Cache_Row' (matmul.cpp:27) in function 'matmul_hw' completely.
@I [XFORM-501] Unrolling loop 'Cache_Col' (matmul.cpp:32) in function 'matmul_hw' completely.
@I [XFORM-501] Unrolling loop 'Product' (matmul.cpp:37) in function 'matmul_hw' completely.
@I [XFORM-102] Partitioning array 'a_row' (matmul.cpp:13) automatically.
@I [XFORM-102] Partitioning array 'b_copy' (matmul.cpp:14) in dimension 1 automatically.
@I [XFORM-401] Performing if-conversion on hyperblock from (matmul.cpp:20:36) to (matmul.cpp:31:4) in function 'matmul_hw'... converting 3 basic blocks.
@I [HLS-111] Finished Pre-synthesis Time (s): cpu = 00:00:02 ; elapsed = 00:00:02 . Memory (MB): peak = 456.273 ; gain = 140.582 ; free physical = 11818 ; free virtual = 16251
@I [XFORM-541] Flattening a loop nest 'Loop-1' (matmul.cpp:19:15) in function 'matmul_hw'.
@I [HLS-111] Finished Architecture Synthesis Time (s): cpu = 00:00:03 ; elapsed = 00:00:03 . Memory (MB): peak = 456.273 ; gain = 140.582 ; free physical = 11825 ; free virtual = 16258
@I [HLS-10] Starting hardware synthesis ...
@I [HLS-10] Synthesizing 'matmul_hw' ...
@I [HLS-10] ----------------------------------------------------------------
@I [HLS-10] -- Implementing module 'matmul_hw' 
@I [HLS-10] ----------------------------------------------------------------
@I [SCHED-11] Starting scheduling ...
@I [SCHED-61] Pipelining loop 'L_col'.
@W [SCHED-68] Unable to enforce a carried dependence constraint (II = 1, distance = 33, offset = 1)
   between 'store' operation (matmul.cpp:41) of variable 'tmp_12_30', matmul.cpp:38 on array 'a' and 'load' operation ('a_load', matmul.cpp:27) on array 'a'.
@W [SCHED-68] Unable to enforce a carried dependence constraint (II = 2, distance = 33, offset = 1)
   between 'store' operation (matmul.cpp:41) of variable 'tmp_12_30', matmul.cpp:38 on array 'a' and 'load' operation ('a_load', matmul.cpp:27) on array 'a'.
@W [SCHED-68] Unable to enforce a carried dependence constraint (II = 3, distance = 33, offset = 1)
   between 'store' operation (matmul.cpp:41) of variable 'tmp_12_30', matmul.cpp:38 on array 'a' and 'load' operation ('a_load', matmul.cpp:27) on array 'a'.
@W [SCHED-68] Unable to enforce a carried dependence constraint (II = 4, distance = 33, offset = 1)
   between 'store' operation (matmul.cpp:41) of variable 'tmp_12_30', matmul.cpp:38 on array 'a' and 'load' operation ('a_load', matmul.cpp:27) on array 'a'.
@W [SCHED-68] Unable to enforce a carried dependence constraint (II = 67, distance = 1, offset = 1)
   between 'store' operation (matmul.cpp:41) of variable 'tmp_12_30', matmul.cpp:38 on array 'a' and 'load' operation ('a_load_1', matmul.cpp:27) on array 'a'.
@W [SCHED-68] Unable to enforce a carried dependence constraint (II = 98, distance = 1, offset = 1)
   between 'store' operation (matmul.cpp:41) of variable 'tmp_12_30', matmul.cpp:38 on array 'a' and 'load' operation ('a_load_1', matmul.cpp:27) on array 'a'.
@W [SCHED-68] Unable to enforce a carried dependence constraint (II = 114, distance = 1, offset = 1)
   between 'store' operation (matmul.cpp:41) of variable 'tmp_12_30', matmul.cpp:38 on array 'a' and 'load' operation ('a_load_1', matmul.cpp:27) on array 'a'.
@W [SCHED-68] Unable to enforce a carried dependence constraint (II = 122, distance = 1, offset = 1)
   between 'store' operation (matmul.cpp:41) of variable 'tmp_12_30', matmul.cpp:38 on array 'a' and 'load' operation ('a_load_1', matmul.cpp:27) on array 'a'.
@W [SCHED-68] Unable to enforce a carried dependence constraint (II = 126, distance = 1, offset = 1)
   between 'store' operation (matmul.cpp:41) of variable 'tmp_12_30', matmul.cpp:38 on array 'a' and 'load' operation ('a_load_1', matmul.cpp:27) on array 'a'.
@W [SCHED-68] Unable to enforce a carried dependence constraint (II = 128, distance = 1, offset = 1)
   between 'store' operation (matmul.cpp:41) of variable 'tmp_12_30', matmul.cpp:38 on array 'a' and 'load' operation ('a_load_1', matmul.cpp:27) on array 'a'.
@I [SCHED-61] Pipelining result: Target II: 1, Final II: 129, Depth: 137.
@W [SCHED-21] Estimated clock period (16.5ns) exceeds the target (target clock period: 10ns, clock uncertainty: 1.25ns, effective delay budget: 8.75ns).
@W [SCHED-21] The critical path consists of the following:
	'fadd' operation ('tmp_12_1', matmul.cpp:38) (8.26 ns)
	'fadd' operation ('tmp_12_2', matmul.cpp:38) (8.26 ns)
@I [SCHED-11] Finished scheduling.
@I [HLS-111]  Elapsed time: 3.32 seconds; current allocated memory: 62.959 MB.
@I [BIND-100] Starting micro-architecture generation ...
@I [BIND-101] Performing variable lifetime analysis.
@I [BIND-101] Exploring resource sharing.
@I [BIND-101] Binding ...
@I [BIND-100] Finished micro-architecture generation.
@I [HLS-111]  Elapsed time: 0.31 seconds; current allocated memory: 65.769 MB.
@I [HLS-10] ----------------------------------------------------------------
@I [HLS-10] -- Generating RTL for module 'matmul_hw' 
@I [HLS-10] ----------------------------------------------------------------
@I [RTGEN-500] Setting interface mode on port 'matmul_hw/a' to 'bram'.
@I [RTGEN-500] Setting interface mode on function 'matmul_hw' to 'ap_ctrl_hs'.
@I [SYN-210] Renamed object name 'matmul_hw_fadd_32ns_32ns_32_5_full_dsp' to 'matmul_hw_fadd_32bkb' due to the length limit 20
@I [SYN-210] Renamed object name 'matmul_hw_fmul_32ns_32ns_32_4_max_dsp' to 'matmul_hw_fmul_32cud' due to the length limit 20
@I [RTGEN-100] Generating core module 'matmul_hw_fadd_32bkb': 1 instance(s).
@I [RTGEN-100] Generating core module 'matmul_hw_fmul_32cud': 1 instance(s).
@I [RTGEN-100] Finished creating RTL model for 'matmul_hw'.
@I [HLS-111]  Elapsed time: 0.53 seconds; current allocated memory: 70.095 MB.
@I [RTMG-278] Implementing memory 'matmul_hw_b_copy_0_ram' using block RAMs.
@I [HLS-111] Finished generating all RTL models Time (s): cpu = 00:00:05 ; elapsed = 00:00:05 . Memory (MB): peak = 456.273 ; gain = 140.582 ; free physical = 11811 ; free virtual = 16236
@I [SYSC-301] Generating SystemC RTL for matmul_hw.
@I [VHDL-304] Generating VHDL RTL for matmul_hw.
@I [VLOG-307] Generating Verilog RTL for matmul_hw.
@I [IMPL-8] Exporting RTL as an IP in IP-XACT.
@I [HLS-112] Total elapsed time: 38.4 seconds; peak allocated memory: 70.095 MB.
