INFO: Loop bodies will be given their own region id
DEBUG: new region: FuncRegion(id: 872941330661009179, name: soft_max, fileName: backprop.c, startLine: 3, endLine: 3
DEBUG: adding soft_max (in module: backprop.simplifycfg.mem2reg.indvars.elimsinglephis.criticalpath.bc) to list of defined functions (region_id: 872941330661009179)
DEBUG: assigning function soft_max id 872941330661009179
DEBUG: new region: FuncRegion(id: 4090243294443032239, name: RELU, fileName: backprop.c, startLine: 16, endLine: 16
DEBUG: adding RELU (in module: backprop.simplifycfg.mem2reg.indvars.elimsinglephis.criticalpath.bc) to list of defined functions (region_id: 4090243294443032239)
DEBUG: assigning function RELU id 4090243294443032239
DEBUG: new region: FuncRegion(id: 10138867894171089814, name: add_bias_to_activations, fileName: backprop.c, startLine: 24, endLine: 24
DEBUG: adding add_bias_to_activations (in module: backprop.simplifycfg.mem2reg.indvars.elimsinglephis.criticalpath.bc) to list of defined functions (region_id: 10138867894171089814)
DEBUG: assigning function add_bias_to_activations id 10138867894171089814
DEBUG: new region: FuncRegion(id: 15283717020994050059, name: matrix_vector_product_with_bias_input_layer, fileName: backprop.c, startLine: 33, endLine: 33
DEBUG: adding matrix_vector_product_with_bias_input_layer (in module: backprop.simplifycfg.mem2reg.indvars.elimsinglephis.criticalpath.bc) to list of defined functions (region_id: 15283717020994050059)
DEBUG: assigning function matrix_vector_product_with_bias_input_layer id 15283717020994050059
DEBUG: new region: FuncRegion(id: 7589518174893813018, name: matrix_vector_product_with_bias_second_layer, fileName: backprop.c, startLine: 47, endLine: 47
DEBUG: adding matrix_vector_product_with_bias_second_layer (in module: backprop.simplifycfg.mem2reg.indvars.elimsinglephis.criticalpath.bc) to list of defined functions (region_id: 7589518174893813018)
DEBUG: assigning function matrix_vector_product_with_bias_second_layer id 7589518174893813018
DEBUG: new region: FuncRegion(id: 13370996042768410496, name: matrix_vector_product_with_bias_output_layer, fileName: backprop.c, startLine: 61, endLine: 61
DEBUG: adding matrix_vector_product_with_bias_output_layer (in module: backprop.simplifycfg.mem2reg.indvars.elimsinglephis.criticalpath.bc) to list of defined functions (region_id: 13370996042768410496)
DEBUG: assigning function matrix_vector_product_with_bias_output_layer id 13370996042768410496
DEBUG: new region: FuncRegion(id: 3607451511566425263, name: take_difference, fileName: backprop.c, startLine: 75, endLine: 75
DEBUG: adding take_difference (in module: backprop.simplifycfg.mem2reg.indvars.elimsinglephis.criticalpath.bc) to list of defined functions (region_id: 3607451511566425263)
DEBUG: assigning function take_difference id 3607451511566425263
DEBUG: new region: FuncRegion(id: 17345653994604640998, name: get_delta_matrix_weights3, fileName: backprop.c, startLine: 85, endLine: 85
DEBUG: adding get_delta_matrix_weights3 (in module: backprop.simplifycfg.mem2reg.indvars.elimsinglephis.criticalpath.bc) to list of defined functions (region_id: 17345653994604640998)
DEBUG: assigning function get_delta_matrix_weights3 id 17345653994604640998
DEBUG: new region: FuncRegion(id: 4394582085256557544, name: get_oracle_activations2, fileName: backprop.c, startLine: 96, endLine: 96
DEBUG: adding get_oracle_activations2 (in module: backprop.simplifycfg.mem2reg.indvars.elimsinglephis.criticalpath.bc) to list of defined functions (region_id: 4394582085256557544)
DEBUG: assigning function get_oracle_activations2 id 4394582085256557544
DEBUG: new region: FuncRegion(id: 4582962199264809317, name: get_delta_matrix_weights2, fileName: backprop.c, startLine: 110, endLine: 110
DEBUG: adding get_delta_matrix_weights2 (in module: backprop.simplifycfg.mem2reg.indvars.elimsinglephis.criticalpath.bc) to list of defined functions (region_id: 4582962199264809317)
DEBUG: assigning function get_delta_matrix_weights2 id 4582962199264809317
DEBUG: new region: FuncRegion(id: 17491941898508454266, name: get_oracle_!{!"0x11\0012\00clang version 3.6.1 (tags/RELEASE_361/final)\000\00\000\00\001", <0x206bb50>, <0x2071370>, <0x206bb18>, <0x2079be0>, <0x2071370>, <0x2071370>} ; [ DW_TAG_compile_unit ] [/home/patmos/github/bachelor_project_HLS/candidates/MachSuite/backprop/backprop/backprop.c] [DW_LANG_C99]

!{!"0x2e\00soft_max\00soft_max\00\003\000\001\000\000\00256\000\003", <0x206bb50>, <0x2071430>, <0x2072990>, null, void (double*, double*)* @soft_max, null, null, <0x2071370>} ; [ DW_TAG_subprogram ] [line 3] [def] [soft_max]

!{!"0x2e\00RELU\00RELU\00\0016\000\001\000\000\00256\000\0016", <0x206bb50>, <0x2071430>, <0x20730b0>, null, void (double*, double*, i32)* @RELU, null, null, <0x2071370>} ; [ DW_TAG_subprogram ] [line 16] [def] [RELU]

!{!"0x2e\00add_bias_to_activations\00add_bias_to_activations\00\0024\000\001\000\000\00256\000\0026", <0x206bb50>, <0x2071430>, <0x20730b0>, null, void (double*, double*, i32)* @add_bias_to_activations, null, null, <0x2071370>} ; [ DW_TAG_subprogram ] [line 24] [def] [scope 26] [add_bias_to_activations]

!{!"0x2e\00matrix_vector_product_with_bias_input_layer\00matrix_vector_product_with_bias_input_layer\00\0033\000\001\000\000\00256\000\0036", <0x206bb50>, <0x2071430>, <0x2073550>, null, void (double*, double*, double*, double*)* @matrix_vector_product_with_bias_input_layer, null, null, <0x2071370>} ; [ DW_TAG_subprogram ] [line 33] [def] [scope 36] [matrix_vector_product_with_bias_input_layer]

!{!"0x2e\00matrix_vector_product_with_bias_second_layer\00matrix_vector_product_with_bias_second_layer\00\0047\000\001\000\000\00256\000\0050", <0x206bb50>, <0x2071430>, <0x2073550>, null, void (double*, double*, double*, double*)* @matrix_vector_product_with_bias_second_layer, null, null, <0x2071370>} ; [ DW_TAG_subprogram ] [line 47] [def] [scope 50] [matrix_vector_product_with_bias_second_layer]

!{!"0x2e\00matrix_vector_product_with_bias_output_layer\00matrix_vector_product_with_bias_output_layer\00\0061\000\001\000\000\00256\000\0064", <0x206bb50>, <0x2071430>, <0x2073550>, null, void (double*, double*, double*, double*)* @matrix_vector_product_with_bias_output_layer, null, null, <0x2071370>} ; [ DW_TAG_subprogram ] [line 61] [def] [scope 64] [matrix_vector_product_with_bias_output_layer]

!{!"0x2e\00take_difference\00take_difference\00\0075\000\001\000\000\00256\000\0078", <0x206bb50>, <0x2071430>, <0x2073550>, null, void (double*, double*, double*, double*)* @take_difference, null, null, <0x2071370>} ; [ DW_TAG_subprogram ] [line 75] [def] [scope 78] [take_difference]

!{!"0x2e\00get_delta_matrix_weights3\00get_delta_matrix_weights3\00\0085\000\001\000\000\00256\000\0087", <0x206bb50>, <0x2071430>, <0x2075620>, null, void (double*, double*, double*)* @get_delta_matrix_weights3, null, null, <0x2071370>} ; [ DW_TAG_subprogram ] [line 85] [def] [scope 87] [get_delta_matrix_weights3]

!{!"0x2e\00get_oracle_activations2\00get_oracle_activations2\00\0096\000\001\000\000\00256\000\0099", <0x206bb50>, <0x2071430>, <0x2073550>, null, void (double*, double*, double*, double*)* @get_oracle_activations2, null, null, <0x2071370>} ; [ DW_TAG_subprogram ] [line 96] [def] [scope 99] [get_oracle_activations2]

!{!"0x2e\00get_delta_matrix_weights2\00get_delta_matrix_weights2\00\00110\000\001\000\000\00256\000\00112", <0x206bb50>, <0x2071430>, <0x2075620>, null, void (double*, double*, double*)* @get_delta_matrix_weights2, null, null, <0x2071370>} ; [ DW_TAG_subprogram ] [line 110] [def] [scope 112] [get_delta_matrix_weights2]

!{!"0x2e\00get_oracle_activations1\00get_oracle_activations1\00\00121\000\001\000\000\00256\000\00124", <0x206bb50>, <0x2071430>, <0x2073550>, null, void (double*, double*, double*, double*)* @get_oracle_activations1, null, null, <0x2071370>} ; [ DW_TAG_subprogram ] [line 121] [def] [scope 124] [get_oracle_activations1]

!{!"0x2e\00get_delta_matrix_weights1\00get_delta_matrix_weights1\00\00135\000\001\000\000\00256\000\00137", <0x206bb50>, <0x2071430>, <0x2075620>, null, void (double*, double*, double*)* @get_delta_matrix_weights1, null, null, <0x2071370>} ; [ DW_TAG_subprogram ] [line 135] [def] [scope 137] [get_delta_matrix_weights1]

!{!"0x2e\00update_weights\00update_weights\00\00146\000\001\000\000\00256\000\00157", <0x206bb50>, <0x2071430>, <0x2075e60>, null, void (double*, double*, double*, double*, double*, double*, double*, double*, double*, double*, double*, double*)* @update_weights, null, null, <0x2071370>} ; [ DW_TAG_subprogram ] [line 146] [def] [scope 157] [update_weights]

!{!"0x2e\00backprop\00backprop\00\00239\000\001\000\000\00256\000\00246", <0x206bb50>, <0x2071430>, <0x2076010>, null, void (double*, double*, double*, double*, double*, double*, double*, double*)* @backprop, null, null, <0x2071370>} ; [ DW_TAG_subprogram ] [line 239] [def] [scope 246] [backprop]

!{!"0x15\00\000\000\000\000\000\000", null, null, null, <0x2072928>, null, null, null} ; [ DW_TAG_subroutine_type ] [line 0, size 0, align 0, offset 0] [from ]

!{!"0xf\00\000\0064\0064\000\000", null, null, <0x20713f8>} ; [ DW_TAG_pointer_type ] [line 0, size 64, align 64, offset 0] [from double]

!{!"0x24\00double\000\0064\0064\000\000\004", null, null} ; [ DW_TAG_base_type ] [double] [line 0, size 64, align 64, offset 0, enc DW_ATE_float]

!{!"0x15\00\000\000\000\000\000\000", null, null, null, <0x2073040>, null, null, null} ; [ DW_TAG_subroutine_type ] [line 0, size 0, align 0, offset 0] [from ]

!{!"0x24\00int\000\0032\0032\000\000\005", null, null} ; [ DW_TAG_base_type ] [int] [line 0, size 32, align 32, offset 0, enc DW_ATE_signed]

!{!"0x15\00\000\000\000\000\000\000", null, null, null, <0x2073398>, null, null, null} ; [ DW_TAG_subroutine_type ] [line 0, size 0, align 0, offset 0] [from ]

!{!"0x15\00\000\000\000\000\000\000", null, null, null, <0x20755b0>, null, null, null} ; [ DW_TAG_subroutine_type ] [line 0, size 0, align 0, offset 0] [from ]

!{!"0x15\00\000\000\000\000\000\000", null, null, null, <0x2075f18>, null, null, null} ; [ DW_TAG_subroutine_type ] [line 0, size 0, align 0, offset 0] [from ]

!{!"0x15\00\000\000\000\000\000\000", null, null, null, <0x2073758>, null, null, null} ; [ DW_TAG_subroutine_type ] [line 0, size 0, align 0, offset 0] [from ]

Meta data for 8408115147703127441
Meta data for 2308568760247356391
Meta data for 466084445466810166
Meta data for 1549220693940234146
Meta data for 7567980883650300232
Meta data for 14268793246932820160
activations1, fileName: backprop.c, startLine: 121, endLine: 121
DEBUG: adding get_oracle_activations1 (in module: backprop.simplifycfg.mem2reg.indvars.elimsinglephis.criticalpath.bc) to list of defined functions (region_id: 17491941898508454266)
DEBUG: assigning function get_oracle_activations1 id 17491941898508454266
DEBUG: new region: FuncRegion(id: 577333934037018149, name: get_delta_matrix_weights1, fileName: backprop.c, startLine: 135, endLine: 135
DEBUG: adding get_delta_matrix_weights1 (in module: backprop.simplifycfg.mem2reg.indvars.elimsinglephis.criticalpath.bc) to list of defined functions (region_id: 577333934037018149)
DEBUG: assigning function get_delta_matrix_weights1 id 577333934037018149
DEBUG: new region: FuncRegion(id: 17956263599192106634, name: update_weights, fileName: backprop.c, startLine: 146, endLine: 146
DEBUG: adding update_weights (in module: backprop.simplifycfg.mem2reg.indvars.elimsinglephis.criticalpath.bc) to list of defined functions (region_id: 17956263599192106634)
DEBUG: assigning function update_weights id 17956263599192106634
DEBUG: new region: FuncRegion(id: 2034032461903606225, name: backprop, fileName: backprop.c, startLine: 239, endLine: 239
DEBUG: adding backprop (in module: backprop.simplifycfg.mem2reg.indvars.elimsinglephis.criticalpath.bc) to list of defined functions (region_id: 2034032461903606225)
DEBUG: assigning function backprop id 2034032461903606225
DEBUG: found 14 func regions
INFO: Inserting the following instrumentation calls:
INFO: _KDeinit
INFO: _KEnterRegion
INFO: _KExitRegion
INFO: _KInit
INFO: _KLandingPad
DEBUG: Debug information:
DEBUG: region name to id: soft_max is 872941330661009179
DEBUG: found 2 loops in function soft_max
DEBUG: assigning id = 8408115147703127441 to loop with the following BBs:
	for.cond1 for.body3 
DEBUG: /home/patmos/Developer/kremlin/instrument/llvm/llvm-3.6.1.src/lib/Transforms/KremlinInstrument/LoopBodyRegion.cpp:82 Meta data for 17188973182403749282
DEBUG: assigning id = 17188973182403749282 to body of loop
DEBUG: assigning id = 2308568760247356391 to loop with the following BBs:
	for.cond for.body 
DEBUG: /home/patmos/Developer/kremlin/instrument/llvm/llvm-3.6.1.src/lib/Transforms/KremlinInstrument/LoopBodyRegion.cpp:82 Meta data for 18401316435385968509
DEBUG: assigning id = 18401316435385968509 to body of loop
DEBUG: for.cond1 has 1 possible loop exit points
DEBUG: 	target #0: for.end12
DEBUG: for.cond has 1 possible loop exit points
DEBUG: 	target #0: for.end
DEBUG: region name to id: RELU is 4090243294443032239
DEBUG: found 1 loops in function RELU
DEBUG: assigning id = 466084445466810166 to loop with the following BBs:
	for.cond for.body 
DEBUG: /home/patmos/Developer/kremlin/instrument/llvm/llvm-3.6.1.src/lib/Transforms/KremlinInstrument/LoopBodyRegion.cpp:82 Meta data for 5054803983354612401
DEBUG: assigning id = 5054803983354612401 to body of loop
DEBUG: for.cond has 1 possible loop exit points
DEBUG: 	target #0: for.end
DEBUG: region name to id: add_bias_to_activations is 10138867894171089814
DEBUG: found 1 loops in function add_bias_to_activations
DEBUG: assigning id = 1549220693940234146 to loop with the following BBs:
	for.cond for.body 
DEBUG: /home/patmos/Developer/kremlin/instrument/llvm/llvm-3.6.1.src/lib/Transforms/KremlinInstrument/LoopBodyRegion.cpp:82 Meta data for 12282786619300711102
DEBUG: assigning id = 12282786619300711102 to body of loop
DEBUG: for.cond has 1 possible loop exit points
DEBUG: 	target #0: for.end
DEBUG: region name to id: matrix_vector_product_with_bias_input_layer is 15283717020994050059
DEBUG: found 2 loops in function matrix_vector_product_with_bias_input_layer
DEBUG: assigning id = 7567980883650300232 to loop with the following BBs:
	for.cond for.body for.cond1 for.inc12 for.body3 
DEBUG: /home/patmos/Developer/kremlin/instrument/llvm/llvm-3.6.1.src/lib/Transforms/KremlinInstrument/LoopBodyRegion.cpp:82 Meta data for 5365012264909858646
DEBUG: assigning id = 5365012264909858646 to body of loop
DEBUG: assigning id = 14268793246932820160 to loop with the following BBs:
	for.cond1 for.bMeta data for 1582751165578686747
Meta data for 6112575827007931220
Meta data for 3869725548367855992
Meta data for 14828941593654177407
Meta data for 11215042798933394477
Meta data for 15697143780844559985
Meta data for 17990424926302217454
Meta data for 6662463830735543997
ody3 
DEBUG: /home/patmos/Developer/kremlin/instrument/llvm/llvm-3.6.1.src/lib/Transforms/KremlinInstrument/LoopBodyRegion.cpp:82 Meta data for 6410265420233898400
DEBUG: assigning id = 6410265420233898400 to body of loop
DEBUG: for.cond has 1 possible loop exit points
DEBUG: 	target #0: for.end14
DEBUG: for.cond1 has 1 possible loop exit points
DEBUG: 	target #0: for.inc12
DEBUG: region name to id: matrix_vector_product_with_bias_second_layer is 7589518174893813018
DEBUG: found 2 loops in function matrix_vector_product_with_bias_second_layer
DEBUG: assigning id = 1582751165578686747 to loop with the following BBs:
	for.cond for.body for.cond1 for.inc12 for.body3 
DEBUG: /home/patmos/Developer/kremlin/instrument/llvm/llvm-3.6.1.src/lib/Transforms/KremlinInstrument/LoopBodyRegion.cpp:82 Meta data for 1330375094745896146
DEBUG: assigning id = 1330375094745896146 to body of loop
DEBUG: assigning id = 6112575827007931220 to loop with the following BBs:
	for.cond1 for.body3 
DEBUG: /home/patmos/Developer/kremlin/instrument/llvm/llvm-3.6.1.src/lib/Transforms/KremlinInstrument/LoopBodyRegion.cpp:82 Meta data for 6855684095309981708
DEBUG: assigning id = 6855684095309981708 to body of loop
DEBUG: for.cond has 1 possible loop exit points
DEBUG: 	target #0: for.end14
DEBUG: for.cond1 has 1 possible loop exit points
DEBUG: 	target #0: for.inc12
DEBUG: region name to id: matrix_vector_product_with_bias_output_layer is 13370996042768410496
DEBUG: found 2 loops in function matrix_vector_product_with_bias_output_layer
DEBUG: assigning id = 3869725548367855992 to loop with the following BBs:
	for.cond for.body for.cond1 for.inc12 for.body3 
DEBUG: /home/patmos/Developer/kremlin/instrument/llvm/llvm-3.6.1.src/lib/Transforms/KremlinInstrument/LoopBodyRegion.cpp:82 Meta data for 14287258965128810134
DEBUG: assigning id = 14287258965128810134 to body of loop
DEBUG: assigning id = 14828941593654177407 to loop with the following BBs:
	for.cond1 for.body3 
DEBUG: /home/patmos/Developer/kremlin/instrument/llvm/llvm-3.6.1.src/lib/Transforms/KremlinInstrument/LoopBodyRegion.cpp:82 Meta data for 510872678622814312
DEBUG: assigning id = 510872678622814312 to body of loop
DEBUG: for.cond has 1 possible loop exit points
DEBUG: 	target #0: for.end14
DEBUG: for.cond1 has 1 possible loop exit points
DEBUG: 	target #0: for.inc12
DEBUG: region name to id: take_difference is 3607451511566425263
DEBUG: found 1 loops in function take_difference
DEBUG: assigning id = 11215042798933394477 to loop with the following BBs:
	for.cond for.body 
DEBUG: /home/patmos/Developer/kremlin/instrument/llvm/llvm-3.6.1.src/lib/Transforms/KremlinInstrument/LoopBodyRegion.cpp:82 Meta data for 4491728921679499725
DEBUG: assigning id = 4491728921679499725 to body of loop
DEBUG: for.cond has 1 possible loop exit points
DEBUG: 	target #0: for.end
DEBUG: region name to id: get_delta_matrix_weights3 is 17345653994604640998
DEBUG: found 2 loops in function get_delta_matrix_weights3
DEBUG: assigning id = 15697143780844559985 to loop with the following BBs:
	for.cond for.body for.cond1 for.inc9 for.body3 
DEBUG: /home/patmos/Developer/kremlin/instrument/llvm/llvm-3.6.1.src/lib/Transforms/KremlinInstrument/LoopBodyRegion.cpp:82 Meta data for 18308124789805961181
DEBUG: assigning id = 18308124789805961181 to body of loop
DEBUG: assigning id = 17990424926302217454 to loop with the following BBs:
	for.cond1 for.body3 
DEBUG: /home/patmos/Developer/kremlin/instrument/llvm/llvm-3.6.1.src/lib/Transforms/KremlinInstrument/LoopBodyRegion.cpp:82 Meta data for 4629706498526860743
DEBUG: assigning id = 4629706498526860743 to body of loop
DEBUG: for.cond has 1 possible loop exit points
DEBUG: 	target #0: for.end11
DEBUG: for.cond1 has 1 possible loop exit points
DEBUG: 	target #0: for.inc9
DEBUG: region name to id: get_oracle_activations2 is 4394582085256557544
DEBUG: found 2 loops in function get_oracle_activations2
DEBUG: assigning id = 6662463830735543997 to loop with the following BBs:
	for.cond for.body for.cond1 for.end for.body3 
DEBUG: /home/patmos/Developer/kremlin/instrument/llvm/llvm-3.6.Meta data for 5701249926179726658
Meta data for 13532341045902036315
Meta data for 3160323632335154459
Meta data for 9622058624371368130
Meta data for 12008743446314077713
Meta data for 12205780395483016609
Meta data for 4567064760970567429
Meta data for 1382008634409228242
Meta data for 15017388421338254335
1.src/lib/Transforms/KremlinInstrument/LoopBodyRegion.cpp:82 Meta data for 14758695084113481356
DEBUG: assigning id = 14758695084113481356 to body of loop
DEBUG: assigning id = 5701249926179726658 to loop with the following BBs:
	for.cond1 for.body3 
DEBUG: /home/patmos/Developer/kremlin/instrument/llvm/llvm-3.6.1.src/lib/Transforms/KremlinInstrument/LoopBodyRegion.cpp:82 Meta data for 13332091038878669082
DEBUG: assigning id = 13332091038878669082 to body of loop
DEBUG: for.cond has 1 possible loop exit points
DEBUG: 	target #0: for.end21
DEBUG: for.cond1 has 1 possible loop exit points
DEBUG: 	target #0: for.end
DEBUG: region name to id: get_delta_matrix_weights2 is 4582962199264809317
DEBUG: found 2 loops in function get_delta_matrix_weights2
DEBUG: assigning id = 13532341045902036315 to loop with the following BBs:
	for.cond for.body for.cond1 for.inc9 for.body3 
DEBUG: /home/patmos/Developer/kremlin/instrument/llvm/llvm-3.6.1.src/lib/Transforms/KremlinInstrument/LoopBodyRegion.cpp:82 Meta data for 4832867881334022067
DEBUG: assigning id = 4832867881334022067 to body of loop
DEBUG: assigning id = 3160323632335154459 to loop with the following BBs:
	for.cond1 for.body3 
DEBUG: /home/patmos/Developer/kremlin/instrument/llvm/llvm-3.6.1.src/lib/Transforms/KremlinInstrument/LoopBodyRegion.cpp:82 Meta data for 2569245362545114646
DEBUG: assigning id = 2569245362545114646 to body of loop
DEBUG: for.cond has 1 possible loop exit points
DEBUG: 	target #0: for.end11
DEBUG: for.cond1 has 1 possible loop exit points
DEBUG: 	target #0: for.inc9
DEBUG: region name to id: get_oracle_activations1 is 17491941898508454266
DEBUG: found 2 loops in function get_oracle_activations1
DEBUG: assigning id = 9622058624371368130 to loop with the following BBs:
	for.cond for.body for.cond1 for.end for.body3 
DEBUG: /home/patmos/Developer/kremlin/instrument/llvm/llvm-3.6.1.src/lib/Transforms/KremlinInstrument/LoopBodyRegion.cpp:82 Meta data for 8126154063714096704
DEBUG: assigning id = 8126154063714096704 to body of loop
DEBUG: assigning id = 12008743446314077713 to loop with the following BBs:
	for.cond1 for.body3 
DEBUG: /home/patmos/Developer/kremlin/instrument/llvm/llvm-3.6.1.src/lib/Transforms/KremlinInstrument/LoopBodyRegion.cpp:82 Meta data for 2975961608742573871
DEBUG: assigning id = 2975961608742573871 to body of loop
DEBUG: for.cond has 1 possible loop exit points
DEBUG: 	target #0: for.end21
DEBUG: for.cond1 has 1 possible loop exit points
DEBUG: 	target #0: for.end
DEBUG: region name to id: get_delta_matrix_weights1 is 577333934037018149
DEBUG: found 2 loops in function get_delta_matrix_weights1
DEBUG: assigning id = 12205780395483016609 to loop with the following BBs:
	for.cond for.body for.cond1 for.inc9 for.body3 
DEBUG: /home/patmos/Developer/kremlin/instrument/llvm/llvm-3.6.1.src/lib/Transforms/KremlinInstrument/LoopBodyRegion.cpp:82 Meta data for 3421546264643873400
DEBUG: assigning id = 3421546264643873400 to body of loop
DEBUG: assigning id = 4567064760970567429 to loop with the following BBs:
	for.cond1 for.body3 
DEBUG: /home/patmos/Developer/kremlin/instrument/llvm/llvm-3.6.1.src/lib/Transforms/KremlinInstrument/LoopBodyRegion.cpp:82 Meta data for 16077533197508948358
DEBUG: assigning id = 16077533197508948358 to body of loop
DEBUG: for.cond has 1 possible loop exit points
DEBUG: 	target #0: for.end11
DEBUG: for.cond1 has 1 possible loop exit points
DEBUG: 	target #0: for.inc9
DEBUG: region name to id: update_weights is 17956263599192106634
DEBUG: found 18 loops in function update_weights
DEBUG: assigning id = 1382008634409228242 to loop with the following BBs:
	for.cond229 for.body231 
DEBUG: /home/patmos/Developer/kremlin/instrument/llvm/llvm-3.6.1.src/lib/Transforms/KremlinInstrument/LoopBodyRegion.cpp:82 Meta data for 9750099149817008298
DEBUG: assigning id = 9750099149817008298 to body of loop
DEBUG: assigning id = 15017388421338254335 to loop with the following BBs:
	for.cond208 for.body210 for.cond211 for.inc226 for.body213 
DEBUG: /home/patmos/Developer/kremlin/instrument/llvm/llvm-3.6.1.src/lib/Transforms/KremlinIMeta data for 15949449277041725485
Meta data for 6056600003757245328
Meta data for 1457606253693742972
Meta data for 7025505552256357783
Meta data for 5581588765671732942
Meta data for 5484592767348744297
Meta data for 17714712251143321608
Meta data for 11513277846821634045
Meta data for 5485862346413869863
Meta data for 6980454762419402204
Meta data for 1879730331437641409
Meta data for 9282902178033964224
Meta data for 12356254278721108014
nstrument/LoopBodyRegion.cpp:82 Meta data for 9907987905543277462
DEBUG: assigning id = 9907987905543277462 to body of loop
DEBUG: assigning id = 15949449277041725485 to loop with the following BBs:
	for.cond211 for.body213 
DEBUG: /home/patmos/Developer/kremlin/instrument/llvm/llvm-3.6.1.src/lib/Transforms/KremlinInstrument/LoopBodyRegion.cpp:82 Meta data for 15170637715722244618
DEBUG: assigning id = 15170637715722244618 to body of loop
DEBUG: assigning id = 6056600003757245328 to loop with the following BBs:
	for.cond188 for.body190 
DEBUG: /home/patmos/Developer/kremlin/instrument/llvm/llvm-3.6.1.src/lib/Transforms/KremlinInstrument/LoopBodyRegion.cpp:82 Meta data for 5669564434412348758
DEBUG: assigning id = 5669564434412348758 to body of loop
DEBUG: assigning id = 1457606253693742972 to loop with the following BBs:
	for.cond156 for.body158 for.cond159 for.inc185 for.body161 
DEBUG: /home/patmos/Developer/kremlin/instrument/llvm/llvm-3.6.1.src/lib/Transforms/KremlinInstrument/LoopBodyRegion.cpp:82 Meta data for 4153596967061775989
DEBUG: assigning id = 4153596967061775989 to body of loop
DEBUG: assigning id = 7025505552256357783 to loop with the following BBs:
	for.cond159 for.body161 
DEBUG: /home/patmos/Developer/kremlin/instrument/llvm/llvm-3.6.1.src/lib/Transforms/KremlinInstrument/LoopBodyRegion.cpp:82 Meta data for 12131702955653589169
DEBUG: assigning id = 12131702955653589169 to body of loop
DEBUG: assigning id = 5581588765671732942 to loop with the following BBs:
	for.cond145 for.body147 
DEBUG: /home/patmos/Developer/kremlin/instrument/llvm/llvm-3.6.1.src/lib/Transforms/KremlinInstrument/LoopBodyRegion.cpp:82 Meta data for 14621263899763961046
DEBUG: assigning id = 14621263899763961046 to body of loop
DEBUG: assigning id = 5484592767348744297 to loop with the following BBs:
	for.cond124 for.body126 for.cond127 for.inc142 for.body129 
DEBUG: /home/patmos/Developer/kremlin/instrument/llvm/llvm-3.6.1.src/lib/Transforms/KremlinInstrument/LoopBodyRegion.cpp:82 Meta data for 13184052496948223558
DEBUG: assigning id = 13184052496948223558 to body of loop
DEBUG: assigning id = 17714712251143321608 to loop with the following BBs:
	for.cond127 for.body129 
DEBUG: /home/patmos/Developer/kremlin/instrument/llvm/llvm-3.6.1.src/lib/Transforms/KremlinInstrument/LoopBodyRegion.cpp:82 Meta data for 11132248544486191925
DEBUG: assigning id = 11132248544486191925 to body of loop
DEBUG: assigning id = 11513277846821634045 to loop with the following BBs:
	for.cond104 for.body106 
DEBUG: /home/patmos/Developer/kremlin/instrument/llvm/llvm-3.6.1.src/lib/Transforms/KremlinInstrument/LoopBodyRegion.cpp:82 Meta data for 12710163497489234910
DEBUG: assigning id = 12710163497489234910 to body of loop
DEBUG: assigning id = 5485862346413869863 to loop with the following BBs:
	for.cond72 for.body74 for.cond75 for.inc101 for.body77 
DEBUG: /home/patmos/Developer/kremlin/instrument/llvm/llvm-3.6.1.src/lib/Transforms/KremlinInstrument/LoopBodyRegion.cpp:82 Meta data for 5203834861342460779
DEBUG: assigning id = 5203834861342460779 to body of loop
DEBUG: assigning id = 6980454762419402204 to loop with the following BBs:
	for.cond75 for.body77 
DEBUG: /home/patmos/Developer/kremlin/instrument/llvm/llvm-3.6.1.src/lib/Transforms/KremlinInstrument/LoopBodyRegion.cpp:82 Meta data for 3173431273564579056
DEBUG: assigning id = 3173431273564579056 to body of loop
DEBUG: assigning id = 1879730331437641409 to loop with the following BBs:
	for.cond61 for.body63 
DEBUG: /home/patmos/Developer/kremlin/instrument/llvm/llvm-3.6.1.src/lib/Transforms/KremlinInstrument/LoopBodyRegion.cpp:82 Meta data for 15233501832583559545
DEBUG: assigning id = 15233501832583559545 to body of loop
DEBUG: assigning id = 9282902178033964224 to loop with the following BBs:
	for.cond41 for.body43 for.cond44 for.inc58 for.body46 
DEBUG: /home/patmos/Developer/kremlin/instrument/llvm/llvm-3.6.1.src/lib/Transforms/KremlinInstrument/LoopBodyRegion.cpp:82 Meta data for 15712547313298635167
DEBUG: assigning id = 15712547313298635167 to body of loop
DEBUG: assigning id = 123562542787Meta data for 12776147397769736218
Meta data for 1301085064275257194
Meta data for 13671090102335294480
Meta data for 18117486188724539460
Meta data for 14587209849420330312
21108014 to loop with the following BBs:
	for.cond44 for.body46 
DEBUG: /home/patmos/Developer/kremlin/instrument/llvm/llvm-3.6.1.src/lib/Transforms/KremlinInstrument/LoopBodyRegion.cpp:82 Meta data for 13908621657925992127
DEBUG: assigning id = 13908621657925992127 to body of loop
DEBUG: assigning id = 12776147397769736218 to loop with the following BBs:
	for.cond22 for.body24 
DEBUG: /home/patmos/Developer/kremlin/instrument/llvm/llvm-3.6.1.src/lib/Transforms/KremlinInstrument/LoopBodyRegion.cpp:82 Meta data for 10707393556791740129
DEBUG: assigning id = 10707393556791740129 to body of loop
DEBUG: assigning id = 1301085064275257194 to loop with the following BBs:
	for.cond for.body for.cond1 for.inc19 for.body3 
DEBUG: /home/patmos/Developer/kremlin/instrument/llvm/llvm-3.6.1.src/lib/Transforms/KremlinInstrument/LoopBodyRegion.cpp:82 Meta data for 8815203389117896743
DEBUG: assigning id = 8815203389117896743 to body of loop
DEBUG: assigning id = 13671090102335294480 to loop with the following BBs:
	for.cond1 for.body3 
DEBUG: /home/patmos/Developer/kremlin/instrument/llvm/llvm-3.6.1.src/lib/Transforms/KremlinInstrument/LoopBodyRegion.cpp:82 Meta data for 10221857011943059242
DEBUG: assigning id = 10221857011943059242 to body of loop
DEBUG: for.cond229 has 1 possible loop exit points
DEBUG: 	target #0: for.end239
DEBUG: for.cond208 has 1 possible loop exit points
DEBUG: 	target #0: for.end228
DEBUG: for.cond211 has 1 possible loop exit points
DEBUG: 	target #0: for.inc226
DEBUG: for.cond188 has 1 possible loop exit points
DEBUG: 	target #0: for.end205
DEBUG: for.cond156 has 1 possible loop exit points
DEBUG: 	target #0: for.end187
DEBUG: for.cond159 has 1 possible loop exit points
DEBUG: 	target #0: for.inc185
DEBUG: for.cond145 has 1 possible loop exit points
DEBUG: 	target #0: for.end155
DEBUG: for.cond124 has 1 possible loop exit points
DEBUG: 	target #0: for.end144
DEBUG: for.cond127 has 1 possible loop exit points
DEBUG: 	target #0: for.inc142
DEBUG: for.cond104 has 1 possible loop exit points
DEBUG: 	target #0: for.end121
DEBUG: for.cond72 has 1 possible loop exit points
DEBUG: 	target #0: for.end103
DEBUG: for.cond75 has 1 possible loop exit points
DEBUG: 	target #0: for.inc101
DEBUG: for.cond61 has 1 possible loop exit points
DEBUG: 	target #0: for.end71
DEBUG: for.cond41 has 1 possible loop exit points
DEBUG: 	target #0: for.end60
DEBUG: for.cond44 has 1 possible loop exit points
DEBUG: 	target #0: for.inc58
DEBUG: for.cond22 has 1 possible loop exit points
DEBUG: 	target #0: for.end39
DEBUG: for.cond has 1 possible loop exit points
DEBUG: 	target #0: for.end21
DEBUG: for.cond1 has 1 possible loop exit points
DEBUG: 	target #0: for.inc19
DEBUG: region name to id: backprop is 2034032461903606225
DEBUG: found 2 loops in function backprop
DEBUG: assigning id = 18117486188724539460 to loop with the following BBs:
	for.cond for.body for.cond1 for.end for.body3 if.then for.inc 
DEBUG: /home/patmos/Developer/kremlin/instrument/llvm/llvm-3.6.1.src/lib/Transforms/KremlinInstrument/LoopBodyRegion.cpp:82 Meta data for 11022641527017325748
DEBUG: assigning id = 11022641527017325748 to body of loop
DEBUG: assigning id = 14587209849420330312 to loop with the following BBs:
	for.cond1 for.body3 if.then for.inc 
DEBUG: /home/patmos/Developer/kremlin/instrument/llvm/llvm-3.6.1.src/lib/Transforms/KremlinInstrument/LoopBodyRegion.cpp:82 Meta data for 13766337586110239075
DEBUG: assigning id = 13766337586110239075 to body of loop
DEBUG: for.cond has 1 possible loop exit points
DEBUG: 	target #0: for.end54
DEBUG: for.cond1 has 1 possible loop exit points
DEBUG: 	target #0: for.end
DEBUG: Writing kremlib calls to backprop.kdump
INFO: dumping function: soft_max
INFO: dumping function: llvm.dbg.declare
INFO: dumping function: exp
INFO: dumping function: RELU
INFO: dumping function: add_bias_to_activations
INFO: dumping function: matrix_vector_product_with_bias_input_layer
INFO: dumping function: matrix_vector_product_with_bias_second_layer
INFO: dumping function: matrix_vector_product_with_bias_output_layer
INFO: dumping function: take_difference
INFO: dumping function: get_delta_matrix_weights3
INFO: dumping function: get_oracle_activations2
INFO: dumping function: get_delta_matrix_weights2
INFO: dumping function: get_oracle_activations1
INFO: dumping function: get_delta_matrix_weights1
INFO: dumping function: update_weights
INFO: dumping function: sqrt
INFO: dumping function: backprop
INFO: dumping function: llvm.dbg.value
INFO: dumping function: _KLoad
INFO: dumping function: _KLoad0
INFO: dumping function: _KLoad1
INFO: dumping function: _KLoad2
INFO: dumping function: _KLoad3
INFO: dumping function: _KLoad4
INFO: dumping function: _KStore
INFO: dumping function: _KStoreConst
INFO: dumping function: _KEnqArgConst
INFO: dumping function: _KEnqArg
INFO: dumping function: _KPrepCall
INFO: dumping function: _KLinkReturn
INFO: dumping function: _KMalloc
INFO: dumping function: _KRealloc
INFO: dumping function: _KFree
INFO: dumping function: _KDeqArg
INFO: dumping function: _KReturnConst
INFO: dumping function: _KReturn
INFO: dumping function: _KWork
INFO: dumping function: _KTimestamp
INFO: dumping function: _KTimestamp0
INFO: dumping function: _KTimestamp1
INFO: dumping function: _KTimestamp2
INFO: dumping function: _KTimestamp3
INFO: dumping function: _KTimestamp4
INFO: dumping function: _KTimestamp5
INFO: dumping function: _KTimestamp6
INFO: dumping function: _KTimestamp7
INFO: dumping function: _KPhi
INFO: dumping function: _KPhi1To1
INFO: dumping function: _KPhi2To1
INFO: dumping function: _KPhi3To1
INFO: dumping function: _KPhi4To1
INFO: dumping function: _KPhiAddCond
INFO: dumping function: _KInduction
INFO: dumping function: _KPushCDep
INFO: dumping function: _KPopCDep
INFO: dumping function: _KPrepRTable
INFO: dumping function: _KInit
INFO: dumping function: _KDeinit
INFO: dumping function: _KEnterRegion
INFO: dumping function: _KExitRegion
INFO: dumping function: _KLandingPad
