!{!"0x11\0012\00clang version 3.6.1 (tags/RELEASE_361/final)\000\00\000\00\001", <0x26784b0>, <0x267f100>, <0x267f2a8>, <0x267e930>, <0x2685438>, <0x267f100>} ; [ DW_TAG_compile_unit ] [/home/patmos/github/bachelor_project_HLS/candidates/MachSuite/backprop/backprop/local_support.c] [DW_LANG_C99]

!{!"0x2e\00run_benchmark\00run_benchmark\00\008\000\001\000\000\00256\000\008", <0x26784b0>, <0x26811a0>, <0x267ff90>, null, void (i8*)* @run_benchmark, null, null, <0x267f100>} ; [ DW_TAG_subprogram ] [line 8] [def] [run_benchmark]

!{!"0x2e\00input_to_data\00input_to_data\00\0022\000\001\000\000\00256\000\0022", <0x26784b0>, <0x26811a0>, <0x2685310>, null, void (i32, i8*)* @input_to_data, null, null, <0x267f100>} ; [ DW_TAG_subprogram ] [line 22] [def] [input_to_data]

!{!"0x2e\00data_to_input\00data_to_input\00\0057\000\001\000\000\00256\000\0057", <0x26784b0>, <0x26811a0>, <0x2685310>, null, void (i32, i8*)* @data_to_input, null, null, <0x267f100>} ; [ DW_TAG_subprogram ] [line 57] [def] [data_to_input]

!{!"0x2e\00output_to_data\00output_to_data\00\0090\000\001\000\000\00256\000\0090", <0x26784b0>, <0x26811a0>, <0x2685310>, null, void (i32, i8*)* @output_to_data, null, null, <0x267f100>} ; [ DW_TAG_subprogram ] [line 90] [def] [output_to_data]

!{!"0x2e\00data_to_output\00data_to_output\00\00119\000\001\000\000\00256\000\00119", <0x26784b0>, <0x26811a0>, <0x2685310>, null, void (i32, i8*)* @data_to_output, null, null, <0x267f100>} ; [ DW_TAG_subprogram ] [line 119] [def] [data_to_output]

!{!"0x2e\00check_data\00check_data\00\00142\000\001\000\000\00256\000\00142", <0x26784b0>, <0x26811a0>, <0x267e8d0>, null, i32 (i8*, i8*)* @check_data, null, null, <0x267f100>} ; [ DW_TAG_subprogram ] [line 142] [def] [check_data]

!{!"0x34\00INPUT_SIZE\00INPUT_SIZE\00\004\000\001", null, <0x26811a0>, <0x2680018>, i32* @INPUT_SIZE, null} ; [ DW_TAG_variable ] [INPUT_SIZE] [line 4] [def]

!{!"0x24\00int\000\0032\0032\000\000\005", null, null} ; [ DW_TAG_base_type ] [int] [line 0, size 32, align 32, offset 0, enc DW_ATE_signed]

!{!"0x15\00\000\000\000\000\000\000", null, null, null, <0x267ff20>, null, null, null} ; [ DW_TAG_subroutine_type ] [line 0, size 0, align 0, offset 0] [from ]

!{!"0xf\00\000\0064\0064\000\000", null, null, null} ; [ DW_TAG_pointer_type ] [line 0, size 64, align 64, offset 0] [from ]

!{!"0x15\00\000\000\000\000\000\000", null, null, null, <0x267f698>, null, null, null} ; [ DW_TAG_subroutine_type ] [line 0, size 0, align 0, offset 0] [from ]

!{!"0x15\00\000\000\000\000\000\000", null, null, null, <0x267e748>, null, null, null} ; [ DW_TAG_subroutine_type ] [line 0, size 0, align 0, offset 0] [from ]

!{!"0xf\00\000\0064\0064\000\000", null, null, <0x2680fe0>} ; [ DW_TAG_pointer_type ] [line 0, size 64, align 64, offset 0] [from bench_args_t]

!{!"0x13\00bench_args_t\0037\00502976\0064\000\000\000", <0x267f220>, null, null, <0x2680ef0>, null, null, null} ; [ DW_TAG_structure_type ] [bench_args_t] [line 37, size 502976, align 64, offset 0] [def] [from ]

!{!"0xd\00weights1\0038\0053248\0064\000\000", <0x267f220>, <0x2680fe0>, <0x267f4b0>} ; [ DW_TAG_member ] [weights1] [line 38, size 53248, align 64, offset 0] [from ]

!{!"0x1\00\000\0053248\0064\000\000\000", null, null, <0x267f3e8>, <0x267f448>, null, null, null} ; [ DW_TAG_array_type ] [line 0, size 53248, align 64, offset 0] [from double]

!{!"0x24\00double\000\0064\0064\000\000\004", null, null} ; [ DW_TAG_base_type ] [double] [line 0, size 64, align 64, offset 0, enc DW_ATE_float]

!{!"0xd\00weights2\0039\00262144\0064\0053248\000", <0x267f220>, <0x2680fe0>, <0x2678400>} ; [ DW_TAG_member ] [weights2] [line 39, size 262144, align 64, offset 53248] [from ]

!{!"0x1\00\000\00262144\0064\000\000\000", null, null, <0x267f3e8>, <0x2678398>, null, null, null} ; [ DW_TAG_array_type ] [line 0, size 262144, align 64, offset 0] [from double]

!{!"0xd\00weights3\0040\0012288\0064\00315392\000", <0x267f220>, <0x2680fe0>, <0x26801c0>} ; [ DW_TAG_member ] [weights3] [line 40, size 12288, align 64, offset 315392] [from ]

!{!"0x1\00\000\0012288\0064\000\000\000", null, null, <0x267f3e8>, <0x2680158>, null, null, null} ; [ DW_TAG_array_type ] [line 0, size 12288, align 64, offset 0] [from double]

!{!"0xd\00biases1\0041\004096\0064\00327680\000", <0x267f220>, <0x2680fe0>, <0x2680410>} ; [ DW_TAG_member ] [biases1] [line 41, size 4096, align 64, offset 327680] [from ]

!{!"0x1\00\000\004096\0064\000\000\000", null, null, <0x267f3e8>, <0x26803a8>, null, null, null} ; [ DW_TAG_array_type ] [line 0, size 4096, align 64, offset 0] [from double]

!{!"0xd\00biases2\0042\004096\0064\00331776\000", <0x267f220>, <0x2680fe0>, <0x2680410>} ; [ DW_TAG_member ] [biases2] [line 42, size 4096, align 64, offset 331776] [from ]

!{!"0xd\00biases3\0043\00192\0064\00335872\000", <0x267f220>, <0x2680fe0>, <0x2680770>} ; [ DW_TAG_member ] [biases3] [line 43, size 192, align 64, offset 335872] [from ]

!{!"0x1\00\000\00192\0064\000\000\000", null, null, <0x267f3e8>, <0x2680708>, null, null, null} ; [ DW_TAG_array_type ] [line 0, size 192, align 64, offset 0] [from double]

!{!"0xd\00training_data\0044\00135616\0064\00336064\000", <0x267f220>, <0x2680fe0>, <0x267f8e0>} ; [ DW_TAG_member ] [training_data] [line 44, size 135616, align 64, offset 336064] [from ]

!{!"0x1\00\000\00135616\0064\000\000\000", null, null, <0x267f3e8>, <0x267f878>, null, null, null} ; [ DW_TAG_array_type ] [line 0, size 135616, align 64, offset 0] [from double]

!{!"0xd\00training_targets\0045\0031296\0064\00471680\000", <0x267f220>, <0x2680fe0>, <0x2680db0>} ; [ DW_TAG_member ] [training_targets] [line 45, size 31296, align 64, offset 471680] [from ]

!{!"0x1\00\000\0031296\0064\000\000\000", null, null, <0x267f3e8>, <0x2680d48>, null, null, null} ; [ DW_TAG_array_type ] [line 0, size 31296, align 64, offset 0] [from double]

Meta data for 1084855417690819138
Meta data for 1307555707989683144
Meta data for 4383281191434181551
INFO: Loop bodies will be given their own region id
DEBUG: new region: FuncRegion(id: 3862668819228705092, name: run_benchmark, fileName: local_support.c, startLine: 8, endLine: 8
DEBUG: adding run_benchmark (in module: local_support.simplifycfg.mem2reg.indvars.elimsinglephis.criticalpath.bc) to list of defined functions (region_id: 3862668819228705092)
DEBUG: assigning function run_benchmark id 3862668819228705092
DEBUG: new region: FuncRegion(id: 11825262910647353991, name: input_to_data, fileName: local_support.c, startLine: 22, endLine: 22
DEBUG: adding input_to_data (in module: local_support.simplifycfg.mem2reg.indvars.elimsinglephis.criticalpath.bc) to list of defined functions (region_id: 11825262910647353991)
DEBUG: assigning function input_to_data id 11825262910647353991
DEBUG: new region: FuncRegion(id: 8265711678329185454, name: data_to_input, fileName: local_support.c, startLine: 57, endLine: 57
DEBUG: adding data_to_input (in module: local_support.simplifycfg.mem2reg.indvars.elimsinglephis.criticalpath.bc) to list of defined functions (region_id: 8265711678329185454)
DEBUG: assigning function data_to_input id 8265711678329185454
DEBUG: new region: FuncRegion(id: 13681209210925323440, name: output_to_data, fileName: local_support.c, startLine: 90, endLine: 90
DEBUG: adding output_to_data (in module: local_support.simplifycfg.mem2reg.indvars.elimsinglephis.criticalpath.bc) to list of defined functions (region_id: 13681209210925323440)
DEBUG: assigning function output_to_data id 13681209210925323440
DEBUG: new region: FuncRegion(id: 2262382145700601508, name: data_to_output, fileName: local_support.c, startLine: 119, endLine: 119
DEBUG: adding data_to_output (in module: local_support.simplifycfg.mem2reg.indvars.elimsinglephis.criticalpath.bc) to list of defined functions (region_id: 2262382145700601508)
DEBUG: assigning function data_to_output id 2262382145700601508
DEBUG: new region: FuncRegion(id: 12664787391234327508, name: check_data, fileName: local_support.c, startLine: 142, endLine: 142
DEBUG: adding check_data (in module: local_support.simplifycfg.mem2reg.indvars.elimsinglephis.criticalpath.bc) to list of defined functions (region_id: 12664787391234327508)
DEBUG: assigning function check_data id 12664787391234327508
DEBUG: found 6 func regions
INFO: Inserting the following instrumentation calls:
INFO: _KDeinit
INFO: _KEnterRegion
INFO: _KExitRegion
INFO: _KInit
INFO: _KLandingPad
DEBUG: Debug information:
DEBUG: region name to id: run_benchmark is 3862668819228705092
DEBUG: found 0 loops in function run_benchmark
DEBUG: region name to id: input_to_data is 11825262910647353991
DEBUG: found 0 loops in function input_to_data
DEBUG: region name to id: data_to_input is 8265711678329185454
DEBUG: found 0 loops in function data_to_input
DEBUG: region name to id: output_to_data is 13681209210925323440
DEBUG: found 0 loops in function output_to_data
DEBUG: region name to id: data_to_output is 2262382145700601508
DEBUG: found 0 loops in function data_to_output
DEBUG: region name to id: check_data is 12664787391234327508
DEBUG: found 9 loops in function check_data
DEBUG: assigning id = 1084855417690819138 to loop with the following BBs:
	for.cond106 for.body108 lor.rhs116 lor.end118 
DEBUG: /home/patmos/Developer/kremlin/instrument/llvm/llvm-3.6.1.src/lib/Transforms/KremlinInstrument/LoopBodyRegion.cpp:82 Meta data for 13185070422790909001
DEBUG: assigning id = 13185070422790909001 to body of loop
DEBUG: assigning id = 1307555707989683144 to loop with the following BBs:
	for.cond88 for.body90 lor.rhs98 lor.end100 
DEBUG: /home/patmos/Developer/kremlin/instrument/llvm/llvm-3.6.1.src/lib/Transforms/KremlinInstrument/LoopBodyRegion.cpp:82 Meta data for 4275964852785436168
DEBUG: assigning id = 4275964852785436168 to body of loop
DEBUG: assigning id = 4383281191434181551 to loop with the following BBs:
	for.cond70 for.body72 lor.rhs80 lor.end82 
DEBUG: /home/patmos/Developer/kremlin/instrument/llvm/llvm-3.6.1.src/lib/Transforms/KremlinInstrument/LoopBodyRegion.cpp:82 Meta data for 14699038459560404943
DEBUG: assigningMeta data for 11120617578655063972
Meta data for 8346541707486198383
Meta data for 10039521872272042969
Meta data for 13428955687699806583
Meta data for 14897915903266633889
Meta data for 1576811283850860193
 id = 14699038459560404943 to body of loop
DEBUG: assigning id = 11120617578655063972 to loop with the following BBs:
	for.cond42 for.body44 for.cond45 for.inc67 for.body47 lor.rhs59 lor.end61 
DEBUG: /home/patmos/Developer/kremlin/instrument/llvm/llvm-3.6.1.src/lib/Transforms/KremlinInstrument/LoopBodyRegion.cpp:82 Meta data for 1303621141817366471
DEBUG: assigning id = 1303621141817366471 to body of loop
DEBUG: assigning id = 8346541707486198383 to loop with the following BBs:
	for.cond45 for.body47 lor.rhs59 lor.end61 
DEBUG: /home/patmos/Developer/kremlin/instrument/llvm/llvm-3.6.1.src/lib/Transforms/KremlinInstrument/LoopBodyRegion.cpp:82 Meta data for 10039844503142928598
DEBUG: assigning id = 10039844503142928598 to body of loop
DEBUG: assigning id = 10039521872272042969 to loop with the following BBs:
	for.cond14 for.body16 for.cond17 for.inc39 for.body19 lor.rhs31 lor.end33 
DEBUG: /home/patmos/Developer/kremlin/instrument/llvm/llvm-3.6.1.src/lib/Transforms/KremlinInstrument/LoopBodyRegion.cpp:82 Meta data for 8646056433114087025
DEBUG: assigning id = 8646056433114087025 to body of loop
DEBUG: assigning id = 13428955687699806583 to loop with the following BBs:
	for.cond17 for.body19 lor.rhs31 lor.end33 
DEBUG: /home/patmos/Developer/kremlin/instrument/llvm/llvm-3.6.1.src/lib/Transforms/KremlinInstrument/LoopBodyRegion.cpp:82 Meta data for 17689345519500374190
DEBUG: assigning id = 17689345519500374190 to body of loop
DEBUG: assigning id = 14897915903266633889 to loop with the following BBs:
	for.cond for.body for.cond1 for.inc11 for.body3 lor.rhs lor.end 
DEBUG: /home/patmos/Developer/kremlin/instrument/llvm/llvm-3.6.1.src/lib/Transforms/KremlinInstrument/LoopBodyRegion.cpp:82 Meta data for 11053380467575555097
DEBUG: assigning id = 11053380467575555097 to body of loop
DEBUG: assigning id = 1576811283850860193 to loop with the following BBs:
	for.cond1 for.body3 lor.rhs lor.end 
DEBUG: /home/patmos/Developer/kremlin/instrument/llvm/llvm-3.6.1.src/lib/Transforms/KremlinInstrument/LoopBodyRegion.cpp:82 Meta data for 11542726930702340122
DEBUG: assigning id = 11542726930702340122 to body of loop
DEBUG: for.cond106 has 1 possible loop exit points
DEBUG: 	target #0: for.end123
DEBUG: for.cond88 has 1 possible loop exit points
DEBUG: 	target #0: for.end105
DEBUG: for.cond70 has 1 possible loop exit points
DEBUG: 	target #0: for.end87
DEBUG: for.cond42 has 1 possible loop exit points
DEBUG: 	target #0: for.end69
DEBUG: for.cond45 has 1 possible loop exit points
DEBUG: 	target #0: for.inc67
DEBUG: for.cond14 has 1 possible loop exit points
DEBUG: 	target #0: for.end41
DEBUG: for.cond17 has 1 possible loop exit points
DEBUG: 	target #0: for.inc39
DEBUG: for.cond has 1 possible loop exit points
DEBUG: 	target #0: for.end13
DEBUG: for.cond1 has 1 possible loop exit points
DEBUG: 	target #0: for.inc11
DEBUG: Writing kremlib calls to local_support.kdump
INFO: dumping function: run_benchmark
INFO: dumping function: llvm.dbg.declare
INFO: dumping function: backprop
INFO: dumping function: input_to_data
INFO: dumping function: llvm.memset.p0i8.i64
INFO: dumping function: readfile
INFO: dumping function: find_section_start
INFO: dumping function: parse_double_array
INFO: dumping function: free
INFO: dumping function: data_to_input
INFO: dumping function: write_section_header
INFO: dumping function: write_double_array
INFO: dumping function: output_to_data
INFO: dumping function: data_to_output
INFO: dumping function: check_data
INFO: dumping function: llvm.dbg.value
INFO: dumping function: _KLoad
INFO: dumping function: _KLoad0
INFO: dumping function: _KLoad1
INFO: dumping function: _KLoad2
INFO: dumping function: _KLoad3
INFO: dumping function: _KLoad4
INFO: dumping function: _KStore
INFO: dumping function: _KStoreConst
INFO: dumping function: _KEnqArgConst
INFO: dumping function: _KEnqArg
INFO: dumping function: _KPrepCall
INFO: dumping function: _KLinkReturn
INFO: dumping function: _KMalloc
INFO: dumping function: _KRealloc
INFO: dumping function: _KFree
INFO: dumping function: _KDeqArg
INFO: dumping function: _KReturnConst
INFO: dumping function: _KReturn
INFO: dumping function: _KWork
INFO: dumping function: _KPhi
INFO: dumping function: _KPhi1To1
INFO: dumping function: _KPhi2To1
INFO: dumping function: _KPhi3To1
INFO: dumping function: _KPhi4To1
INFO: dumping function: _KPhiAddCond
INFO: dumping function: _KInduction
INFO: dumping function: _KPushCDep
INFO: dumping function: _KPopCDep
INFO: dumping function: _KPrepRTable
INFO: dumping function: _KTimestamp
INFO: dumping function: _KTimestamp0
INFO: dumping function: _KTimestamp1
INFO: dumping function: _KTimestamp2
INFO: dumping function: _KTimestamp3
INFO: dumping function: _KTimestamp4
INFO: dumping function: _KTimestamp5
INFO: dumping function: _KTimestamp6
INFO: dumping function: _KTimestamp7
INFO: dumping function: _KInit
INFO: dumping function: _KDeinit
INFO: dumping function: _KEnterRegion
INFO: dumping function: _KExitRegion
INFO: dumping function: _KLandingPad
