

================================================================
== Vivado HLS Report for 'matmul_hw'
================================================================
* Date:           Mon Apr 24 20:56:47 2017

* Version:        2016.4 (Build 1733598 on Wed Dec 14 22:59:20 MST 2016)
* Project:        hls_matmul_int
* Solution:       matmul_1b_32x32
* Product family: artix7
* Target device:  xc7a100tcsg324-1


================================================================
== Performance Estimates
================================================================
+ Timing (ns): 
    * Summary: 
    +--------+-------+----------+------------+
    |  Clock | Target| Estimated| Uncertainty|
    +--------+-------+----------+------------+
    |ap_clk  |  10.00|      8.05|        1.25|
    +--------+-------+----------+------------+

+ Latency (clock cycles): 
    * Summary: 
    +-------+-------+-------+-------+---------+
    |    Latency    |    Interval   | Pipeline|
    |  min  |  max  |  min  |  max  |   Type  |
    +-------+-------+-------+-------+---------+
    |  74754|  74754|  74755|  74755|   none  |
    +-------+-------+-------+-------+---------+

    + Detail: 
        * Instance: 
        N/A

        * Loop: 
        +----------+-------+-------+----------+-----------+-----------+------+----------+
        |          |    Latency    | Iteration|  Initiation Interval  | Trip |          |
        | Loop Name|  min  |  max  |  Latency |  achieved |   target  | Count| Pipelined|
        +----------+-------+-------+----------+-----------+-----------+------+----------+
        |- L_col   |  74752|  74752|        73|         73|          1|  1024|    yes   |
        +----------+-------+-------+----------+-----------+-----------+------+----------+



================================================================
== Utilization Estimates
================================================================
* Summary: 
+-----------------+---------+-------+--------+-------+
|       Name      | BRAM_18K| DSP48E|   FF   |  LUT  |
+-----------------+---------+-------+--------+-------+
|DSP              |        -|      -|       -|      -|
|Expression       |        -|      -|       0|   2393|
|FIFO             |        -|      -|       -|      -|
|Instance         |        -|    128|       0|      0|
|Memory           |       32|      -|       0|      0|
|Multiplexer      |        -|      -|       -|   1027|
|Register         |        -|      -|    3859|      -|
+-----------------+---------+-------+--------+-------+
|Total            |       32|    128|    3859|   3420|
+-----------------+---------+-------+--------+-------+
|Available        |      270|    240|  126800|  63400|
+-----------------+---------+-------+--------+-------+
|Utilization (%)  |       11|     53|       3|      5|
+-----------------+---------+-------+--------+-------+

+ Detail: 
    * Instance: 
    +--------------------------+----------------------+---------+-------+---+----+
    |         Instance         |        Module        | BRAM_18K| DSP48E| FF| LUT|
    +--------------------------+----------------------+---------+-------+---+----+
    |matmul_hw_mul_32sbkb_U1   |matmul_hw_mul_32sbkb  |        0|      4|  0|   0|
    |matmul_hw_mul_32sbkb_U2   |matmul_hw_mul_32sbkb  |        0|      4|  0|   0|
    |matmul_hw_mul_32sbkb_U3   |matmul_hw_mul_32sbkb  |        0|      4|  0|   0|
    |matmul_hw_mul_32sbkb_U4   |matmul_hw_mul_32sbkb  |        0|      4|  0|   0|
    |matmul_hw_mul_32sbkb_U5   |matmul_hw_mul_32sbkb  |        0|      4|  0|   0|
    |matmul_hw_mul_32sbkb_U6   |matmul_hw_mul_32sbkb  |        0|      4|  0|   0|
    |matmul_hw_mul_32sbkb_U7   |matmul_hw_mul_32sbkb  |        0|      4|  0|   0|
    |matmul_hw_mul_32sbkb_U8   |matmul_hw_mul_32sbkb  |        0|      4|  0|   0|
    |matmul_hw_mul_32sbkb_U9   |matmul_hw_mul_32sbkb  |        0|      4|  0|   0|
    |matmul_hw_mul_32sbkb_U10  |matmul_hw_mul_32sbkb  |        0|      4|  0|   0|
    |matmul_hw_mul_32sbkb_U11  |matmul_hw_mul_32sbkb  |        0|      4|  0|   0|
    |matmul_hw_mul_32sbkb_U12  |matmul_hw_mul_32sbkb  |        0|      4|  0|   0|
    |matmul_hw_mul_32sbkb_U13  |matmul_hw_mul_32sbkb  |        0|      4|  0|   0|
    |matmul_hw_mul_32sbkb_U14  |matmul_hw_mul_32sbkb  |        0|      4|  0|   0|
    |matmul_hw_mul_32sbkb_U15  |matmul_hw_mul_32sbkb  |        0|      4|  0|   0|
    |matmul_hw_mul_32sbkb_U16  |matmul_hw_mul_32sbkb  |        0|      4|  0|   0|
    |matmul_hw_mul_32sbkb_U17  |matmul_hw_mul_32sbkb  |        0|      4|  0|   0|
    |matmul_hw_mul_32sbkb_U18  |matmul_hw_mul_32sbkb  |        0|      4|  0|   0|
    |matmul_hw_mul_32sbkb_U19  |matmul_hw_mul_32sbkb  |        0|      4|  0|   0|
    |matmul_hw_mul_32sbkb_U20  |matmul_hw_mul_32sbkb  |        0|      4|  0|   0|
    |matmul_hw_mul_32sbkb_U21  |matmul_hw_mul_32sbkb  |        0|      4|  0|   0|
    |matmul_hw_mul_32sbkb_U22  |matmul_hw_mul_32sbkb  |        0|      4|  0|   0|
    |matmul_hw_mul_32sbkb_U23  |matmul_hw_mul_32sbkb  |        0|      4|  0|   0|
    |matmul_hw_mul_32sbkb_U24  |matmul_hw_mul_32sbkb  |        0|      4|  0|   0|
    |matmul_hw_mul_32sbkb_U25  |matmul_hw_mul_32sbkb  |        0|      4|  0|   0|
    |matmul_hw_mul_32sbkb_U26  |matmul_hw_mul_32sbkb  |        0|      4|  0|   0|
    |matmul_hw_mul_32sbkb_U27  |matmul_hw_mul_32sbkb  |        0|      4|  0|   0|
    |matmul_hw_mul_32sbkb_U28  |matmul_hw_mul_32sbkb  |        0|      4|  0|   0|
    |matmul_hw_mul_32sbkb_U29  |matmul_hw_mul_32sbkb  |        0|      4|  0|   0|
    |matmul_hw_mul_32sbkb_U30  |matmul_hw_mul_32sbkb  |        0|      4|  0|   0|
    |matmul_hw_mul_32sbkb_U31  |matmul_hw_mul_32sbkb  |        0|      4|  0|   0|
    |matmul_hw_mul_32sbkb_U32  |matmul_hw_mul_32sbkb  |        0|      4|  0|   0|
    +--------------------------+----------------------+---------+-------+---+----+
    |Total                     |                      |        0|    128|  0|   0|
    +--------------------------+----------------------+---------+-------+---+----+

    * DSP48: 
    N/A

    * Memory: 
    +-------------+--------------------+---------+---+----+------+-----+------+-------------+
    |    Memory   |       Module       | BRAM_18K| FF| LUT| Words| Bits| Banks| W*Bits*Banks|
    +-------------+--------------------+---------+---+----+------+-----+------+-------------+
    |b_copy_0_U   |matmul_hw_b_copy_0  |        1|  0|   0|    32|   32|     1|         1024|
    |b_copy_1_U   |matmul_hw_b_copy_0  |        1|  0|   0|    32|   32|     1|         1024|
    |b_copy_2_U   |matmul_hw_b_copy_0  |        1|  0|   0|    32|   32|     1|         1024|
    |b_copy_3_U   |matmul_hw_b_copy_0  |        1|  0|   0|    32|   32|     1|         1024|
    |b_copy_4_U   |matmul_hw_b_copy_0  |        1|  0|   0|    32|   32|     1|         1024|
    |b_copy_5_U   |matmul_hw_b_copy_0  |        1|  0|   0|    32|   32|     1|         1024|
    |b_copy_6_U   |matmul_hw_b_copy_0  |        1|  0|   0|    32|   32|     1|         1024|
    |b_copy_7_U   |matmul_hw_b_copy_0  |        1|  0|   0|    32|   32|     1|         1024|
    |b_copy_8_U   |matmul_hw_b_copy_0  |        1|  0|   0|    32|   32|     1|         1024|
    |b_copy_9_U   |matmul_hw_b_copy_0  |        1|  0|   0|    32|   32|     1|         1024|
    |b_copy_10_U  |matmul_hw_b_copy_0  |        1|  0|   0|    32|   32|     1|         1024|
    |b_copy_11_U  |matmul_hw_b_copy_0  |        1|  0|   0|    32|   32|     1|         1024|
    |b_copy_12_U  |matmul_hw_b_copy_0  |        1|  0|   0|    32|   32|     1|         1024|
    |b_copy_13_U  |matmul_hw_b_copy_0  |        1|  0|   0|    32|   32|     1|         1024|
    |b_copy_14_U  |matmul_hw_b_copy_0  |        1|  0|   0|    32|   32|     1|         1024|
    |b_copy_15_U  |matmul_hw_b_copy_0  |        1|  0|   0|    32|   32|     1|         1024|
    |b_copy_16_U  |matmul_hw_b_copy_0  |        1|  0|   0|    32|   32|     1|         1024|
    |b_copy_17_U  |matmul_hw_b_copy_0  |        1|  0|   0|    32|   32|     1|         1024|
    |b_copy_18_U  |matmul_hw_b_copy_0  |        1|  0|   0|    32|   32|     1|         1024|
    |b_copy_19_U  |matmul_hw_b_copy_0  |        1|  0|   0|    32|   32|     1|         1024|
    |b_copy_20_U  |matmul_hw_b_copy_0  |        1|  0|   0|    32|   32|     1|         1024|
    |b_copy_21_U  |matmul_hw_b_copy_0  |        1|  0|   0|    32|   32|     1|         1024|
    |b_copy_22_U  |matmul_hw_b_copy_0  |        1|  0|   0|    32|   32|     1|         1024|
    |b_copy_23_U  |matmul_hw_b_copy_0  |        1|  0|   0|    32|   32|     1|         1024|
    |b_copy_24_U  |matmul_hw_b_copy_0  |        1|  0|   0|    32|   32|     1|         1024|
    |b_copy_25_U  |matmul_hw_b_copy_0  |        1|  0|   0|    32|   32|     1|         1024|
    |b_copy_26_U  |matmul_hw_b_copy_0  |        1|  0|   0|    32|   32|     1|         1024|
    |b_copy_27_U  |matmul_hw_b_copy_0  |        1|  0|   0|    32|   32|     1|         1024|
    |b_copy_28_U  |matmul_hw_b_copy_0  |        1|  0|   0|    32|   32|     1|         1024|
    |b_copy_29_U  |matmul_hw_b_copy_0  |        1|  0|   0|    32|   32|     1|         1024|
    |b_copy_30_U  |matmul_hw_b_copy_0  |        1|  0|   0|    32|   32|     1|         1024|
    |b_copy_31_U  |matmul_hw_b_copy_0  |        1|  0|   0|    32|   32|     1|         1024|
    +-------------+--------------------+---------+---+----+------+-----+------+-------------+
    |Total        |                    |       32|  0|   0|  1024| 1024|    32|        32768|
    +-------------+--------------------+---------+---+----+------+-----+------+-------------+

    * FIFO: 
    N/A

    * Expression: 
    +--------------------------------+----------+-------+---+----+------------+------------+
    |          Variable Name         | Operation| DSP48E| FF| LUT| Bitwidth P0| Bitwidth P1|
    +--------------------------------+----------+-------+---+----+------------+------------+
    |a_Din_A                         |     +    |      0|  0|  16|          32|          32|
    |i_1_fu_1632_p2                  |     +    |      0|  0|   6|           6|           1|
    |indvar_flatten_next_fu_1626_p2  |     +    |      0|  0|  11|          11|           1|
    |j_1_fu_3233_p2                  |     +    |      0|  0|   6|           6|           1|
    |tmp10_fu_2709_p2                |     +    |      0|  0|  16|          32|          32|
    |tmp11_fu_2633_p2                |     +    |      0|  0|  32|          32|          32|
    |tmp12_fu_2705_p2                |     +    |      0|  0|  16|          32|          32|
    |tmp13_fu_2858_p2                |     +    |      0|  0|  16|          32|          32|
    |tmp14_fu_2782_p2                |     +    |      0|  0|  32|          32|          32|
    |tmp15_fu_2854_p2                |     +    |      0|  0|  16|          32|          32|
    |tmp16_fu_3277_p2                |     +    |      0|  0|  16|          32|          32|
    |tmp17_fu_3171_p2                |     +    |      0|  0|  16|          32|          32|
    |tmp18_fu_3017_p2                |     +    |      0|  0|  16|          32|          32|
    |tmp19_fu_2941_p2                |     +    |      0|  0|  32|          32|          32|
    |tmp1_fu_2868_p2                 |     +    |      0|  0|  16|          32|          32|
    |tmp20_fu_3013_p2                |     +    |      0|  0|  16|          32|          32|
    |tmp21_fu_3166_p2                |     +    |      0|  0|  16|          32|          32|
    |tmp22_fu_3090_p2                |     +    |      0|  0|  32|          32|          32|
    |tmp23_fu_3162_p2                |     +    |      0|  0|  32|          32|          32|
    |tmp24_fu_3268_p2                |     +    |      0|  0|  16|          32|          32|
    |tmp25_fu_3250_p2                |     +    |      0|  0|  16|          32|          32|
    |tmp26_fu_3242_p2                |     +    |      0|  0|  32|          32|          32|
    |tmp27_fu_3246_p2                |     +    |      0|  0|  16|          32|          32|
    |tmp28_fu_3263_p2                |     +    |      0|  0|  16|          32|          32|
    |tmp29_fu_3255_p2                |     +    |      0|  0|  32|          32|          32|
    |tmp2_fu_2560_p2                 |     +    |      0|  0|  16|          32|          32|
    |tmp30_fu_3259_p2                |     +    |      0|  0|  32|          32|          32|
    |tmp3_fu_2406_p2                 |     +    |      0|  0|  16|          32|          32|
    |tmp4_fu_2330_p2                 |     +    |      0|  0|  32|          32|          32|
    |tmp5_fu_2402_p2                 |     +    |      0|  0|  16|          32|          32|
    |tmp6_fu_2555_p2                 |     +    |      0|  0|  16|          32|          32|
    |tmp7_fu_2479_p2                 |     +    |      0|  0|  32|          32|          32|
    |tmp8_fu_2551_p2                 |     +    |      0|  0|  32|          32|          32|
    |tmp9_fu_2863_p2                 |     +    |      0|  0|  16|          32|          32|
    |tmp_101_fu_2012_p2              |     +    |      0|  0|  12|          12|          11|
    |tmp_102_fu_3222_p2              |     +    |      0|  0|  13|          13|          13|
    |tmp_71_fu_1692_p2               |     +    |      0|  0|  11|          11|          11|
    |tmp_73_fu_1717_p2               |     +    |      0|  0|  11|          11|          11|
    |tmp_75_fu_1735_p2               |     +    |      0|  0|  11|          11|          11|
    |tmp_77_fu_1753_p2               |     +    |      0|  0|  11|          11|          11|
    |tmp_79_fu_1771_p2               |     +    |      0|  0|  11|          11|          11|
    |tmp_81_fu_1789_p2               |     +    |      0|  0|  11|          11|          11|
    |tmp_83_fu_1807_p2               |     +    |      0|  0|  11|          11|          11|
    |tmp_85_fu_1825_p2               |     +    |      0|  0|  11|          11|          11|
    |tmp_87_fu_1846_p2               |     +    |      0|  0|  10|          10|          10|
    |tmp_89_fu_1869_p2               |     +    |      0|  0|  10|          10|          10|
    |tmp_91_fu_1891_p2               |     +    |      0|  0|  10|          10|          10|
    |tmp_93_fu_1913_p2               |     +    |      0|  0|  10|          10|          10|
    |tmp_95_fu_1938_p2               |     +    |      0|  0|   9|           9|           9|
    |tmp_97_fu_1961_p2               |     +    |      0|  0|   9|           9|           9|
    |tmp_99_fu_1986_p2               |     +    |      0|  0|   8|           8|           8|
    |exitcond_flatten_fu_1620_p2     |   icmp   |      0|  0|   5|          11|          12|
    |exitcond_fu_1638_p2             |   icmp   |      0|  0|   3|           6|           7|
    |tmp_5_fu_2053_p2                |   icmp   |      0|  0|   3|           6|           1|
    |tmp_fu_1658_p2                  |   icmp   |      0|  0|   3|           6|           1|
    |tmp_mid1_fu_1652_p2             |   icmp   |      0|  0|   3|           6|           1|
    |tmp_10_fu_2061_p2               |    or    |      0|  0|  15|          11|           2|
    |tmp_12_fu_2095_p2               |    or    |      0|  0|  15|          11|           2|
    |tmp_14_fu_2129_p2               |    or    |      0|  0|  15|          11|           3|
    |tmp_16_fu_2163_p2               |    or    |      0|  0|  15|          11|           3|
    |tmp_18_fu_2197_p2               |    or    |      0|  0|  15|          11|           3|
    |tmp_20_fu_2231_p2               |    or    |      0|  0|  15|          11|           3|
    |tmp_22_fu_2265_p2               |    or    |      0|  0|  15|          11|           4|
    |tmp_24_fu_2299_p2               |    or    |      0|  0|  15|          11|           4|
    |tmp_26_fu_2337_p2               |    or    |      0|  0|  15|          11|           4|
    |tmp_28_fu_2371_p2               |    or    |      0|  0|  15|          11|           4|
    |tmp_30_fu_2414_p2               |    or    |      0|  0|  15|          11|           4|
    |tmp_32_fu_2448_p2               |    or    |      0|  0|  15|          11|           4|
    |tmp_34_fu_2486_p2               |    or    |      0|  0|  15|          11|           4|
    |tmp_36_fu_2520_p2               |    or    |      0|  0|  15|          11|           4|
    |tmp_38_fu_2568_p2               |    or    |      0|  0|  15|          11|           5|
    |tmp_40_fu_2602_p2               |    or    |      0|  0|  15|          11|           5|
    |tmp_42_fu_2640_p2               |    or    |      0|  0|  15|          11|           5|
    |tmp_44_fu_2674_p2               |    or    |      0|  0|  15|          11|           5|
    |tmp_46_fu_2717_p2               |    or    |      0|  0|  15|          11|           5|
    |tmp_48_fu_2751_p2               |    or    |      0|  0|  15|          11|           5|
    |tmp_50_fu_2789_p2               |    or    |      0|  0|  15|          11|           5|
    |tmp_52_fu_2823_p2               |    or    |      0|  0|  15|          11|           5|
    |tmp_54_fu_2876_p2               |    or    |      0|  0|  15|          11|           5|
    |tmp_56_fu_2910_p2               |    or    |      0|  0|  15|          11|           5|
    |tmp_58_fu_2948_p2               |    or    |      0|  0|  15|          11|           5|
    |tmp_60_fu_2982_p2               |    or    |      0|  0|  15|          11|           5|
    |tmp_62_fu_3025_p2               |    or    |      0|  0|  15|          11|           5|
    |tmp_64_fu_3059_p2               |    or    |      0|  0|  15|          11|           5|
    |tmp_66_fu_3097_p2               |    or    |      0|  0|  15|          11|           5|
    |tmp_68_fu_3131_p2               |    or    |      0|  0|  15|          11|           5|
    |tmp_9_fu_2039_p2                |    or    |      0|  0|  15|          11|           1|
    |a_row_0_1_fu_2075_p3            |  select  |      0|  0|  32|           1|          32|
    |a_row_10_1_fu_2428_p3           |  select  |      0|  0|  32|           1|          32|
    |a_row_11_1_fu_2462_p3           |  select  |      0|  0|  32|           1|          32|
    |a_row_12_1_fu_2500_p3           |  select  |      0|  0|  32|           1|          32|
    |a_row_13_1_fu_2534_p3           |  select  |      0|  0|  32|           1|          32|
    |a_row_14_1_fu_2582_p3           |  select  |      0|  0|  32|           1|          32|
    |a_row_15_1_fu_2616_p3           |  select  |      0|  0|  32|           1|          32|
    |a_row_16_1_fu_2654_p3           |  select  |      0|  0|  32|           1|          32|
    |a_row_17_1_fu_2688_p3           |  select  |      0|  0|  32|           1|          32|
    |a_row_18_1_fu_2731_p3           |  select  |      0|  0|  32|           1|          32|
    |a_row_19_1_fu_2765_p3           |  select  |      0|  0|  32|           1|          32|
    |a_row_1_1_fu_2109_p3            |  select  |      0|  0|  32|           1|          32|
    |a_row_20_1_fu_2803_p3           |  select  |      0|  0|  32|           1|          32|
    |a_row_21_1_fu_2837_p3           |  select  |      0|  0|  32|           1|          32|
    |a_row_22_1_fu_2890_p3           |  select  |      0|  0|  32|           1|          32|
    |a_row_23_1_fu_2924_p3           |  select  |      0|  0|  32|           1|          32|
    |a_row_24_1_fu_2962_p3           |  select  |      0|  0|  32|           1|          32|
    |a_row_25_1_fu_2996_p3           |  select  |      0|  0|  32|           1|          32|
    |a_row_26_1_fu_3039_p3           |  select  |      0|  0|  32|           1|          32|
    |a_row_27_1_fu_3073_p3           |  select  |      0|  0|  32|           1|          32|
    |a_row_28_1_fu_3111_p3           |  select  |      0|  0|  32|           1|          32|
    |a_row_29_1_fu_3145_p3           |  select  |      0|  0|  32|           1|          32|
    |a_row_2_1_fu_2143_p3            |  select  |      0|  0|  32|           1|          32|
    |a_row_30_1_fu_3202_p3           |  select  |      0|  0|  32|           1|          32|
    |a_row_31_1_fu_3195_p3           |  select  |      0|  0|  32|           1|          32|
    |a_row_3_1_fu_2177_p3            |  select  |      0|  0|  32|           1|          32|
    |a_row_4_1_fu_2211_p3            |  select  |      0|  0|  32|           1|          32|
    |a_row_5_1_fu_2245_p3            |  select  |      0|  0|  32|           1|          32|
    |a_row_6_1_fu_2279_p3            |  select  |      0|  0|  32|           1|          32|
    |a_row_7_1_fu_2313_p3            |  select  |      0|  0|  32|           1|          32|
    |a_row_8_1_fu_2351_p3            |  select  |      0|  0|  32|           1|          32|
    |a_row_9_1_fu_2385_p3            |  select  |      0|  0|  32|           1|          32|
    |j_mid2_fu_1644_p3               |  select  |      0|  0|   6|           1|           1|
    |tmp_2_mid2_v_v_v_fu_1672_p3     |  select  |      0|  0|   6|           1|           6|
    |tmp_mid2_fu_1664_p3             |  select  |      0|  0|   1|           1|           1|
    +--------------------------------+----------+-------+---+----+------------+------------+
    |Total                           |          |      0|  0|2393|        1605|        2356|
    +--------------------------------+----------+-------+---+----+------------+------------+

    * Multiplexer: 
    +-------------------------+-----+-----------+-----+-----------+
    |           Name          | LUT | Input Size| Bits| Total Bits|
    +-------------------------+-----+-----------+-----+-----------+
    |a_Addr_A_orig            |  672|         66|   32|       2112|
    |a_WEN_A                  |    4|          2|    4|          8|
    |ap_NS_fsm                |  168|         76|    1|         76|
    |b_copy_0_address0        |    5|          3|    5|         15|
    |b_copy_10_address0       |    5|          3|    5|         15|
    |b_copy_11_address0       |    5|          3|    5|         15|
    |b_copy_12_address0       |    5|          3|    5|         15|
    |b_copy_13_address0       |    5|          3|    5|         15|
    |b_copy_14_address0       |    5|          3|    5|         15|
    |b_copy_15_address0       |    5|          3|    5|         15|
    |b_copy_16_address0       |    5|          3|    5|         15|
    |b_copy_17_address0       |    5|          3|    5|         15|
    |b_copy_18_address0       |    5|          3|    5|         15|
    |b_copy_19_address0       |    5|          3|    5|         15|
    |b_copy_1_address0        |    5|          3|    5|         15|
    |b_copy_20_address0       |    5|          3|    5|         15|
    |b_copy_21_address0       |    5|          3|    5|         15|
    |b_copy_22_address0       |    5|          3|    5|         15|
    |b_copy_23_address0       |    5|          3|    5|         15|
    |b_copy_24_address0       |    5|          3|    5|         15|
    |b_copy_25_address0       |    5|          3|    5|         15|
    |b_copy_26_address0       |    5|          3|    5|         15|
    |b_copy_27_address0       |    5|          3|    5|         15|
    |b_copy_28_address0       |    5|          3|    5|         15|
    |b_copy_29_address0       |    5|          3|    5|         15|
    |b_copy_2_address0        |    5|          3|    5|         15|
    |b_copy_30_address0       |    5|          3|    5|         15|
    |b_copy_31_address0       |    5|          3|    5|         15|
    |b_copy_3_address0        |    5|          3|    5|         15|
    |b_copy_4_address0        |    5|          3|    5|         15|
    |b_copy_5_address0        |    5|          3|    5|         15|
    |b_copy_6_address0        |    5|          3|    5|         15|
    |b_copy_7_address0        |    5|          3|    5|         15|
    |b_copy_8_address0        |    5|          3|    5|         15|
    |b_copy_9_address0        |    5|          3|    5|         15|
    |i_reg_1593               |    6|          2|    6|         12|
    |indvar_flatten_reg_1582  |   11|          2|   11|         22|
    |j_reg_1604               |    6|          2|    6|         12|
    +-------------------------+-----+-----------+-----+-----------+
    |Total                    | 1027|        246|  220|       2722|
    +-------------------------+-----+-----------+-----+-----------+

    * Register: 
    +------------------------------+----+----+-----+-----------+
    |             Name             | FF | LUT| Bits| Const Bits|
    +------------------------------+----+----+-----+-----------+
    |a_load_1_reg_3554             |  32|   0|   32|          0|
    |a_row_0_2_fu_196              |  32|   0|   32|          0|
    |a_row_10_2_fu_236             |  32|   0|   32|          0|
    |a_row_11_2_fu_240             |  32|   0|   32|          0|
    |a_row_12_2_fu_244             |  32|   0|   32|          0|
    |a_row_13_2_fu_248             |  32|   0|   32|          0|
    |a_row_14_2_fu_252             |  32|   0|   32|          0|
    |a_row_15_2_fu_256             |  32|   0|   32|          0|
    |a_row_16_2_fu_260             |  32|   0|   32|          0|
    |a_row_17_2_fu_264             |  32|   0|   32|          0|
    |a_row_18_2_fu_268             |  32|   0|   32|          0|
    |a_row_19_2_fu_272             |  32|   0|   32|          0|
    |a_row_1_2_fu_200              |  32|   0|   32|          0|
    |a_row_20_2_fu_276             |  32|   0|   32|          0|
    |a_row_21_2_fu_280             |  32|   0|   32|          0|
    |a_row_22_2_fu_284             |  32|   0|   32|          0|
    |a_row_23_2_fu_288             |  32|   0|   32|          0|
    |a_row_24_2_fu_292             |  32|   0|   32|          0|
    |a_row_25_2_fu_296             |  32|   0|   32|          0|
    |a_row_26_2_fu_300             |  32|   0|   32|          0|
    |a_row_27_2_fu_304             |  32|   0|   32|          0|
    |a_row_28_2_fu_308             |  32|   0|   32|          0|
    |a_row_29_2_fu_312             |  32|   0|   32|          0|
    |a_row_2_2_fu_204              |  32|   0|   32|          0|
    |a_row_30_2_fu_316             |  32|   0|   32|          0|
    |a_row_31_1_reg_4670           |  32|   0|   32|          0|
    |a_row_31_2_fu_320             |  32|   0|   32|          0|
    |a_row_3_2_fu_208              |  32|   0|   32|          0|
    |a_row_4_2_fu_212              |  32|   0|   32|          0|
    |a_row_5_2_fu_216              |  32|   0|   32|          0|
    |a_row_6_2_fu_220              |  32|   0|   32|          0|
    |a_row_7_2_fu_224              |  32|   0|   32|          0|
    |a_row_8_2_fu_228              |  32|   0|   32|          0|
    |a_row_9_2_fu_232              |  32|   0|   32|          0|
    |ap_CS_fsm                     |  75|   0|   75|          0|
    |b_copy_0_load_reg_3870        |  32|   0|   32|          0|
    |b_copy_10_load_reg_4100       |  32|   0|   32|          0|
    |b_copy_11_load_reg_4130       |  32|   0|   32|          0|
    |b_copy_12_load_reg_4155       |  32|   0|   32|          0|
    |b_copy_13_load_reg_4185       |  32|   0|   32|          0|
    |b_copy_14_load_reg_4210       |  32|   0|   32|          0|
    |b_copy_15_load_reg_4240       |  32|   0|   32|          0|
    |b_copy_16_load_reg_4265       |  32|   0|   32|          0|
    |b_copy_17_load_reg_4295       |  32|   0|   32|          0|
    |b_copy_18_load_reg_4320       |  32|   0|   32|          0|
    |b_copy_19_load_reg_4350       |  32|   0|   32|          0|
    |b_copy_1_load_reg_3890        |  32|   0|   32|          0|
    |b_copy_20_load_reg_4375       |  32|   0|   32|          0|
    |b_copy_21_load_reg_4405       |  32|   0|   32|          0|
    |b_copy_22_load_reg_4430       |  32|   0|   32|          0|
    |b_copy_23_load_reg_4460       |  32|   0|   32|          0|
    |b_copy_24_load_reg_4485       |  32|   0|   32|          0|
    |b_copy_25_load_reg_4515       |  32|   0|   32|          0|
    |b_copy_26_load_reg_4540       |  32|   0|   32|          0|
    |b_copy_27_load_reg_4570       |  32|   0|   32|          0|
    |b_copy_28_load_reg_4595       |  32|   0|   32|          0|
    |b_copy_29_load_reg_4625       |  32|   0|   32|          0|
    |b_copy_2_load_reg_3910        |  32|   0|   32|          0|
    |b_copy_30_load_reg_4655       |  32|   0|   32|          0|
    |b_copy_31_load_reg_4660       |  32|   0|   32|          0|
    |b_copy_3_load_reg_3930        |  32|   0|   32|          0|
    |b_copy_4_load_reg_3950        |  32|   0|   32|          0|
    |b_copy_5_load_reg_3970        |  32|   0|   32|          0|
    |b_copy_6_load_reg_3995        |  32|   0|   32|          0|
    |b_copy_7_load_reg_4020        |  32|   0|   32|          0|
    |b_copy_8_load_reg_4045        |  32|   0|   32|          0|
    |b_copy_9_load_reg_4075        |  32|   0|   32|          0|
    |exitcond_flatten_reg_3479     |   1|   0|    1|          0|
    |i_reg_1593                    |   6|   0|    6|          0|
    |indvar_flatten_next_reg_3483  |  11|   0|   11|          0|
    |indvar_flatten_reg_1582       |  11|   0|   11|          0|
    |j_1_reg_4690                  |   6|   0|    6|          0|
    |j_mid2_reg_3488               |   6|   0|    6|          0|
    |j_reg_1604                    |   6|   0|    6|          0|
    |reg_1615                      |  32|   0|   32|          0|
    |tmp10_reg_4330                |  32|   0|   32|          0|
    |tmp11_reg_4275                |  32|   0|   32|          0|
    |tmp14_reg_4385                |  32|   0|   32|          0|
    |tmp17_reg_4665                |  32|   0|   32|          0|
    |tmp18_reg_4550                |  32|   0|   32|          0|
    |tmp19_reg_4495                |  32|   0|   32|          0|
    |tmp1_reg_4440                 |  32|   0|   32|          0|
    |tmp22_reg_4605                |  32|   0|   32|          0|
    |tmp24_reg_4740                |  32|   0|   32|          0|
    |tmp25_reg_4715                |  32|   0|   32|          0|
    |tmp26_reg_4700                |  32|   0|   32|          0|
    |tmp29_reg_4730                |  32|   0|   32|          0|
    |tmp2_reg_4220                 |  32|   0|   32|          0|
    |tmp3_reg_4110                 |  32|   0|   32|          0|
    |tmp4_reg_4055                 |  32|   0|   32|          0|
    |tmp7_reg_4165                 |  32|   0|   32|          0|
    |tmp_102_reg_4680              |  13|   0|   13|          0|
    |tmp_11_10_reg_4290            |  32|   0|   32|          0|
    |tmp_11_11_reg_4315            |  32|   0|   32|          0|
    |tmp_11_12_reg_4345            |  32|   0|   32|          0|
    |tmp_11_13_reg_4370            |  32|   0|   32|          0|
    |tmp_11_14_reg_4400            |  32|   0|   32|          0|
    |tmp_11_15_reg_4425            |  32|   0|   32|          0|
    |tmp_11_16_reg_4455            |  32|   0|   32|          0|
    |tmp_11_17_reg_4480            |  32|   0|   32|          0|
    |tmp_11_18_reg_4510            |  32|   0|   32|          0|
    |tmp_11_19_reg_4535            |  32|   0|   32|          0|
    |tmp_11_1_reg_4015             |  32|   0|   32|          0|
    |tmp_11_20_reg_4565            |  32|   0|   32|          0|
    |tmp_11_21_reg_4590            |  32|   0|   32|          0|
    |tmp_11_22_reg_4620            |  32|   0|   32|          0|
    |tmp_11_23_reg_4650            |  32|   0|   32|          0|
    |tmp_11_24_reg_4685            |  32|   0|   32|          0|
    |tmp_11_25_reg_4695            |  32|   0|   32|          0|
    |tmp_11_26_reg_4705            |  32|   0|   32|          0|
    |tmp_11_27_reg_4710            |  32|   0|   32|          0|
    |tmp_11_28_reg_4720            |  32|   0|   32|          0|
    |tmp_11_29_reg_4725            |  32|   0|   32|          0|
    |tmp_11_2_reg_4040             |  32|   0|   32|          0|
    |tmp_11_30_reg_4735            |  32|   0|   32|          0|
    |tmp_11_3_reg_4070             |  32|   0|   32|          0|
    |tmp_11_4_reg_4095             |  32|   0|   32|          0|
    |tmp_11_5_reg_4125             |  32|   0|   32|          0|
    |tmp_11_6_reg_4150             |  32|   0|   32|          0|
    |tmp_11_7_reg_4180             |  32|   0|   32|          0|
    |tmp_11_8_reg_4205             |  32|   0|   32|          0|
    |tmp_11_9_reg_4235             |  32|   0|   32|          0|
    |tmp_11_s_reg_4260             |  32|   0|   32|          0|
    |tmp_2_mid2_v_v_v_reg_3521     |   6|   0|    6|          0|
    |tmp_3_reg_3749                |   6|   0|   11|          5|
    |tmp_5_reg_3834                |   1|   0|    1|          0|
    |tmp_7_reg_3789                |   6|   0|   64|         58|
    |tmp_8_cast_cast2_reg_3709     |   6|   0|    9|          3|
    |tmp_8_cast_cast_reg_3662      |   6|   0|   10|          4|
    |tmp_8_cast_reg_3533           |   6|   0|   11|          5|
    |tmp_8_reg_3559                |   6|   0|   64|         58|
    |tmp_mid2_reg_3517             |   1|   0|    1|          0|
    |tmp_s_reg_3990                |  32|   0|   32|          0|
    +------------------------------+----+----+-----+-----------+
    |Total                         |3859|   0| 3992|        133|
    +------------------------------+----+----+-----+-----------+



================================================================
== Interface
================================================================
* Summary: 
+----------+-----+-----+------------+--------------+--------------+
| RTL Ports| Dir | Bits|  Protocol  | Source Object|    C Type    |
+----------+-----+-----+------------+--------------+--------------+
|ap_clk    |  in |    1| ap_ctrl_hs |   matmul_hw  | return value |
|ap_rst    |  in |    1| ap_ctrl_hs |   matmul_hw  | return value |
|ap_start  |  in |    1| ap_ctrl_hs |   matmul_hw  | return value |
|ap_done   | out |    1| ap_ctrl_hs |   matmul_hw  | return value |
|ap_idle   | out |    1| ap_ctrl_hs |   matmul_hw  | return value |
|ap_ready  | out |    1| ap_ctrl_hs |   matmul_hw  | return value |
|a_Addr_A  | out |   32|    bram    |       a      |     array    |
|a_EN_A    | out |    1|    bram    |       a      |     array    |
|a_WEN_A   | out |    4|    bram    |       a      |     array    |
|a_Din_A   | out |   32|    bram    |       a      |     array    |
|a_Dout_A  |  in |   32|    bram    |       a      |     array    |
|a_Clk_A   | out |    1|    bram    |       a      |     array    |
|a_Rst_A   | out |    1|    bram    |       a      |     array    |
+----------+-----+-----+------------+--------------+--------------+

