

================================================================
== Vivado HLS Report for 'matrixmul'
================================================================
* Date:           Wed Apr  5 09:09:58 2017

* Version:        2016.4 (Build 1733598 on Wed Dec 14 22:59:20 MST 2016)
* Project:        hls_matmul
* Solution:       matrixmul_6b
* Product family: artix7
* Target device:  xc7a100tcsg324-1


================================================================
== Performance Estimates
================================================================
+ Timing (ns): 
    * Summary: 
    +--------+-------+----------+------------+
    |  Clock | Target| Estimated| Uncertainty|
    +--------+-------+----------+------------+
    |ap_clk  |  10.00|      8.05|        1.25|
    +--------+-------+----------+------------+

+ Latency (clock cycles): 
    * Summary: 
    +-----+-----+-----+-----+---------+
    |  Latency  |  Interval | Pipeline|
    | min | max | min | max |   Type  |
    +-----+-----+-----+-----+---------+
    |   73|   73|   74|   74|   none  |
    +-----+-----+-----+-----+---------+

    + Detail: 
        * Instance: 
        N/A

        * Loop: 
        +----------+-----+-----+----------+-----------+-----------+------+----------+
        |          |  Latency  | Iteration|  Initiation Interval  | Trip |          |
        | Loop Name| min | max |  Latency |  achieved |   target  | Count| Pipelined|
        +----------+-----+-----+----------+-----------+-----------+------+----------+
        |- L_col   |   71|   71|        12|          4|          1|    16|    yes   |
        +----------+-----+-----+----------+-----------+-----------+------+----------+

============================================================
+ Verbose Summary: Synthesis Manager
============================================================
InlineROM: 1
ExposeGlobal: 0
============================================================
+ Verbose Summary: CDFG Model
============================================================
IsTopModel: 1
ResetActiveHigh: 1
IsCombinational: 0
IsDatapathOnly: 0
HasWiredReturn: 1
HasMFsm: 0
HasVarLatency: 1
IsPipeline: 0
IsRtlPipelined: 0
IsInstanceOverlapped: 0
IsDontTouch: 0
HasImplIP: 0
IsGatedGlobalClock: 0

+ Individual pipeline summary: 
  * Pipeline-0: initiation interval (II) = 4, depth = 12


============================================================
+ Verbose Summary: Schedule
============================================================
* Number of FSM states: 14
* Pipeline: 1
  Pipeline-0: II = 4, D = 12, States = { 2 3 4 5 6 7 8 9 10 11 12 13 }
* Dataflow Pipeline: 0

* FSM state transitions: 
1 --> 
	2  / true
2 --> 
	14  / (exitcond_flatten)
	3  / (!exitcond_flatten)
3 --> 
	4  / true
4 --> 
	5  / true
5 --> 
	6  / true
6 --> 
	7  / true
7 --> 
	8  / true
8 --> 
	9  / true
9 --> 
	10  / true
10 --> 
	11  / true
11 --> 
	12  / true
12 --> 
	13  / true
13 --> 
	2  / true
14 --> 
* FSM state operations: 

 <State 1>: 1.57ns
ST_1: a_row_0_3 (7)  [1/1] 0.00ns
:0  %a_row_0_3 = alloca i32

ST_1: a_row_1_3 (8)  [1/1] 0.00ns
:1  %a_row_1_3 = alloca i32

ST_1: a_row_2_3 (9)  [1/1] 0.00ns
:2  %a_row_2_3 = alloca i32

ST_1: a_row_3_1 (10)  [1/1] 0.00ns
:3  %a_row_3_1 = alloca i32

ST_1: b_copy_0_3_11 (11)  [1/1] 0.00ns
:4  %b_copy_0_3_11 = alloca i32

ST_1: b_copy_0_3_8 (12)  [1/1] 0.00ns
:5  %b_copy_0_3_8 = alloca i32

ST_1: b_copy_0_3_12 (13)  [1/1] 0.00ns
:6  %b_copy_0_3_12 = alloca i32

ST_1: b_copy_0_3_1 (14)  [1/1] 0.00ns
:7  %b_copy_0_3_1 = alloca i32

ST_1: b_copy_1_3_11 (15)  [1/1] 0.00ns
:8  %b_copy_1_3_11 = alloca i32

ST_1: b_copy_1_3_8 (16)  [1/1] 0.00ns
:9  %b_copy_1_3_8 = alloca i32

ST_1: b_copy_1_3_12 (17)  [1/1] 0.00ns
:10  %b_copy_1_3_12 = alloca i32

ST_1: b_copy_1_3_1 (18)  [1/1] 0.00ns
:11  %b_copy_1_3_1 = alloca i32

ST_1: b_copy_2_3_11 (19)  [1/1] 0.00ns
:12  %b_copy_2_3_11 = alloca i32

ST_1: b_copy_2_3_8 (20)  [1/1] 0.00ns
:13  %b_copy_2_3_8 = alloca i32

ST_1: b_copy_2_3_12 (21)  [1/1] 0.00ns
:14  %b_copy_2_3_12 = alloca i32

ST_1: b_copy_2_3_1 (22)  [1/1] 0.00ns
:15  %b_copy_2_3_1 = alloca i32

ST_1: b_copy_3_3_11 (23)  [1/1] 0.00ns
:16  %b_copy_3_3_11 = alloca i32

ST_1: b_copy_3_3_8 (24)  [1/1] 0.00ns
:17  %b_copy_3_3_8 = alloca i32

ST_1: b_copy_3_3_12 (25)  [1/1] 0.00ns
:18  %b_copy_3_3_12 = alloca i32

ST_1: b_copy_3_3_1 (26)  [1/1] 0.00ns
:19  %b_copy_3_3_1 = alloca i32

ST_1: StgValue_35 (27)  [1/1] 0.00ns
:20  call void (...)* @_ssdm_op_SpecBitsMap([8 x i32]* %a_5), !map !7

ST_1: StgValue_36 (28)  [1/1] 0.00ns
:21  call void (...)* @_ssdm_op_SpecBitsMap([8 x i32]* %a_4), !map !14

ST_1: StgValue_37 (29)  [1/1] 0.00ns
:22  call void (...)* @_ssdm_op_SpecBitsMap([8 x i32]* %a_3), !map !20

ST_1: StgValue_38 (30)  [1/1] 0.00ns
:23  call void (...)* @_ssdm_op_SpecBitsMap([8 x i32]* %a_2), !map !26

ST_1: StgValue_39 (31)  [1/1] 0.00ns
:24  call void (...)* @_ssdm_op_SpecBitsMap([8 x i32]* %a_1), !map !32

ST_1: StgValue_40 (32)  [1/1] 0.00ns
:25  call void (...)* @_ssdm_op_SpecBitsMap([8 x i32]* %a_0), !map !38

ST_1: StgValue_41 (33)  [1/1] 0.00ns
:26  call void (...)* @_ssdm_op_SpecTopModule([10 x i8]* @matrixmul_str) nounwind

ST_1: StgValue_42 (34)  [1/1] 0.00ns  loc: matrixmul.cpp:50
:27  call void (...)* @_ssdm_op_SpecInterface(i32 0, [11 x i8]* @p_str2, i32 0, i32 0, [1 x i8]* @p_str1, i32 0, i32 0, [1 x i8]* @p_str1, [1 x i8]* @p_str1, [1 x i8]* @p_str1, i32 0, i32 0, i32 0, i32 0, [1 x i8]* @p_str1, [1 x i8]* @p_str1) nounwind

ST_1: StgValue_43 (35)  [1/1] 0.00ns
:28  call void (...)* @_ssdm_op_SpecInterface([8 x i32]* %a_0, [8 x i32]* %a_1, [8 x i32]* %a_2, [8 x i32]* %a_3, [8 x i32]* %a_4, [8 x i32]* %a_5, [5 x i8]* @p_str3, i32 0, i32 0, [1 x i8]* @p_str1, i32 0, i32 0, [1 x i8]* @p_str1, [1 x i8]* @p_str1, [1 x i8]* @p_str1, i32 0, i32 0, i32 0, i32 0, [1 x i8]* @p_str1, [1 x i8]* @p_str1)

ST_1: StgValue_44 (36)  [1/1] 0.00ns
:29  call void (...)* @_ssdm_op_SpecMemCore([8 x i32]* %a_0, [8 x i32]* %a_1, [8 x i32]* %a_2, [8 x i32]* %a_3, [8 x i32]* %a_4, [8 x i32]* %a_5, [1 x i8]* @p_str1, [12 x i8]* @p_str4, [1 x i8]* @p_str1, i32 -1, [1 x i8]* @p_str1, [1 x i8]* @p_str1, [1 x i8]* @p_str1, [1 x i8]* @p_str1, [1 x i8]* @p_str1)

ST_1: StgValue_45 (37)  [1/1] 1.57ns  loc: matrixmul.cpp:63
:30  br label %.preheader7


 <State 2>: 5.70ns
ST_2: indvar_flatten (39)  [1/1] 0.00ns
.preheader7:0  %indvar_flatten = phi i5 [ 0, %0 ], [ %indvar_flatten_next, %.loopexit101 ]

ST_2: i (40)  [1/1] 0.00ns  loc: matrixmul.cpp:64
.preheader7:1  %i = phi i3 [ 0, %0 ], [ %newIndex1_mid2_v_v, %.loopexit101 ]

ST_2: j (41)  [1/1] 0.00ns
.preheader7:2  %j = phi i3 [ 0, %0 ], [ %j_1, %.loopexit101 ]

ST_2: tmp (42)  [1/1] 1.94ns  loc: matrixmul.cpp:75
.preheader7:3  %tmp = icmp eq i3 %i, 0

ST_2: tmp_10 (43)  [1/1] 0.00ns  loc: matrixmul.cpp:71
.preheader7:4  %tmp_10 = call i2 @_ssdm_op_PartSelect.i2.i3.i32.i32(i3 %i, i32 1, i32 2)

ST_2: icmp (44)  [1/1] 1.54ns  loc: matrixmul.cpp:71
.preheader7:5  %icmp = icmp eq i2 %tmp_10, 0

ST_2: tmp_3 (45)  [1/1] 0.00ns  loc: matrixmul.cpp:64 (grouped into LUT with out node cond)
.preheader7:6  %tmp_3 = call i2 @_ssdm_op_PartSelect.i2.i3.i32.i32(i3 %i, i32 1, i32 2)

ST_2: tmp_1 (46)  [1/1] 0.00ns  loc: matrixmul.cpp:85 (grouped into LUT with out node cond)
.preheader7:7  %tmp_1 = call i4 @_ssdm_op_BitConcatenate.i4.i1.i2.i1(i1 false, i2 %tmp_3, i1 false)

ST_2: arrayNo92_mask (47)  [1/1] 0.00ns  loc: matrixmul.cpp:85 (grouped into LUT with out node cond)
.preheader7:8  %arrayNo92_mask = or i4 %tmp_1, -8

ST_2: cond (48)  [1/1] 2.33ns  loc: matrixmul.cpp:85 (out node of the LUT)
.preheader7:9  %cond = icmp eq i4 %arrayNo92_mask, -8

ST_2: exitcond_flatten (49)  [1/1] 2.37ns
.preheader7:10  %exitcond_flatten = icmp eq i5 %indvar_flatten, -16

ST_2: indvar_flatten_next (50)  [1/1] 1.67ns
.preheader7:11  %indvar_flatten_next = add i5 %indvar_flatten, 1

ST_2: StgValue_58 (51)  [1/1] 0.00ns
.preheader7:12  br i1 %exitcond_flatten, label %1, label %.preheader7.preheader

ST_2: i_1 (73)  [1/1] 0.75ns  loc: matrixmul.cpp:63
.preheader7.preheader:20  %i_1 = add i3 1, %i

ST_2: exitcond (76)  [1/1] 1.94ns  loc: matrixmul.cpp:64
.preheader7.preheader:23  %exitcond = icmp eq i3 %j, -4

ST_2: j_mid2 (77)  [1/1] 1.37ns  loc: matrixmul.cpp:64
.preheader7.preheader:24  %j_mid2 = select i1 %exitcond, i3 0, i3 %j

ST_2: tmp_mid1 (78)  [1/1] 1.94ns  loc: matrixmul.cpp:75
.preheader7.preheader:25  %tmp_mid1 = icmp eq i3 %i_1, 0

ST_2: tmp_mid2 (79)  [1/1] 1.37ns  loc: matrixmul.cpp:75
.preheader7.preheader:26  %tmp_mid2 = select i1 %exitcond, i1 %tmp_mid1, i1 %tmp

ST_2: newIndex1_mid2_v_v (80)  [1/1] 1.37ns  loc: matrixmul.cpp:64
.preheader7.preheader:27  %newIndex1_mid2_v_v = select i1 %exitcond, i3 %i_1, i3 %i

ST_2: tmp_11 (81)  [1/1] 0.00ns  loc: matrixmul.cpp:64
.preheader7.preheader:28  %tmp_11 = shl i3 %newIndex1_mid2_v_v, 2

ST_2: tmp_12 (82)  [1/1] 0.00ns  loc: matrixmul.cpp:71
.preheader7.preheader:29  %tmp_12 = zext i3 %tmp_11 to i64

ST_2: a_0_addr (84)  [1/1] 0.00ns  loc: matrixmul.cpp:71
.preheader7.preheader:31  %a_0_addr = getelementptr [8 x i32]* %a_0, i64 0, i64 %tmp_12

ST_2: a_1_addr (94)  [1/1] 0.00ns  loc: matrixmul.cpp:71
.preheader7.preheader:41  %a_1_addr = getelementptr [8 x i32]* %a_1, i64 0, i64 %tmp_12

ST_2: tmp_22 (98)  [1/1] 0.00ns  loc: matrixmul.cpp:71
.preheader7.preheader:45  %tmp_22 = call i2 @_ssdm_op_PartSelect.i2.i3.i32.i32(i3 %i_1, i32 1, i32 2)

ST_2: icmp8 (99)  [1/1] 1.54ns  loc: matrixmul.cpp:71
.preheader7.preheader:46  %icmp8 = icmp eq i2 %tmp_22, 0

ST_2: cond1_mid2 (100)  [1/1] 1.37ns  loc: matrixmul.cpp:71
.preheader7.preheader:47  %cond1_mid2 = select i1 %exitcond, i1 %icmp8, i1 %icmp

ST_2: tmp_19 (101)  [1/1] 0.00ns  loc: matrixmul.cpp:63 (grouped into LUT with out node cond_mid1)
.preheader7.preheader:48  %tmp_19 = call i2 @_ssdm_op_PartSelect.i2.i3.i32.i32(i3 %i_1, i32 1, i32 2)

ST_2: tmp_1_mid1 (102)  [1/1] 0.00ns  loc: matrixmul.cpp:85 (grouped into LUT with out node cond_mid1)
.preheader7.preheader:49  %tmp_1_mid1 = call i4 @_ssdm_op_BitConcatenate.i4.i1.i2.i1(i1 false, i2 %tmp_19, i1 false)

ST_2: arrayNo92_mask_mid1 (103)  [1/1] 0.00ns  loc: matrixmul.cpp:85 (grouped into LUT with out node cond_mid1)
.preheader7.preheader:50  %arrayNo92_mask_mid1 = or i4 %tmp_1_mid1, -8

ST_2: cond_mid1 (104)  [1/1] 2.33ns  loc: matrixmul.cpp:85 (out node of the LUT)
.preheader7.preheader:51  %cond_mid1 = icmp eq i4 %arrayNo92_mask_mid1, -8

ST_2: cond_mid2 (105)  [1/1] 1.37ns  loc: matrixmul.cpp:85
.preheader7.preheader:52  %cond_mid2 = select i1 %exitcond, i1 %cond_mid1, i1 %cond

ST_2: a_0_load (110)  [2/2] 2.39ns  loc: matrixmul.cpp:71
.preheader7.preheader:57  %a_0_load = load i32* %a_0_addr, align 4

ST_2: a_1_load (111)  [2/2] 2.39ns  loc: matrixmul.cpp:71
.preheader7.preheader:58  %a_1_load = load i32* %a_1_addr, align 4

ST_2: tmp_8 (130)  [1/1] 0.00ns  loc: matrixmul.cpp:77
.preheader7.preheader:77  %tmp_8 = zext i3 %j_mid2 to i64

ST_2: a_2_addr (132)  [1/1] 0.00ns  loc: matrixmul.cpp:77
.preheader7.preheader:79  %a_2_addr = getelementptr [8 x i32]* %a_2, i64 0, i64 %tmp_8

ST_2: a_3_addr (136)  [1/1] 0.00ns  loc: matrixmul.cpp:77
.preheader7.preheader:83  %a_3_addr = getelementptr [8 x i32]* %a_3, i64 0, i64 %tmp_8

ST_2: b_copy_0_3_19 (142)  [2/2] 2.39ns  loc: matrixmul.cpp:77
.preheader7.preheader:89  %b_copy_0_3_19 = load i32* %a_2_addr, align 4

ST_2: tmp_23 (143)  [1/1] 0.00ns  loc: matrixmul.cpp:64
.preheader7.preheader:90  %tmp_23 = trunc i3 %j_mid2 to i2

ST_2: b_copy_2_3_19 (166)  [2/2] 2.39ns  loc: matrixmul.cpp:77
.preheader7.preheader:113  %b_copy_2_3_19 = load i32* %a_3_addr, align 4

ST_2: StgValue_85 (233)  [1/1] 0.00ns  loc: matrixmul.cpp:85
.preheader7.preheader:180  br i1 %cond_mid2, label %branch28, label %branch29


 <State 3>: 6.70ns
ST_3: b_copy_0_3_11_load (57)  [1/1] 0.00ns
.preheader7.preheader:4  %b_copy_0_3_11_load = load i32* %b_copy_0_3_11

ST_3: b_copy_0_3_8_load (58)  [1/1] 0.00ns
.preheader7.preheader:5  %b_copy_0_3_8_load = load i32* %b_copy_0_3_8

ST_3: b_copy_0_3_12_load (59)  [1/1] 0.00ns
.preheader7.preheader:6  %b_copy_0_3_12_load = load i32* %b_copy_0_3_12

ST_3: b_copy_0_3_1_load (60)  [1/1] 0.00ns
.preheader7.preheader:7  %b_copy_0_3_1_load = load i32* %b_copy_0_3_1

ST_3: tmp_13 (85)  [1/1] 0.00ns  loc: matrixmul.cpp:64
.preheader7.preheader:32  %tmp_13 = or i3 %tmp_11, 1

ST_3: tmp_14 (86)  [1/1] 0.00ns  loc: matrixmul.cpp:71
.preheader7.preheader:33  %tmp_14 = call i64 @_ssdm_op_BitConcatenate.i64.i61.i3(i61 0, i3 %tmp_13)

ST_3: a_0_addr_1 (87)  [1/1] 0.00ns  loc: matrixmul.cpp:71
.preheader7.preheader:34  %a_0_addr_1 = getelementptr [8 x i32]* %a_0, i64 0, i64 %tmp_14

ST_3: a_1_addr_1 (95)  [1/1] 0.00ns  loc: matrixmul.cpp:71
.preheader7.preheader:42  %a_1_addr_1 = getelementptr [8 x i32]* %a_1, i64 0, i64 %tmp_14

ST_3: tmp_4 (107)  [1/1] 0.00ns  loc: matrixmul.cpp:64
.preheader7.preheader:54  %tmp_4 = call i32 (...)* @_ssdm_op_SpecRegionBegin([4 x i8]* @p_str5) nounwind

ST_3: tmp_5 (109)  [1/1] 1.94ns  loc: matrixmul.cpp:69
.preheader7.preheader:56  %tmp_5 = icmp eq i3 %j_mid2, 0

ST_3: a_0_load (110)  [1/2] 2.39ns  loc: matrixmul.cpp:71
.preheader7.preheader:57  %a_0_load = load i32* %a_0_addr, align 4

ST_3: a_1_load (111)  [1/2] 2.39ns  loc: matrixmul.cpp:71
.preheader7.preheader:58  %a_1_load = load i32* %a_1_addr, align 4

ST_3: a_row_0 (112)  [1/1] 1.37ns  loc: matrixmul.cpp:71
.preheader7.preheader:59  %a_row_0 = select i1 %cond1_mid2, i32 %a_0_load, i32 %a_1_load

ST_3: a_0_load_1 (113)  [2/2] 2.39ns  loc: matrixmul.cpp:71
.preheader7.preheader:60  %a_0_load_1 = load i32* %a_0_addr_1, align 4

ST_3: a_1_load_1 (114)  [2/2] 2.39ns  loc: matrixmul.cpp:71
.preheader7.preheader:61  %a_1_load_1 = load i32* %a_1_addr_1, align 4

ST_3: sel_tmp1 (122)  [1/1] 1.37ns  loc: matrixmul.cpp:69
.preheader7.preheader:69  %sel_tmp1 = and i1 %tmp_5, %cond1_mid2

ST_3: tmp_8_cast (131)  [1/1] 0.00ns  loc: matrixmul.cpp:64
.preheader7.preheader:78  %tmp_8_cast = zext i3 %j_mid2 to i4

ST_3: tmp_20 (133)  [1/1] 0.75ns  loc: matrixmul.cpp:64
.preheader7.preheader:80  %tmp_20 = add i4 4, %tmp_8_cast

ST_3: tmp_20_cast (134)  [1/1] 0.00ns  loc: matrixmul.cpp:64
.preheader7.preheader:81  %tmp_20_cast = zext i4 %tmp_20 to i64

ST_3: a_2_addr_1 (135)  [1/1] 0.00ns  loc: matrixmul.cpp:64
.preheader7.preheader:82  %a_2_addr_1 = getelementptr [8 x i32]* %a_2, i64 0, i64 %tmp_20_cast

ST_3: a_3_addr_1 (137)  [1/1] 0.00ns  loc: matrixmul.cpp:64
.preheader7.preheader:84  %a_3_addr_1 = getelementptr [8 x i32]* %a_3, i64 0, i64 %tmp_20_cast

ST_3: b_copy_0_3_19 (142)  [1/2] 2.39ns  loc: matrixmul.cpp:77
.preheader7.preheader:89  %b_copy_0_3_19 = load i32* %a_2_addr, align 4

ST_3: sel_tmp5 (144)  [1/1] 1.54ns  loc: matrixmul.cpp:64
.preheader7.preheader:91  %sel_tmp5 = icmp eq i2 %tmp_23, -2

ST_3: b_copy_0_3 (145)  [1/1] 0.00ns  loc: matrixmul.cpp:64 (grouped into LUT with out node b_copy_0_3_4)
.preheader7.preheader:92  %b_copy_0_3 = select i1 %sel_tmp5, i32 %b_copy_0_3_1_load, i32 %b_copy_0_3_19

ST_3: sel_tmp7 (146)  [1/1] 1.54ns  loc: matrixmul.cpp:64
.preheader7.preheader:93  %sel_tmp7 = icmp eq i2 %tmp_23, 1

ST_3: b_copy_0_3_4 (147)  [1/1] 1.37ns  loc: matrixmul.cpp:64 (out node of the LUT)
.preheader7.preheader:94  %b_copy_0_3_4 = select i1 %sel_tmp7, i32 %b_copy_0_3_1_load, i32 %b_copy_0_3

ST_3: sel_tmp9 (148)  [1/1] 1.54ns  loc: matrixmul.cpp:64
.preheader7.preheader:95  %sel_tmp9 = icmp eq i2 %tmp_23, 0

ST_3: b_copy_0_3_2 (149)  [1/1] 0.00ns  loc: matrixmul.cpp:64 (grouped into LUT with out node b_copy_0_3_3)
.preheader7.preheader:96  %b_copy_0_3_2 = select i1 %sel_tmp9, i32 %b_copy_0_3_1_load, i32 %b_copy_0_3_4

ST_3: b_copy_0_3_5 (150)  [1/1] 0.00ns  loc: matrixmul.cpp:64 (grouped into LUT with out node b_copy_0_3_6)
.preheader7.preheader:97  %b_copy_0_3_5 = select i1 %sel_tmp5, i32 %b_copy_0_3_19, i32 %b_copy_0_3_12_load

ST_3: b_copy_0_3_6 (151)  [1/1] 1.37ns  loc: matrixmul.cpp:64 (out node of the LUT)
.preheader7.preheader:98  %b_copy_0_3_6 = select i1 %sel_tmp7, i32 %b_copy_0_3_12_load, i32 %b_copy_0_3_5

ST_3: b_copy_0_3_7 (152)  [1/1] 0.00ns  loc: matrixmul.cpp:64 (grouped into LUT with out node b_copy_0_3_16)
.preheader7.preheader:99  %b_copy_0_3_7 = select i1 %sel_tmp9, i32 %b_copy_0_3_12_load, i32 %b_copy_0_3_6

ST_3: b_copy_0_3_9 (153)  [1/1] 0.00ns  loc: matrixmul.cpp:64 (grouped into LUT with out node b_copy_0_3_14)
.preheader7.preheader:100  %b_copy_0_3_9 = select i1 %sel_tmp7, i32 %b_copy_0_3_19, i32 %b_copy_0_3_8_load

ST_3: b_copy_0_3_14 (154)  [1/1] 1.37ns  loc: matrixmul.cpp:64 (out node of the LUT)
.preheader7.preheader:101  %b_copy_0_3_14 = select i1 %sel_tmp9, i32 %b_copy_0_3_8_load, i32 %b_copy_0_3_9

ST_3: b_copy_0_3_15 (155)  [1/1] 0.00ns  loc: matrixmul.cpp:64 (grouped into LUT with out node b_copy_0_3_18)
.preheader7.preheader:102  %b_copy_0_3_15 = select i1 %sel_tmp9, i32 %b_copy_0_3_19, i32 %b_copy_0_3_11_load

ST_3: b_copy_1_3_19 (156)  [2/2] 2.39ns  loc: matrixmul.cpp:77
.preheader7.preheader:103  %b_copy_1_3_19 = load i32* %a_2_addr_1, align 4

ST_3: b_copy_2_3_19 (166)  [1/2] 2.39ns  loc: matrixmul.cpp:77
.preheader7.preheader:113  %b_copy_2_3_19 = load i32* %a_3_addr, align 4

ST_3: b_copy_3_3_19 (176)  [2/2] 2.39ns  loc: matrixmul.cpp:77
.preheader7.preheader:123  %b_copy_3_3_19 = load i32* %a_3_addr_1, align 4

ST_3: b_copy_0_3_3 (198)  [1/1] 1.37ns  loc: matrixmul.cpp:75 (out node of the LUT)
.preheader7.preheader:145  %b_copy_0_3_3 = select i1 %tmp_mid2, i32 %b_copy_0_3_2, i32 %b_copy_0_3_1_load

ST_3: b_copy_0_3_16 (199)  [1/1] 1.37ns  loc: matrixmul.cpp:75 (out node of the LUT)
.preheader7.preheader:146  %b_copy_0_3_16 = select i1 %tmp_mid2, i32 %b_copy_0_3_7, i32 %b_copy_0_3_12_load

ST_3: b_copy_0_3_17 (200)  [1/1] 1.37ns  loc: matrixmul.cpp:75 (out node of the LUT)
.preheader7.preheader:147  %b_copy_0_3_17 = select i1 %tmp_mid2, i32 %b_copy_0_3_14, i32 %b_copy_0_3_8_load

ST_3: b_copy_0_3_18 (201)  [1/1] 1.37ns  loc: matrixmul.cpp:75 (out node of the LUT)
.preheader7.preheader:148  %b_copy_0_3_18 = select i1 %tmp_mid2, i32 %b_copy_0_3_15, i32 %b_copy_0_3_11_load

ST_3: tmp_2 (202)  [1/1] 1.57ns  loc: matrixmul.cpp:75
.preheader7.preheader:149  %tmp_2 = call i32 @_ssdm_op_Mux.ap_auto.4i32.i2(i32 %b_copy_0_3_18, i32 %b_copy_0_3_17, i32 %b_copy_0_3_16, i32 %b_copy_0_3_3, i2 %tmp_23)

ST_3: StgValue_128 (225)  [1/1] 0.00ns  loc: matrixmul.cpp:75
.preheader7.preheader:172  store i32 %b_copy_0_3_3, i32* %b_copy_0_3_1

ST_3: StgValue_129 (226)  [1/1] 0.00ns  loc: matrixmul.cpp:75
.preheader7.preheader:173  store i32 %b_copy_0_3_16, i32* %b_copy_0_3_12

ST_3: StgValue_130 (227)  [1/1] 0.00ns  loc: matrixmul.cpp:75
.preheader7.preheader:174  store i32 %b_copy_0_3_17, i32* %b_copy_0_3_8

ST_3: StgValue_131 (228)  [1/1] 0.00ns  loc: matrixmul.cpp:75
.preheader7.preheader:175  store i32 %b_copy_0_3_18, i32* %b_copy_0_3_11

ST_3: empty (241)  [1/1] 0.00ns  loc: matrixmul.cpp:86
.loopexit101:0  %empty = call i32 (...)* @_ssdm_op_SpecRegionEnd([4 x i8]* @p_str5, i32 %tmp_4) nounwind

ST_3: j_1 (242)  [1/1] 0.75ns  loc: matrixmul.cpp:64
.loopexit101:1  %j_1 = add i3 %j_mid2, 1

ST_3: StgValue_134 (243)  [1/1] 0.00ns  loc: matrixmul.cpp:64
.loopexit101:2  br label %.preheader7


 <State 4>: 8.05ns
ST_4: a_row_0_3_load (53)  [1/1] 0.00ns
.preheader7.preheader:0  %a_row_0_3_load = load i32* %a_row_0_3

ST_4: b_copy_1_3_11_load (61)  [1/1] 0.00ns
.preheader7.preheader:8  %b_copy_1_3_11_load = load i32* %b_copy_1_3_11

ST_4: b_copy_1_3_8_load (62)  [1/1] 0.00ns
.preheader7.preheader:9  %b_copy_1_3_8_load = load i32* %b_copy_1_3_8

ST_4: b_copy_1_3_12_load (63)  [1/1] 0.00ns
.preheader7.preheader:10  %b_copy_1_3_12_load = load i32* %b_copy_1_3_12

ST_4: b_copy_1_3_1_load (64)  [1/1] 0.00ns
.preheader7.preheader:11  %b_copy_1_3_1_load = load i32* %b_copy_1_3_1

ST_4: b_copy_2_3_11_load (65)  [1/1] 0.00ns
.preheader7.preheader:12  %b_copy_2_3_11_load = load i32* %b_copy_2_3_11

ST_4: b_copy_2_3_8_load (66)  [1/1] 0.00ns
.preheader7.preheader:13  %b_copy_2_3_8_load = load i32* %b_copy_2_3_8

ST_4: b_copy_2_3_12_load (67)  [1/1] 0.00ns
.preheader7.preheader:14  %b_copy_2_3_12_load = load i32* %b_copy_2_3_12

ST_4: b_copy_2_3_1_load (68)  [1/1] 0.00ns
.preheader7.preheader:15  %b_copy_2_3_1_load = load i32* %b_copy_2_3_1

ST_4: b_copy_3_3_11_load (69)  [1/1] 0.00ns
.preheader7.preheader:16  %b_copy_3_3_11_load = load i32* %b_copy_3_3_11

ST_4: b_copy_3_3_8_load (70)  [1/1] 0.00ns
.preheader7.preheader:17  %b_copy_3_3_8_load = load i32* %b_copy_3_3_8

ST_4: b_copy_3_3_12_load (71)  [1/1] 0.00ns
.preheader7.preheader:18  %b_copy_3_3_12_load = load i32* %b_copy_3_3_12

ST_4: b_copy_3_3_1_load (72)  [1/1] 0.00ns
.preheader7.preheader:19  %b_copy_3_3_1_load = load i32* %b_copy_3_3_1

ST_4: tmp_15 (88)  [1/1] 0.00ns  loc: matrixmul.cpp:64
.preheader7.preheader:35  %tmp_15 = or i3 %tmp_11, 2

ST_4: tmp_16 (89)  [1/1] 0.00ns  loc: matrixmul.cpp:71
.preheader7.preheader:36  %tmp_16 = call i64 @_ssdm_op_BitConcatenate.i64.i61.i3(i61 0, i3 %tmp_15)

ST_4: a_0_addr_2 (90)  [1/1] 0.00ns  loc: matrixmul.cpp:71
.preheader7.preheader:37  %a_0_addr_2 = getelementptr [8 x i32]* %a_0, i64 0, i64 %tmp_16

ST_4: a_1_addr_2 (96)  [1/1] 0.00ns  loc: matrixmul.cpp:71
.preheader7.preheader:43  %a_1_addr_2 = getelementptr [8 x i32]* %a_1, i64 0, i64 %tmp_16

ST_4: a_0_load_1 (113)  [1/2] 2.39ns  loc: matrixmul.cpp:71
.preheader7.preheader:60  %a_0_load_1 = load i32* %a_0_addr_1, align 4

ST_4: a_1_load_1 (114)  [1/2] 2.39ns  loc: matrixmul.cpp:71
.preheader7.preheader:61  %a_1_load_1 = load i32* %a_1_addr_1, align 4

ST_4: a_row_1 (115)  [1/1] 1.37ns  loc: matrixmul.cpp:71
.preheader7.preheader:62  %a_row_1 = select i1 %cond1_mid2, i32 %a_0_load_1, i32 %a_1_load_1

ST_4: a_0_load_2 (116)  [2/2] 2.39ns  loc: matrixmul.cpp:71
.preheader7.preheader:63  %a_0_load_2 = load i32* %a_0_addr_2, align 4

ST_4: a_1_load_2 (117)  [2/2] 2.39ns  loc: matrixmul.cpp:71
.preheader7.preheader:64  %a_1_load_2 = load i32* %a_1_addr_2, align 4

ST_4: a_row_0_1 (128)  [1/1] 0.00ns  loc: matrixmul.cpp:69 (grouped into LUT with out node a_row_0_2)
.preheader7.preheader:75  %a_row_0_1 = select i1 %tmp_5, i32 %a_row_0, i32 %a_row_0_3_load

ST_4: a_row_0_2 (129)  [1/1] 1.37ns  loc: matrixmul.cpp:69 (out node of the LUT)
.preheader7.preheader:76  %a_row_0_2 = select i1 %sel_tmp1, i32 %a_row_0, i32 %a_row_0_1

ST_4: b_copy_1_3_19 (156)  [1/2] 2.39ns  loc: matrixmul.cpp:77
.preheader7.preheader:103  %b_copy_1_3_19 = load i32* %a_2_addr_1, align 4

ST_4: b_copy_1_3 (157)  [1/1] 0.00ns  loc: matrixmul.cpp:64 (grouped into LUT with out node b_copy_1_3_4)
.preheader7.preheader:104  %b_copy_1_3 = select i1 %sel_tmp5, i32 %b_copy_1_3_1_load, i32 %b_copy_1_3_19

ST_4: b_copy_1_3_4 (158)  [1/1] 1.37ns  loc: matrixmul.cpp:64 (out node of the LUT)
.preheader7.preheader:105  %b_copy_1_3_4 = select i1 %sel_tmp7, i32 %b_copy_1_3_1_load, i32 %b_copy_1_3

ST_4: b_copy_1_3_2 (159)  [1/1] 0.00ns  loc: matrixmul.cpp:64 (grouped into LUT with out node b_copy_1_3_3)
.preheader7.preheader:106  %b_copy_1_3_2 = select i1 %sel_tmp9, i32 %b_copy_1_3_1_load, i32 %b_copy_1_3_4

ST_4: b_copy_1_3_5 (160)  [1/1] 0.00ns  loc: matrixmul.cpp:64 (grouped into LUT with out node b_copy_1_3_6)
.preheader7.preheader:107  %b_copy_1_3_5 = select i1 %sel_tmp5, i32 %b_copy_1_3_19, i32 %b_copy_1_3_12_load

ST_4: b_copy_1_3_6 (161)  [1/1] 1.37ns  loc: matrixmul.cpp:64 (out node of the LUT)
.preheader7.preheader:108  %b_copy_1_3_6 = select i1 %sel_tmp7, i32 %b_copy_1_3_12_load, i32 %b_copy_1_3_5

ST_4: b_copy_1_3_7 (162)  [1/1] 0.00ns  loc: matrixmul.cpp:64 (grouped into LUT with out node b_copy_1_3_16)
.preheader7.preheader:109  %b_copy_1_3_7 = select i1 %sel_tmp9, i32 %b_copy_1_3_12_load, i32 %b_copy_1_3_6

ST_4: b_copy_1_3_9 (163)  [1/1] 0.00ns  loc: matrixmul.cpp:64 (grouped into LUT with out node b_copy_1_3_14)
.preheader7.preheader:110  %b_copy_1_3_9 = select i1 %sel_tmp7, i32 %b_copy_1_3_19, i32 %b_copy_1_3_8_load

ST_4: b_copy_1_3_14 (164)  [1/1] 1.37ns  loc: matrixmul.cpp:64 (out node of the LUT)
.preheader7.preheader:111  %b_copy_1_3_14 = select i1 %sel_tmp9, i32 %b_copy_1_3_8_load, i32 %b_copy_1_3_9

ST_4: b_copy_1_3_15 (165)  [1/1] 0.00ns  loc: matrixmul.cpp:64 (grouped into LUT with out node b_copy_1_3_18)
.preheader7.preheader:112  %b_copy_1_3_15 = select i1 %sel_tmp9, i32 %b_copy_1_3_19, i32 %b_copy_1_3_11_load

ST_4: b_copy_2_3 (167)  [1/1] 0.00ns  loc: matrixmul.cpp:64 (grouped into LUT with out node b_copy_2_3_4)
.preheader7.preheader:114  %b_copy_2_3 = select i1 %sel_tmp5, i32 %b_copy_2_3_1_load, i32 %b_copy_2_3_19

ST_4: b_copy_2_3_4 (168)  [1/1] 1.37ns  loc: matrixmul.cpp:64 (out node of the LUT)
.preheader7.preheader:115  %b_copy_2_3_4 = select i1 %sel_tmp7, i32 %b_copy_2_3_1_load, i32 %b_copy_2_3

ST_4: b_copy_2_3_2 (169)  [1/1] 0.00ns  loc: matrixmul.cpp:64 (grouped into LUT with out node b_copy_2_3_3)
.preheader7.preheader:116  %b_copy_2_3_2 = select i1 %sel_tmp9, i32 %b_copy_2_3_1_load, i32 %b_copy_2_3_4

ST_4: b_copy_2_3_5 (170)  [1/1] 0.00ns  loc: matrixmul.cpp:64 (grouped into LUT with out node b_copy_2_3_6)
.preheader7.preheader:117  %b_copy_2_3_5 = select i1 %sel_tmp5, i32 %b_copy_2_3_19, i32 %b_copy_2_3_12_load

ST_4: b_copy_2_3_6 (171)  [1/1] 1.37ns  loc: matrixmul.cpp:64 (out node of the LUT)
.preheader7.preheader:118  %b_copy_2_3_6 = select i1 %sel_tmp7, i32 %b_copy_2_3_12_load, i32 %b_copy_2_3_5

ST_4: b_copy_2_3_7 (172)  [1/1] 0.00ns  loc: matrixmul.cpp:64 (grouped into LUT with out node b_copy_2_3_16)
.preheader7.preheader:119  %b_copy_2_3_7 = select i1 %sel_tmp9, i32 %b_copy_2_3_12_load, i32 %b_copy_2_3_6

ST_4: b_copy_2_3_9 (173)  [1/1] 0.00ns  loc: matrixmul.cpp:64 (grouped into LUT with out node b_copy_2_3_14)
.preheader7.preheader:120  %b_copy_2_3_9 = select i1 %sel_tmp7, i32 %b_copy_2_3_19, i32 %b_copy_2_3_8_load

ST_4: b_copy_2_3_14 (174)  [1/1] 1.37ns  loc: matrixmul.cpp:64 (out node of the LUT)
.preheader7.preheader:121  %b_copy_2_3_14 = select i1 %sel_tmp9, i32 %b_copy_2_3_8_load, i32 %b_copy_2_3_9

ST_4: b_copy_2_3_15 (175)  [1/1] 0.00ns  loc: matrixmul.cpp:64 (grouped into LUT with out node b_copy_2_3_18)
.preheader7.preheader:122  %b_copy_2_3_15 = select i1 %sel_tmp9, i32 %b_copy_2_3_19, i32 %b_copy_2_3_11_load

ST_4: b_copy_3_3_19 (176)  [1/2] 2.39ns  loc: matrixmul.cpp:77
.preheader7.preheader:123  %b_copy_3_3_19 = load i32* %a_3_addr_1, align 4

ST_4: b_copy_3_3 (177)  [1/1] 0.00ns  loc: matrixmul.cpp:64 (grouped into LUT with out node b_copy_3_3_4)
.preheader7.preheader:124  %b_copy_3_3 = select i1 %sel_tmp5, i32 %b_copy_3_3_1_load, i32 %b_copy_3_3_19

ST_4: b_copy_3_3_4 (178)  [1/1] 1.37ns  loc: matrixmul.cpp:64 (out node of the LUT)
.preheader7.preheader:125  %b_copy_3_3_4 = select i1 %sel_tmp7, i32 %b_copy_3_3_1_load, i32 %b_copy_3_3

ST_4: b_copy_3_3_2 (179)  [1/1] 0.00ns  loc: matrixmul.cpp:64 (grouped into LUT with out node b_copy_3_3_3)
.preheader7.preheader:126  %b_copy_3_3_2 = select i1 %sel_tmp9, i32 %b_copy_3_3_1_load, i32 %b_copy_3_3_4

ST_4: b_copy_3_3_5 (180)  [1/1] 0.00ns  loc: matrixmul.cpp:64 (grouped into LUT with out node b_copy_3_3_6)
.preheader7.preheader:127  %b_copy_3_3_5 = select i1 %sel_tmp5, i32 %b_copy_3_3_19, i32 %b_copy_3_3_12_load

ST_4: b_copy_3_3_6 (181)  [1/1] 1.37ns  loc: matrixmul.cpp:64 (out node of the LUT)
.preheader7.preheader:128  %b_copy_3_3_6 = select i1 %sel_tmp7, i32 %b_copy_3_3_12_load, i32 %b_copy_3_3_5

ST_4: b_copy_3_3_7 (182)  [1/1] 0.00ns  loc: matrixmul.cpp:64 (grouped into LUT with out node b_copy_3_3_16)
.preheader7.preheader:129  %b_copy_3_3_7 = select i1 %sel_tmp9, i32 %b_copy_3_3_12_load, i32 %b_copy_3_3_6

ST_4: b_copy_3_3_9 (183)  [1/1] 0.00ns  loc: matrixmul.cpp:64 (grouped into LUT with out node b_copy_3_3_14)
.preheader7.preheader:130  %b_copy_3_3_9 = select i1 %sel_tmp7, i32 %b_copy_3_3_19, i32 %b_copy_3_3_8_load

ST_4: b_copy_3_3_14 (184)  [1/1] 1.37ns  loc: matrixmul.cpp:64 (out node of the LUT)
.preheader7.preheader:131  %b_copy_3_3_14 = select i1 %sel_tmp9, i32 %b_copy_3_3_8_load, i32 %b_copy_3_3_9

ST_4: b_copy_3_3_15 (185)  [1/1] 0.00ns  loc: matrixmul.cpp:64 (grouped into LUT with out node b_copy_3_3_18)
.preheader7.preheader:132  %b_copy_3_3_15 = select i1 %sel_tmp9, i32 %b_copy_3_3_19, i32 %b_copy_3_3_11_load

ST_4: b_copy_3_3_3 (186)  [1/1] 1.37ns  loc: matrixmul.cpp:75 (out node of the LUT)
.preheader7.preheader:133  %b_copy_3_3_3 = select i1 %tmp_mid2, i32 %b_copy_3_3_2, i32 %b_copy_3_3_1_load

ST_4: b_copy_3_3_16 (187)  [1/1] 1.37ns  loc: matrixmul.cpp:75 (out node of the LUT)
.preheader7.preheader:134  %b_copy_3_3_16 = select i1 %tmp_mid2, i32 %b_copy_3_3_7, i32 %b_copy_3_3_12_load

ST_4: b_copy_3_3_17 (188)  [1/1] 1.37ns  loc: matrixmul.cpp:75 (out node of the LUT)
.preheader7.preheader:135  %b_copy_3_3_17 = select i1 %tmp_mid2, i32 %b_copy_3_3_14, i32 %b_copy_3_3_8_load

ST_4: b_copy_3_3_18 (189)  [1/1] 1.37ns  loc: matrixmul.cpp:75 (out node of the LUT)
.preheader7.preheader:136  %b_copy_3_3_18 = select i1 %tmp_mid2, i32 %b_copy_3_3_15, i32 %b_copy_3_3_11_load

ST_4: b_copy_2_3_3 (190)  [1/1] 1.37ns  loc: matrixmul.cpp:75 (out node of the LUT)
.preheader7.preheader:137  %b_copy_2_3_3 = select i1 %tmp_mid2, i32 %b_copy_2_3_2, i32 %b_copy_2_3_1_load

ST_4: b_copy_2_3_16 (191)  [1/1] 1.37ns  loc: matrixmul.cpp:75 (out node of the LUT)
.preheader7.preheader:138  %b_copy_2_3_16 = select i1 %tmp_mid2, i32 %b_copy_2_3_7, i32 %b_copy_2_3_12_load

ST_4: b_copy_2_3_17 (192)  [1/1] 1.37ns  loc: matrixmul.cpp:75 (out node of the LUT)
.preheader7.preheader:139  %b_copy_2_3_17 = select i1 %tmp_mid2, i32 %b_copy_2_3_14, i32 %b_copy_2_3_8_load

ST_4: b_copy_2_3_18 (193)  [1/1] 1.37ns  loc: matrixmul.cpp:75 (out node of the LUT)
.preheader7.preheader:140  %b_copy_2_3_18 = select i1 %tmp_mid2, i32 %b_copy_2_3_15, i32 %b_copy_2_3_11_load

ST_4: b_copy_1_3_3 (194)  [1/1] 1.37ns  loc: matrixmul.cpp:75 (out node of the LUT)
.preheader7.preheader:141  %b_copy_1_3_3 = select i1 %tmp_mid2, i32 %b_copy_1_3_2, i32 %b_copy_1_3_1_load

ST_4: b_copy_1_3_16 (195)  [1/1] 1.37ns  loc: matrixmul.cpp:75 (out node of the LUT)
.preheader7.preheader:142  %b_copy_1_3_16 = select i1 %tmp_mid2, i32 %b_copy_1_3_7, i32 %b_copy_1_3_12_load

ST_4: b_copy_1_3_17 (196)  [1/1] 1.37ns  loc: matrixmul.cpp:75 (out node of the LUT)
.preheader7.preheader:143  %b_copy_1_3_17 = select i1 %tmp_mid2, i32 %b_copy_1_3_14, i32 %b_copy_1_3_8_load

ST_4: b_copy_1_3_18 (197)  [1/1] 1.37ns  loc: matrixmul.cpp:75 (out node of the LUT)
.preheader7.preheader:144  %b_copy_1_3_18 = select i1 %tmp_mid2, i32 %b_copy_1_3_15, i32 %b_copy_1_3_11_load

ST_4: tmp_s (203)  [6/6] 6.68ns  loc: matrixmul.cpp:82
.preheader7.preheader:150  %tmp_s = mul nsw i32 %a_row_0_2, %tmp_2

ST_4: tmp_6 (204)  [1/1] 1.57ns  loc: matrixmul.cpp:75
.preheader7.preheader:151  %tmp_6 = call i32 @_ssdm_op_Mux.ap_auto.4i32.i2(i32 %b_copy_1_3_18, i32 %b_copy_1_3_17, i32 %b_copy_1_3_16, i32 %b_copy_1_3_3, i2 %tmp_23)

ST_4: tmp_7 (206)  [1/1] 1.57ns  loc: matrixmul.cpp:75
.preheader7.preheader:153  %tmp_7 = call i32 @_ssdm_op_Mux.ap_auto.4i32.i2(i32 %b_copy_2_3_18, i32 %b_copy_2_3_17, i32 %b_copy_2_3_16, i32 %b_copy_2_3_3, i2 %tmp_23)

ST_4: tmp_9 (208)  [1/1] 1.57ns  loc: matrixmul.cpp:75
.preheader7.preheader:155  %tmp_9 = call i32 @_ssdm_op_Mux.ap_auto.4i32.i2(i32 %b_copy_3_3_18, i32 %b_copy_3_3_17, i32 %b_copy_3_3_16, i32 %b_copy_3_3_3, i2 %tmp_23)

ST_4: StgValue_204 (213)  [1/1] 0.00ns  loc: matrixmul.cpp:75
.preheader7.preheader:160  store i32 %b_copy_3_3_3, i32* %b_copy_3_3_1

ST_4: StgValue_205 (214)  [1/1] 0.00ns  loc: matrixmul.cpp:75
.preheader7.preheader:161  store i32 %b_copy_3_3_16, i32* %b_copy_3_3_12

ST_4: StgValue_206 (215)  [1/1] 0.00ns  loc: matrixmul.cpp:75
.preheader7.preheader:162  store i32 %b_copy_3_3_17, i32* %b_copy_3_3_8

ST_4: StgValue_207 (216)  [1/1] 0.00ns  loc: matrixmul.cpp:75
.preheader7.preheader:163  store i32 %b_copy_3_3_18, i32* %b_copy_3_3_11

ST_4: StgValue_208 (217)  [1/1] 0.00ns  loc: matrixmul.cpp:75
.preheader7.preheader:164  store i32 %b_copy_2_3_3, i32* %b_copy_2_3_1

ST_4: StgValue_209 (218)  [1/1] 0.00ns  loc: matrixmul.cpp:75
.preheader7.preheader:165  store i32 %b_copy_2_3_16, i32* %b_copy_2_3_12

ST_4: StgValue_210 (219)  [1/1] 0.00ns  loc: matrixmul.cpp:75
.preheader7.preheader:166  store i32 %b_copy_2_3_17, i32* %b_copy_2_3_8

ST_4: StgValue_211 (220)  [1/1] 0.00ns  loc: matrixmul.cpp:75
.preheader7.preheader:167  store i32 %b_copy_2_3_18, i32* %b_copy_2_3_11

ST_4: StgValue_212 (221)  [1/1] 0.00ns  loc: matrixmul.cpp:75
.preheader7.preheader:168  store i32 %b_copy_1_3_3, i32* %b_copy_1_3_1

ST_4: StgValue_213 (222)  [1/1] 0.00ns  loc: matrixmul.cpp:75
.preheader7.preheader:169  store i32 %b_copy_1_3_16, i32* %b_copy_1_3_12

ST_4: StgValue_214 (223)  [1/1] 0.00ns  loc: matrixmul.cpp:75
.preheader7.preheader:170  store i32 %b_copy_1_3_17, i32* %b_copy_1_3_8

ST_4: StgValue_215 (224)  [1/1] 0.00ns  loc: matrixmul.cpp:75
.preheader7.preheader:171  store i32 %b_copy_1_3_18, i32* %b_copy_1_3_11

ST_4: StgValue_216 (232)  [1/1] 0.00ns  loc: matrixmul.cpp:69
.preheader7.preheader:179  store i32 %a_row_0_2, i32* %a_row_0_3


 <State 5>: 8.05ns
ST_5: a_row_1_3_load (54)  [1/1] 0.00ns
.preheader7.preheader:1  %a_row_1_3_load = load i32* %a_row_1_3

ST_5: tmp_12_cast (83)  [1/1] 0.00ns  loc: matrixmul.cpp:71
.preheader7.preheader:30  %tmp_12_cast = zext i3 %tmp_11 to i4

ST_5: tmp_17 (91)  [1/1] 0.00ns  loc: matrixmul.cpp:64
.preheader7.preheader:38  %tmp_17 = or i3 %tmp_11, 3

ST_5: tmp_18 (92)  [1/1] 0.00ns  loc: matrixmul.cpp:71
.preheader7.preheader:39  %tmp_18 = call i64 @_ssdm_op_BitConcatenate.i64.i61.i3(i61 0, i3 %tmp_17)

ST_5: a_0_addr_3 (93)  [1/1] 0.00ns  loc: matrixmul.cpp:71
.preheader7.preheader:40  %a_0_addr_3 = getelementptr [8 x i32]* %a_0, i64 0, i64 %tmp_18

ST_5: a_1_addr_3 (97)  [1/1] 0.00ns  loc: matrixmul.cpp:71
.preheader7.preheader:44  %a_1_addr_3 = getelementptr [8 x i32]* %a_1, i64 0, i64 %tmp_18

ST_5: a_0_load_2 (116)  [1/2] 2.39ns  loc: matrixmul.cpp:71
.preheader7.preheader:63  %a_0_load_2 = load i32* %a_0_addr_2, align 4

ST_5: a_1_load_2 (117)  [1/2] 2.39ns  loc: matrixmul.cpp:71
.preheader7.preheader:64  %a_1_load_2 = load i32* %a_1_addr_2, align 4

ST_5: a_row_2 (118)  [1/1] 1.37ns  loc: matrixmul.cpp:71
.preheader7.preheader:65  %a_row_2 = select i1 %cond1_mid2, i32 %a_0_load_2, i32 %a_1_load_2

ST_5: a_0_load_3 (119)  [2/2] 2.39ns  loc: matrixmul.cpp:71
.preheader7.preheader:66  %a_0_load_3 = load i32* %a_0_addr_3, align 4

ST_5: a_1_load_3 (120)  [2/2] 2.39ns  loc: matrixmul.cpp:71
.preheader7.preheader:67  %a_1_load_3 = load i32* %a_1_addr_3, align 4

ST_5: a_row_1_1 (126)  [1/1] 0.00ns  loc: matrixmul.cpp:69 (grouped into LUT with out node a_row_1_2)
.preheader7.preheader:73  %a_row_1_1 = select i1 %tmp_5, i32 %a_row_1, i32 %a_row_1_3_load

ST_5: a_row_1_2 (127)  [1/1] 1.37ns  loc: matrixmul.cpp:69 (out node of the LUT)
.preheader7.preheader:74  %a_row_1_2 = select i1 %sel_tmp1, i32 %a_row_1, i32 %a_row_1_1

ST_5: tmp_21 (138)  [1/1] 0.75ns  loc: matrixmul.cpp:85
.preheader7.preheader:85  %tmp_21 = add i4 %tmp_12_cast, %tmp_8_cast

ST_5: tmp_s (203)  [5/6] 6.68ns  loc: matrixmul.cpp:82
.preheader7.preheader:150  %tmp_s = mul nsw i32 %a_row_0_2, %tmp_2

ST_5: tmp_11_1 (205)  [6/6] 6.68ns  loc: matrixmul.cpp:82
.preheader7.preheader:152  %tmp_11_1 = mul nsw i32 %a_row_1_2, %tmp_6

ST_5: StgValue_233 (231)  [1/1] 0.00ns  loc: matrixmul.cpp:69
.preheader7.preheader:178  store i32 %a_row_1_2, i32* %a_row_1_3


 <State 6>: 8.05ns
ST_6: a_row_2_3_load (55)  [1/1] 0.00ns
.preheader7.preheader:2  %a_row_2_3_load = load i32* %a_row_2_3

ST_6: a_row_3_1_load (56)  [1/1] 0.00ns
.preheader7.preheader:3  %a_row_3_1_load = load i32* %a_row_3_1

ST_6: a_0_load_3 (119)  [1/2] 2.39ns  loc: matrixmul.cpp:71
.preheader7.preheader:66  %a_0_load_3 = load i32* %a_0_addr_3, align 4

ST_6: a_1_load_3 (120)  [1/2] 2.39ns  loc: matrixmul.cpp:71
.preheader7.preheader:67  %a_1_load_3 = load i32* %a_1_addr_3, align 4

ST_6: sel_tmp (121)  [1/1] 0.00ns  loc: matrixmul.cpp:69 (grouped into LUT with out node a_row_3_2)
.preheader7.preheader:68  %sel_tmp = select i1 %tmp_5, i32 %a_1_load_3, i32 %a_row_3_1_load

ST_6: a_row_3_2 (123)  [1/1] 1.37ns  loc: matrixmul.cpp:69 (out node of the LUT)
.preheader7.preheader:70  %a_row_3_2 = select i1 %sel_tmp1, i32 %a_0_load_3, i32 %sel_tmp

ST_6: a_row_2_1 (124)  [1/1] 0.00ns  loc: matrixmul.cpp:69 (grouped into LUT with out node a_row_2_2)
.preheader7.preheader:71  %a_row_2_1 = select i1 %tmp_5, i32 %a_row_2, i32 %a_row_2_3_load

ST_6: a_row_2_2 (125)  [1/1] 1.37ns  loc: matrixmul.cpp:69 (out node of the LUT)
.preheader7.preheader:72  %a_row_2_2 = select i1 %sel_tmp1, i32 %a_row_2, i32 %a_row_2_1

ST_6: tmp_s (203)  [4/6] 6.68ns  loc: matrixmul.cpp:82
.preheader7.preheader:150  %tmp_s = mul nsw i32 %a_row_0_2, %tmp_2

ST_6: tmp_11_1 (205)  [5/6] 6.68ns  loc: matrixmul.cpp:82
.preheader7.preheader:152  %tmp_11_1 = mul nsw i32 %a_row_1_2, %tmp_6

ST_6: tmp_11_2 (207)  [6/6] 6.68ns  loc: matrixmul.cpp:82
.preheader7.preheader:154  %tmp_11_2 = mul nsw i32 %a_row_2_2, %tmp_7

ST_6: StgValue_245 (229)  [1/1] 0.00ns  loc: matrixmul.cpp:69
.preheader7.preheader:176  store i32 %a_row_3_2, i32* %a_row_3_1

ST_6: StgValue_246 (230)  [1/1] 0.00ns  loc: matrixmul.cpp:69
.preheader7.preheader:177  store i32 %a_row_2_2, i32* %a_row_2_3


 <State 7>: 6.68ns
ST_7: tmp_s (203)  [3/6] 6.68ns  loc: matrixmul.cpp:82
.preheader7.preheader:150  %tmp_s = mul nsw i32 %a_row_0_2, %tmp_2

ST_7: tmp_11_1 (205)  [4/6] 6.68ns  loc: matrixmul.cpp:82
.preheader7.preheader:152  %tmp_11_1 = mul nsw i32 %a_row_1_2, %tmp_6

ST_7: tmp_11_2 (207)  [5/6] 6.68ns  loc: matrixmul.cpp:82
.preheader7.preheader:154  %tmp_11_2 = mul nsw i32 %a_row_2_2, %tmp_7

ST_7: tmp_11_3 (209)  [6/6] 6.68ns  loc: matrixmul.cpp:82
.preheader7.preheader:156  %tmp_11_3 = mul nsw i32 %a_row_3_2, %tmp_9


 <State 8>: 6.68ns
ST_8: tmp_s (203)  [2/6] 6.68ns  loc: matrixmul.cpp:82
.preheader7.preheader:150  %tmp_s = mul nsw i32 %a_row_0_2, %tmp_2

ST_8: tmp_11_1 (205)  [3/6] 6.68ns  loc: matrixmul.cpp:82
.preheader7.preheader:152  %tmp_11_1 = mul nsw i32 %a_row_1_2, %tmp_6

ST_8: tmp_11_2 (207)  [4/6] 6.68ns  loc: matrixmul.cpp:82
.preheader7.preheader:154  %tmp_11_2 = mul nsw i32 %a_row_2_2, %tmp_7

ST_8: tmp_11_3 (209)  [5/6] 6.68ns  loc: matrixmul.cpp:82
.preheader7.preheader:156  %tmp_11_3 = mul nsw i32 %a_row_3_2, %tmp_9


 <State 9>: 6.68ns
ST_9: tmp_s (203)  [1/6] 6.68ns  loc: matrixmul.cpp:82
.preheader7.preheader:150  %tmp_s = mul nsw i32 %a_row_0_2, %tmp_2

ST_9: tmp_11_1 (205)  [2/6] 6.68ns  loc: matrixmul.cpp:82
.preheader7.preheader:152  %tmp_11_1 = mul nsw i32 %a_row_1_2, %tmp_6

ST_9: tmp_11_2 (207)  [3/6] 6.68ns  loc: matrixmul.cpp:82
.preheader7.preheader:154  %tmp_11_2 = mul nsw i32 %a_row_2_2, %tmp_7

ST_9: tmp_11_3 (209)  [4/6] 6.68ns  loc: matrixmul.cpp:82
.preheader7.preheader:156  %tmp_11_3 = mul nsw i32 %a_row_3_2, %tmp_9


 <State 10>: 6.68ns
ST_10: tmp_11_1 (205)  [1/6] 6.68ns  loc: matrixmul.cpp:82
.preheader7.preheader:152  %tmp_11_1 = mul nsw i32 %a_row_1_2, %tmp_6

ST_10: tmp_11_2 (207)  [2/6] 6.68ns  loc: matrixmul.cpp:82
.preheader7.preheader:154  %tmp_11_2 = mul nsw i32 %a_row_2_2, %tmp_7

ST_10: tmp_11_3 (209)  [3/6] 6.68ns  loc: matrixmul.cpp:82
.preheader7.preheader:156  %tmp_11_3 = mul nsw i32 %a_row_3_2, %tmp_9


 <State 11>: 6.68ns
ST_11: tmp_11_2 (207)  [1/6] 6.68ns  loc: matrixmul.cpp:82
.preheader7.preheader:154  %tmp_11_2 = mul nsw i32 %a_row_2_2, %tmp_7

ST_11: tmp_11_3 (209)  [2/6] 6.68ns  loc: matrixmul.cpp:82
.preheader7.preheader:156  %tmp_11_3 = mul nsw i32 %a_row_3_2, %tmp_9


 <State 12>: 6.68ns
ST_12: tmp_11_3 (209)  [1/6] 6.68ns  loc: matrixmul.cpp:82
.preheader7.preheader:156  %tmp_11_3 = mul nsw i32 %a_row_3_2, %tmp_9

ST_12: tmp10 (210)  [1/1] 2.39ns  loc: matrixmul.cpp:82
.preheader7.preheader:157  %tmp10 = add i32 %tmp_11_2, %tmp_s


 <State 13>: 6.23ns
ST_13: StgValue_266 (74)  [1/1] 0.00ns
.preheader7.preheader:21  call void (...)* @_ssdm_op_SpecLoopName([6 x i8]* @L_col_str)

ST_13: empty_5 (75)  [1/1] 0.00ns
.preheader7.preheader:22  %empty_5 = call i32 (...)* @_ssdm_op_SpecLoopTripCount(i64 16, i64 16, i64 16)

ST_13: StgValue_268 (106)  [1/1] 0.00ns  loc: matrixmul.cpp:64
.preheader7.preheader:53  call void (...)* @_ssdm_op_SpecLoopName([4 x i8]* @p_str5) nounwind

ST_13: StgValue_269 (108)  [1/1] 0.00ns  loc: matrixmul.cpp:65
.preheader7.preheader:55  call void (...)* @_ssdm_op_SpecPipeline(i32 -1, i32 1, i32 1, i32 0, [1 x i8]* @p_str1) nounwind

ST_13: tmp_21_cast (139)  [1/1] 0.00ns  loc: matrixmul.cpp:85
.preheader7.preheader:86  %tmp_21_cast = zext i4 %tmp_21 to i64

ST_13: a_4_addr (140)  [1/1] 0.00ns  loc: matrixmul.cpp:85
.preheader7.preheader:87  %a_4_addr = getelementptr [8 x i32]* %a_4, i64 0, i64 %tmp_21_cast

ST_13: a_5_addr (141)  [1/1] 0.00ns  loc: matrixmul.cpp:85
.preheader7.preheader:88  %a_5_addr = getelementptr [8 x i32]* %a_5, i64 0, i64 %tmp_21_cast

ST_13: tmp11 (211)  [1/1] 1.92ns  loc: matrixmul.cpp:82
.preheader7.preheader:158  %tmp11 = add i32 %tmp_11_3, %tmp_11_1

ST_13: tmp_12_3 (212)  [1/1] 1.92ns  loc: matrixmul.cpp:82
.preheader7.preheader:159  %tmp_12_3 = add nsw i32 %tmp10, %tmp11

ST_13: StgValue_275 (235)  [1/1] 2.39ns  loc: matrixmul.cpp:85
branch29:0  store i32 %tmp_12_3, i32* %a_5_addr, align 4

ST_13: StgValue_276 (236)  [1/1] 0.00ns  loc: matrixmul.cpp:85
branch29:1  br label %.loopexit101

ST_13: StgValue_277 (238)  [1/1] 2.39ns  loc: matrixmul.cpp:85
branch28:0  store i32 %tmp_12_3, i32* %a_4_addr, align 4

ST_13: StgValue_278 (239)  [1/1] 0.00ns  loc: matrixmul.cpp:85
branch28:1  br label %.loopexit101


 <State 14>: 0.00ns
ST_14: StgValue_279 (245)  [1/1] 0.00ns  loc: matrixmul.cpp:88
:0  ret void



============================================================
+ Verbose Summary: Timing violations
============================================================
Target clock period: 10ns, clock uncertainty: 1.25ns.

 <State 1>: 1.57ns
The critical path consists of the following:
	multiplexor before 'phi' operation ('indvar_flatten') with incoming values : ('indvar_flatten_next') [39]  (1.57 ns)

 <State 2>: 5.7ns
The critical path consists of the following:
	'phi' operation ('j') with incoming values : ('j', matrixmul.cpp:64) [41]  (0 ns)
	'icmp' operation ('exitcond', matrixmul.cpp:64) [76]  (1.94 ns)
	'select' operation ('newIndex1_mid2_v_v', matrixmul.cpp:64) [80]  (1.37 ns)
	'shl' operation ('tmp_11', matrixmul.cpp:64) [81]  (0 ns)
	'getelementptr' operation ('a_0_addr', matrixmul.cpp:71) [84]  (0 ns)
	'load' operation ('a_0_load', matrixmul.cpp:71) on array 'a_0' [110]  (2.39 ns)

 <State 3>: 6.7ns
The critical path consists of the following:
	'load' operation ('b_copy[0][3]', matrixmul.cpp:77) on array 'a_2' [142]  (2.39 ns)
	'select' operation ('b_copy[0][3]', matrixmul.cpp:64) [145]  (0 ns)
	'select' operation ('b_copy[0][3]', matrixmul.cpp:64) [147]  (1.37 ns)
	'select' operation ('b_copy[0][3]', matrixmul.cpp:64) [149]  (0 ns)
	'select' operation ('b_copy[0][3]', matrixmul.cpp:75) [198]  (1.37 ns)
	'mux' operation ('tmp_2', matrixmul.cpp:75) [202]  (1.57 ns)

 <State 4>: 8.05ns
The critical path consists of the following:
	'load' operation ('a_row_0_3_load') on local variable 'a_row[0]' [53]  (0 ns)
	'select' operation ('a_row[0]', matrixmul.cpp:69) [128]  (0 ns)
	'select' operation ('a_row[0]', matrixmul.cpp:69) [129]  (1.37 ns)
	'mul' operation ('tmp_s', matrixmul.cpp:82) [203]  (6.68 ns)

 <State 5>: 8.05ns
The critical path consists of the following:
	'load' operation ('a_row_1_3_load') on local variable 'a_row[1]' [54]  (0 ns)
	'select' operation ('a_row[1]', matrixmul.cpp:69) [126]  (0 ns)
	'select' operation ('a_row[1]', matrixmul.cpp:69) [127]  (1.37 ns)
	'mul' operation ('tmp_11_1', matrixmul.cpp:82) [205]  (6.68 ns)

 <State 6>: 8.05ns
The critical path consists of the following:
	'load' operation ('a_row_2_3_load') on local variable 'a_row[2]' [55]  (0 ns)
	'select' operation ('a_row[2]', matrixmul.cpp:69) [124]  (0 ns)
	'select' operation ('a_row[2]', matrixmul.cpp:69) [125]  (1.37 ns)
	'mul' operation ('tmp_11_2', matrixmul.cpp:82) [207]  (6.68 ns)

 <State 7>: 6.68ns
The critical path consists of the following:
	'mul' operation ('tmp_s', matrixmul.cpp:82) [203]  (6.68 ns)

 <State 8>: 6.68ns
The critical path consists of the following:
	'mul' operation ('tmp_s', matrixmul.cpp:82) [203]  (6.68 ns)

 <State 9>: 6.68ns
The critical path consists of the following:
	'mul' operation ('tmp_s', matrixmul.cpp:82) [203]  (6.68 ns)

 <State 10>: 6.68ns
The critical path consists of the following:
	'mul' operation ('tmp_11_1', matrixmul.cpp:82) [205]  (6.68 ns)

 <State 11>: 6.68ns
The critical path consists of the following:
	'mul' operation ('tmp_11_2', matrixmul.cpp:82) [207]  (6.68 ns)

 <State 12>: 6.68ns
The critical path consists of the following:
	'mul' operation ('tmp_11_3', matrixmul.cpp:82) [209]  (6.68 ns)

 <State 13>: 6.23ns
The critical path consists of the following:
	'add' operation ('tmp11', matrixmul.cpp:82) [211]  (1.92 ns)
	'add' operation ('tmp_12_3', matrixmul.cpp:82) [212]  (1.92 ns)
	'store' operation (matrixmul.cpp:85) of variable 'tmp_12_3', matrixmul.cpp:82 on array 'a_5' [235]  (2.39 ns)

 <State 14>: 0ns
The critical path consists of the following:


============================================================
+ Verbose Summary: Binding
============================================================
N/A
* FSMD analyzer results:
  - Output states:
 - Input state : 
  - Chain level:
	State 1
	State 2
	State 3
	State 4
	State 5
	State 6
	State 7
	State 8
	State 9
	State 10
	State 11
	State 12
	State 13
	State 14


============================================================
+ Verbose Summary: Datapath Resource usage 
============================================================
N/A
