!{!"0x11\0012\00clang version 3.6.1 (tags/RELEASE_361/final)\000\00\000\00\001", <0x36cbad0>, <0x36cbd10>, <0x36cbd10>, <0x36cfd78>, <0x36cbd10>, <0x36cbd10>} ; [ DW_TAG_compile_unit ] [/home/patmos/github/bachelor_project_HLS/candidates/MachSuite/sort/radix/sort.c] [DW_LANG_C99]

!{!"0x2e\00local_scan\00local_scan\00\0010\000\001\000\000\00256\000\0011", <0x36cbad0>, <0x36cc930>, <0x36ccbc0>, null, void (i32*)* @local_scan, null, null, <0x36cbd10>} ; [ DW_TAG_subprogram ] [line 10] [def] [scope 11] [local_scan]

!{!"0x2e\00sum_scan\00sum_scan\00\0021\000\001\000\000\00256\000\0022", <0x36cbad0>, <0x36cc930>, <0x36cd0d0>, null, void (i32*, i32*)* @sum_scan, null, null, <0x36cbd10>} ; [ DW_TAG_subprogram ] [line 21] [def] [scope 22] [sum_scan]

!{!"0x2e\00last_step_scan\00last_step_scan\00\0031\000\001\000\000\00256\000\0032", <0x36cbad0>, <0x36cc930>, <0x36cd0d0>, null, void (i32*, i32*)* @last_step_scan, null, null, <0x36cbd10>} ; [ DW_TAG_subprogram ] [line 31] [def] [scope 32] [last_step_scan]

!{!"0x2e\00init\00init\00\0042\000\001\000\000\00256\000\0043", <0x36cbad0>, <0x36cc930>, <0x36ccbc0>, null, void (i32*)* @init, null, null, <0x36cbd10>} ; [ DW_TAG_subprogram ] [line 42] [def] [scope 43] [init]

!{!"0x2e\00hist\00hist\00\0050\000\001\000\000\00256\000\0051", <0x36cbad0>, <0x36cc930>, <0x36cddf0>, null, void (i32*, i32*, i32)* @hist, null, null, <0x36cbd10>} ; [ DW_TAG_subprogram ] [line 50] [def] [scope 51] [hist]

!{!"0x2e\00update\00update\00\0063\000\001\000\000\00256\000\0064", <0x36cbad0>, <0x36cc930>, <0x36cba00>, null, void (i32*, i32*, i32*, i32)* @update, null, null, <0x36cbd10>} ; [ DW_TAG_subprogram ] [line 63] [def] [scope 64] [update]

!{!"0x2e\00ss_sort\00ss_sort\00\0078\000\001\000\000\00256\000\0078", <0x36cbad0>, <0x36cc930>, <0x36cfc80>, null, void (i32*, i32*, i32*, i32*)* @ss_sort, null, null, <0x36cbd10>} ; [ DW_TAG_subprogram ] [line 78] [def] [ss_sort]

!{!"0x15\00\000\000\000\000\000\000", null, null, null, <0x36ccb50>, null, null, null} ; [ DW_TAG_subroutine_type ] [line 0, size 0, align 0, offset 0] [from ]

!{!"0xf\00\000\0064\0064\000\000", null, null, <0x36ccb18>} ; [ DW_TAG_pointer_type ] [line 0, size 64, align 64, offset 0] [from int]

!{!"0x24\00int\000\0032\0032\000\000\005", null, null} ; [ DW_TAG_base_type ] [int] [line 0, size 32, align 32, offset 0, enc DW_ATE_signed]

!{!"0x15\00\000\000\000\000\000\000", null, null, null, <0x36c5a18>, null, null, null} ; [ DW_TAG_subroutine_type ] [line 0, size 0, align 0, offset 0] [from ]

!{!"0x15\00\000\000\000\000\000\000", null, null, null, <0x36cdd80>, null, null, null} ; [ DW_TAG_subroutine_type ] [line 0, size 0, align 0, offset 0] [from ]

!{!"0x15\00\000\000\000\000\000\000", null, null, null, <0x36cb998>, null, null, null} ; [ DW_TAG_subroutine_type ] [line 0, size 0, align 0, offset 0] [from ]

!{!"0x15\00\000\000\000\000\000\000", null, null, null, <0x36cfc18>, null, null, null} ; [ DW_TAG_subroutine_type ] [line 0, size 0, align 0, offset 0] [from ]

Meta data for 2496403997498996548
Meta data for 15041622271397967188
Meta data for 13559725287751467263
INFO: Loop bodies will be given their own region id
DEBUG: new region: FuncRegion(id: 7648605825468699213, name: local_scan, fileName: sort.c, startLine: 10, endLine: 10
DEBUG: adding local_scan (in module: sort.simplifycfg.mem2reg.indvars.elimsinglephis.criticalpath.bc) to list of defined functions (region_id: 7648605825468699213)
DEBUG: assigning function local_scan id 7648605825468699213
DEBUG: new region: FuncRegion(id: 7397333657303292075, name: sum_scan, fileName: sort.c, startLine: 21, endLine: 21
DEBUG: adding sum_scan (in module: sort.simplifycfg.mem2reg.indvars.elimsinglephis.criticalpath.bc) to list of defined functions (region_id: 7397333657303292075)
DEBUG: assigning function sum_scan id 7397333657303292075
DEBUG: new region: FuncRegion(id: 4009228814749655633, name: last_step_scan, fileName: sort.c, startLine: 31, endLine: 31
DEBUG: adding last_step_scan (in module: sort.simplifycfg.mem2reg.indvars.elimsinglephis.criticalpath.bc) to list of defined functions (region_id: 4009228814749655633)
DEBUG: assigning function last_step_scan id 4009228814749655633
DEBUG: new region: FuncRegion(id: 7714042617310645361, name: init, fileName: sort.c, startLine: 42, endLine: 42
DEBUG: adding init (in module: sort.simplifycfg.mem2reg.indvars.elimsinglephis.criticalpath.bc) to list of defined functions (region_id: 7714042617310645361)
DEBUG: assigning function init id 7714042617310645361
DEBUG: new region: FuncRegion(id: 3309412191096915034, name: hist, fileName: sort.c, startLine: 50, endLine: 50
DEBUG: adding hist (in module: sort.simplifycfg.mem2reg.indvars.elimsinglephis.criticalpath.bc) to list of defined functions (region_id: 3309412191096915034)
DEBUG: assigning function hist id 3309412191096915034
DEBUG: new region: FuncRegion(id: 17382842450470787667, name: update, fileName: sort.c, startLine: 63, endLine: 63
DEBUG: adding update (in module: sort.simplifycfg.mem2reg.indvars.elimsinglephis.criticalpath.bc) to list of defined functions (region_id: 17382842450470787667)
DEBUG: assigning function update id 17382842450470787667
DEBUG: new region: FuncRegion(id: 7221462312956036328, name: ss_sort, fileName: sort.c, startLine: 78, endLine: 78
DEBUG: adding ss_sort (in module: sort.simplifycfg.mem2reg.indvars.elimsinglephis.criticalpath.bc) to list of defined functions (region_id: 7221462312956036328)
DEBUG: assigning function ss_sort id 7221462312956036328
DEBUG: found 7 func regions
INFO: Inserting the following instrumentation calls:
INFO: _KDeinit
INFO: _KEnterRegion
INFO: _KExitRegion
INFO: _KInit
INFO: _KLandingPad
DEBUG: Debug information:
DEBUG: region name to id: local_scan is 7648605825468699213
DEBUG: found 2 loops in function local_scan
DEBUG: assigning id = 2496403997498996548 to loop with the following BBs:
	for.cond local_2 for.cond1 for.inc7 for.body3 
DEBUG: /home/patmos/Developer/kremlin/instrument/llvm/llvm-3.6.1.src/lib/Transforms/KremlinInstrument/LoopBodyRegion.cpp:82 Meta data for 14019706602065086286
DEBUG: assigning id = 14019706602065086286 to body of loop
DEBUG: assigning id = 15041622271397967188 to loop with the following BBs:
	for.cond1 for.body3 
DEBUG: /home/patmos/Developer/kremlin/instrument/llvm/llvm-3.6.1.src/lib/Transforms/KremlinInstrument/LoopBodyRegion.cpp:82 Meta data for 4079057141143518123
DEBUG: assigning id = 4079057141143518123 to body of loop
DEBUG: for.cond has 1 possible loop exit points
DEBUG: 	target #0: for.end9
DEBUG: for.cond1 has 1 possible loop exit points
DEBUG: 	target #0: for.inc7
DEBUG: region name to id: sum_scan is 7397333657303292075
DEBUG: found 1 loops in function sum_scan
DEBUG: assigning id = 13559725287751467263 to loop with the following BBs:
	for.cond for.body 
DEBUG: /home/patmos/Developer/kremlin/instrument/llvm/llvm-3.6.1.src/lib/Transforms/KremlinInstrument/LoopBodyRegion.cpp:82 Meta data for 2046959279613510938
DEBUG: assigning id = 2046959279613510938 to body of loop
DEBUG: for.cond has 1 possible loop exit points
DEBUG: 	target #0: for.end
DEBUG: region name to id: last_step_scan is 4009228814749655633
DEBUG: found 2 loops in function last_step_scMeta data for 10224455446027145868
Meta data for 1048110542981985365
Meta data for 7497033823272946841
Meta data for 8533014803488528667
Meta data for 12728564340606285307
Meta data for 10179366935770678461
Meta data for 1557176728481741502
Meta data for 1907422437687133014
an
DEBUG: assigning id = 10224455446027145868 to loop with the following BBs:
	for.cond last_2 for.cond1 for.inc9 for.body3 
DEBUG: /home/patmos/Developer/kremlin/instrument/llvm/llvm-3.6.1.src/lib/Transforms/KremlinInstrument/LoopBodyRegion.cpp:82 Meta data for 11254554389611755018
DEBUG: assigning id = 11254554389611755018 to body of loop
DEBUG: assigning id = 1048110542981985365 to loop with the following BBs:
	for.cond1 for.body3 
DEBUG: /home/patmos/Developer/kremlin/instrument/llvm/llvm-3.6.1.src/lib/Transforms/KremlinInstrument/LoopBodyRegion.cpp:82 Meta data for 5520882249604817790
DEBUG: assigning id = 5520882249604817790 to body of loop
DEBUG: for.cond has 1 possible loop exit points
DEBUG: 	target #0: for.end11
DEBUG: for.cond1 has 1 possible loop exit points
DEBUG: 	target #0: for.inc9
DEBUG: region name to id: init is 7714042617310645361
DEBUG: found 1 loops in function init
DEBUG: assigning id = 7497033823272946841 to loop with the following BBs:
	for.cond for.body 
DEBUG: /home/patmos/Developer/kremlin/instrument/llvm/llvm-3.6.1.src/lib/Transforms/KremlinInstrument/LoopBodyRegion.cpp:82 Meta data for 18084602526615809486
DEBUG: assigning id = 18084602526615809486 to body of loop
DEBUG: for.cond has 1 possible loop exit points
DEBUG: 	target #0: for.end
DEBUG: region name to id: hist is 3309412191096915034
DEBUG: found 2 loops in function hist
DEBUG: assigning id = 8533014803488528667 to loop with the following BBs:
	for.cond hist_2 for.cond1 for.inc10 for.body3 
DEBUG: /home/patmos/Developer/kremlin/instrument/llvm/llvm-3.6.1.src/lib/Transforms/KremlinInstrument/LoopBodyRegion.cpp:82 Meta data for 12441447104567872482
DEBUG: assigning id = 12441447104567872482 to body of loop
DEBUG: assigning id = 12728564340606285307 to loop with the following BBs:
	for.cond1 for.body3 
DEBUG: /home/patmos/Developer/kremlin/instrument/llvm/llvm-3.6.1.src/lib/Transforms/KremlinInstrument/LoopBodyRegion.cpp:82 Meta data for 15005565965702045716
DEBUG: assigning id = 15005565965702045716 to body of loop
DEBUG: for.cond has 1 possible loop exit points
DEBUG: 	target #0: for.end12
DEBUG: for.cond1 has 1 possible loop exit points
DEBUG: 	target #0: for.inc10
DEBUG: region name to id: update is 17382842450470787667
DEBUG: found 2 loops in function update
DEBUG: assigning id = 10179366935770678461 to loop with the following BBs:
	for.cond update_2 for.cond1 for.inc17 for.body3 
DEBUG: /home/patmos/Developer/kremlin/instrument/llvm/llvm-3.6.1.src/lib/Transforms/KremlinInstrument/LoopBodyRegion.cpp:82 Meta data for 17512523541924008807
DEBUG: assigning id = 17512523541924008807 to body of loop
DEBUG: assigning id = 1557176728481741502 to loop with the following BBs:
	for.cond1 for.body3 
DEBUG: /home/patmos/Developer/kremlin/instrument/llvm/llvm-3.6.1.src/lib/Transforms/KremlinInstrument/LoopBodyRegion.cpp:82 Meta data for 18347732765698007262
DEBUG: assigning id = 18347732765698007262 to body of loop
DEBUG: for.cond has 1 possible loop exit points
DEBUG: 	target #0: for.end19
DEBUG: for.cond1 has 1 possible loop exit points
DEBUG: 	target #0: for.inc17
DEBUG: region name to id: ss_sort is 7221462312956036328
DEBUG: found 1 loops in function ss_sort
DEBUG: assigning id = 1907422437687133014 to loop with the following BBs:
	for.cond for.body if.else if.then if.end if.else4 if.then3 for.inc 
DEBUG: /home/patmos/Developer/kremlin/instrument/llvm/llvm-3.6.1.src/lib/Transforms/KremlinInstrument/LoopBodyRegion.cpp:82 Meta data for 9641314950170458337
DEBUG: assigning id = 9641314950170458337 to body of loop
DEBUG: for.cond has 1 possible loop exit points
DEBUG: 	target #0: for.end
DEBUG: Writing kremlib calls to sort.kdump
INFO: dumping function: local_scan
INFO: dumping function: llvm.dbg.declare
INFO: dumping function: sum_scan
INFO: dumping function: last_step_scan
INFO: dumping function: init
INFO: dumping function: hist
INFO: dumping function: update
INFO: dumping function: ss_sort
INFO: dumping function: llvm.dbg.value
INFO: dumping function: _KLoad
INFO: dumping function: _KLoad0
INFO: dumping function: _KLoad1
INFO: dumping function: _KLoad2
INFO: dumping function: _KLoad3
INFO: dumping function: _KLoad4
INFO: dumping function: _KStore
INFO: dumping function: _KStoreConst
INFO: dumping function: _KEnqArgConst
INFO: dumping function: _KEnqArg
INFO: dumping function: _KPrepCall
INFO: dumping function: _KLinkReturn
INFO: dumping function: _KMalloc
INFO: dumping function: _KRealloc
INFO: dumping function: _KFree
INFO: dumping function: _KDeqArg
INFO: dumping function: _KReturnConst
INFO: dumping function: _KReturn
INFO: dumping function: _KWork
INFO: dumping function: _KTimestamp
INFO: dumping function: _KTimestamp0
INFO: dumping function: _KTimestamp1
INFO: dumping function: _KTimestamp2
INFO: dumping function: _KTimestamp3
INFO: dumping function: _KTimestamp4
INFO: dumping function: _KTimestamp5
INFO: dumping function: _KTimestamp6
INFO: dumping function: _KTimestamp7
INFO: dumping function: _KPhi
INFO: dumping function: _KPhi1To1
INFO: dumping function: _KPhi2To1
INFO: dumping function: _KPhi3To1
INFO: dumping function: _KPhi4To1
INFO: dumping function: _KPhiAddCond
INFO: dumping function: _KInduction
INFO: dumping function: _KPushCDep
INFO: dumping function: _KPopCDep
INFO: dumping function: _KPrepRTable
INFO: dumping function: _KInit
INFO: dumping function: _KDeinit
INFO: dumping function: _KEnterRegion
INFO: dumping function: _KExitRegion
INFO: dumping function: _KLandingPad
