!{!"0x11\0012\00clang version 3.6.1 (tags/RELEASE_361/final)\000\00\000\00\001", <0x1e3ed20>, <0x1e3ed50>, <0x1e497f0>, <0x1e503e0>, <0x1e4fd78>, <0x1e3ed50>} ; [ DW_TAG_compile_unit ] [/home/patmos/github/bachelor_project_HLS/candidates/MachSuite/md/grid/local_support.c] [DW_LANG_C99]

!{!"0x2e\00run_benchmark\00run_benchmark\00\008\000\001\000\000\00256\000\008", <0x1e3ed20>, <0x1e4a3a0>, <0x1e49a40>, null, void (i8*)* @run_benchmark, null, null, <0x1e3ed50>} ; [ DW_TAG_subprogram ] [line 8] [def] [run_benchmark]

!{!"0x2e\00input_to_data\00input_to_data\00\0020\000\001\000\000\00256\000\0020", <0x1e3ed20>, <0x1e4a3a0>, <0x1e4b250>, null, void (i32, i8*)* @input_to_data, null, null, <0x1e3ed50>} ; [ DW_TAG_subprogram ] [line 20] [def] [input_to_data]

!{!"0x2e\00data_to_input\00data_to_input\00\0036\000\001\000\000\00256\000\0036", <0x1e3ed20>, <0x1e4a3a0>, <0x1e4b250>, null, void (i32, i8*)* @data_to_input, null, null, <0x1e3ed50>} ; [ DW_TAG_subprogram ] [line 36] [def] [data_to_input]

!{!"0x2e\00output_to_data\00output_to_data\00\0052\000\001\000\000\00256\000\0052", <0x1e3ed20>, <0x1e4a3a0>, <0x1e4b250>, null, void (i32, i8*)* @output_to_data, null, null, <0x1e3ed50>} ; [ DW_TAG_subprogram ] [line 52] [def] [output_to_data]

!{!"0x2e\00data_to_output\00data_to_output\00\0065\000\001\000\000\00256\000\0065", <0x1e3ed20>, <0x1e4a3a0>, <0x1e4b250>, null, void (i32, i8*)* @data_to_output, null, null, <0x1e3ed50>} ; [ DW_TAG_subprogram ] [line 65] [def] [data_to_output]

!{!"0x2e\00check_data\00check_data\00\0072\000\001\000\000\00256\000\0072", <0x1e3ed20>, <0x1e4a3a0>, <0x1e50260>, null, i32 (i8*, i8*)* @check_data, null, null, <0x1e3ed50>} ; [ DW_TAG_subprogram ] [line 72] [def] [check_data]

!{!"0x34\00INPUT_SIZE\00INPUT_SIZE\00\004\000\001", null, <0x1e4a3a0>, <0x1e49538>, i32* @INPUT_SIZE, null} ; [ DW_TAG_variable ] [INPUT_SIZE] [line 4] [def]

!{!"0x24\00int\000\0032\0032\000\000\005", null, null} ; [ DW_TAG_base_type ] [int] [line 0, size 32, align 32, offset 0, enc DW_ATE_signed]

!{!"0x15\00\000\000\000\000\000\000", null, null, null, <0x1e499d0>, null, null, null} ; [ DW_TAG_subroutine_type ] [line 0, size 0, align 0, offset 0] [from ]

!{!"0xf\00\000\0064\0064\000\000", null, null, null} ; [ DW_TAG_pointer_type ] [line 0, size 64, align 64, offset 0] [from ]

!{!"0x15\00\000\000\000\000\000\000", null, null, null, <0x1e4b0c8>, null, null, null} ; [ DW_TAG_subroutine_type ] [line 0, size 0, align 0, offset 0] [from ]

!{!"0x15\00\000\000\000\000\000\000", null, null, null, <0x1e4feb8>, null, null, null} ; [ DW_TAG_subroutine_type ] [line 0, size 0, align 0, offset 0] [from ]

!{!"0xf\00\000\0064\0064\000\000", null, null, <0x1e4a290>} ; [ DW_TAG_pointer_type ] [line 0, size 64, align 64, offset 0] [from bench_args_t]

!{!"0x13\00bench_args_t\0037\00247808\0064\000\000\000", <0x1e48740>, null, null, <0x1e49c38>, null, null, null} ; [ DW_TAG_structure_type ] [bench_args_t] [line 37, size 247808, align 64, offset 0] [def] [from ]

!{!"0xd\00n_points\0038\002048\0032\000\000", <0x1e48740>, <0x1e4a290>, <0x1e49700>} ; [ DW_TAG_member ] [n_points] [line 38, size 2048, align 32, offset 0] [from ]

!{!"0x1\00\000\002048\0032\000\000\000", null, null, <0x1e49580>, <0x1e493a8>, null, null, null} ; [ DW_TAG_array_type ] [line 0, size 2048, align 32, offset 0] [from int32_t]

!{!"0x16\00int32_t\00196\000\000\000\000", <0x1e494b0>, null, <0x1e49538>} ; [ DW_TAG_typedef ] [int32_t] [line 196, size 0, align 0, offset 0] [from int]

!{!"0xd\00force\0039\00122880\0064\002048\000", <0x1e48740>, <0x1e4a290>, <0x1e49f00>} ; [ DW_TAG_member ] [force] [line 39, size 122880, align 64, offset 2048] [from ]

!{!"0x1\00\000\00122880\0064\000\000\000", null, null, <0x1e49bf0>, <0x1e49e90>, null, null, null} ; [ DW_TAG_array_type ] [line 0, size 122880, align 64, offset 0] [from dvector_t]

!{!"0x16\00dvector_t\0025\000\000\000\000", <0x1e48740>, null, <0x1e4a660>} ; [ DW_TAG_typedef ] [dvector_t] [line 25, size 0, align 0, offset 0] [from ]

!{!"0x13\00\0023\00192\0064\000\000\000", <0x1e48740>, null, null, <0x1e4a578>, null, null, null} ; [ DW_TAG_structure_type ] [line 23, size 192, align 64, offset 0] [def] [from ]

!{!"0xd\00x\0024\0064\0064\000\000", <0x1e48740>, <0x1e4a660>, <0x1e49ba8>} ; [ DW_TAG_member ] [x] [line 24, size 64, align 64, offset 0] [from double]

!{!"0x24\00double\000\0064\0064\000\000\004", null, null} ; [ DW_TAG_base_type ] [double] [line 0, size 64, align 64, offset 0, enc DW_ATE_float]

!{!"0xd\00y\0024\0064\0064\0064\000", <0x1e48740>, <0x1e4a660>, <0x1e49ba8>} ; [ DW_TAG_member ] [y] [line 24, size 64, align 64, offset 64] [from double]

!{!"0xd\00z\0024\0064\0064\00128\000", <0x1e48740>, <0x1e4a660>, <0x1e49ba8>} ; [ DW_TAG_member ] [z] [line 24, size 64, align 64, offset 128] [from double]

!{!"0xd\00position\0040\00122880\0064\00124928\000", <0x1e48740>, <0x1e4a290>, <0x1e49f00>} ; [ DW_TAG_member ] [position] [line 40, size 122880, align 64, offset 124928] [from ]

!{!"0xf\00\000\0064\0064\000\000", null, null, <0x1e49580>} ; [ DW_TAG_pointer_type ] [line 0, size 64, align 64, offset 0] [from int32_t]

!{!"0xf\00\000\0064\0064\000\000", null, null, <0x1e49ba8>} ; [ DW_TAG_pointer_type ] [line 0, size 64, align 64, offset 0] [from double]

Meta data for 14897915903266633889
Meta data for 1576811283850860193
Meta data for 9013288565363950370
INFO: Loop bodies will be given their own region id
DEBUG: new region: FuncRegion(id: 3862668819228705092, name: run_benchmark, fileName: local_support.c, startLine: 8, endLine: 8
DEBUG: adding run_benchmark (in module: local_support.simplifycfg.mem2reg.indvars.elimsinglephis.criticalpath.bc) to list of defined functions (region_id: 3862668819228705092)
DEBUG: assigning function run_benchmark id 3862668819228705092
DEBUG: new region: FuncRegion(id: 11825262910647353991, name: input_to_data, fileName: local_support.c, startLine: 20, endLine: 20
DEBUG: adding input_to_data (in module: local_support.simplifycfg.mem2reg.indvars.elimsinglephis.criticalpath.bc) to list of defined functions (region_id: 11825262910647353991)
DEBUG: assigning function input_to_data id 11825262910647353991
DEBUG: new region: FuncRegion(id: 8265711678329185454, name: data_to_input, fileName: local_support.c, startLine: 36, endLine: 36
DEBUG: adding data_to_input (in module: local_support.simplifycfg.mem2reg.indvars.elimsinglephis.criticalpath.bc) to list of defined functions (region_id: 8265711678329185454)
DEBUG: assigning function data_to_input id 8265711678329185454
DEBUG: new region: FuncRegion(id: 13681209210925323440, name: output_to_data, fileName: local_support.c, startLine: 52, endLine: 52
DEBUG: adding output_to_data (in module: local_support.simplifycfg.mem2reg.indvars.elimsinglephis.criticalpath.bc) to list of defined functions (region_id: 13681209210925323440)
DEBUG: assigning function output_to_data id 13681209210925323440
DEBUG: new region: FuncRegion(id: 2262382145700601508, name: data_to_output, fileName: local_support.c, startLine: 65, endLine: 65
DEBUG: adding data_to_output (in module: local_support.simplifycfg.mem2reg.indvars.elimsinglephis.criticalpath.bc) to list of defined functions (region_id: 2262382145700601508)
DEBUG: assigning function data_to_output id 2262382145700601508
DEBUG: new region: FuncRegion(id: 12664787391234327508, name: check_data, fileName: local_support.c, startLine: 72, endLine: 72
DEBUG: adding check_data (in module: local_support.simplifycfg.mem2reg.indvars.elimsinglephis.criticalpath.bc) to list of defined functions (region_id: 12664787391234327508)
DEBUG: assigning function check_data id 12664787391234327508
DEBUG: found 6 func regions
INFO: Inserting the following instrumentation calls:
INFO: _KDeinit
INFO: _KEnterRegion
INFO: _KExitRegion
INFO: _KInit
INFO: _KLandingPad
DEBUG: Debug information:
DEBUG: region name to id: run_benchmark is 3862668819228705092
DEBUG: found 0 loops in function run_benchmark
DEBUG: region name to id: input_to_data is 11825262910647353991
DEBUG: found 0 loops in function input_to_data
DEBUG: region name to id: data_to_input is 8265711678329185454
DEBUG: found 0 loops in function data_to_input
DEBUG: region name to id: output_to_data is 13681209210925323440
DEBUG: found 0 loops in function output_to_data
DEBUG: region name to id: data_to_output is 2262382145700601508
DEBUG: found 0 loops in function data_to_output
DEBUG: region name to id: check_data is 12664787391234327508
DEBUG: found 4 loops in function check_data
DEBUG: assigning id = 14897915903266633889 to loop with the following BBs:
	for.cond for.body for.cond1 for.inc86 for.body3 for.cond4 for.inc83 for.body6 for.cond7 for.inc80 for.body9 lor.rhs lor.end lor.rhs69 lor.end71 lor.rhs75 lor.end77 
DEBUG: /home/patmos/Developer/kremlin/instrument/llvm/llvm-3.6.1.src/lib/Transforms/KremlinInstrument/LoopBodyRegion.cpp:82 Meta data for 11053380467575555097
DEBUG: assigning id = 11053380467575555097 to body of loop
DEBUG: assigning id = 1576811283850860193 to loop with the following BBs:
	for.cond1 for.body3 for.cond4 for.inc83 for.body6 for.cond7 for.inc80 for.body9 lor.rhs lor.end lor.rhs69 lor.end71 lor.rhs75 lor.end77 
DEBUG: /home/patmos/Developer/kremlin/instrument/llvm/llvm-3.6.1.src/lib/Transforms/KremlinInstrument/LoopBodyRegion.cpp:82 Meta data for 11542726930702340122
DEBUG: assigning id = 11542726930702340122 to body of loop
DEBUG: assigning id = 9013288565363950370 to loop with the following BBs:
	for.condMeta data for 17952519876853431873
4 for.body6 for.cond7 for.inc80 for.body9 lor.rhs lor.end lor.rhs69 lor.end71 lor.rhs75 lor.end77 
DEBUG: /home/patmos/Developer/kremlin/instrument/llvm/llvm-3.6.1.src/lib/Transforms/KremlinInstrument/LoopBodyRegion.cpp:82 Meta data for 17895173747005484862
DEBUG: assigning id = 17895173747005484862 to body of loop
DEBUG: assigning id = 17952519876853431873 to loop with the following BBs:
	for.cond7 for.body9 lor.rhs lor.end lor.rhs69 lor.end71 lor.rhs75 lor.end77 
DEBUG: /home/patmos/Developer/kremlin/instrument/llvm/llvm-3.6.1.src/lib/Transforms/KremlinInstrument/LoopBodyRegion.cpp:82 Meta data for 4232950779311720600
DEBUG: assigning id = 4232950779311720600 to body of loop
DEBUG: for.cond has 1 possible loop exit points
DEBUG: 	target #0: for.end88
DEBUG: for.cond1 has 1 possible loop exit points
DEBUG: 	target #0: for.inc86
DEBUG: for.cond4 has 1 possible loop exit points
DEBUG: 	target #0: for.inc83
DEBUG: for.cond7 has 1 possible loop exit points
DEBUG: 	target #0: for.inc80
DEBUG: Writing kremlib calls to local_support.kdump
INFO: dumping function: run_benchmark
INFO: dumping function: llvm.dbg.declare
INFO: dumping function: md
INFO: dumping function: input_to_data
INFO: dumping function: llvm.memset.p0i8.i64
INFO: dumping function: readfile
INFO: dumping function: find_section_start
INFO: dumping function: parse_int32_t_array
INFO: dumping function: parse_double_array
INFO: dumping function: free
INFO: dumping function: data_to_input
INFO: dumping function: write_section_header
INFO: dumping function: write_int32_t_array
INFO: dumping function: write_double_array
INFO: dumping function: output_to_data
INFO: dumping function: data_to_output
INFO: dumping function: check_data
INFO: dumping function: llvm.dbg.value
INFO: dumping function: _KLoad
INFO: dumping function: _KLoad0
INFO: dumping function: _KLoad1
INFO: dumping function: _KLoad2
INFO: dumping function: _KLoad3
INFO: dumping function: _KLoad4
INFO: dumping function: _KStore
INFO: dumping function: _KStoreConst
INFO: dumping function: _KEnqArgConst
INFO: dumping function: _KEnqArg
INFO: dumping function: _KPrepCall
INFO: dumping function: _KLinkReturn
INFO: dumping function: _KMalloc
INFO: dumping function: _KRealloc
INFO: dumping function: _KFree
INFO: dumping function: _KDeqArg
INFO: dumping function: _KReturnConst
INFO: dumping function: _KReturn
INFO: dumping function: _KWork
INFO: dumping function: _KPhi
INFO: dumping function: _KPhi1To1
INFO: dumping function: _KPhi2To1
INFO: dumping function: _KPhi3To1
INFO: dumping function: _KPhi4To1
INFO: dumping function: _KPhiAddCond
INFO: dumping function: _KInduction
INFO: dumping function: _KPushCDep
INFO: dumping function: _KPopCDep
INFO: dumping function: _KPrepRTable
INFO: dumping function: _KTimestamp
INFO: dumping function: _KTimestamp0
INFO: dumping function: _KTimestamp1
INFO: dumping function: _KTimestamp2
INFO: dumping function: _KTimestamp3
INFO: dumping function: _KTimestamp4
INFO: dumping function: _KTimestamp5
INFO: dumping function: _KTimestamp6
INFO: dumping function: _KTimestamp7
INFO: dumping function: _KInit
INFO: dumping function: _KDeinit
INFO: dumping function: _KEnterRegion
INFO: dumping function: _KExitRegion
INFO: dumping function: _KLandingPad
