!{!"0x11\0012\00clang version 3.6.1 (tags/RELEASE_361/final)\000\00\000\00\001", <0x349ade0>, <0x34a49f0>, <0x34a5a40>, <0x34af8e0>, <0x34af3f8>, <0x34a49f0>} ; [ DW_TAG_compile_unit ] [/home/patmos/github/bachelor_project_HLS/candidates/MachSuite/bfs/bulk/local_support.c] [DW_LANG_C99]

!{!"0x2e\00run_benchmark\00run_benchmark\00\007\000\001\000\000\00256\000\007", <0x349ade0>, <0x34a5ee0>, <0x34a6080>, null, void (i8*)* @run_benchmark, null, null, <0x34a49f0>} ; [ DW_TAG_subprogram ] [line 7] [def] [run_benchmark]

!{!"0x2e\00input_to_data\00input_to_data\00\0021\000\001\000\000\00256\000\0021", <0x349ade0>, <0x34a5ee0>, <0x34a4820>, null, void (i32, i8*)* @input_to_data, null, null, <0x34a49f0>} ; [ DW_TAG_subprogram ] [line 21] [def] [input_to_data]

!{!"0x2e\00data_to_input\00data_to_input\00\0054\000\001\000\000\00256\000\0054", <0x349ade0>, <0x34a5ee0>, <0x34a4820>, null, void (i32, i8*)* @data_to_input, null, null, <0x34a49f0>} ; [ DW_TAG_subprogram ] [line 54] [def] [data_to_input]

!{!"0x2e\00output_to_data\00output_to_data\00\0081\000\001\000\000\00256\000\0081", <0x349ade0>, <0x34a5ee0>, <0x34a4820>, null, void (i32, i8*)* @output_to_data, null, null, <0x34a49f0>} ; [ DW_TAG_subprogram ] [line 81] [def] [output_to_data]

!{!"0x2e\00data_to_output\00data_to_output\00\0094\000\001\000\000\00256\000\0094", <0x349ade0>, <0x34a5ee0>, <0x34a4820>, null, void (i32, i8*)* @data_to_output, null, null, <0x34a49f0>} ; [ DW_TAG_subprogram ] [line 94] [def] [data_to_output]

!{!"0x2e\00check_data\00check_data\00\00101\000\001\000\000\00256\000\00101", <0x349ade0>, <0x34a5ee0>, <0x34af7f0>, null, i32 (i8*, i8*)* @check_data, null, null, <0x34a49f0>} ; [ DW_TAG_subprogram ] [line 101] [def] [check_data]

!{!"0x34\00INPUT_SIZE\00INPUT_SIZE\00\005\000\001", null, <0x34a5ee0>, <0x34aee28>, i32* @INPUT_SIZE, null} ; [ DW_TAG_variable ] [INPUT_SIZE] [line 5] [def]

!{!"0x24\00int\000\0032\0032\000\000\005", null, null} ; [ DW_TAG_base_type ] [int] [line 0, size 32, align 32, offset 0, enc DW_ATE_signed]

!{!"0x15\00\000\000\000\000\000\000", null, null, null, <0x34a6010>, null, null, null} ; [ DW_TAG_subroutine_type ] [line 0, size 0, align 0, offset 0] [from ]

!{!"0xf\00\000\0064\0064\000\000", null, null, null} ; [ DW_TAG_pointer_type ] [line 0, size 64, align 64, offset 0] [from ]

!{!"0x15\00\000\000\000\000\000\000", null, null, null, <0x34aee68>, null, null, null} ; [ DW_TAG_subroutine_type ] [line 0, size 0, align 0, offset 0] [from ]

!{!"0x15\00\000\000\000\000\000\000", null, null, null, <0x34a48f8>, null, null, null} ; [ DW_TAG_subroutine_type ] [line 0, size 0, align 0, offset 0] [from ]

!{!"0xf\00\000\0064\0064\000\000", null, null, <0x34a9f60>} ; [ DW_TAG_pointer_type ] [line 0, size 64, align 64, offset 0] [from bench_args_t]

!{!"0x13\00bench_args_t\0046\00297664\0064\000\000\000", <0x34a4ac0>, null, null, <0x34a9e78>, null, null, null} ; [ DW_TAG_structure_type ] [bench_args_t] [line 46, size 297664, align 64, offset 0] [def] [from ]

!{!"0xd\00nodes\0047\0032768\0064\000\000", <0x34a4ac0>, <0x34a9f60>, <0x34a5e20>} ; [ DW_TAG_member ] [nodes] [line 47, size 32768, align 64, offset 0] [from ]

!{!"0x1\00\000\0032768\0064\000\000\000", null, null, <0x34a5b60>, <0x34a5db8>, null, null, null} ; [ DW_TAG_array_type ] [line 0, size 32768, align 64, offset 0] [from node_t]

!{!"0x16\00node_t\0038\000\000\000\000", <0x34a4ac0>, null, <0x34a64c0>} ; [ DW_TAG_typedef ] [node_t] [line 38, size 0, align 0, offset 0] [from node_t_struct]

!{!"0x13\00node_t_struct\0035\00128\0064\000\000\000", <0x34a4ac0>, null, null, <0x34a63d0>, null, null, null} ; [ DW_TAG_structure_type ] [node_t_struct] [line 35, size 128, align 64, offset 0] [def] [from ]

!{!"0xd\00edge_begin\0036\0064\0064\000\000", <0x34a4ac0>, <0x34a64c0>, <0x34a5b10>} ; [ DW_TAG_member ] [edge_begin] [line 36, size 64, align 64, offset 0] [from edge_index_t]

!{!"0x16\00edge_index_t\0025\000\000\000\000", <0x34a4ac0>, null, <0x34a47a0>} ; [ DW_TAG_typedef ] [edge_index_t] [line 25, size 0, align 0, offset 0] [from uint64_t]

!{!"0x16\00uint64_t\0055\000\000\000\000", <0x349ae20>, null, <0x34a4758>} ; [ DW_TAG_typedef ] [uint64_t] [line 55, size 0, align 0, offset 0] [from long unsigned int]

!{!"0x24\00long unsigned int\000\0064\0064\000\000\007", null, null} ; [ DW_TAG_base_type ] [long unsigned int] [line 0, size 64, align 64, offset 0, enc DW_ATE_unsigned]

!{!"0xd\00edge_end\0037\0064\0064\0064\000", <0x34a4ac0>, <0x34a64c0>, <0x34a5b10>} ; [ DW_TAG_member ] [edge_end] [line 37, size 64, align 64, offset 64] [from edge_index_t]

!{!"0xd\00edges\0048\00262144\0064\0032768\000", <0x34a4ac0>, <0x34a9f60>, <0x34a8dc0>} ; [ DW_TAG_member ] [edges] [line 48, size 262144, align 64, offset 32768] [from ]

!{!"0x1\00\000\00262144\0064\000\000\000", null, null, <0x34a83e0>, <0x34a8d58>, null, null, null} ; [ DW_TAG_array_type ] [line 0, size 262144, align 64, offset 0] [from edge_t]

!{!"0x16\00edge_t\0033\000\000\000\000", <0x34a4ac0>, null, <0x34a85e0>} ; [ DW_TAG_typedef ] [edge_t] [line 33, size 0, align 0, offset 0] [from edge_t_struct]

!{!"0x13\00edge_t_struct\0028\0064\0064\000\000\000", <0x34a4ac0>, null, null, <0x34a5ac8>, null, null, null} ; [ DW_TAG_structure_type ] [edge_t_struct] [line 28, size 64, align 64, offset 0] [def] [from ]

!{!"0xd\00dst\0032\0064\0064\000\000", <0x34a4ac0>, <0x34a85e0>, <0x34a6310>} ; [ DW_TAG_member ] [dst] [line 32, size 64, align 64, offset 0] [from node_index_t]

!{!"0x16\00node_index_t\0026\000\000\000\000", <0x34a4ac0>, null, <0x34a47a0>} ; [ DW_TAG_typedef ] [node_index_t] [line 26, size 0, align 0, offset 0] [from uint64_t]

!{!"0xd\00starting_node\0049\0064\0064\00294912\000", <0x34a4ac0>, <0x34a9f60>, <0x34a6310>} ; [ DW_TAG_member ] [starting_node] [line 49, size 64, align 64, offset 294912] [from node_index_t]

!{!"0xd\00level\0050\002048\008\00294976\000", <0x34a4ac0>, <0x34a9f60>, <0x34a9b20>} ; [ DW_TAG_member ] [level] [line 50, size 2048, align 8, offset 294976] [from ]

!{!"0x1\00\000\002048\008\000\000\000", null, null, <0x34a9ab0>, <0x34a5db8>, null, null, null} ; [ DW_TAG_array_type ] [line 0, size 2048, align 8, offset 0] [from level_t]

!{!"0x16\00level_t\0040\000\000\000\000", <0x34a4ac0>, null, <0x34a9a60>} ; [ DW_TAG_typedef ] [level_t] [line 40, size 0, align 0, offset 0] [from int8_t]

!{!"0x16\00int8_t\00194\000\000\000\000", <0x34a9940>, null, <0x34a9a18>} ; [ DW_TAG_typedef ] [int8_t] [line 194, size 0, align 0, offset 0] [from signed char]

!{!"0x24\00signed char\000\008\008\000\000\006", null, null} ; [ DW_TAG_base_type ] [signed char] [line 0, size 8, align 8, offset 0, enc DW_ATE_signed_char]

!{!"0xd\00level_counts\0051\00640\0064\00297024\000", <0x34a4ac0>, <0x34a9f60>, <0x34a9d50>} ; [ DW_TAG_member ] [level_counts] [line 51, size 640, align 64, offset 297024] [from ]

!{!"0x1\00\000\00640\0064\000\000\000", null, null, <0x34a5b10>, <0x34a9ce8>, null, null, null} ; [ DW_TAG_array_type ] [line 0, size 640, align 64, offset 0] [from edge_index_t]

!{!"0xf\00\000\0064\0064\000\000", null, null, <0x34a47a0>} ; [ DW_TAG_pointer_type ] [line 0, size 64, align 64, offset 0] [from uint64_t]

Meta data for 3942913487924944582
Meta data for 16849105204363071760
Meta data for 5235132730030851030
INFO: Loop bodies will be given their own region id
DEBUG: new region: FuncRegion(id: 3862668819228705092, name: run_benchmark, fileName: local_support.c, startLine: 7, endLine: 7
DEBUG: adding run_benchmark (in module: local_support.simplifycfg.mem2reg.indvars.elimsinglephis.criticalpath.bc) to list of defined functions (region_id: 3862668819228705092)
DEBUG: assigning function run_benchmark id 3862668819228705092
DEBUG: new region: FuncRegion(id: 11825262910647353991, name: input_to_data, fileName: local_support.c, startLine: 21, endLine: 21
DEBUG: adding input_to_data (in module: local_support.simplifycfg.mem2reg.indvars.elimsinglephis.criticalpath.bc) to list of defined functions (region_id: 11825262910647353991)
DEBUG: assigning function input_to_data id 11825262910647353991
DEBUG: new region: FuncRegion(id: 8265711678329185454, name: data_to_input, fileName: local_support.c, startLine: 54, endLine: 54
DEBUG: adding data_to_input (in module: local_support.simplifycfg.mem2reg.indvars.elimsinglephis.criticalpath.bc) to list of defined functions (region_id: 8265711678329185454)
DEBUG: assigning function data_to_input id 8265711678329185454
DEBUG: new region: FuncRegion(id: 13681209210925323440, name: output_to_data, fileName: local_support.c, startLine: 81, endLine: 81
DEBUG: adding output_to_data (in module: local_support.simplifycfg.mem2reg.indvars.elimsinglephis.criticalpath.bc) to list of defined functions (region_id: 13681209210925323440)
DEBUG: assigning function output_to_data id 13681209210925323440
DEBUG: new region: FuncRegion(id: 2262382145700601508, name: data_to_output, fileName: local_support.c, startLine: 94, endLine: 94
DEBUG: adding data_to_output (in module: local_support.simplifycfg.mem2reg.indvars.elimsinglephis.criticalpath.bc) to list of defined functions (region_id: 2262382145700601508)
DEBUG: assigning function data_to_output id 2262382145700601508
DEBUG: new region: FuncRegion(id: 12664787391234327508, name: check_data, fileName: local_support.c, startLine: 101, endLine: 101
DEBUG: adding check_data (in module: local_support.simplifycfg.mem2reg.indvars.elimsinglephis.criticalpath.bc) to list of defined functions (region_id: 12664787391234327508)
DEBUG: assigning function check_data id 12664787391234327508
DEBUG: found 6 func regions
INFO: Inserting the following instrumentation calls:
INFO: _KDeinit
INFO: _KEnterRegion
INFO: _KExitRegion
INFO: _KInit
INFO: _KLandingPad
DEBUG: Debug information:
DEBUG: region name to id: run_benchmark is 3862668819228705092
DEBUG: found 0 loops in function run_benchmark
DEBUG: region name to id: input_to_data is 11825262910647353991
DEBUG: found 2 loops in function input_to_data
DEBUG: assigning id = 3942913487924944582 to loop with the following BBs:
	for.cond6 for.body8 
DEBUG: /home/patmos/Developer/kremlin/instrument/llvm/llvm-3.6.1.src/lib/Transforms/KremlinInstrument/LoopBodyRegion.cpp:82 Meta data for 12783061870253967233
DEBUG: assigning id = 12783061870253967233 to body of loop
DEBUG: assigning id = 16849105204363071760 to loop with the following BBs:
	for.cond for.body 
DEBUG: /home/patmos/Developer/kremlin/instrument/llvm/llvm-3.6.1.src/lib/Transforms/KremlinInstrument/LoopBodyRegion.cpp:82 Meta data for 14791536059147053137
DEBUG: assigning id = 14791536059147053137 to body of loop
DEBUG: for.cond6 has 1 possible loop exit points
DEBUG: 	target #0: for.end18
DEBUG: for.cond has 1 possible loop exit points
DEBUG: 	target #0: for.end
DEBUG: region name to id: data_to_input is 8265711678329185454
DEBUG: found 1 loops in function data_to_input
DEBUG: assigning id = 5235132730030851030 to loop with the following BBs:
	for.cond for.body 
DEBUG: /home/patmos/Developer/kremlin/instrument/llvm/llvm-3.6.1.src/lib/Transforms/KremlinInstrument/LoopBodyRegion.cpp:82 Meta data for 14022200761147558281
DEBUG: assigning id = 14022200761147558281 to body of loop
DEBUG: for.cond has 1 possible loop exit points
DEBUG: 	target #0: for.end
DEBUG: region name to id: output_to_data is 13681209210925323440
DEBUG: found 0 loops in function output_to_data
DEBUG: region name tMeta data for 14897915903266633889
o id: data_to_output is 2262382145700601508
DEBUG: found 0 loops in function data_to_output
DEBUG: region name to id: check_data is 12664787391234327508
DEBUG: found 1 loops in function check_data
DEBUG: assigning id = 14897915903266633889 to loop with the following BBs:
	for.cond for.body 
DEBUG: /home/patmos/Developer/kremlin/instrument/llvm/llvm-3.6.1.src/lib/Transforms/KremlinInstrument/LoopBodyRegion.cpp:82 Meta data for 11053380467575555097
DEBUG: assigning id = 11053380467575555097 to body of loop
DEBUG: for.cond has 1 possible loop exit points
DEBUG: 	target #0: for.end
DEBUG: Writing kremlib calls to local_support.kdump
INFO: dumping function: run_benchmark
INFO: dumping function: llvm.dbg.declare
INFO: dumping function: bfs
INFO: dumping function: input_to_data
INFO: dumping function: llvm.memset.p0i8.i64
INFO: dumping function: readfile
INFO: dumping function: find_section_start
INFO: dumping function: parse_uint64_t_array
INFO: dumping function: malloc
INFO: dumping function: free
INFO: dumping function: data_to_input
INFO: dumping function: write_section_header
INFO: dumping function: write_uint64_t_array
INFO: dumping function: output_to_data
INFO: dumping function: data_to_output
INFO: dumping function: check_data
INFO: dumping function: llvm.dbg.value
INFO: dumping function: _KLoad
INFO: dumping function: _KLoad0
INFO: dumping function: _KLoad1
INFO: dumping function: _KLoad2
INFO: dumping function: _KLoad3
INFO: dumping function: _KLoad4
INFO: dumping function: _KStore
INFO: dumping function: _KStoreConst
INFO: dumping function: _KEnqArgConst
INFO: dumping function: _KEnqArg
INFO: dumping function: _KPrepCall
INFO: dumping function: _KLinkReturn
INFO: dumping function: _KMalloc
INFO: dumping function: _KRealloc
INFO: dumping function: _KFree
INFO: dumping function: _KDeqArg
INFO: dumping function: _KReturnConst
INFO: dumping function: _KReturn
INFO: dumping function: _KWork
INFO: dumping function: _KTimestamp
INFO: dumping function: _KTimestamp0
INFO: dumping function: _KTimestamp1
INFO: dumping function: _KTimestamp2
INFO: dumping function: _KTimestamp3
INFO: dumping function: _KTimestamp4
INFO: dumping function: _KTimestamp5
INFO: dumping function: _KTimestamp6
INFO: dumping function: _KTimestamp7
INFO: dumping function: _KPhi
INFO: dumping function: _KPhi1To1
INFO: dumping function: _KPhi2To1
INFO: dumping function: _KPhi3To1
INFO: dumping function: _KPhi4To1
INFO: dumping function: _KPhiAddCond
INFO: dumping function: _KInduction
INFO: dumping function: _KPushCDep
INFO: dumping function: _KPopCDep
INFO: dumping function: _KPrepRTable
INFO: dumping function: _KInit
INFO: dumping function: _KDeinit
INFO: dumping function: _KEnterRegion
INFO: dumping function: _KExitRegion
INFO: dumping function: _KLandingPad
