!{!"0x11\0012\00clang version 3.6.1 (tags/RELEASE_361/final)\000\00\000\00\001", <0x2df9ea0>, <0x2dfb4e0>, <0x2dfb4e0>, <0x2dfb678>, <0x2dfb4e0>, <0x2dfb4e0>} ; [ DW_TAG_compile_unit ] [/home/patmos/github/bachelor_project_HLS/candidates/MachSuite/viterbi/viterbi/viterbi.c] [DW_LANG_C99]

!{!"0x2e\00viterbi\00viterbi\00\003\000\001\000\000\00256\000\004", <0x2df9ea0>, <0x2dfb5c0>, <0x2df7580>, null, i32 (i8*, double*, double*, double*, i8*)* @viterbi, null, null, <0x2dfb4e0>} ; [ DW_TAG_subprogram ] [line 3] [def] [scope 4] [viterbi]

!{!"0x15\00\000\000\000\000\000\000", null, null, null, <0x2dfbe10>, null, null, null} ; [ DW_TAG_subroutine_type ] [line 0, size 0, align 0, offset 0] [from ]

!{!"0x24\00int\000\0032\0032\000\000\005", null, null} ; [ DW_TAG_base_type ] [int] [line 0, size 32, align 32, offset 0, enc DW_ATE_signed]

!{!"0xf\00\000\0064\0064\000\000", null, null, <0x2df9d40>} ; [ DW_TAG_pointer_type ] [line 0, size 64, align 64, offset 0] [from tok_t]

!{!"0x16\00tok_t\0013\000\000\000\000", <0x2dfb800>, null, <0x2dfb530>} ; [ DW_TAG_typedef ] [tok_t] [line 13, size 0, align 0, offset 0] [from uint8_t]

!{!"0x16\00uint8_t\0048\000\000\000\000", <0x2dfb640>, null, <0x2df9cf8>} ; [ DW_TAG_typedef ] [uint8_t] [line 48, size 0, align 0, offset 0] [from unsigned char]

!{!"0x24\00unsigned char\000\008\008\000\000\008", null, null} ; [ DW_TAG_base_type ] [unsigned char] [line 0, size 8, align 8, offset 0, enc DW_ATE_unsigned_char]

!{!"0xf\00\000\0064\0064\000\000", null, null, <0x2dfbc80>} ; [ DW_TAG_pointer_type ] [line 0, size 64, align 64, offset 0] [from prob_t]

!{!"0x16\00prob_t\0014\000\000\000\000", <0x2dfb800>, null, <0x2dfbc38>} ; [ DW_TAG_typedef ] [prob_t] [line 14, size 0, align 0, offset 0] [from double]

!{!"0x24\00double\000\0064\0064\000\000\004", null, null} ; [ DW_TAG_base_type ] [double] [line 0, size 64, align 64, offset 0, enc DW_ATE_float]

!{!"0xf\00\000\0064\0064\000\000", null, null, <0x2dfbd60>} ; [ DW_TAG_pointer_type ] [line 0, size 64, align 64, offset 0] [from state_t]

!{!"0x16\00state_t\0015\000\000\000\000", <0x2dfb800>, null, <0x2dfb530>} ; [ DW_TAG_typedef ] [state_t] [line 15, size 0, align 0, offset 0] [from uint8_t]

Meta data for 16272103438514000453
Meta data for 3996063372920260220
Meta data for 6638364874560444190
Meta data for 14425838870236284022
Meta data for 13657332899457053073
Meta data for 380863020336436057
Meta data for 1650864913663115742
INFO: Loop bodies will be given their own region id
DEBUG: new region: FuncRegion(id: 6767933003877769799, name: viterbi, fileName: viterbi.c, startLine: 3, endLine: 3
DEBUG: adding viterbi (in module: viterbi.simplifycfg.mem2reg.indvars.elimsinglephis.criticalpath.bc) to list of defined functions (region_id: 6767933003877769799)
DEBUG: assigning function viterbi id 6767933003877769799
DEBUG: found 1 func regions
INFO: Inserting the following instrumentation calls:
INFO: _KDeinit
INFO: _KEnterRegion
INFO: _KExitRegion
INFO: _KInit
INFO: _KLandingPad
DEBUG: Debug information:
DEBUG: region name to id: viterbi is 6767933003877769799
DEBUG: found 7 loops in function viterbi
DEBUG: assigning id = 16272103438514000453 to loop with the following BBs:
	for.cond100 for.body103 for.cond118 for.end143 for.body122 if.then139 for.inc141 
DEBUG: /home/patmos/Developer/kremlin/instrument/llvm/llvm-3.6.1.src/lib/Transforms/KremlinInstrument/LoopBodyRegion.cpp:82 Meta data for 683782725621441640
DEBUG: assigning id = 683782725621441640 to body of loop
DEBUG: assigning id = 3996063372920260220 to loop with the following BBs:
	for.cond118 for.body122 if.then139 for.inc141 
DEBUG: /home/patmos/Developer/kremlin/instrument/llvm/llvm-3.6.1.src/lib/Transforms/KremlinInstrument/LoopBodyRegion.cpp:82 Meta data for 744151604074330894
DEBUG: assigning id = 744151604074330894 to body of loop
DEBUG: assigning id = 6638364874560444190 to loop with the following BBs:
	for.cond84 for.body88 if.then94 for.inc96 
DEBUG: /home/patmos/Developer/kremlin/instrument/llvm/llvm-3.6.1.src/lib/Transforms/KremlinInstrument/LoopBodyRegion.cpp:82 Meta data for 8234310479690758249
DEBUG: assigning id = 8234310479690758249 to body of loop
DEBUG: assigning id = 14425838870236284022 to loop with the following BBs:
	for.cond11 L_curr_state for.cond15 for.inc78 for.body19 for.cond40 for.end70 for.body44 if.then for.inc68 
DEBUG: /home/patmos/Developer/kremlin/instrument/llvm/llvm-3.6.1.src/lib/Transforms/KremlinInstrument/LoopBodyRegion.cpp:82 Meta data for 16839152066623700896
DEBUG: assigning id = 16839152066623700896 to body of loop
DEBUG: assigning id = 13657332899457053073 to loop with the following BBs:
	for.cond15 for.body19 for.cond40 for.end70 for.body44 if.then for.inc68 
DEBUG: /home/patmos/Developer/kremlin/instrument/llvm/llvm-3.6.1.src/lib/Transforms/KremlinInstrument/LoopBodyRegion.cpp:82 Meta data for 1541735996787550982
DEBUG: assigning id = 1541735996787550982 to body of loop
DEBUG: assigning id = 380863020336436057 to loop with the following BBs:
	for.cond40 for.body44 if.then for.inc68 
DEBUG: /home/patmos/Developer/kremlin/instrument/llvm/llvm-3.6.1.src/lib/Transforms/KremlinInstrument/LoopBodyRegion.cpp:82 Meta data for 18364178117240992123
DEBUG: assigning id = 18364178117240992123 to body of loop
DEBUG: assigning id = 1650864913663115742 to loop with the following BBs:
	for.cond for.body 
DEBUG: /home/patmos/Developer/kremlin/instrument/llvm/llvm-3.6.1.src/lib/Transforms/KremlinInstrument/LoopBodyRegion.cpp:82 Meta data for 12425249743685015293
DEBUG: assigning id = 12425249743685015293 to body of loop
DEBUG: for.cond100 has 1 possible loop exit points
DEBUG: 	target #0: for.end147
DEBUG: for.cond118 has 1 possible loop exit points
DEBUG: 	target #0: for.end143
DEBUG: for.cond84 has 1 possible loop exit points
DEBUG: 	target #0: for.end98
DEBUG: for.cond11 has 1 possible loop exit points
DEBUG: 	target #0: for.end80
DEBUG: for.cond15 has 1 possible loop exit points
DEBUG: 	target #0: for.inc78
DEBUG: for.cond40 has 1 possible loop exit points
DEBUG: 	target #0: for.end70
DEBUG: for.cond has 1 possible loop exit points
DEBUG: 	target #0: L_timestep
DEBUG: Writing kremlib calls to viterbi.kdump
INFO: dumping function: viterbi
INFO: dumping function: llvm.dbg.declare
INFO: dumping function: llvm.dbg.value
INFO: dumping function: _KLoad
INFO: dumping function: _KLoad0
INFO: dumping function: _KLoad1
INFO: dumping function: _KLoad2
INFO: dumping function: _KLoad3
INFO: dumping function: _KLoad4
INFO: dumping function: _KStore
INFO: dumping function: _KStoreConst
INFO: dumping function: _KEnqArgConst
INFO: dumping function: _KEnqArg
INFO: dumping function: _KPrepCall
INFO: dumping function: _KLinkReturn
INFO: dumping function: _KMalloc
INFO: dumping function: _KRealloc
INFO: dumping function: _KFree
INFO: dumping function: _KDeqArg
INFO: dumping function: _KReturnConst
INFO: dumping function: _KReturn
INFO: dumping function: _KWork
INFO: dumping function: _KTimestamp
INFO: dumping function: _KTimestamp0
INFO: dumping function: _KTimestamp1
INFO: dumping function: _KTimestamp2
INFO: dumping function: _KTimestamp3
INFO: dumping function: _KTimestamp4
INFO: dumping function: _KTimestamp5
INFO: dumping function: _KTimestamp6
INFO: dumping function: _KTimestamp7
INFO: dumping function: _KPhi
INFO: dumping function: _KPhi1To1
INFO: dumping function: _KPhi2To1
INFO: dumping function: _KPhi3To1
INFO: dumping function: _KPhi4To1
INFO: dumping function: _KPhiAddCond
INFO: dumping function: _KInduction
INFO: dumping function: _KPushCDep
INFO: dumping function: _KPopCDep
INFO: dumping function: _KPrepRTable
INFO: dumping function: _KInit
INFO: dumping function: _KDeinit
INFO: dumping function: _KEnterRegion
INFO: dumping function: _KExitRegion
INFO: dumping function: _KLandingPad
