!{!"0x11\0012\00clang version 3.6.1 (tags/RELEASE_361/final)\000\00\000\00\001", <0x1e375a0>, <0x1e3bda0>, <0x1e3bda0>, <0x1e3d648>, <0x1e3bda0>, <0x1e3bda0>} ; [ DW_TAG_compile_unit ] [/home/patmos/github/bachelor_project_HLS/candidates/MachSuite/fft/strided/fft.c] [DW_LANG_C99]

!{!"0x2e\00fft\00fft\00\003\000\001\000\000\00256\000\003", <0x1e375a0>, <0x1e3be20>, <0x1e3d780>, null, void (double*, double*, double*, double*)* @fft, null, null, <0x1e3bda0>} ; [ DW_TAG_subprogram ] [line 3] [def] [fft]

!{!"0x15\00\000\000\000\000\000\000", null, null, null, <0x1e3d718>, null, null, null} ; [ DW_TAG_subroutine_type ] [line 0, size 0, align 0, offset 0] [from ]

!{!"0xf\00\000\0064\0064\000\000", null, null, <0x1e3d6c8>} ; [ DW_TAG_pointer_type ] [line 0, size 64, align 64, offset 0] [from double]

!{!"0x24\00double\000\0064\0064\000\000\004", null, null} ; [ DW_TAG_base_type ] [double] [line 0, size 64, align 64, offset 0, enc DW_ATE_float]

Meta data for 3429300011857001247
Meta data for 1211439798857454543
INFO: Loop bodies will be given their own region id
DEBUG: new region: FuncRegion(id: 12683266650150155341, name: fft, fileName: fft.c, startLine: 3, endLine: 3
DEBUG: adding fft (in module: fft.simplifycfg.mem2reg.indvars.elimsinglephis.criticalpath.bc) to list of defined functions (region_id: 12683266650150155341)
DEBUG: assigning function fft id 12683266650150155341
DEBUG: found 1 func regions
INFO: Inserting the following instrumentation calls:
INFO: _KDeinit
INFO: _KEnterRegion
INFO: _KExitRegion
INFO: _KInit
INFO: _KLandingPad
DEBUG: Debug information:
DEBUG: region name to id: fft is 12683266650150155341
DEBUG: found 2 loops in function fft
DEBUG: assigning id = 3429300011857001247 to loop with the following BBs:
	for.cond inner for.cond1 for.inc53 for.body2 if.then for.inc 
DEBUG: /home/patmos/Developer/kremlin/instrument/llvm/llvm-3.6.1.src/lib/Transforms/KremlinInstrument/LoopBodyRegion.cpp:82 Meta data for 3256637355541942900
DEBUG: assigning id = 3256637355541942900 to body of loop
DEBUG: assigning id = 1211439798857454543 to loop with the following BBs:
	for.cond1 for.body2 if.then for.inc 
DEBUG: /home/patmos/Developer/kremlin/instrument/llvm/llvm-3.6.1.src/lib/Transforms/KremlinInstrument/LoopBodyRegion.cpp:82 Meta data for 16517854890252181388
DEBUG: assigning id = 16517854890252181388 to body of loop
DEBUG: for.cond has 1 possible loop exit points
DEBUG: 	target #0: for.end55
DEBUG: for.cond1 has 1 possible loop exit points
DEBUG: 	target #0: for.inc53
DEBUG: Writing kremlib calls to fft.kdump
INFO: dumping function: fft
INFO: dumping function: llvm.dbg.declare
INFO: dumping function: llvm.dbg.value
INFO: dumping function: _KLoad
INFO: dumping function: _KLoad0
INFO: dumping function: _KLoad1
INFO: dumping function: _KLoad2
INFO: dumping function: _KLoad3
INFO: dumping function: _KLoad4
INFO: dumping function: _KStore
INFO: dumping function: _KStoreConst
INFO: dumping function: _KEnqArgConst
INFO: dumping function: _KEnqArg
INFO: dumping function: _KPrepCall
INFO: dumping function: _KLinkReturn
INFO: dumping function: _KMalloc
INFO: dumping function: _KRealloc
INFO: dumping function: _KFree
INFO: dumping function: _KDeqArg
INFO: dumping function: _KReturnConst
INFO: dumping function: _KReturn
INFO: dumping function: _KWork
INFO: dumping function: _KTimestamp
INFO: dumping function: _KTimestamp0
INFO: dumping function: _KTimestamp1
INFO: dumping function: _KTimestamp2
INFO: dumping function: _KTimestamp3
INFO: dumping function: _KTimestamp4
INFO: dumping function: _KTimestamp5
INFO: dumping function: _KTimestamp6
INFO: dumping function: _KTimestamp7
INFO: dumping function: _KPhi
INFO: dumping function: _KPhi1To1
INFO: dumping function: _KPhi2To1
INFO: dumping function: _KPhi3To1
INFO: dumping function: _KPhi4To1
INFO: dumping function: _KPhiAddCond
INFO: dumping function: _KInduction
INFO: dumping function: _KPushCDep
INFO: dumping function: _KPopCDep
INFO: dumping function: _KPrepRTable
INFO: dumping function: _KInit
INFO: dumping function: _KDeinit
INFO: dumping function: _KEnterRegion
INFO: dumping function: _KExitRegion
INFO: dumping function: _KLandingPad
