==============================================================
File generated by Vivado(TM) HLS - High-Level Synthesis from C, C++ and SystemC
Version: 2016.4
Copyright (C) 1986-2016 Xilinx, Inc. All Rights Reserved.

==============================================================

@I [SYN-201] Setting up clock 'default' with a period of 10ns.
@I [HLS-10] Setting target device to 'xc7a100tcsg324-1'
@I [HLS-10] Analyzing design file 'matmul.cpp' ... 
@I [HLS-10] Validating synthesis directives ...
@I [HLS-111] Finished Checking Pragmas Time (s): cpu = 00:00:02 ; elapsed = 00:00:02 . Memory (MB): peak = 328.273 ; gain = 12.586 ; free physical = 11595 ; free virtual = 16514
@I [HLS-111] Finished Linking Time (s): cpu = 00:00:02 ; elapsed = 00:00:02 . Memory (MB): peak = 328.273 ; gain = 12.586 ; free physical = 11596 ; free virtual = 16515
@I [HLS-10] Starting code transformations ...
@I [HLS-111] Finished Standard Transforms Time (s): cpu = 00:00:02 ; elapsed = 00:00:02 . Memory (MB): peak = 328.273 ; gain = 12.586 ; free physical = 11594 ; free virtual = 16513
@I [HLS-10] Checking synthesizability ...
@I [HLS-111] Finished Checking Synthesizability Time (s): cpu = 00:00:02 ; elapsed = 00:00:02 . Memory (MB): peak = 328.273 ; gain = 12.586 ; free physical = 11594 ; free virtual = 16513
@I [XFORM-502] Unrolling all sub-loops inside loop 'col' (matmul.cpp:20) in function 'matmul_hw' for pipelining.
@I [XFORM-501] Unrolling loop 'Cache_Row' (matmul.cpp:27) in function 'matmul_hw' completely.
@I [XFORM-501] Unrolling loop 'Cache_Col' (matmul.cpp:32) in function 'matmul_hw' completely.
@I [XFORM-501] Unrolling loop 'Product' (matmul.cpp:37) in function 'matmul_hw' completely.
@I [XFORM-102] Partitioning array 'a_row' (matmul.cpp:13) automatically.
@I [XFORM-102] Partitioning array 'b_copy' (matmul.cpp:14) in dimension 1 automatically.
@I [XFORM-401] Performing if-conversion on hyperblock from (matmul.cpp:20:36) to (matmul.cpp:31:4) in function 'matmul_hw'... converting 3 basic blocks.
@I [XFORM-11] Balancing expressions in function 'matmul_hw' (matmul.cpp:4)...31 expression(s) balanced.
@I [HLS-111] Finished Pre-synthesis Time (s): cpu = 00:00:03 ; elapsed = 00:00:02 . Memory (MB): peak = 456.270 ; gain = 140.582 ; free physical = 11573 ; free virtual = 16492
@I [XFORM-541] Flattening a loop nest 'Loop-1' (matmul.cpp:19:15) in function 'matmul_hw'.
@I [HLS-111] Finished Architecture Synthesis Time (s): cpu = 00:00:03 ; elapsed = 00:00:03 . Memory (MB): peak = 456.270 ; gain = 140.582 ; free physical = 11580 ; free virtual = 16499
@I [HLS-10] Starting hardware synthesis ...
@I [HLS-10] Synthesizing 'matmul_hw' ...
@I [HLS-10] ----------------------------------------------------------------
@I [HLS-10] -- Implementing module 'matmul_hw' 
@I [HLS-10] ----------------------------------------------------------------
@I [SCHED-11] Starting scheduling ...
@I [SCHED-61] Pipelining loop 'L_col'.
@W [SCHED-68] Unable to enforce a carried dependence constraint (II = 1, distance = 1, offset = 1)
   between 'store' operation (matmul.cpp:41) of variable 'tmp_12_s', matmul.cpp:38 on array 'a' and 'load' operation ('a_row[1]', matmul.cpp:27) on array 'a'.
@W [SCHED-68] Unable to enforce a carried dependence constraint (II = 2, distance = 1, offset = 1)
   between 'store' operation (matmul.cpp:41) of variable 'tmp_12_s', matmul.cpp:38 on array 'a' and 'load' operation ('a_row[1]', matmul.cpp:27) on array 'a'.
@W [SCHED-68] Unable to enforce a carried dependence constraint (II = 3, distance = 1, offset = 1)
   between 'store' operation (matmul.cpp:41) of variable 'tmp_12_s', matmul.cpp:38 on array 'a' and 'load' operation ('a_row[1]', matmul.cpp:27) on array 'a'.
@W [SCHED-68] Unable to enforce a carried dependence constraint (II = 4, distance = 1, offset = 1)
   between 'store' operation (matmul.cpp:41) of variable 'tmp_12_s', matmul.cpp:38 on array 'a' and 'load' operation ('a_row[1]', matmul.cpp:27) on array 'a'.
@W [SCHED-69] Unable to schedule 'load' operation ('a_row[21]', matmul.cpp:27) on array 'a' due to limited memory ports.
@I [SCHED-61] Pipelining result: Target II: 1, Final II: 73, Depth: 73.
@I [SCHED-11] Finished scheduling.
@I [HLS-111]  Elapsed time: 8.22 seconds; current allocated memory: 63.677 MB.
@I [BIND-100] Starting micro-architecture generation ...
@I [BIND-101] Performing variable lifetime analysis.
@I [BIND-101] Exploring resource sharing.
@I [BIND-101] Binding ...
@I [BIND-100] Finished micro-architecture generation.
@I [HLS-111]  Elapsed time: 0.35 seconds; current allocated memory: 66.553 MB.
@I [HLS-10] ----------------------------------------------------------------
@I [HLS-10] -- Generating RTL for module 'matmul_hw' 
@I [HLS-10] ----------------------------------------------------------------
@I [RTGEN-500] Setting interface mode on port 'matmul_hw/a' to 'bram'.
@I [RTGEN-500] Setting interface mode on function 'matmul_hw' to 'ap_ctrl_hs'.
@I [SYN-210] Renamed object name 'matmul_hw_mul_32s_32s_32_6' to 'matmul_hw_mul_32sbkb' due to the length limit 20
@I [RTGEN-100] Generating core module 'matmul_hw_mul_32sbkb': 32 instance(s).
@I [RTGEN-100] Finished creating RTL model for 'matmul_hw'.
@I [HLS-111]  Elapsed time: 0.64 seconds; current allocated memory: 70.924 MB.
@I [RTMG-282] Generating pipelined core: 'matmul_hw_mul_32sbkb_MulnS_0'
@I [RTMG-278] Implementing memory 'matmul_hw_b_copy_0_ram' using block RAMs.
@I [HLS-111] Finished generating all RTL models Time (s): cpu = 00:00:10 ; elapsed = 00:00:12 . Memory (MB): peak = 456.270 ; gain = 140.582 ; free physical = 11550 ; free virtual = 16475
@I [SYSC-301] Generating SystemC RTL for matmul_hw.
@I [VHDL-304] Generating VHDL RTL for matmul_hw.
@I [VLOG-307] Generating Verilog RTL for matmul_hw.
@I [IMPL-8] Exporting RTL as an IP in IP-XACT.
@I [HLS-10] Opening solution '/home/patmos/github/bachelor_project_HLS/hls/misc/matmul_int/hls_matmul_int/matmul_2b_32x32'.
