==============================================================
File generated by Vivado(TM) HLS - High-Level Synthesis from C, C++ and SystemC
Version: 2016.4
Copyright (C) 1986-2016 Xilinx, Inc. All Rights Reserved.

==============================================================

@I [SYN-201] Setting up clock 'default' with a period of 10ns.
@I [HLS-10] Analyzing design file 'matmul.cpp' ... 
@I [HLS-10] Validating synthesis directives ...
@I [HLS-111] Finished Checking Pragmas Time (s): cpu = 00:00:39 ; elapsed = 00:00:41 . Memory (MB): peak = 456.273 ; gain = 140.582 ; free physical = 11927 ; free virtual = 16241
@I [HLS-111] Finished Linking Time (s): cpu = 00:00:39 ; elapsed = 00:00:41 . Memory (MB): peak = 456.273 ; gain = 140.582 ; free physical = 11927 ; free virtual = 16241
@I [HLS-10] Starting code transformations ...
@I [HLS-111] Finished Standard Transforms Time (s): cpu = 00:00:39 ; elapsed = 00:00:41 . Memory (MB): peak = 456.273 ; gain = 140.582 ; free physical = 11927 ; free virtual = 16241
@I [HLS-10] Checking synthesizability ...
@I [HLS-111] Finished Checking Synthesizability Time (s): cpu = 00:00:39 ; elapsed = 00:00:41 . Memory (MB): peak = 456.273 ; gain = 140.582 ; free physical = 11927 ; free virtual = 16241
@I [XFORM-502] Unrolling all sub-loops inside loop 'col' (matmul.cpp:20) in function 'matmul_hw' for pipelining.
@I [XFORM-501] Unrolling loop 'Cache_Row' (matmul.cpp:27) in function 'matmul_hw' completely.
@I [XFORM-501] Unrolling loop 'Cache_Col' (matmul.cpp:32) in function 'matmul_hw' completely.
@I [XFORM-501] Unrolling loop 'Product' (matmul.cpp:37) in function 'matmul_hw' completely.
@I [XFORM-102] Partitioning array 'a_row' (matmul.cpp:13) automatically.
@I [XFORM-102] Partitioning array 'b_copy' (matmul.cpp:14) in dimension 1 automatically.
@I [XFORM-101] Partitioning array 'a' (matmul.cpp:4) in dimension 1 with a block factor 2.
@I [XFORM-401] Performing if-conversion on hyperblock from (matmul.cpp:20:36) to (matmul.cpp:31:4) in function 'matmul_hw'... converting 3 basic blocks.
@I [HLS-111] Finished Pre-synthesis Time (s): cpu = 00:00:40 ; elapsed = 00:00:42 . Memory (MB): peak = 456.273 ; gain = 140.582 ; free physical = 11921 ; free virtual = 16235
@I [XFORM-541] Flattening a loop nest 'Loop-1' (matmul.cpp:19:15) in function 'matmul_hw'.
@I [HLS-111] Finished Architecture Synthesis Time (s): cpu = 00:00:40 ; elapsed = 00:00:42 . Memory (MB): peak = 456.273 ; gain = 140.582 ; free physical = 11919 ; free virtual = 16233
@I [HLS-10] Starting hardware synthesis ...
@I [HLS-10] Synthesizing 'matmul_hw' ...
@I [HLS-10] ----------------------------------------------------------------
@I [HLS-10] -- Implementing module 'matmul_hw' 
@I [HLS-10] ----------------------------------------------------------------
@I [SCHED-11] Starting scheduling ...
@I [SCHED-61] Pipelining loop 'L_col'.
@W [SCHED-68] Unable to enforce a carried dependence constraint (II = 1, distance = 32, offset = 1)
   between 'store' operation (matmul.cpp:41) of variable 'tmp_12_30', matmul.cpp:38 on array 'a_1' and 'load' operation ('a_1_load', matmul.cpp:33) on array 'a_1'.
@W [SCHED-68] Unable to enforce a carried dependence constraint (II = 2, distance = 32, offset = 1)
   between 'store' operation (matmul.cpp:41) of variable 'tmp_12_30', matmul.cpp:38 on array 'a_1' and 'load' operation ('a_1_load', matmul.cpp:33) on array 'a_1'.
@W [SCHED-69] Unable to schedule 'load' operation ('a_0_load_1', matmul.cpp:27) on array 'a_0' due to limited memory ports.
@I [SCHED-61] Pipelining result: Target II: 1, Final II: 48, Depth: 168.
@I [SCHED-11] Finished scheduling.
@I [HLS-111]  Elapsed time: 38.92 seconds; current allocated memory: 81.420 MB.
@I [BIND-100] Starting micro-architecture generation ...
@I [BIND-101] Performing variable lifetime analysis.
@I [BIND-101] Exploring resource sharing.
@I [BIND-101] Binding ...
@I [BIND-100] Finished micro-architecture generation.
@I [HLS-111]  Elapsed time: 0.36 seconds; current allocated memory: 84.266 MB.
@I [HLS-10] ----------------------------------------------------------------
@I [HLS-10] -- Generating RTL for module 'matmul_hw' 
@I [HLS-10] ----------------------------------------------------------------
@I [RTGEN-500] Setting interface mode on port 'matmul_hw/a_0' to 'bram'.
@I [RTGEN-500] Setting interface mode on port 'matmul_hw/a_1' to 'bram'.
@I [RTGEN-500] Setting interface mode on function 'matmul_hw' to 'ap_ctrl_hs'.
@I [SYN-210] Renamed object name 'matmul_hw_fadd_32ns_32ns_32_5_full_dsp' to 'matmul_hw_fadd_32dEe' due to the length limit 20
@I [SYN-210] Renamed object name 'matmul_hw_fmul_32ns_32ns_32_4_max_dsp' to 'matmul_hw_fmul_32eOg' due to the length limit 20
@I [SYN-210] Renamed object name 'matmul_hw_urem_7ns_7ns_7_11' to 'matmul_hw_urem_7nfYi' due to the length limit 20
@W [RTGEN-101] Setting dangling out port 'matmul_hw/a_0_WEN_A' to 0.
@W [RTGEN-101] Setting dangling out port 'matmul_hw/a_0_Din_A' to 0.
@I [RTGEN-100] Generating core module 'matmul_hw_fadd_32dEe': 1 instance(s).
@I [RTGEN-100] Generating core module 'matmul_hw_fmul_32eOg': 1 instance(s).
@I [RTGEN-100] Generating core module 'matmul_hw_urem_7nfYi': 1 instance(s).
@I [RTGEN-100] Finished creating RTL model for 'matmul_hw'.
@I [HLS-111]  Elapsed time: 0.56 seconds; current allocated memory: 87.957 MB.
@I [RTMG-282] Generating pipelined core: 'matmul_hw_urem_7nfYi_div'
@I [RTMG-278] Implementing memory 'matmul_hw_b_copy_0_ram' using block RAMs.
@I [HLS-111] Finished generating all RTL models Time (s): cpu = 00:00:43 ; elapsed = 00:00:46 . Memory (MB): peak = 456.273 ; gain = 140.582 ; free physical = 11918 ; free virtual = 16233
@I [SYSC-301] Generating SystemC RTL for matmul_hw.
@I [VHDL-304] Generating VHDL RTL for matmul_hw.
@I [VLOG-307] Generating Verilog RTL for matmul_hw.
@I [IMPL-8] Exporting RTL as an IP in IP-XACT.
@I [HLS-10] Opening solution '/home/patmos/github/bachelor_project_HLS/hls/misc/matmul_float/hls_matmul_float/matmul_3b_32x32'.
