!{!"0x11\0012\00clang version 3.6.1 (tags/RELEASE_361/final)\000\00\000\00\001", <0x3a04260>, <0x3a08f90>, <0x3a08f90>, <0x3a09008>, <0x3a08f90>, <0x3a08f90>} ; [ DW_TAG_compile_unit ] [/home/patmos/github/bachelor_project_HLS/candidates/MachSuite/nw/nw/nw.c] [DW_LANG_C99]

!{!"0x2e\00needwun\00needwun\00\0013\000\001\000\000\00256\000\0015", <0x3a04260>, <0x3a08fd0>, <0x3a037c0>, null, void (i8*, i8*, i8*, i8*, i32*, i8*)* @needwun, null, null, <0x3a08f90>} ; [ DW_TAG_subprogram ] [line 13] [def] [scope 15] [needwun]

!{!"0x15\00\000\000\000\000\000\000", null, null, null, <0x3a0a258>, null, null, null} ; [ DW_TAG_subroutine_type ] [line 0, size 0, align 0, offset 0] [from ]

!{!"0xf\00\000\0064\0064\000\000", null, null, <0x3a038a8>} ; [ DW_TAG_pointer_type ] [line 0, size 64, align 64, offset 0] [from char]

!{!"0x24\00char\000\008\008\000\000\006", null, null} ; [ DW_TAG_base_type ] [char] [line 0, size 8, align 8, offset 0, enc DW_ATE_signed_char]

!{!"0xf\00\000\0064\0064\000\000", null, null, <0x3a0a1a8>} ; [ DW_TAG_pointer_type ] [line 0, size 64, align 64, offset 0] [from int]

!{!"0x24\00int\000\0032\0032\000\000\005", null, null} ; [ DW_TAG_base_type ] [int] [line 0, size 32, align 32, offset 0, enc DW_ATE_signed]

Meta data for 14743627055402223539
Meta data for 16515328430327485981
Meta data for 14503506140152582617
Meta data for 5036505546509641337
Meta data for 16855075306626727159
Meta data for 3054764134633531731
Meta data for 3869054034445445955
Meta data for 16238230965182010750
INFO: Loop bodies will be given their own region id
DEBUG: new region: FuncRegion(id: 17219541838442659282, name: needwun, fileName: nw.c, startLine: 13, endLine: 13
DEBUG: adding needwun (in module: nw.simplifycfg.mem2reg.indvars.elimsinglephis.criticalpath.bc) to list of defined functions (region_id: 17219541838442659282)
DEBUG: assigning function needwun id 17219541838442659282
DEBUG: found 1 func regions
INFO: Inserting the following instrumentation calls:
INFO: _KDeinit
INFO: _KEnterRegion
INFO: _KExitRegion
INFO: _KInit
INFO: _KLandingPad
DEBUG: Debug information:
DEBUG: region name to id: needwun is 17219541838442659282
DEBUG: found 8 loops in function needwun
DEBUG: assigning id = 14743627055402223539 to loop with the following BBs:
	for.cond148 for.body151 
DEBUG: /home/patmos/Developer/kremlin/instrument/llvm/llvm-3.6.1.src/lib/Transforms/KremlinInstrument/LoopBodyRegion.cpp:82 Meta data for 12528964721311931225
DEBUG: assigning id = 12528964721311931225 to body of loop
DEBUG: assigning id = 16515328430327485981 to loop with the following BBs:
	for.cond139 for.body142 
DEBUG: /home/patmos/Developer/kremlin/instrument/llvm/llvm-3.6.1.src/lib/Transforms/KremlinInstrument/LoopBodyRegion.cpp:82 Meta data for 52693507340694181
DEBUG: assigning id = 52693507340694181 to body of loop
DEBUG: assigning id = 14503506140152582617 to loop with the following BBs:
	while.cond.outer while.cond while.body if.else108 if.else126 if.then115 if.then94 while.cond.outer.backedge 
DEBUG: /home/patmos/Developer/kremlin/instrument/llvm/llvm-3.6.1.src/lib/Transforms/KremlinInstrument/LoopBodyRegion.cpp:82 Meta data for 13908477972279673571
DEBUG: assigning id = 13908477972279673571 to body of loop
DEBUG: assigning id = 5036505546509641337 to loop with the following BBs:
	while.cond while.body if.else108 if.else126 
DEBUG: /home/patmos/Developer/kremlin/instrument/llvm/llvm-3.6.1.src/lib/Transforms/KremlinInstrument/LoopBodyRegion.cpp:82 Meta data for 18167383794648223461
DEBUG: assigning id = 18167383794648223461 to body of loop
DEBUG: assigning id = 16855075306626727159 to loop with the following BBs:
	for.cond11 fill_in for.cond14 for.inc80 for.body16 if.else if.then if.end cond.false46 cond.true45 cond.end53 if.else64 if.else71 if.then67 if.then60 for.inc77 
DEBUG: /home/patmos/Developer/kremlin/instrument/llvm/llvm-3.6.1.src/lib/Transforms/KremlinInstrument/LoopBodyRegion.cpp:82 Meta data for 9156594742913205297
DEBUG: assigning id = 9156594742913205297 to body of loop
DEBUG: assigning id = 3054764134633531731 to loop with the following BBs:
	for.cond14 for.body16 if.else if.then if.end cond.false46 cond.true45 cond.end53 if.else64 if.else71 if.then67 if.then60 for.inc77 
DEBUG: /home/patmos/Developer/kremlin/instrument/llvm/llvm-3.6.1.src/lib/Transforms/KremlinInstrument/LoopBodyRegion.cpp:82 Meta data for 6169904910744577805
DEBUG: assigning id = 6169904910744577805 to body of loop
DEBUG: assigning id = 3869054034445445955 to loop with the following BBs:
	for.cond1 for.body3 
DEBUG: /home/patmos/Developer/kremlin/instrument/llvm/llvm-3.6.1.src/lib/Transforms/KremlinInstrument/LoopBodyRegion.cpp:82 Meta data for 13372679302561491984
DEBUG: assigning id = 13372679302561491984 to body of loop
DEBUG: assigning id = 16238230965182010750 to loop with the following BBs:
	for.cond for.body 
DEBUG: /home/patmos/Developer/kremlin/instrument/llvm/llvm-3.6.1.src/lib/Transforms/KremlinInstrument/LoopBodyRegion.cpp:82 Meta data for 13957152831915476133
DEBUG: assigning id = 13957152831915476133 to body of loop
DEBUG: for.cond148 has 1 possible loop exit points
DEBUG: 	target #0: for.end156
DEBUG: for.cond139 has 1 possible loop exit points
DEBUG: 	target #0: for.cond148.preheader
DEBUG: while.cond has 1 possible loop exit points
DEBUG: 	target #0: for.cond139.preheader
DEBUG: while.cond has 1 possible loop exit points
DEBUG: 	target #0: while.cond.pre_exit.for.cond139.preheader
DEBUG: while.body has 1 possible loop exit points
DEBUG: 	target #0: if.then94
DEBUG: if.else108 has 1 possible loop exit points
DEBUG: 	target #0: if.then115
DEBUG: for.cond11 has 1 possible loop exit points
DEBUG: 	target #0: for.end82
DEBUG: for.cond14 has 1 possible loop exit points
DEBUG: 	target #0: for.inc80
DEBUG: for.cond1 has 1 possible loop exit points
DEBUG: 	target #0: fill_out
DEBUG: for.cond has 1 possible loop exit points
DEBUG: 	target #0: init_col
DEBUG: Writing kremlib calls to nw.kdump
INFO: dumping function: needwun
INFO: dumping function: llvm.dbg.declare
INFO: dumping function: llvm.dbg.value
INFO: dumping function: _KLoad
INFO: dumping function: _KLoad0
INFO: dumping function: _KLoad1
INFO: dumping function: _KLoad2
INFO: dumping function: _KLoad3
INFO: dumping function: _KLoad4
INFO: dumping function: _KStore
INFO: dumping function: _KStoreConst
INFO: dumping function: _KEnqArgConst
INFO: dumping function: _KEnqArg
INFO: dumping function: _KPrepCall
INFO: dumping function: _KLinkReturn
INFO: dumping function: _KMalloc
INFO: dumping function: _KRealloc
INFO: dumping function: _KFree
INFO: dumping function: _KDeqArg
INFO: dumping function: _KReturnConst
INFO: dumping function: _KReturn
INFO: dumping function: _KWork
INFO: dumping function: _KTimestamp
INFO: dumping function: _KTimestamp0
INFO: dumping function: _KTimestamp1
INFO: dumping function: _KTimestamp2
INFO: dumping function: _KTimestamp3
INFO: dumping function: _KTimestamp4
INFO: dumping function: _KTimestamp5
INFO: dumping function: _KTimestamp6
INFO: dumping function: _KTimestamp7
INFO: dumping function: _KPhi
INFO: dumping function: _KPhi1To1
INFO: dumping function: _KPhi2To1
INFO: dumping function: _KPhi3To1
INFO: dumping function: _KPhi4To1
INFO: dumping function: _KPhiAddCond
INFO: dumping function: _KInduction
INFO: dumping function: _KPushCDep
INFO: dumping function: _KPopCDep
INFO: dumping function: _KPrepRTable
INFO: dumping function: _KInit
INFO: dumping function: _KDeinit
INFO: dumping function: _KEnterRegion
INFO: dumping function: _KExitRegion
INFO: dumping function: _KLandingPad
