INFO: Loop bodies will be given their own region id
DEBUG: new region: FuncRegion(id: 4804266437375031175, name: readfile, fileName: support.c, startLine: 34, endLine: 34
DEBUG: adding readfile (in module: /home/patmos/github/bachelor_project_HLS/candidates/MachSuite/common/support.simplifycfg.mem2reg.indvars.elimsinglephis.criticalpath.bc) to list of defined functions (region_id: 4804266437375031175)
DEBUG: assigning function readfile id 4804266437375031175
DEBUG: new region: FuncRegion(id: 4224449335153044892, name: find_section_start, fileName: support.c, startLine: 56, endLine: 56
DEBUG: adding find_section_start (in module: /home/patmos/github/bachelor_project_HLS/candidates/MachSuite/common/support.simplifycfg.mem2reg.indvars.elimsinglephis.criticalpath.bc) to list of defined functions (region_id: 4224449335153044892)
DEBUG: assigning function find_section_start id 4224449335153044892
DEBUG: new region: FuncRegion(id: 11239481818568906835, name: parse_string, fileName: support.c, startLine: 77, endLine: 77
DEBUG: adding parse_string (in module: /home/patmos/github/bachelor_project_HLS/candidates/MachSuite/common/support.simplifycfg.mem2reg.indvars.elimsinglephis.criticalpath.bc) to list of defined functions (region_id: 11239481818568906835)
DEBUG: assigning function parse_string id 11239481818568906835
DEBUG: new region: FuncRegion(id: 18067897293065917956, name: parse_uint8_t_array, fileName: support.c, startLine: 132, endLine: 132
DEBUG: adding parse_uint8_t_array (in module: /home/patmos/github/bachelor_project_HLS/candidates/MachSuite/common/support.simplifycfg.mem2reg.indvars.elimsinglephis.criticalpath.bc) to list of defined functions (region_id: 18067897293065917956)
DEBUG: assigning function parse_uint8_t_array id 18067897293065917956
DEBUG: new region: FuncRegion(id: 4082976042775274633, name: parse_uint16_t_array, fileName: support.c, startLine: 133, endLine: 133
DEBUG: adding parse_uint16_t_array (in module: /home/patmos/github/bachelor_project_HLS/candidates/MachSuite/common/support.simplifycfg.mem2reg.indvars.elimsinglephis.criticalpath.bc) to list of defined functions (region_id: 4082976042775274633)
DEBUG: assigning function parse_uint16_t_array id 4082976042775274633
DEBUG: new region: FuncRegion(id: 10259132171374561677, name: parse_uint32_t_array, fileName: support.c, startLine: 134, endLine: 134
DEBUG: adding parse_uint32_t_array (in module: /home/patmos/github/bachelor_project_HLS/candidates/MachSuite/common/support.simplifycfg.mem2reg.indvars.elimsinglephis.criticalpath.bc) to list of defined functions (region_id: 10259132171374561677)
DEBUG: assigning function parse_uint32_t_array id 10259132171374561677
DEBUG: new region: FuncRegion(id: 6984281343801798025, name: parse_uint64_t_array, fileName: support.c, startLine: 135, endLine: 135
DEBUG: adding parse_uint64_t_array (in module: /home/patmos/github/bachelor_project_HLS/candidates/MachSuite/common/support.simplifycfg.mem2reg.indvars.elimsinglephis.criticalpath.bc) to list of defined functions (region_id: 6984281343801798025)
DEBUG: assigning function parse_uint64_t_array id 6984281343801798025
DEBUG: new region: FuncRegion(id: 10368643292686052621, name: parse_int8_t_array, fileName: support.c, startLine: 136, endLine: 136
DEBUG: adding parse_int8_t_array (in module: /home/patmos/github/bachelor_project_HLS/candidates/MachSuite/common/support.simplifycfg.mem2reg.indvars.elimsinglephis.criticalpath.bc) to list of defined functions (region_id: 10368643292686052621)
DEBUG: assigning function parse_int8_t_array id 10368643292686052621
DEBUG: new region: FuncRegion(id: 8652133816544483974, name: parse_int16_t_array, fileName: support.c, startLine: 137, endLine: 137
DEBUG: adding parse_int16_t_array (in module: /home/patmos/github/bachelor_project_HLS/candidates/MachSuite/common/support.simplifycfg.mem2reg.indvars.elimsinglephis.criticalpath.bc) to list of defined functions (region_id: 8652133816544483974)
DEBUG: assigning function parse_int16_t_array id 8652133816544483974
DEBUG: new region: FuncRegion(id: 10017435627594987829, name: parse_int32_t_array, fileName: support.c, startLine: 138, endLine: 138
DEBUG: adding parse_int32_t_array (in module: /home/patmos/github/bachelor_project_HLS/candidates/MachSuite/common/support.simplifycfg.mem2reg.indvars.elimsinglephis.criticalpath.bc) to list of defined functions (region_id: 10017435627594987829)
DEBUG: assigning function parse_int32_t_array id 10017435627594987829
DEBUG: new region: FuncRegion(id: 14052580794122421630, name: parse_int64_t_array, fileName: support.c, startLine: 139, endLine: 139
DEBUG: adding parse_int64_t_array (in module: /home/patmos/github/bachelor_project_HLS/candidates/MachSuite/common/support.simplifycfg.mem2reg.indvars.elimsinglephis.criticalpath.bc) to list of defined functions (region_id: 14052580794122421630)
DEBUG: assigning function parse_int64_t_array id 14052580794122421630
DEBUG: new region: FuncRegion(id: 10401882435940556372, name: parse_float_array, fileName: support.c, startLine: 141, endLine: 141
DEBUG: adding parse_float_array (in module: /home/patmos/github/bachelor_project_HLS/candidates/MachSuite/common/support.simplifycfg.mem2reg.indvars.elimsinglephis.criticalpath.bc) to list of defined functions (region_id: 10401882435940556372)
DEBUG: assigning function parse_float_array id 10401882435940556372
DEBUG: new region: FuncRegion(id: 15764934392818765888, name: parse_double_array, fileName: support.c, startLine: 142, endLine: 142
DEBUG: adding parse_double_array (in module: /home/patmos/github/bachelor_project_HLS/candidates/MachSuite/common/support.simplifycfg.mem2reg.indvars.elimsinglephis.criticalpath.bc) to list of defined functions (region_id: 15764934392818765888)
DEBUG: assigning function parse_double_array id 15764934392818765888
DEBUG: new region: FuncRegion(id: 11244292064004329792, name: write_string, fileName: support.c, startLine: 145, endLine: 145
DEBUG: adding write_string (in module: /home/patmos/github/bachelor_project_HLS/candidates/MachSuite/common/support.simplifycfg.mem2reg.indvars.elimsinglephis.criticalpath.bc) to list of defined functions (region_id: 11244292064004329792)
DEBUG: assigning function write_string id 11244292064004329792
DEBUG: new region: FuncRegion(id: 11985766215943126194, name: write_uint8_t_array, fileName: support.c, startLine: 177, endLine: 177
DEBUG: adding write_uint8_t_array (in module: /home/patmos/github/bachelor_project_HLS/candidates/MachSuite/common/support.simplifycfg.mem2reg.indvars.elimsinglephis.criticalpath.bc) to list of defined functions (region_id: 11985766215943126194)
DEBUG: assigning function write_uint8_t_array id 11985766215943126194
DEBUG: new region: FuncRegion(id: 15143029289207758562, name: write_uint16_t_array, fileName: support.c, startLine: 178, endLine: 178
DEBUG: adding write_uint16_t_array (in module: /home/patmos/github/bachelor_project_HLS/candidates/MachSuite/common/support.simplifycfg.mem2reg.indvars.elimsinglephis.criticalpath.bc) to list of defined functions (region_id: 15143029289207758562)
DEBUG: assigning function write_uint16_t_array id 15143029289207758562
DEBUG: new region: FuncRegion(id: 5084888746074507704, name: write_uint32_t_array, fileName: support.c, startLine: 179, endLine: 179
DEBUG: adding write_uint32_t_array (in module: /home/patmos/github/bachelor_project_HLS/candidates/MachSuite/common/support.simplifycfg.mem2reg.indvars.elimsinglephis.criticalpath.bc) to list of defined functions (region_id: 5084888746074507704)
DEBUG: assigning function write_uint32_t_array id 5084888746074507704
DEBUG: new region: FuncRegion(id: 1066726867581595272, name: write_uint64_t_array, fileName: support.c, startLine: 180, endLine: 180
DEBUG: adding write_uint64_t_array (in module: /home/patmos/github/bachelor_project_HLS/candidates/MachSuite/common/support.simplifycfg.mem2reg.indvars.elimsinglephis.criticalpath.bc) to list of defined functions (region_id: 1066726867581595272)
DEBUG: assigning function write_uint64_t_array id 1066726867581595272
DEBUG: new region: FuncRegion(id: 1996429349242365806, name: write_int8_t_array, fileName: support.c, startLine: 181, endLine: 181
DEBUG: adding write_int8_t!{!"0x11\0012\00clang version 3.6.1 (tags/RELEASE_361/final)\000\00\000\00\001", <0x2dba2f0>, <0x2dc18d0>, <0x2dbb710>, <0x2dd0340>, <0x2dc18d0>, <0x2dc18d0>} ; [ DW_TAG_compile_unit ] [/home/patmos/github/bachelor_project_HLS/candidates/MachSuite/viterbi/viterbi/../../common/support.c] [DW_LANG_C99]

!{!"0x2e\00readfile\00readfile\00\0034\000\001\000\000\00256\000\0034", <0x2dbb620>, <0x2dbbe80>, <0x2dbbf70>, null, i8* (i32)* @readfile, null, null, <0x2dc18d0>} ; [ DW_TAG_subprogram ] [line 34] [def] [readfile]

!{!"0x2e\00find_section_start\00find_section_start\00\0056\000\001\000\000\00256\000\0056", <0x2dbb620>, <0x2dbbe80>, <0x2dbc0d0>, null, i8* (i8*, i32)* @find_section_start, null, null, <0x2dc18d0>} ; [ DW_TAG_subprogram ] [line 56] [def] [find_section_start]

!{!"0x2e\00parse_string\00parse_string\00\0077\000\001\000\000\00256\000\0077", <0x2dbb620>, <0x2dbbe80>, <0x2dbba50>, null, i32 (i8*, i8*, i32)* @parse_string, null, null, <0x2dc18d0>} ; [ DW_TAG_subprogram ] [line 77] [def] [parse_string]

!{!"0x2e\00parse_uint8_t_array\00parse_uint8_t_array\00\00132\000\001\000\000\00256\000\00132", <0x2dbb620>, <0x2dbbe80>, <0x2dc77f0>, null, i32 (i8*, i8*, i32)* @parse_uint8_t_array, null, null, <0x2dc18d0>} ; [ DW_TAG_subprogram ] [line 132] [def] [parse_uint8_t_array]

!{!"0x2e\00parse_uint16_t_array\00parse_uint16_t_array\00\00133\000\001\000\000\00256\000\00133", <0x2dbb620>, <0x2dbbe80>, <0x2dc7ab0>, null, i32 (i8*, i16*, i32)* @parse_uint16_t_array, null, null, <0x2dc18d0>} ; [ DW_TAG_subprogram ] [line 133] [def] [parse_uint16_t_array]

!{!"0x2e\00parse_uint32_t_array\00parse_uint32_t_array\00\00134\000\001\000\000\00256\000\00134", <0x2dbb620>, <0x2dbbe80>, <0x2dc7d70>, null, i32 (i8*, i32*, i32)* @parse_uint32_t_array, null, null, <0x2dc18d0>} ; [ DW_TAG_subprogram ] [line 134] [def] [parse_uint32_t_array]

!{!"0x2e\00parse_uint64_t_array\00parse_uint64_t_array\00\00135\000\001\000\000\00256\000\00135", <0x2dbb620>, <0x2dbbe80>, <0x2dc8240>, null, i32 (i8*, i64*, i32)* @parse_uint64_t_array, null, null, <0x2dc18d0>} ; [ DW_TAG_subprogram ] [line 135] [def] [parse_uint64_t_array]

!{!"0x2e\00parse_int8_t_array\00parse_int8_t_array\00\00136\000\001\000\000\00256\000\00136", <0x2dbb620>, <0x2dbbe80>, <0x2dc8500>, null, i32 (i8*, i8*, i32)* @parse_int8_t_array, null, null, <0x2dc18d0>} ; [ DW_TAG_subprogram ] [line 136] [def] [parse_int8_t_array]

!{!"0x2e\00parse_int16_t_array\00parse_int16_t_array\00\00137\000\001\000\000\00256\000\00137", <0x2dbb620>, <0x2dbbe80>, <0x2dc87c0>, null, i32 (i8*, i16*, i32)* @parse_int16_t_array, null, null, <0x2dc18d0>} ; [ DW_TAG_subprogram ] [line 137] [def] [parse_int16_t_array]

!{!"0x2e\00parse_int32_t_array\00parse_int32_t_array\00\00138\000\001\000\000\00256\000\00138", <0x2dbb620>, <0x2dbbe80>, <0x2dc8a80>, null, i32 (i8*, i32*, i32)* @parse_int32_t_array, null, null, <0x2dc18d0>} ; [ DW_TAG_subprogram ] [line 138] [def] [parse_int32_t_array]

!{!"0x2e\00parse_int64_t_array\00parse_int64_t_array\00\00139\000\001\000\000\00256\000\00139", <0x2dbb620>, <0x2dbbe80>, <0x2dc8d40>, null, i32 (i8*, i64*, i32)* @parse_int64_t_array, null, null, <0x2dc18d0>} ; [ DW_TAG_subprogram ] [line 139] [def] [parse_int64_t_array]

!{!"0x2e\00parse_float_array\00parse_float_array\00\00141\000\001\000\000\00256\000\00141", <0x2dbb620>, <0x2dbbe80>, <0x2dc8f90>, null, i32 (i8*, float*, i32)* @parse_float_array, null, null, <0x2dc18d0>} ; [ DW_TAG_subprogram ] [line 141] [def] [parse_float_array]

!{!"0x2e\00parse_double_array\00parse_double_array\00\00142\000\001\000\000\00256\000\00142", <0x2dbb620>, <0x2dbbe80>, <0x2dc9250>, null, i32 (i8*, double*, i32)* @parse_double_array, null, null, <0x2dc18d0>} ; [ DW_TAG_subprogram ] [line 142] [def] [parse_double_array]

!{!"0x2e\00write_string\00write_string\00\00145\000\001\000\000\00256\000\00145", <0x2dbb620>, <0x2dbbe80>, <0x2dc6dd0>, null, i32 (i32, i8*, i32)* @write_string, null, null, <0x2dc18d0>} ; [ DW_TAG_subprogram ] [line 145] [def] [write_string]

!{!"0x2e\00write_uint8_t_array\00write_uint8_t_array\00\00177\000\001\000\000\00256\000\00177", <0x2dbb620>, <0x2dbbe80>, <0x2dcddf0>, null, i32 (i32, i8*, i32)* @write_uint8_t_array, null, null, <0x2dc18d0>} ; [ DW_TAG_subprogram ] [line 177] [def] [write_uint8_t_array]

!{!"0x2e\00write_uint16_t_array\00write_uint16_t_array\00\00178\000\001\000\000\00256\000\00178", <0x2dbb620>, <0x2dbbe80>, <0x2dce060>, null, i32 (i32, i16*, i32)* @write_uint16_t_array, null, null, <0x2dc18d0>} ; [ DW_TAG_subprogram ] [line 178] [def] [write_uint16_t_array]

!{!"0x2e\00write_uint32_t_array\00write_uint32_t_array\00\00179\000\001\000\000\00256\000\00179", <0x2dbb620>, <0x2dbbe80>, <0x2dce2d0>, null, i32 (i32, i32*, i32)* @write_uint32_t_array, null, null, <0x2dc18d0>} ; [ DW_TAG_subprogram ] [line 179] [def] [write_uint32_t_array]

!{!"0x2e\00write_uint64_t_array\00write_uint64_t_array\00\00180\000\001\000\000\00256\000\00180", <0x2dbb620>, <0x2dbbe80>, <0x2dce540>, null, i32 (i32, i64*, i32)* @write_uint64_t_array, null, null, <0x2dc18d0>} ; [ DW_TAG_subprogram ] [line 180] [def] [write_uint64_t_array]

!{!"0x2e\00write_int8_t_array\00write_int8_t_array\00\00181\000\001\000\000\00256\000\00181", <0x2dbb620>, <0x2dbbe80>, <0x2dce7b0>, null, i32 (i32, i8*, i32)* @write_int8_t_array, null, null, <0x2dc18d0>} ; [ DW_TAG_subprogram ] [line 181] [def] [write_int8_t_array]

!{!"0x2e\00write_int16_t_array\00write_int16_t_array\00\00182\000\001\000\000\00256\000\00182", <0x2dbb620>, <0x2dbbe80>, <0x2dc7de0>, null, i32 (i32, i16*, i32)* @write_int16_t_array, null, null, <0x2dc18d0>} ; [ DW_TAG_subprogram ] [line 182] [def] [write_int16_t_array]

!{!"0x2e\00write_int32_t_array\00write_int32_t_array\00\00183\000\001\000\000\00256\000\00183", <0x2dbb620>, <0x2dbbe80>, <0x2dc8050>, null, i32 (i32, i32*, i32)* @write_int32_t_array, null, null, <0x2dc18d0>} ; [ DW_TAG_subprogram ] [line 183] [def] [write_int32_t_array]

!{!"0x2e\00write_int64_t_array\00write_int64_t_array\00\00184\000\001\000\000\00256\000\00184", <0x2dbb620>, <0x2dbbe80>, <0x2dc64a0>, null, i32 (i32, i64*, i32)* @write_int64_t_array, null, null, <0x2dc18d0>} ; [ DW_TAG_subprogram ] [line 184] [def] [write_int64_t_array]

!{!"0x2e\00write_float_array\00write_float_array\00\00186\000\001\000\000\00256\000\00186", <0x2dbb620>, <0x2dbbe80>, <0x2dcf850>, null, i32 (i32, float*, i32)* @write_float_array, null, null, <0x2dc18d0>} ; [ DW_TAG_subprogram ] [line 186] [def] [write_float_array]

!{!"0x2e\00write_double_array\00write_double_array\00\00187\000\001\000\000\00256\000\00187", <0x2dbb620>, <0x2dbbe80>, <0x2dcfac0>, null, i32 (i32, double*, i32)* @write_double_array, null, null, <0x2dc18d0>} ; [ DW_TAG_subprogram ] [line 187] [def] [write_double_array]

!{!"0x2e\00write_section_header\00write_section_header\00\00189\000\001\000\000\00256\000\00189", <0x2dbb620>, <0x2dbbe80>, <0x2dcfd30>, null, i32 (i32)* @write_section_header, null, null, <0x2dc18d0>} ; [ DW_TAG_subprogram ] [line 189] [def] [write_section_header]

!{!"0x2e\00fd_printf\00fd_printf\00\0015\001\001\000\000\00256\000\0015", <0x2dbb620>, <0x2dbbe80>, <0x2dcffd0>, null, i32 (i32, i8*, ...)* @fd_printf, null, null, <0x2dc18d0>} ; [ DW_TAG_subprogram ] [line 15] [local] [def] [fd_printf]

!{!"0x15\00\000\000\000\000\000\000", null, null, null, <0x2dbbf00>, null, null, null} ; [ DW_TAG_subroutine_type ] [line 0, size 0, align 0, offset 0] [from ]

!{!"0xf\00\000\0064\0064\000\000", null, null, <0x2dba378>} ; [ DW_TAG_pointer_type ] [line 0, size 64, align 64, offset 0] [from char]

!{!"0x24\00char\000\008\008\000\000\006", null, null} ; [ DW_TAG_base_type ] [char] [line 0, size 8, align 8, offset 0, enc DW_ATE_signed_char]

!{!"0x24\00int\000\0032\0032\000\000\005", null, null} ; [ DW_TAG_base_type ] [int] [line 0, size 32, align 32, offset 0, enc DW_ATE_signed]

!{!"0x15\00\000\000\000\000\000\000", null, null, null, <0x2db9cc8>, null, null, null} ; [ DW_TAG_subroutine_type ] [line 0, size 0, align 0, offset 0] [from ]

!{!"0x15\00\000\000\000\000\000\000", null, null, null, <0x2dbb9e0>, null, null, null} ; [ DW_TAG_subroutine_type ] [line 0, size 0, align 0, offset 0] [from ]

!{!"0x15\00\000\000\000\000\000\000", null, null, null, <0x2dc7780>, null, null, null} ; [ DW_TAG_subroutine_type ] [line 0, size 0, align 0, offset 0] [from ]

!{!"0xf\00\000\0064\0064\000\000", null, null, <0x2dbb2b0>} ; [ DW_TAG_pointer_type ] [line 0, size 64, align 64, offset 0] [from uint8_t]

!{!"0x16\00uint8_t\0048\000\000\000\000", <0x2dbb1e0>, null, <0x2dbb268>} ; [ DW_TAG_typedef ] [uint8_t] [line 48, size 0, align 0, offset 0] [from unsigned char]

!{!"0x24\00unsigned char\000\008\008\000\000\008", null, null} ; [ DW_TAG_base_type ] [unsigned char] [line 0, size 8, align 8, offset 0, enc DW_ATE_unsigned_char]

!{!"0x15\00\000\000\000\000\000\000", null, null, null, <0x2dc7a40>, null, null, null} ; [ DW_TAG_subroutine_type ] [line 0, size 0, align 0, offset 0] [from ]

!{!"0xf\00\000\0064\0064\000\000", null, null, <0x2dbb450>} ; [ DW_TAG_pointer_type ] [line 0, size 64, align 64, offset 0] [from uint16_t]

!{!"0x16\00uint16_t\0049\000\000\000\000", <0x2dbb1e0>, null, <0x2dbb128>} ; [ DW_TAG_typedef ] [uint16_t] [line 49, size 0, align 0, offset 0] [from unsigned short]

!{!"0x24\00unsigned short\000\0016\0016\000\000\007", null, null} ; [ DW_TAG_base_type ] [unsigned short] [line 0, size 16, align 16, offset 0, enc DW_ATE_unsigned]

!{!"0x15\00\000\000\000\000\000\000", null, null, null, <0x2dc7d00>, null, null, null} ; [ DW_TAG_subroutine_type ] [line 0, size 0, align 0, offset 0] [from ]

!{!"0xf\00\000\0064\0064\000\000", null, null, <0x2dbb560>} ; [ DW_TAG_pointer_type ] [line 0, size 64, align 64, offset 0] [from uint32_t]

!{!"0x16\00uint32_t\0051\000\000\000\000", <0x2dbb1e0>, null, <0x2dbb518>} ; [ DW_TAG_typedef ] [uint32_t] [line 51, size 0, align 0, offset 0] [from unsigned int]

!{!"0x24\00unsigned int\000\0032\0032\000\000\007", null, null} ; [ DW_TAG_base_type ] [unsigned int] [line 0, size 32, align 32, offset 0, enc DW_ATE_unsigned]

!{!"0x15\00\000\000\000\000\000\000", null, null, null, <0x2dc81d0>, null, null, null} ; [ DW_TAG_subroutine_type ] [line 0, size 0, align 0, offset 0] [from ]

!{!"0xf\00\000\0064\0064\000\000", null, null, <0x2db9c80>} ; [ DW_TAG_pointer_type ] [line 0, size 64, align 64, offset 0] [from uint64_t]

!{!"0x16\00uint64_t\0055\000\000\000\000", <0x2dbb1e0>, null, <0x2db9c38>} ; [ DW_TAG_typedef ] [uint64_t] [line 55, size 0, align 0, offset 0] [from long unsigned int]

!{!"0x24\00long unsigned int\000\0064\0064\000\000\007", null, null} ; [ DW_TAG_base_type ] [long unsigned int] [line 0, size 64, align 64, offset 0, enc DW_ATE_unsigned]

!{!"0x15\00\000\000\000\000\000\000", null, null, null, <0x2dc8490>, null, null, null} ; [ DW_TAG_subroutine_type ] [line 0, size 0, align 0, offset 0] [from ]

!{!"0xf\00\000\0064\0064\000\000", null, null, <0x2dbb340>} ; [ DW_TAG_pointer_type ] [line 0, size 64, align 64, offset 0] [from int8_t]

!{!"0x16\00int8_t\00194\000\000\000\000", <0x2dbb7c0>, null, <0x2dbb898>} ; [ DW_TAG_typedef ] [int8_t] [line 194, size 0, align 0, offset 0] [from signed char]

!{!"0x24\00signed char\000\008\008\000\000\006", null, null} ; [ DW_TAG_base_type ] [signed char] [line 0, size 8, align 8, offset 0, enc DW_ATE_signed_char]

!{!"0x15\00\000\000\000\000\000\000", null, null, null, <0x2dc8750>, null, null, null} ; [ DW_TAG_subroutine_type ] [line 0, size 0, align 0, offset 0] [from ]

!{!"0xf\00\000\0064\0064\000\000", null, null, <0x2dbbaf0>} ; [ DW_TAG_pointer_type ] [line 0, size 64, align 64, offset 0] [from int16_t]

!{!"0x16\00int16_t\00195\000\000\000\000", <0x2dbb7c0>, null, <0x2dbb408>} ; [ DW_TAG_typedef ] [int16_t] [line 195, size 0, align 0, offset 0] [from short]

!{!"0x24\00short\000\0016\0016\000\000\005", null, null} ; [ DW_TAG_base_type ] [short] [line 0, size 16, align 16, offset 0, enc DW_ATE_signed]

!{!"0x15\00\000\000\000\000\000\000", null, null, null, <0x2dc8a10>, null, null, null} ; [ DW_TAG_subroutine_type ] [line 0, size 0, align 0, offset 0] [from ]

!{!"0xf\00\000\0064\0064\000\000", null, null, <0x2dbbc00>} ; [ DW_TAG_pointer_type ] [line 0, size 64, align 64, offset 0] [from int32_t]

!{!"0x16\00int32_t\00196\000\000\000\000", <0x2dbb7c0>, null, <0x2dbbbb8>} ; [ DW_TAG_typedef ] [int32_t] [line 196, size 0, align 0, offset 0] [from int]

!{!"0x15\00\000\000\000\000\000\000", null, null, null, <0x2dc8cd0>, null, null, null} ; [ DW_TAG_subroutine_type ] [line 0, size 0, align 0, offset 0] [from ]

!{!"0xf\00\000\0064\0064\000\000", null, null, <0x2dbbd10>} ; [ DW_TAG_pointer_type ] [line 0, size 64, align 64, offset 0] [from int64_t]

!{!"0x16\00int64_t\00197\000\000\000\000", <0x2dbb7c0>, null, <0x2dbbcc8>} ; [ DW_TAG_typedef ] [int64_t] [line 197, size 0, align 0, offset 0] [from long int]

!{!"0x24\00long int\000\0064\0064\000\000\005", null, null} ; [ DW_TAG_base_type ] [long int] [line 0, size 64, align 64, offset 0, enc DW_ATE_signed]

!{!"0x15\00\000\000\000\000\000\000", null, null, null, <0x2dc8f20>, null, null, null} ; [ DW_TAG_subroutine_type ] [line 0, size 0, align 0, offset 0] [from ]

!{!"0xf\00\000\0064\0064\000\000", null, null, <0x2dbbd98>} ; [ DW_TAG_pointer_type ] [line 0, size 64, align 64, offset 0] [from float]

!{!"0x24\00float\000\0032\0032\000\000\004", null, null} ; [ DW_TAG_base_type ] [float] [line 0, size 32, align 32, offset 0, enc DW_ATE_float]

!{!"0x15\00\000\000\000\000\000\000", null, null, null, <0x2dc91e0>, null, null, null} ; [ DW_TAG_subroutine_type ] [line 0, size 0, align 0, offset 0] [from ]

!{!"0xf\00\000\0064\0064\000\000", null, null, <0x2dbb5e8>} ; [ DW_TAG_pointer_type ] [line 0, size 64, align 64, offset 0] [from double]

!{!"0x24\00double\000\0064\0064\000\000\004", null, null} ; [ DW_TAG_base_type ] [double] [line 0, size 64, align 64, offset 0, enc DW_ATE_float]

!{!"0x15\00\000\000\000\000\000\000", null, null, null, <0x2dc6d60>, null, null, null} ; [ DW_TAG_subroutine_type ] [line 0, size 0, align 0, offset 0] [from ]

!{!"0x15\00\000\000\000\000\000\000", null, null, null, <0x2dc6eb0>, null, null, null} ; [ DW_TAG_subroutine_type ] [line 0, size 0, align 0, offset 0] [from ]

!{!"0x15\00\000\000\000\000\000\000", null, null, null, <0x2dcded0>, null, null, null} ; [ DW_TAG_subroutine_type ] [line 0, size 0, align 0, offset 0] [from ]

!{!"0x15\00\000\000\000\000\000\000", null, null, null, <0x2dce140>, null, null, null} ; [ DW_TAG_subroutine_type ] [line 0, size 0, align 0, offset 0] [from ]

!{!"0x15\00\000\000\000\000\000\000", null, null, null, <0x2dce3b0>, null, null, null} ; [ DW_TAG_subroutine_type ] [line 0, size 0, align 0, offset 0] [from ]

!{!"0x15\00\000\000\000\000\000\000", null, null, null, <0x2dce620>, null, null, null} ; [ DW_TAG_subroutine_type ] [line 0, size 0, align 0, offset 0] [from ]

!{!"0x15\00\000\000\000\000\000\000", null, null, null, <0x2dce890>, null, null, null} ; [ DW_TAG_subroutine_type ] [line 0, size 0, align 0, offset 0] [from ]

!{!"0x15\00\000\000\000\000\000\000", null, null, null, <0x2dc7ec0>, null, null, null} ; [ DW_TAG_subroutine_type ] [line 0, size 0, align 0, offset 0] [from ]

!{!"0x15\00\000\000\000\000\000\000", null, null, null, <0x2dc8130>, null, null, null} ; [ DW_TAG_subroutine_type ] [line 0, size 0, align 0, offset 0] [from ]

!{!"0x15\00\000\000\000\000\000\000", null, null, null, <0x2dc8180>, null, null, null} ; [ DW_TAG_subroutine_type ] [line 0, size 0, align 0, offset 0] [from ]

!{!"0x15\00\000\000\000\000\000\000", null, null, null, <0x2dcf930>, null, null, null} ; [ DW_TAG_subroutine_type ] [line 0, size 0, align 0, offset 0] [from ]

!{!"0x15\00\000\000\000\000\000\000", null, null, null, <0x2dc7bd0>, null, null, null} ; [ DW_TAG_subroutine_type ] [line 0, size 0, align 0, offset 0] [from ]

!{!"0x15\00\000\000\000\000\000\000", null, null, null, <0x2dcff60>, null, null, null} ; [ DW_TAG_subroutine_type ] [line 0, size 0, align 0, offset 0] [from ]

!{!"0xf\00\000\0064\0064\000\000", null, null, <0x2dcfe10>} ; [ DW_TAG_pointer_type ] [line 0, size 64, align 64, offset 0] [from ]

!{!"0x26\00\000\000\000\000\000", null, null, <0x2dba378>} ; [ DW_TAG_const_type ] [line 0, size 0, align 0, offset 0] [from char]

!{!"0xf\00\000\0064\0064\000\000", null, null, null} ; [ DW_TAG_pointer_type ] [line 0, size 64, align 64, offset 0] [from ]

Meta data for 2444372450501334189
Meta data for 17967179616564883185
_array (in module: /home/patmos/github/bachelor_project_HLS/candidates/MachSuite/common/support.simplifycfg.mem2reg.indvars.elimsinglephis.criticalpath.bc) to list of defined functions (region_id: 1996429349242365806)
DEBUG: assigning function write_int8_t_array id 1996429349242365806
DEBUG: new region: FuncRegion(id: 17412751399831844312, name: write_int16_t_array, fileName: support.c, startLine: 182, endLine: 182
DEBUG: adding write_int16_t_array (in module: /home/patmos/github/bachelor_project_HLS/candidates/MachSuite/common/support.simplifycfg.mem2reg.indvars.elimsinglephis.criticalpath.bc) to list of defined functions (region_id: 17412751399831844312)
DEBUG: assigning function write_int16_t_array id 17412751399831844312
DEBUG: new region: FuncRegion(id: 13540068569190217871, name: write_int32_t_array, fileName: support.c, startLine: 183, endLine: 183
DEBUG: adding write_int32_t_array (in module: /home/patmos/github/bachelor_project_HLS/candidates/MachSuite/common/support.simplifycfg.mem2reg.indvars.elimsinglephis.criticalpath.bc) to list of defined functions (region_id: 13540068569190217871)
DEBUG: assigning function write_int32_t_array id 13540068569190217871
DEBUG: new region: FuncRegion(id: 14424623054116082413, name: write_int64_t_array, fileName: support.c, startLine: 184, endLine: 184
DEBUG: adding write_int64_t_array (in module: /home/patmos/github/bachelor_project_HLS/candidates/MachSuite/common/support.simplifycfg.mem2reg.indvars.elimsinglephis.criticalpath.bc) to list of defined functions (region_id: 14424623054116082413)
DEBUG: assigning function write_int64_t_array id 14424623054116082413
DEBUG: new region: FuncRegion(id: 334673261070660700, name: write_float_array, fileName: support.c, startLine: 186, endLine: 186
DEBUG: adding write_float_array (in module: /home/patmos/github/bachelor_project_HLS/candidates/MachSuite/common/support.simplifycfg.mem2reg.indvars.elimsinglephis.criticalpath.bc) to list of defined functions (region_id: 334673261070660700)
DEBUG: assigning function write_float_array id 334673261070660700
DEBUG: new region: FuncRegion(id: 1923433350779250899, name: write_double_array, fileName: support.c, startLine: 187, endLine: 187
DEBUG: adding write_double_array (in module: /home/patmos/github/bachelor_project_HLS/candidates/MachSuite/common/support.simplifycfg.mem2reg.indvars.elimsinglephis.criticalpath.bc) to list of defined functions (region_id: 1923433350779250899)
DEBUG: assigning function write_double_array id 1923433350779250899
DEBUG: new region: FuncRegion(id: 1651520443893317859, name: write_section_header, fileName: support.c, startLine: 189, endLine: 189
DEBUG: adding write_section_header (in module: /home/patmos/github/bachelor_project_HLS/candidates/MachSuite/common/support.simplifycfg.mem2reg.indvars.elimsinglephis.criticalpath.bc) to list of defined functions (region_id: 1651520443893317859)
DEBUG: assigning function write_section_header id 1651520443893317859
DEBUG: found 25 func regions
INFO: Inserting the following instrumentation calls:
INFO: _KDeinit
INFO: _KEnterRegion
INFO: _KExitRegion
INFO: _KInit
INFO: _KLandingPad
DEBUG: Debug information:
DEBUG: region name to id: readfile is 4804266437375031175
DEBUG: found 1 loops in function readfile
DEBUG: assigning id = 2444372450501334189 to loop with the following BBs:
	while.cond while.body cond.end18 
DEBUG: /home/patmos/Developer/kremlin/instrument/llvm/llvm-3.6.1.src/lib/Transforms/KremlinInstrument/LoopBodyRegion.cpp:82 Meta data for 69007349269106099
DEBUG: assigning id = 69007349269106099 to body of loop
DEBUG: while.cond has 1 possible loop exit points
DEBUG: 	target #0: while.end
DEBUG: while.body has 1 possible loop exit points
DEBUG: 	target #0: cond.false17
DEBUG: region name to id: find_section_start is 4224449335153044892
DEBUG: found 1 loops in function find_section_start
DEBUG: assigning id = 17967179616564883185 to loop with the following BBs:
	while.cond land.rhs land.end while.body land.lhs.true8 land.lhs.true13 if.then18 if.end19 
DEBUG: /home/patmos/Developer/kremlin/instrument/llvm/llvm-3.6.1.src/liMeta data for 8557801256059988748
Meta data for 15070239466366750202
Meta data for 16155769075358670936
Meta data for 13684503236993408628
Meta data for 7214050137224118387
Meta data for 14204400473429609310
Meta data for 9176842507570509250
b/Transforms/KremlinInstrument/LoopBodyRegion.cpp:82 Meta data for 12402721235858754144
DEBUG: assigning id = 12402721235858754144 to body of loop
DEBUG: land.end has 1 possible loop exit points
DEBUG: 	target #0: while.end
DEBUG: region name to id: parse_string is 11239481818568906835
DEBUG: found 1 loops in function parse_string
DEBUG: assigning id = 8557801256059988748 to loop with the following BBs:
	while.cond land.lhs.true4 land.lhs.true10 land.rhs land.lhs.true22 land.rhs29 land.end while.body 
DEBUG: /home/patmos/Developer/kremlin/instrument/llvm/llvm-3.6.1.src/lib/Transforms/KremlinInstrument/LoopBodyRegion.cpp:82 Meta data for 16977036184201087707
DEBUG: assigning id = 16977036184201087707 to body of loop
DEBUG: while.cond has 1 possible loop exit points
DEBUG: 	target #0: if.end.loopexit
DEBUG: land.lhs.true4 has 1 possible loop exit points
DEBUG: 	target #0: if.end.loopexit
DEBUG: land.lhs.true10 has 1 possible loop exit points
DEBUG: 	target #0: if.end.loopexit
DEBUG: land.end has 1 possible loop exit points
DEBUG: 	target #0: if.end.loopexit
DEBUG: region name to id: parse_uint8_t_array is 18067897293065917956
DEBUG: found 1 loops in function parse_uint8_t_array
DEBUG: assigning id = 15070239466366750202 to loop with the following BBs:
	while.cond land.rhs land.end while.body if.then if.end 
DEBUG: /home/patmos/Developer/kremlin/instrument/llvm/llvm-3.6.1.src/lib/Transforms/KremlinInstrument/LoopBodyRegion.cpp:82 Meta data for 777562392579515007
DEBUG: assigning id = 777562392579515007 to body of loop
DEBUG: land.end has 1 possible loop exit points
DEBUG: 	target #0: while.end
DEBUG: region name to id: parse_uint16_t_array is 4082976042775274633
DEBUG: found 1 loops in function parse_uint16_t_array
DEBUG: assigning id = 16155769075358670936 to loop with the following BBs:
	while.cond land.rhs land.end while.body if.then if.end 
DEBUG: /home/patmos/Developer/kremlin/instrument/llvm/llvm-3.6.1.src/lib/Transforms/KremlinInstrument/LoopBodyRegion.cpp:82 Meta data for 14436106540922281152
DEBUG: assigning id = 14436106540922281152 to body of loop
DEBUG: land.end has 1 possible loop exit points
DEBUG: 	target #0: while.end
DEBUG: region name to id: parse_uint32_t_array is 10259132171374561677
DEBUG: found 1 loops in function parse_uint32_t_array
DEBUG: assigning id = 13684503236993408628 to loop with the following BBs:
	while.cond land.rhs land.end while.body if.then if.end 
DEBUG: /home/patmos/Developer/kremlin/instrument/llvm/llvm-3.6.1.src/lib/Transforms/KremlinInstrument/LoopBodyRegion.cpp:82 Meta data for 5405915494116036665
DEBUG: assigning id = 5405915494116036665 to body of loop
DEBUG: land.end has 1 possible loop exit points
DEBUG: 	target #0: while.end
DEBUG: region name to id: parse_uint64_t_array is 6984281343801798025
DEBUG: found 1 loops in function parse_uint64_t_array
DEBUG: assigning id = 7214050137224118387 to loop with the following BBs:
	while.cond land.rhs land.end while.body if.then if.end 
DEBUG: /home/patmos/Developer/kremlin/instrument/llvm/llvm-3.6.1.src/lib/Transforms/KremlinInstrument/LoopBodyRegion.cpp:82 Meta data for 4951939367140304187
DEBUG: assigning id = 4951939367140304187 to body of loop
DEBUG: land.end has 1 possible loop exit points
DEBUG: 	target #0: while.end
DEBUG: region name to id: parse_int8_t_array is 10368643292686052621
DEBUG: found 1 loops in function parse_int8_t_array
DEBUG: assigning id = 14204400473429609310 to loop with the following BBs:
	while.cond land.rhs land.end while.body if.then if.end 
DEBUG: /home/patmos/Developer/kremlin/instrument/llvm/llvm-3.6.1.src/lib/Transforms/KremlinInstrument/LoopBodyRegion.cpp:82 Meta data for 2182092212517917540
DEBUG: assigning id = 2182092212517917540 to body of loop
DEBUG: land.end has 1 possible loop exit points
DEBUG: 	target #0: while.end
DEBUG: region name to id: parse_int16_t_array is 8652133816544483974
DEBUG: found 1 loops in function parse_int16_t_array
DEBUG: assigning id = 9176842507570509250 to loop with the following BBs:
	while.cond land.rhs land.end while.body if.then if.end 
DEBUG: /home/patmos/Developer/Meta data for 14199768173978094417
Meta data for 14775974871393073059
Meta data for 1990351644397210770
Meta data for 13702303441395915715
Meta data for 4408265085678541149
Meta data for 16261457524029167185
Meta data for 10868862013302768123
kremlin/instrument/llvm/llvm-3.6.1.src/lib/Transforms/KremlinInstrument/LoopBodyRegion.cpp:82 Meta data for 11378956626767716519
DEBUG: assigning id = 11378956626767716519 to body of loop
DEBUG: land.end has 1 possible loop exit points
DEBUG: 	target #0: while.end
DEBUG: region name to id: parse_int32_t_array is 10017435627594987829
DEBUG: found 1 loops in function parse_int32_t_array
DEBUG: assigning id = 14199768173978094417 to loop with the following BBs:
	while.cond land.rhs land.end while.body if.then if.end 
DEBUG: /home/patmos/Developer/kremlin/instrument/llvm/llvm-3.6.1.src/lib/Transforms/KremlinInstrument/LoopBodyRegion.cpp:82 Meta data for 2989071964321440014
DEBUG: assigning id = 2989071964321440014 to body of loop
DEBUG: land.end has 1 possible loop exit points
DEBUG: 	target #0: while.end
DEBUG: region name to id: parse_int64_t_array is 14052580794122421630
DEBUG: found 1 loops in function parse_int64_t_array
DEBUG: assigning id = 14775974871393073059 to loop with the following BBs:
	while.cond land.rhs land.end while.body if.then if.end 
DEBUG: /home/patmos/Developer/kremlin/instrument/llvm/llvm-3.6.1.src/lib/Transforms/KremlinInstrument/LoopBodyRegion.cpp:82 Meta data for 12796457556589011788
DEBUG: assigning id = 12796457556589011788 to body of loop
DEBUG: land.end has 1 possible loop exit points
DEBUG: 	target #0: while.end
DEBUG: region name to id: parse_float_array is 10401882435940556372
DEBUG: found 1 loops in function parse_float_array
DEBUG: assigning id = 1990351644397210770 to loop with the following BBs:
	while.cond land.rhs land.end while.body if.then if.end 
DEBUG: /home/patmos/Developer/kremlin/instrument/llvm/llvm-3.6.1.src/lib/Transforms/KremlinInstrument/LoopBodyRegion.cpp:82 Meta data for 8539312347214916176
DEBUG: assigning id = 8539312347214916176 to body of loop
DEBUG: land.end has 1 possible loop exit points
DEBUG: 	target #0: while.end
DEBUG: region name to id: parse_double_array is 15764934392818765888
DEBUG: found 1 loops in function parse_double_array
DEBUG: assigning id = 13702303441395915715 to loop with the following BBs:
	while.cond land.rhs land.end while.body if.then if.end 
DEBUG: /home/patmos/Developer/kremlin/instrument/llvm/llvm-3.6.1.src/lib/Transforms/KremlinInstrument/LoopBodyRegion.cpp:82 Meta data for 15508182393828637158
DEBUG: assigning id = 15508182393828637158 to body of loop
DEBUG: land.end has 1 possible loop exit points
DEBUG: 	target #0: while.end
DEBUG: region name to id: write_string is 11244292064004329792
DEBUG: found 2 loops in function write_string
DEBUG: assigning id = 4408265085678541149 to loop with the following BBs:
	do.body do.cond 
DEBUG: /home/patmos/Developer/kremlin/instrument/llvm/llvm-3.6.1.src/lib/Transforms/KremlinInstrument/LoopBodyRegion.cpp:82 Meta data for 2219929870039870981
DEBUG: assigning id = 2219929870039870981 to body of loop
DEBUG: assigning id = 16261457524029167185 to loop with the following BBs:
	while.cond while.body cond.end12 
DEBUG: /home/patmos/Developer/kremlin/instrument/llvm/llvm-3.6.1.src/lib/Transforms/KremlinInstrument/LoopBodyRegion.cpp:82 Meta data for 18292003907264811102
DEBUG: assigning id = 18292003907264811102 to body of loop
DEBUG: do.body has 1 possible loop exit points
DEBUG: 	target #0: cond.false19
DEBUG: do.cond has 1 possible loop exit points
DEBUG: 	target #0: do.end
DEBUG: while.cond has 1 possible loop exit points
DEBUG: 	target #0: do.body.preheader
DEBUG: while.body has 1 possible loop exit points
DEBUG: 	target #0: cond.false11
DEBUG: region name to id: write_uint8_t_array is 11985766215943126194
DEBUG: found 1 loops in function write_uint8_t_array
DEBUG: assigning id = 10868862013302768123 to loop with the following BBs:
	for.cond for.body 
DEBUG: /home/patmos/Developer/kremlin/instrument/llvm/llvm-3.6.1.src/lib/Transforms/KremlinInstrument/LoopBodyRegion.cpp:82 Meta data for 12691162931027396466
DEBUG: assigning id = 12691162931027396466 to body of loop
DEBUG: for.cond has 1 possible loop exit points
DEBUG: 	target #0: for.end
DEBUG: region name to id: write_uint16_t_array is 151430292892077Meta data for 985572960275241665
Meta data for 70921062247895758
Meta data for 14513650011329295976
Meta data for 9237156671898062541
Meta data for 14992317792716030573
Meta data for 16211995004050608263
Meta data for 5589946355557675413
Meta data for 83210498179555225
58562
DEBUG: found 1 loops in function write_uint16_t_array
DEBUG: assigning id = 985572960275241665 to loop with the following BBs:
	for.cond for.body 
DEBUG: /home/patmos/Developer/kremlin/instrument/llvm/llvm-3.6.1.src/lib/Transforms/KremlinInstrument/LoopBodyRegion.cpp:82 Meta data for 4578949391889547882
DEBUG: assigning id = 4578949391889547882 to body of loop
DEBUG: for.cond has 1 possible loop exit points
DEBUG: 	target #0: for.end
DEBUG: region name to id: write_uint32_t_array is 5084888746074507704
DEBUG: found 1 loops in function write_uint32_t_array
DEBUG: assigning id = 70921062247895758 to loop with the following BBs:
	for.cond for.body 
DEBUG: /home/patmos/Developer/kremlin/instrument/llvm/llvm-3.6.1.src/lib/Transforms/KremlinInstrument/LoopBodyRegion.cpp:82 Meta data for 2533581874172581222
DEBUG: assigning id = 2533581874172581222 to body of loop
DEBUG: for.cond has 1 possible loop exit points
DEBUG: 	target #0: for.end
DEBUG: region name to id: write_uint64_t_array is 1066726867581595272
DEBUG: found 1 loops in function write_uint64_t_array
DEBUG: assigning id = 14513650011329295976 to loop with the following BBs:
	for.cond for.body 
DEBUG: /home/patmos/Developer/kremlin/instrument/llvm/llvm-3.6.1.src/lib/Transforms/KremlinInstrument/LoopBodyRegion.cpp:82 Meta data for 13847847420280368090
DEBUG: assigning id = 13847847420280368090 to body of loop
DEBUG: for.cond has 1 possible loop exit points
DEBUG: 	target #0: for.end
DEBUG: region name to id: write_int8_t_array is 1996429349242365806
DEBUG: found 1 loops in function write_int8_t_array
DEBUG: assigning id = 9237156671898062541 to loop with the following BBs:
	for.cond for.body 
DEBUG: /home/patmos/Developer/kremlin/instrument/llvm/llvm-3.6.1.src/lib/Transforms/KremlinInstrument/LoopBodyRegion.cpp:82 Meta data for 2736654604714958980
DEBUG: assigning id = 2736654604714958980 to body of loop
DEBUG: for.cond has 1 possible loop exit points
DEBUG: 	target #0: for.end
DEBUG: region name to id: write_int16_t_array is 17412751399831844312
DEBUG: found 1 loops in function write_int16_t_array
DEBUG: assigning id = 14992317792716030573 to loop with the following BBs:
	for.cond for.body 
DEBUG: /home/patmos/Developer/kremlin/instrument/llvm/llvm-3.6.1.src/lib/Transforms/KremlinInstrument/LoopBodyRegion.cpp:82 Meta data for 10455211997285551080
DEBUG: assigning id = 10455211997285551080 to body of loop
DEBUG: for.cond has 1 possible loop exit points
DEBUG: 	target #0: for.end
DEBUG: region name to id: write_int32_t_array is 13540068569190217871
DEBUG: found 1 loops in function write_int32_t_array
DEBUG: assigning id = 16211995004050608263 to loop with the following BBs:
	for.cond for.body 
DEBUG: /home/patmos/Developer/kremlin/instrument/llvm/llvm-3.6.1.src/lib/Transforms/KremlinInstrument/LoopBodyRegion.cpp:82 Meta data for 694227438188795656
DEBUG: assigning id = 694227438188795656 to body of loop
DEBUG: for.cond has 1 possible loop exit points
DEBUG: 	target #0: for.end
DEBUG: region name to id: write_int64_t_array is 14424623054116082413
DEBUG: found 1 loops in function write_int64_t_array
DEBUG: assigning id = 5589946355557675413 to loop with the following BBs:
	for.cond for.body 
DEBUG: /home/patmos/Developer/kremlin/instrument/llvm/llvm-3.6.1.src/lib/Transforms/KremlinInstrument/LoopBodyRegion.cpp:82 Meta data for 5464470880803383264
DEBUG: assigning id = 5464470880803383264 to body of loop
DEBUG: for.cond has 1 possible loop exit points
DEBUG: 	target #0: for.end
DEBUG: region name to id: write_float_array is 334673261070660700
DEBUG: found 1 loops in function write_float_array
DEBUG: assigning id = 83210498179555225 to loop with the following BBs:
	for.cond for.body 
DEBUG: /home/patmos/Developer/kremlin/instrument/llvm/llvm-3.6.1.src/lib/Transforms/KremlinInstrument/LoopBodyRegion.cpp:82 Meta data for 9183693743712842425
DEBUG: assigning id = 9183693743712842425 to body of loop
DEBUG: for.cond has 1 possible loop exit points
DEBUG: 	target #0: for.end
DEBUG: region name to id: write_double_array is 1923433350779250899
DEBUG: found 1 loops in function wMeta data for 9158109203980071109
rite_double_array
DEBUG: assigning id = 9158109203980071109 to loop with the following BBs:
	for.cond for.body 
DEBUG: /home/patmos/Developer/kremlin/instrument/llvm/llvm-3.6.1.src/lib/Transforms/KremlinInstrument/LoopBodyRegion.cpp:82 Meta data for 3906920466435732022
DEBUG: assigning id = 3906920466435732022 to body of loop
DEBUG: for.cond has 1 possible loop exit points
DEBUG: 	target #0: for.end
DEBUG: region name to id: write_section_header is 1651520443893317859
DEBUG: found 0 loops in function write_section_header
DEBUG: Writing kremlib calls to /home/patmos/github/bachelor_project_HLS/candidates/MachSuite/common/support.kdump
INFO: dumping function: readfile
INFO: dumping function: llvm.dbg.declare
INFO: dumping function: __assert_fail
INFO: dumping function: fstat
INFO: dumping function: malloc
INFO: dumping function: read
INFO: dumping function: close
INFO: dumping function: find_section_start
INFO: dumping function: parse_string
INFO: dumping function: llvm.memcpy.p0i8.p0i8.i64
INFO: dumping function: parse_uint8_t_array
INFO: dumping function: strtok
INFO: dumping function: strtol
INFO: dumping function: fprintf
INFO: dumping function: strlen
INFO: dumping function: parse_uint16_t_array
INFO: dumping function: parse_uint32_t_array
INFO: dumping function: parse_uint64_t_array
INFO: dumping function: parse_int8_t_array
INFO: dumping function: parse_int16_t_array
INFO: dumping function: parse_int32_t_array
INFO: dumping function: parse_int64_t_array
INFO: dumping function: parse_float_array
INFO: dumping function: strtof
INFO: dumping function: parse_double_array
INFO: dumping function: strtod
INFO: dumping function: write_string
INFO: dumping function: write
INFO: dumping function: write_uint8_t_array
INFO: dumping function: fd_printf
INFO: dumping function: write_uint16_t_array
INFO: dumping function: write_uint32_t_array
INFO: dumping function: write_uint64_t_array
INFO: dumping function: write_int8_t_array
INFO: dumping function: write_int16_t_array
INFO: dumping function: write_int32_t_array
INFO: dumping function: write_int64_t_array
INFO: dumping function: write_float_array
INFO: dumping function: write_double_array
INFO: dumping function: write_section_header
INFO: dumping function: llvm.va_start
INFO: dumping function: vsnprintf
INFO: dumping function: llvm.va_end
INFO: dumping function: llvm.dbg.value
INFO: dumping function: _KLoad
INFO: dumping function: _KLoad0
INFO: dumping function: _KLoad1
INFO: dumping function: _KLoad2
INFO: dumping function: _KLoad3
INFO: dumping function: _KLoad4
INFO: dumping function: _KStore
INFO: dumping function: _KStoreConst
INFO: dumping function: _KEnqArgConst
INFO: dumping function: _KEnqArg
INFO: dumping function: _KPrepCall
INFO: dumping function: _KLinkReturn
INFO: dumping function: _KMalloc
INFO: dumping function: _KRealloc
INFO: dumping function: _KFree
INFO: dumping function: _KDeqArg
INFO: dumping function: _KReturnConst
INFO: dumping function: _KReturn
INFO: dumping function: _KWork
INFO: dumping function: _KTimestamp
INFO: dumping function: _KTimestamp0
INFO: dumping function: _KTimestamp1
INFO: dumping function: _KTimestamp2
INFO: dumping function: _KTimestamp3
INFO: dumping function: _KTimestamp4
INFO: dumping function: _KTimestamp5
INFO: dumping function: _KTimestamp6
INFO: dumping function: _KTimestamp7
INFO: dumping function: _KPhi
INFO: dumping function: _KPhi1To1
INFO: dumping function: _KPhi2To1
INFO: dumping function: _KPhi3To1
INFO: dumping function: _KPhi4To1
INFO: dumping function: _KPhiAddCond
INFO: dumping function: _KInduction
INFO: dumping function: _KPushCDep
INFO: dumping function: _KPopCDep
INFO: dumping function: _KPrepRTable
INFO: dumping function: _KInit
INFO: dumping function: _KDeinit
INFO: dumping function: _KEnterRegion
INFO: dumping function: _KExitRegion
INFO: dumping function: _KLandingPad
