DEBUG: /home/patmos/Developer/kremlin/instrument/llvm/llvm-3.6.1.src/lib/Transforms/KremlinInstrument/analysis/ReductionVars.cpp:20 Constructing ReductionVars with id: -17
DEBUG: /home/patmos/Developer/kremlin/instrument/llvm/llvm-3.6.1.src/lib/Transforms/KremlinInstrument/analysis/ReductionVars.cpp:25 Destructing ReductionVars with id: -17
DEBUG: /home/patmos/Developer/kremlin/instrument/llvm/llvm-3.6.1.src/lib/Transforms/KremlinInstrument/analysis/ReductionVars.cpp:20 Constructing ReductionVars with id: -17
DEBUG: /home/patmos/Developer/kremlin/instrument/llvm/llvm-3.6.1.src/lib/Transforms/KremlinInstrument/CriticalPath.cpp:86 instrumenting module: spmv.simplifycfg.mem2reg.indvars.elimsinglephis.bc
DEBUG: /home/patmos/Developer/kremlin/instrument/llvm/llvm-3.6.1.src/lib/Transforms/KremlinInstrument/CriticalPath.cpp:133 instrumenting function ellpack
DEBUG: /home/patmos/Developer/kremlin/instrument/llvm/llvm-3.6.1.src/lib/Transforms/KremlinInstrument/analysis/ControlDependence.cpp:95 Getting immediate dominator of 
entry:
  call void @llvm.dbg.value(metadata double* %nzval, i64 0, metadata !17, metadata !18), !dbg !19
  call void @llvm.dbg.value(metadata i32* %cols, i64 0, metadata !20, metadata !18), !dbg !21
  call void @llvm.dbg.value(metadata double* %vec, i64 0, metadata !22, metadata !18), !dbg !23
  call void @llvm.dbg.value(metadata double* %out, i64 0, metadata !24, metadata !18), !dbg !25
  call void @llvm.dbg.value(metadata i32 0, i64 0, metadata !26, metadata !18), !dbg !27
  br label %for.cond, !dbg !28

DEBUG: /home/patmos/Developer/kremlin/instrument/llvm/llvm-3.6.1.src/lib/Transforms/KremlinInstrument/analysis/ControlDependence.cpp:95 Getting immediate dominator of 
for.cond:                                         ; preds = %for.end, %entry
  %indvars.iv3 = phi i64 [ %indvars.iv.next4, %for.end ], [ 0, %entry ]
  %exitcond7 = icmp ne i64 %indvars.iv3, 494, !dbg !30
  br i1 %exitcond7, label %for.body, label %for.end18, !dbg !30

DEBUG: /home/patmos/Developer/kremlin/instrument/llvm/llvm-3.6.1.src/lib/Transforms/KremlinInstrument/analysis/ControlDependence.cpp:95 Getting immediate dominator of 
for.body:                                         ; preds = %for.cond
  %arrayidx = getelementptr inbounds double* %out, i64 %indvars.iv3, !dbg !31
  %0 = load double* %arrayidx, align 8, !dbg !31
  call void @llvm.dbg.value(metadata double %0, i64 0, metadata !34, metadata !18), !dbg !35
  call void @llvm.dbg.value(metadata i32 0, i64 0, metadata !36, metadata !18), !dbg !37
  br label %for.cond1, !dbg !38

DEBUG: /home/patmos/Developer/kremlin/instrument/llvm/llvm-3.6.1.src/lib/Transforms/KremlinInstrument/analysis/ControlDependence.cpp:95 Getting immediate dominator of 
for.cond1:                                        ; preds = %for.body3, %for.body
  %indvars.iv = phi i64 [ %indvars.iv.next, %for.body3 ], [ 0, %for.body ]
  %sum.0 = phi double [ %0, %for.body ], [ %add13, %for.body3 ]
  %exitcond = icmp ne i64 %indvars.iv, 10, !dbg !40
  br i1 %exitcond, label %for.body3, label %for.end, !dbg !40

DEBUG: /home/patmos/Developer/kremlin/instrument/llvm/llvm-3.6.1.src/lib/Transforms/KremlinInstrument/analysis/ControlDependence.cpp:95 Getting immediate dominator of 
for.body3:                                        ; preds = %for.cond1
  %1 = mul nsw i64 %indvars.iv3, 10, !dbg !41
  %2 = add nuw nsw i64 %indvars.iv, %1, !dbg !44
  %arrayidx5 = getelementptr inbounds double* %nzval, i64 %2, !dbg !45
  %3 = load double* %arrayidx5, align 8, !dbg !45
  %4 = mul nsw i64 %indvars.iv3, 10, !dbg !46
  %5 = add nuw nsw i64 %indvars.iv, %4, !dbg !47
  %arrayidx9 = getelementptr inbounds i32* %cols, i64 %5, !dbg !48
  %6 = load i32* %arrayidx9, align 4, !dbg !48
  %idxprom10 = sext i32 %6 to i64, !dbg !49
  %arrayidx11 = getelementptr inbounds double* %vec, i64 %idxprom10, !dbg !49
  %7 = load double* %arrayidx11, align 8, !dbg !49
  %mul12 = fmul double %3, %7, !dbg !45
  call void @llvm.dbg.value(metadata double %mul12, i64 0, metadata !50, metadata !18), !dbg !51
  %add13 = fadd double %sum.0, %mul12, !dbg !52
  call void @llvm.dbg.value(metadata double %add13, i64 0, metadata !34, metadata !18), !dbg !35
  %indvars.iv.next = add nuw nsw i64 %indvars.iv, 1, !dbg !53
  call void @llvm.dbg.value(metadata !2, i64 0, metadata !36, metadata !18), !dbg !37
  br label %for.cond1, !dbg !53

DEBUG: /home/patmos/Developer/kremlin/instrument/llvm/llvm-3.6.1.src/lib/Transforms/KremlinInstrument/analysis/ControlDependence.cpp:95 Getting immediate dominator of 
for.end:                                          ; preds = %for.cond1
  %arrayidx15 = getelementptr inbounds double* %out, i64 %indvars.iv3, !dbg !54
  store double %sum.0, double* %arrayidx15, align 8, !dbg !54
  %indvars.iv.next4 = add nuw nsw i64 %indvars.iv3, 1, !dbg !55
  call void @llvm.dbg.value(metadata !2, i64 0, metadata !26, metadata !18), !dbg !27
  br label %for.cond, !dbg !55

DEBUG: /home/patmos/Developer/kremlin/instrument/llvm/llvm-3.6.1.src/lib/Transforms/KremlinInstrument/analysis/ControlDependence.cpp:95 Getting immediate dominator of 
for.end18:                                        ; preds = %for.cond
  ret void, !dbg !56

DEBUG: /home/patmos/Developer/kremlin/instrument/llvm/llvm-3.6.1.src/lib/Transforms/KremlinInstrument/analysis/ControlDependence.cpp:221 Controlling block search of entry
DEBUG: /home/patmos/Developer/kremlin/instrument/llvm/llvm-3.6.1.src/lib/Transforms/KremlinInstrument/analysis/ControlDependence.cpp:221 Controlling block search of for.end
DEBUG: /home/patmos/Developer/kremlin/instrument/llvm/llvm-3.6.1.src/lib/Transforms/KremlinInstrument/analysis/ControlDependence.cpp:261 looking at for.cond
DEBUG: /home/patmos/Developer/kremlin/instrument/llvm/llvm-3.6.1.src/lib/Transforms/KremlinInstrument/analysis/ControlDependence.cpp:221 Controlling block search of for.cond
DEBUG: /home/patmos/Developer/kremlin/instrument/llvm/llvm-3.6.1.src/lib/Transforms/KremlinInstrument/analysis/ControlDependence.cpp:261 looking at for.cond
DEBUG: /home/patmos/Developer/kremlin/instrument/llvm/llvm-3.6.1.src/lib/Transforms/KremlinInstrument/analysis/ControlDependence.cpp:221 Controlling block search of for.body
DEBUG: /home/patmos/Developer/kremlin/instrument/llvm/llvm-3.6.1.src/lib/Transforms/KremlinInstrument/analysis/ControlDependence.cpp:261 looking at for.cond
DEBUG: /home/patmos/Developer/kremlin/instrument/llvm/llvm-3.6.1.src/lib/Transforms/KremlinInstrument/analysis/ControlDependence.cpp:221 Controlling block search of for.body3
DEBUG: /home/patmos/Developer/kremlin/instrument/llvm/llvm-3.6.1.src/lib/Transforms/KremlinInstrument/analysis/ControlDependence.cpp:261 looking at for.cond1
DEBUG: /home/patmos/Developer/kremlin/instrument/llvm/llvm-3.6.1.src/lib/Transforms/KremlinInstrument/analysis/ControlDependence.cpp:221 Controlling block search of for.cond1
DEBUG: /home/patmos/Developer/kremlin/instrument/llvm/llvm-3.6.1.src/lib/Transforms/KremlinInstrument/analysis/ControlDependence.cpp:261 looking at for.cond
DEBUG: /home/patmos/Developer/kremlin/instrument/llvm/llvm-3.6.1.src/lib/Transforms/KremlinInstrument/analysis/ControlDependence.cpp:221 Controlling block search of for.body
DEBUG: /home/patmos/Developer/kremlin/instrument/llvm/llvm-3.6.1.src/lib/Transforms/KremlinInstrument/analysis/ControlDependence.cpp:261 looking at for.cond
DEBUG: /home/patmos/Developer/kremlin/instrument/llvm/llvm-3.6.1.src/lib/Transforms/KremlinInstrument/analysis/ControlDependence.cpp:221 Controlling block search of for.body3
DEBUG: /home/patmos/Developer/kremlin/instrument/llvm/llvm-3.6.1.src/lib/Transforms/KremlinInstrument/analysis/ControlDependence.cpp:261 looking at for.cond1
DEBUG: /home/patmos/Developer/kremlin/instrument/llvm/llvm-3.6.1.src/lib/Transforms/KremlinInstrument/analysis/ControlDependence.cpp:221 Controlling block search of for.cond1
DEBUG: /home/patmos/Developer/kremlin/instrument/llvm/llvm-3.6.1.src/lib/Transforms/KremlinInstrument/analysis/ControlDependence.cpp:261 looking at for.cond
DEBUG: /home/patmos/Developer/kremlin/instrument/llvm/llvm-3.6.1.src/lib/Transforms/KremlinInstrument/analysis/InductionVariables.cpp:49 Found increment of induction variable: indvars.iv.next
DEBUG: /home/patmos/Developer/kremlin/instrument/llvm/llvm-3.6.1.src/lib/Transforms/KremlinInstrument/analysis/InductionVariables.cpp:49 Found increment of induction variable: indvars.iv.next4
DEBUG: /home/patmos/Developer/kremlin/instrument/llvm/llvm-3.6.1.src/lib/Transforms/KremlinInstrument/analysis/InductionVariables.cpp:49 Found increment of induction variable: indvars.iv.next
DEBUG: /home/patmos/Developer/kremlin/instrument/llvm/llvm-3.6.1.src/lib/Transforms/KremlinInstrument/analysis/InductionVariables.cpp:49 Found increment of induction variable: indvars.iv.next4
DEBUG: /home/patmos/Developer/kremlin/instrument/llvm/llvm-3.6.1.src/lib/Transforms/KremlinInstrument/TimestampPlacer.cpp:195 inserting instrumentation for:   call void @llvm.dbg.value(metadata double* %nzval, i64 0, metadata !17, metadata !18), !dbg !19
DEBUG: /home/patmos/Developer/kremlin/instrument/llvm/llvm-3.6.1.src/lib/Transforms/KremlinInstrument/CallableHandler.tcc:122 examining:   call void @llvm.dbg.value(metadata double* %nzval, i64 0, metadata !17, metadata !18), !dbg !19
DEBUG: /home/patmos/Developer/kremlin/instrument/llvm/llvm-3.6.1.src/lib/Transforms/KremlinInstrument/CallableHandler.tcc:133 ignoring call to function: llvm.dbg.value
DEBUG: /home/patmos/Developer/kremlin/instrument/llvm/llvm-3.6.1.src/lib/Transforms/KremlinInstrument/DynamicMemoryHandler.cpp:81 handling:   call void @llvm.dbg.value(metadata double* %nzval, i64 0, metadata !17, metadata !18), !dbg !19
DEBUG: /home/patmos/Developer/kremlin/instrument/llvm/llvm-3.6.1.src/lib/Transforms/KremlinInstrument/TimestampPlacer.cpp:195 inserting instrumentation for:   call void @llvm.dbg.value(metadata i32* %cols, i64 0, metadata !20, metadata !18), !dbg !21
DEBUG: /home/patmos/Developer/kremlin/instrument/llvm/llvm-3.6.1.src/lib/Transforms/KremlinInstrument/CallableHandler.tcc:122 examining:   call void @llvm.dbg.value(metadata i32* %cols, i64 0, metadata !20, metadata !18), !dbg !21
DEBUG: /home/patmos/Developer/kremlin/instrument/llvm/llvm-3.6.1.src/lib/Transforms/KremlinInstrument/CallableHandler.tcc:133 ignoring call to function: llvm.dbg.value
DEBUG: /home/patmos/Developer/kremlin/instrument/llvm/llvm-3.6.1.src/lib/Transforms/KremlinInstrument/DynamicMemoryHandler.cpp:81 handling:   call void @llvm.dbg.value(metadata i32* %cols, i64 0, metadata !20, metadata !18), !dbg !21
DEBUG: /home/patmos/Developer/kremlin/instrument/llvm/llvm-3.6.1.src/lib/Transforms/KremlinInstrument/TimestampPlacer.cpp:195 inserting instrumentation for:   call void @llvm.dbg.value(metadata double* %vec, i64 0, metadata !22, metadata !18), !dbg !23
DEBUG: /home/patmos/Developer/kremlin/instrument/llvm/llvm-3.6.1.src/lib/Transforms/KremlinInstrument/CallableHandler.tcc:122 examining:   call void @llvm.dbg.value(metadata double* %vec, i64 0, metadata !22, metadata !18), !dbg !23
DEBUG: /home/patmos/Developer/kremlin/instrument/llvm/llvm-3.6.1.src/lib/Transforms/KremlinInstrument/CallableHandler.tcc:133 ignoring call to function: llvm.dbg.value
DEBUG: /home/patmos/Developer/kremlin/instrument/llvm/llvm-3.6.1.src/lib/Transforms/KremlinInstrument/DynamicMemoryHandler.cpp:81 handling:   call void @llvm.dbg.value(metadata double* %vec, i64 0, metadata !22, metadata !18), !dbg !23
DEBUG: /home/patmos/Developer/kremlin/instrument/llvm/llvm-3.6.1.src/lib/Transforms/KremlinInstrument/TimestampPlacer.cpp:195 inserting instrumentation for:   call void @llvm.dbg.value(metadata double* %out, i64 0, metadata !24, metadata !18), !dbg !25
DEBUG: /home/patmos/Developer/kremlin/instrument/llvm/llvm-3.6.1.src/lib/Transforms/KremlinInstrument/CallableHandler.tcc:122 examining:   call void @llvm.dbg.value(metadata double* %out, i64 0, metadata !24, metadata !18), !dbg !25
DEBUG: /home/patmos/Developer/kremlin/instrument/llvm/llvm-3.6.1.src/lib/Transforms/KremlinInstrument/CallableHandler.tcc:133 ignoring call to function: llvm.dbg.value
DEBUG: /home/patmos/Developer/kremlin/instrument/llvm/llvm-3.6.1.src/lib/Transforms/KremlinInstrument/DynamicMemoryHandler.cpp:81 handling:   call void @llvm.dbg.value(metadata double* %out, i64 0, metadata !24, metadata !18), !dbg !25
DEBUG: /home/patmos/Developer/kremlin/instrument/llvm/llvm-3.6.1.src/lib/Transforms/KremlinInstrument/TimestampPlacer.cpp:195 inserting instrumentation for:   call void @llvm.dbg.value(metadata i32 0, i64 0, metadata !26, metadata !18), !dbg !27
DEBUG: /home/patmos/Developer/kremlin/instrument/llvm/llvm-3.6.1.src/lib/Transforms/KremlinInstrument/CallableHandler.tcc:122 examining:   call void @llvm.dbg.value(metadata i32 0, i64 0, metadata !26, metadata !18), !dbg !27
DEBUG: /home/patmos/Developer/kremlin/instrument/llvm/llvm-3.6.1.src/lib/Transforms/KremlinInstrument/CallableHandler.tcc:133 ignoring call to function: llvm.dbg.value
DEBUG: /home/patmos/Developer/kremlin/instrument/llvm/llvm-3.6.1.src/lib/Transforms/KremlinInstrument/DynamicMemoryHandler.cpp:81 handling:   call void @llvm.dbg.value(metadata i32 0, i64 0, metadata !26, metadata !18), !dbg !27
DEBUG: /home/patmos/Developer/kremlin/instrument/llvm/llvm-3.6.1.src/lib/Transforms/KremlinInstrument/TimestampPlacer.cpp:195 inserting instrumentation for:   br label %for.cond, !dbg !28
DEBUG: /home/patmos/Developer/kremlin/instrument/llvm/llvm-3.6.1.src/lib/Transforms/KremlinInstrument/TimestampPlacer.cpp:195 inserting instrumentation for:   %indvars.iv3 = phi i64 [ %indvars.iv.next4, %for.end ], [ 0, %entry ]
DEBUG: /home/patmos/Developer/kremlin/instrument/llvm/llvm-3.6.1.src/lib/Transforms/KremlinInstrument/TimestampPlacer.cpp:195 inserting instrumentation for:   %exitcond7 = icmp ne i64 %indvars.iv3, 494, !dbg !30
DEBUG: /home/patmos/Developer/kremlin/instrument/llvm/llvm-3.6.1.src/lib/Transforms/KremlinInstrument/TimestampPlacer.cpp:195 inserting instrumentation for:   br i1 %exitcond7, label %for.body, label %for.end18, !dbg !30
DEBUG: /home/patmos/Developer/kremlin/instrument/llvm/llvm-3.6.1.src/lib/Transforms/KremlinInstrument/TimestampPlacer.cpp:195 inserting instrumentation for:   %arrayidx = getelementptr inbounds double* %out, i64 %indvars.iv3, !dbg !31
DEBUG: /home/patmos/Developer/kremlin/instrument/llvm/llvm-3.6.1.src/lib/Transforms/KremlinInstrument/TimestampPlacer.cpp:195 inserting instrumentation for:   %0 = load double* %arrayidx, align 8, !dbg !31
DEBUG: /home/patmos/Developer/kremlin/instrument/llvm/llvm-3.6.1.src/lib/Transforms/KremlinInstrument/TimestampPlacer.cpp:195 inserting instrumentation for:   call void @llvm.dbg.value(metadata double %0, i64 0, metadata !34, metadata !18), !dbg !35
DEBUG: /home/patmos/Developer/kremlin/instrument/llvm/llvm-3.6.1.src/lib/Transforms/KremlinInstrument/CallableHandler.tcc:122 examining:   call void @llvm.dbg.value(metadata double %0, i64 0, metadata !34, metadata !18), !dbg !35
DEBUG: /home/patmos/Developer/kremlin/instrument/llvm/llvm-3.6.1.src/lib/Transforms/KremlinInstrument/CallableHandler.tcc:133 ignoring call to function: llvm.dbg.value
DEBUG: /home/patmos/Developer/kremlin/instrument/llvm/llvm-3.6.1.src/lib/Transforms/KremlinInstrument/DynamicMemoryHandler.cpp:81 handling:   call void @llvm.dbg.value(metadata double %0, i64 0, metadata !34, metadata !18), !dbg !35
DEBUG: /home/patmos/Developer/kremlin/instrument/llvm/llvm-3.6.1.src/lib/Transforms/KremlinInstrument/TimestampPlacer.cpp:195 inserting instrumentation for:   call void @llvm.dbg.value(metadata i32 0, i64 0, metadata !36, metadata !18), !dbg !37
DEBUG: /home/patmos/Developer/kremlin/instrument/llvm/llvm-3.6.1.src/lib/Transforms/KremlinInstrument/CallableHandler.tcc:122 examining:   call void @llvm.dbg.value(metadata i32 0, i64 0, metadata !36, metadata !18), !dbg !37
DEBUG: /home/patmos/Developer/kremlin/instrument/llvm/llvm-3.6.1.src/lib/Transforms/KremlinInstrument/CallableHandler.tcc:133 ignoring call to function: llvm.dbg.value
DEBUG: /home/patmos/Developer/kremlin/instrument/llvm/llvm-3.6.1.src/lib/Transforms/KremlinInstrument/DynamicMemoryHandler.cpp:81 handling:   call void @llvm.dbg.value(metadata i32 0, i64 0, metadata !36, metadata !18), !dbg !37
DEBUG: /home/patmos/Developer/kremlin/instrument/llvm/llvm-3.6.1.src/lib/Transforms/KremlinInstrument/TimestampPlacer.cpp:195 inserting instrumentation for:   br label %for.cond1, !dbg !38
DEBUG: /home/patmos/Developer/kremlin/instrument/llvm/llvm-3.6.1.src/lib/Transforms/KremlinInstrument/TimestampPlacer.cpp:195 inserting instrumentation for:   %indvars.iv = phi i64 [ %indvars.iv.next, %for.body3 ], [ 0, %for.body ]
DEBUG: /home/patmos/Developer/kremlin/instrument/llvm/llvm-3.6.1.src/lib/Transforms/KremlinInstrument/TimestampPlacer.cpp:195 inserting instrumentation for:   %sum.0 = phi double [ %0, %for.body ], [ %add13, %for.body3 ]
DEBUG: /home/patmos/Developer/kremlin/instrument/llvm/llvm-3.6.1.src/lib/Transforms/KremlinInstrument/TimestampPlacer.cpp:195 inserting instrumentation for:   %exitcond = icmp ne i64 %indvars.iv, 10, !dbg !40
DEBUG: /home/patmos/Developer/kremlin/instrument/llvm/llvm-3.6.1.src/lib/Transforms/KremlinInstrument/TimestampPlacer.cpp:195 inserting instrumentation for:   br i1 %exitcond, label %for.body3, label %for.end, !dbg !40
DEBUG: /home/patmos/Developer/kremlin/instrument/llvm/llvm-3.6.1.src/lib/Transforms/KremlinInstrument/TimestampPlacer.cpp:195 inserting instrumentation for:   %1 = mul nsw i64 %indvars.iv3, 10, !dbg !41
DEBUG: /home/patmos/Developer/kremlin/instrument/llvm/llvm-3.6.1.src/lib/Transforms/KremlinInstrument/TimestampPlacer.cpp:195 inserting instrumentation for:   %2 = add nuw nsw i64 %indvars.iv, %1, !dbg !44
DEBUG: /home/patmos/Developer/kremlin/instrument/llvm/llvm-3.6.1.src/lib/Transforms/KremlinInstrument/TimestampPlacer.cpp:195 inserting instrumentation for:   %arrayidx5 = getelementptr inbounds double* %nzval, i64 %2, !dbg !45
DEBUG: /home/patmos/Developer/kremlin/instrument/llvm/llvm-3.6.1.src/lib/Transforms/KremlinInstrument/TimestampPlacer.cpp:195 inserting instrumentation for:   %3 = load double* %arrayidx5, align 8, !dbg !45
DEBUG: /home/patmos/Developer/kremlin/instrument/llvm/llvm-3.6.1.src/lib/Transforms/KremlinInstrument/TimestampPlacer.cpp:195 inserting instrumentation for:   %4 = mul nsw i64 %indvars.iv3, 10, !dbg !46
DEBUG: /home/patmos/Developer/kremlin/instrument/llvm/llvm-3.6.1.src/lib/Transforms/KremlinInstrument/TimestampPlacer.cpp:195 inserting instrumentation for:   %5 = add nuw nsw i64 %indvars.iv, %4, !dbg !47
DEBUG: /home/patmos/Developer/kremlin/instrument/llvm/llvm-3.6.1.src/lib/Transforms/KremlinInstrument/TimestampPlacer.cpp:195 inserting instrumentation for:   %arrayidx9 = getelementptr inbounds i32* %cols, i64 %5, !dbg !48
DEBUG: /home/patmos/Developer/kremlin/instrument/llvm/llvm-3.6.1.src/lib/Transforms/KremlinInstrument/TimestampPlacer.cpp:195 inserting instrumentation for:   %6 = load i32* %arrayidx9, align 4, !dbg !48
DEBUG: /home/patmos/Developer/kremlin/instrument/llvm/llvm-3.6.1.src/lib/Transforms/KremlinInstrument/TimestampPlacer.cpp:195 inserting instrumentation for:   %idxprom10 = sext i32 %6 to i64, !dbg !49
DEBUG: /home/patmos/Developer/kremlin/instrument/llvm/llvm-3.6.1.src/lib/Transforms/KremlinInstrument/TimestampPlacer.cpp:195 inserting instrumentation for:   %arrayidx11 = getelementptr inbounds double* %vec, i64 %idxprom10, !dbg !49
DEBUG: /home/patmos/Developer/kremlin/instrument/llvm/llvm-3.6.1.src/lib/Transforms/KremlinInstrument/TimestampPlacer.cpp:195 inserting instrumentation for:   %7 = load double* %arrayidx11, align 8, !dbg !49
DEBUG: /home/patmos/Developer/kremlin/instrument/llvm/llvm-3.6.1.src/lib/Transforms/KremlinInstrument/TimestampPlacer.cpp:195 inserting instrumentation for:   %mul12 = fmul double %3, %7, !dbg !45
DEBUG: /home/patmos/Developer/kremlin/instrument/llvm/llvm-3.6.1.src/lib/Transforms/KremlinInstrument/TimestampPlacer.cpp:195 inserting instrumentation for:   call void @llvm.dbg.value(metadata double %mul12, i64 0, metadata !50, metadata !18), !dbg !51
DEBUG: /home/patmos/Developer/kremlin/instrument/llvm/llvm-3.6.1.src/lib/Transforms/KremlinInstrument/CallableHandler.tcc:122 examining:   call void @llvm.dbg.value(metadata double %mul12, i64 0, metadata !50, metadata !18), !dbg !51
DEBUG: /home/patmos/Developer/kremlin/instrument/llvm/llvm-3.6.1.src/lib/Transforms/KremlinInstrument/CallableHandler.tcc:133 ignoring call to function: llvm.dbg.value
DEBUG: /home/patmos/Developer/kremlin/instrument/llvm/llvm-3.6.1.src/lib/Transforms/KremlinInstrument/DynamicMemoryHandler.cpp:81 handling:   call void @llvm.dbg.value(metadata double %mul12, i64 0, metadata !50, metadata !18), !dbg !51
DEBUG: /home/patmos/Developer/kremlin/instrument/llvm/llvm-3.6.1.src/lib/Transforms/KremlinInstrument/TimestampPlacer.cpp:195 inserting instrumentation for:   %add13 = fadd double %sum.0, %mul12, !dbg !52
DEBUG: /home/patmos/Developer/kremlin/instrument/llvm/llvm-3.6.1.src/lib/Transforms/KremlinInstrument/TimestampPlacer.cpp:195 inserting instrumentation for:   call void @llvm.dbg.value(metadata double %add13, i64 0, metadata !34, metadata !18), !dbg !35
DEBUG: /home/patmos/Developer/kremlin/instrument/llvm/llvm-3.6.1.src/lib/Transforms/KremlinInstrument/CallableHandler.tcc:122 examining:   call void @llvm.dbg.value(metadata double %add13, i64 0, metadata !34, metadata !18), !dbg !35
DEBUG: /home/patmos/Developer/kremlin/instrument/llvm/llvm-3.6.1.src/lib/Transforms/KremlinInstrument/CallableHandler.tcc:133 ignoring call to function: llvm.dbg.value
DEBUG: /home/patmos/Developer/kremlin/instrument/llvm/llvm-3.6.1.src/lib/Transforms/KremlinInstrument/DynamicMemoryHandler.cpp:81 handling:   call void @llvm.dbg.value(metadata double %add13, i64 0, metadata !34, metadata !18), !dbg !35
DEBUG: /home/patmos/Developer/kremlin/instrument/llvm/llvm-3.6.1.src/lib/Transforms/KremlinInstrument/TimestampPlacer.cpp:195 inserting instrumentation for:   %indvars.iv.next = add nuw nsw i64 %indvars.iv, 1, !dbg !53
DEBUG: /home/patmos/Developer/kremlin/instrument/llvm/llvm-3.6.1.src/lib/Transforms/KremlinInstrument/TimestampPlacer.cpp:195 inserting instrumentation for:   call void @llvm.dbg.value(metadata !2, i64 0, metadata !36, metadata !18), !dbg !37
DEBUG: /home/patmos/Developer/kremlin/instrument/llvm/llvm-3.6.1.src/lib/Transforms/KremlinInstrument/CallableHandler.tcc:122 examining:   call void @llvm.dbg.value(metadata !2, i64 0, metadata !36, metadata !18), !dbg !37
DEBUG: /home/patmos/Developer/kremlin/instrument/llvm/llvm-3.6.1.src/lib/Transforms/KremlinInstrument/CallableHandler.tcc:133 ignoring call to function: llvm.dbg.value
DEBUG: /home/patmos/Developer/kremlin/instrument/llvm/llvm-3.6.1.src/lib/Transforms/KremlinInstrument/DynamicMemoryHandler.cpp:81 handling:   call void @llvm.dbg.value(metadata !2, i64 0, metadata !36, metadata !18), !dbg !37
DEBUG: /home/patmos/Developer/kremlin/instrument/llvm/llvm-3.6.1.src/lib/Transforms/KremlinInstrument/TimestampPlacer.cpp:195 inserting instrumentation for:   br label %for.cond1, !dbg !53
DEBUG: /home/patmos/Developer/kremlin/instrument/llvm/llvm-3.6.1.src/lib/Transforms/KremlinInstrument/TimestampPlacer.cpp:195 inserting instrumentation for:   %arrayidx15 = getelementptr inbounds double* %out, i64 %indvars.iv3, !dbg !54
DEBUG: /home/patmos/Developer/kremlin/instrument/llvm/llvm-3.6.1.src/lib/Transforms/KremlinInstrument/TimestampPlacer.cpp:195 inserting instrumentation for:   store double %sum.0, double* %arrayidx15, align 8, !dbg !54
DEBUG: /home/patmos/Developer/kremlin/instrument/llvm/llvm-3.6.1.src/lib/Transforms/KremlinInstrument/StoreInstHandler.cpp:58 handling:   store double %sum.0, double* %arrayidx15, align 8, !dbg !54
DEBUG: /home/patmos/Developer/kremlin/instrument/llvm/llvm-3.6.1.src/lib/Transforms/KremlinInstrument/analysis/timestamp/TimestampAnalysis.cpp:30 getting TS for   %sum.0 = phi double [ %0, %for.body ], [ %add13, %for.body3 ]
DEBUG: /home/patmos/Developer/kremlin/instrument/llvm/llvm-3.6.1.src/lib/Transforms/KremlinInstrument/analysis/timestamp/TimestampAnalysis.cpp:48 	TS for   %sum.0 = phi double [ %0, %for.body ], [ %add13, %for.body3 ]: (  %sum.0 = phi double [ %0, %for.body ], [ %add13, %for.body3 ],0) 
DEBUG: DEBUG: /home/patmos/Developer/kremlin/instrument/llvm/llvm-3.6.1.src/lib/Transforms/KremlinInstrument/analysis/timestamp/KInstructionToLogFunctionConverter.cpp:54 Converting inst:   %sum.0 = phi double [ %0, %for.body ], [ %add13, %for.body3 ]
DEBUG: /home/patmos/Developer/kremlin/instrument/llvm/llvm-3.6.1.src/lib/Transforms/KremlinInstrument/TimestampPlacer.cpp:195 inserting instrumentation for:   %indvars.iv.next4 = add nuw nsw i64 %indvars.iv3, 1, !dbg !55
DEBUG: /home/patmos/Developer/kremlin/instrument/llvm/llvm-3.6.1.src/lib/Transforms/KremlinInstrument/TimestampPlacer.cpp:195 inserting instrumentation for:   call void @llvm.dbg.value(metadata !2, i64 0, metadata !26, metadata !18), !dbg !27
DEBUG: /home/patmos/Developer/kremlin/instrument/llvm/llvm-3.6.1.src/lib/Transforms/KremlinInstrument/CallableHandler.tcc:122 examining:   call void @llvm.dbg.value(metadata !2, i64 0, metadata !26, metadata !18), !dbg !27
DEBUG: /home/patmos/Developer/kremlin/instrument/llvm/llvm-3.6.1.src/lib/Transforms/KremlinInstrument/CallableHandler.tcc:133 ignoring call to function: llvm.dbg.value
DEBUG: /home/patmos/Developer/kremlin/instrument/llvm/llvm-3.6.1.src/lib/Transforms/KremlinInstrument/DynamicMemoryHandler.cpp:81 handling:   call void @llvm.dbg.value(metadata !2, i64 0, metadata !26, metadata !18), !dbg !27
DEBUG: /home/patmos/Developer/kremlin/instrument/llvm/llvm-3.6.1.src/lib/Transforms/KremlinInstrument/TimestampPlacer.cpp:195 inserting instrumentation for:   br label %for.cond, !dbg !55
DEBUG: /home/patmos/Developer/kremlin/instrument/llvm/llvm-3.6.1.src/lib/Transforms/KremlinInstrument/TimestampPlacer.cpp:195 inserting instrumentation for:   ret void, !dbg !56
INFO: /home/patmos/Developer/kremlin/instrument/llvm/llvm-3.6.1.src/lib/Transforms/KremlinInstrument/Placer.cpp:74 Placing begins
DEBUG: /home/patmos/Developer/kremlin/instrument/llvm/llvm-3.6.1.src/lib/Transforms/KremlinInstrument/Placer.cpp:118 Getting common dom
DEBUG: /home/patmos/Developer/kremlin/instrument/llvm/llvm-3.6.1.src/lib/Transforms/KremlinInstrument/Placer.cpp:126 Getting earliest inst
DEBUG: /home/patmos/Developer/kremlin/instrument/llvm/llvm-3.6.1.src/lib/Transforms/KremlinInstrument/Placer.cpp:118 Getting common dom
DEBUG: /home/patmos/Developer/kremlin/instrument/llvm/llvm-3.6.1.src/lib/Transforms/KremlinInstrument/Placer.cpp:126 Getting earliest inst
DEBUG: /home/patmos/Developer/kremlin/instrument/llvm/llvm-3.6.1.src/lib/Transforms/KremlinInstrument/Placer.cpp:118 Getting common dom
DEBUG: /home/patmos/Developer/kremlin/instrument/llvm/llvm-3.6.1.src/lib/Transforms/KremlinInstrument/Placer.cpp:126 Getting earliest inst
DEBUG: /home/patmos/Developer/kremlin/instrument/llvm/llvm-3.6.1.src/lib/Transforms/KremlinInstrument/Placer.cpp:118 Getting common dom
DEBUG: /home/patmos/Developer/kremlin/instrument/llvm/llvm-3.6.1.src/lib/Transforms/KremlinInstrument/Placer.cpp:126 Getting earliest inst
DEBUG: /home/patmos/Developer/kremlin/instrument/llvm/llvm-3.6.1.src/lib/Transforms/KremlinInstrument/Placer.cpp:118 Getting common dom
DEBUG: /home/patmos/Developer/kremlin/instrument/llvm/llvm-3.6.1.src/lib/Transforms/KremlinInstrument/Placer.cpp:126 Getting earliest inst
DEBUG: /home/patmos/Developer/kremlin/instrument/llvm/llvm-3.6.1.src/lib/Transforms/KremlinInstrument/Placer.cpp:118 Getting common dom
DEBUG: /home/patmos/Developer/kremlin/instrument/llvm/llvm-3.6.1.src/lib/Transforms/KremlinInstrument/Placer.cpp:126 Getting earliest inst
DEBUG: /home/patmos/Developer/kremlin/instrument/llvm/llvm-3.6.1.src/lib/Transforms/KremlinInstrument/Placer.cpp:118 Getting common dom
DEBUG: /home/patmos/Developer/kremlin/instrument/llvm/llvm-3.6.1.src/lib/Transforms/KremlinInstrument/Placer.cpp:126 Getting earliest inst
DEBUG: /home/patmos/Developer/kremlin/instrument/llvm/llvm-3.6.1.src/lib/Transforms/KremlinInstrument/Placer.cpp:118 Getting common dom
DEBUG: /home/patmos/Developer/kremlin/instrument/llvm/llvm-3.6.1.src/lib/Transforms/KremlinInstrument/Placer.cpp:126 Getting earliest inst
DEBUG: /home/patmos/Developer/kremlin/instrument/llvm/llvm-3.6.1.src/lib/Transforms/KremlinInstrument/Placer.cpp:118 Getting common dom
DEBUG: /home/patmos/Developer/kremlin/instrument/llvm/llvm-3.6.1.src/lib/Transforms/KremlinInstrument/Placer.cpp:126 Getting earliest inst
DEBUG: /home/patmos/Developer/kremlin/instrument/llvm/llvm-3.6.1.src/lib/Transforms/KremlinInstrument/Placer.cpp:118 Getting common dom
DEBUG: /home/patmos/Developer/kremlin/instrument/llvm/llvm-3.6.1.src/lib/Transforms/KremlinInstrument/Placer.cpp:126 Getting earliest inst
DEBUG: /home/patmos/Developer/kremlin/instrument/llvm/llvm-3.6.1.src/lib/Transforms/KremlinInstrument/Placer.cpp:118 Getting common dom
DEBUG: /home/patmos/Developer/kremlin/instrument/llvm/llvm-3.6.1.src/lib/Transforms/KremlinInstrument/Placer.cpp:126 Getting earliest inst
DEBUG: /home/patmos/Developer/kremlin/instrument/llvm/llvm-3.6.1.src/lib/Transforms/KremlinInstrument/Placer.cpp:118 Getting common dom
DEBUG: /home/patmos/Developer/kremlin/instrument/llvm/llvm-3.6.1.src/lib/Transforms/KremlinInstrument/Placer.cpp:126 Getting earliest inst
DEBUG: /home/patmos/Developer/kremlin/instrument/llvm/llvm-3.6.1.src/lib/Transforms/KremlinInstrument/Placer.cpp:118 Getting common dom
DEBUG: /home/patmos/Developer/kremlin/instrument/llvm/llvm-3.6.1.src/lib/Transforms/KremlinInstrument/Placer.cpp:126 Getting earliest inst
DEBUG: /home/patmos/Developer/kremlin/instrument/llvm/llvm-3.6.1.src/lib/Transforms/KremlinInstrument/Placer.cpp:118 Getting common dom
DEBUG: /home/patmos/Developer/kremlin/instrument/llvm/llvm-3.6.1.src/lib/Transforms/KremlinInstrument/Placer.cpp:126 Getting earliest inst
DEBUG: /home/patmos/Developer/kremlin/instrument/llvm/llvm-3.6.1.src/lib/Transforms/KremlinInstrument/Placer.cpp:118 Getting common dom
DEBUG: /home/patmos/Developer/kremlin/instrument/llvm/llvm-3.6.1.src/lib/Transforms/KremlinInstrument/Placer.cpp:126 Getting earliest inst
DEBUG: /home/patmos/Developer/kremlin/instrument/llvm/llvm-3.6.1.src/lib/Transforms/KremlinInstrument/Placer.cpp:118 Getting common dom
DEBUG: /home/patmos/Developer/kremlin/instrument/llvm/llvm-3.6.1.src/lib/Transforms/KremlinInstrument/Placer.cpp:126 Getting earliest inst
INFO: /home/patmos/Developer/kremlin/instrument/llvm/llvm-3.6.1.src/lib/Transforms/KremlinInstrument/Placer.cpp:145 Placing finishes
DEBUG: /home/patmos/Developer/kremlin/instrument/llvm/llvm-3.6.1.src/lib/Transforms/KremlinInstrument/analysis/InductionVariables.cpp:49 Found increment of induction variable: indvars.iv.next
DEBUG: /home/patmos/Developer/kremlin/instrument/llvm/llvm-3.6.1.src/lib/Transforms/KremlinInstrument/analysis/InductionVariables.cpp:49 Found increment of induction variable: indvars.iv.next4
DEBUG: /home/patmos/Developer/kremlin/instrument/llvm/llvm-3.6.1.src/lib/Transforms/KremlinInstrument/TimestampPlacer.cpp:195 inserting instrumentation for:   call void @llvm.dbg.value(metadata double* %nzval, i64 0, metadata !17, metadata !18), !dbg !19
DEBUG: /home/patmos/Developer/kremlin/instrument/llvm/llvm-3.6.1.src/lib/Transforms/KremlinInstrument/TimestampPlacer.cpp:195 inserting instrumentation for:   call void @llvm.dbg.value(metadata i32* %cols, i64 0, metadata !20, metadata !18), !dbg !21
DEBUG: /home/patmos/Developer/kremlin/instrument/llvm/llvm-3.6.1.src/lib/Transforms/KremlinInstrument/TimestampPlacer.cpp:195 inserting instrumentation for:   call void @llvm.dbg.value(metadata double* %vec, i64 0, metadata !22, metadata !18), !dbg !23
DEBUG: /home/patmos/Developer/kremlin/instrument/llvm/llvm-3.6.1.src/lib/Transforms/KremlinInstrument/TimestampPlacer.cpp:195 inserting instrumentation for:   call void @llvm.dbg.value(metadata double* %out, i64 0, metadata !24, metadata !18), !dbg !25
DEBUG: /home/patmos/Developer/kremlin/instrument/llvm/llvm-3.6.1.src/lib/Transforms/KremlinInstrument/TimestampPlacer.cpp:195 inserting instrumentation for:   call void @llvm.dbg.value(metadata i32 0, i64 0, metadata !26, metadata !18), !dbg !27
DEBUG: /home/patmos/Developer/kremlin/instrument/llvm/llvm-3.6.1.src/lib/Transforms/KremlinInstrument/TimestampPlacer.cpp:195 inserting instrumentation for:   br label %for.cond, !dbg !28
DEBUG: /home/patmos/Developer/kremlin/instrument/llvm/llvm-3.6.1.src/lib/Transforms/KremlinInstrument/TimestampPlacer.cpp:195 inserting instrumentation for:   %indvars.iv3 = phi i64 [ %indvars.iv.next4, %for.end ], [ 0, %entry ]
DEBUG: /home/patmos/Developer/kremlin/instrument/llvm/llvm-3.6.1.src/lib/Transforms/KremlinInstrument/PhiHandler.cpp:171 processing canonical induction var:   %indvars.iv3 = phi i64 [ %indvars.iv.next4, %for.end ], [ 0, %entry ]
DEBUG: /home/patmos/Developer/kremlin/instrument/llvm/llvm-3.6.1.src/lib/Transforms/KremlinInstrument/TimestampPlacer.cpp:195 inserting instrumentation for:   call void @_KWork(i32 1)
DEBUG: /home/patmos/Developer/kremlin/instrument/llvm/llvm-3.6.1.src/lib/Transforms/KremlinInstrument/TimestampPlacer.cpp:195 inserting instrumentation for:   %exitcond7 = icmp ne i64 %indvars.iv3, 494, !dbg !30
DEBUG: /home/patmos/Developer/kremlin/instrument/llvm/llvm-3.6.1.src/lib/Transforms/KremlinInstrument/TimestampPlacer.cpp:195 inserting instrumentation for:   br i1 %exitcond7, label %for.body, label %for.end18, !dbg !30
DEBUG: /home/patmos/Developer/kremlin/instrument/llvm/llvm-3.6.1.src/lib/Transforms/KremlinInstrument/TimestampPlacer.cpp:195 inserting instrumentation for:   call void @_KWork(i32 4)
DEBUG: /home/patmos/Developer/kremlin/instrument/llvm/llvm-3.6.1.src/lib/Transforms/KremlinInstrument/TimestampPlacer.cpp:195 inserting instrumentation for:   %arrayidx = getelementptr inbounds double* %out, i64 %indvars.iv3, !dbg !31
DEBUG: /home/patmos/Developer/kremlin/instrument/llvm/llvm-3.6.1.src/lib/Transforms/KremlinInstrument/TimestampPlacer.cpp:195 inserting instrumentation for:   %inst_arg_ptr4 = bitcast double* %arrayidx to i8*
DEBUG: /home/patmos/Developer/kremlin/instrument/llvm/llvm-3.6.1.src/lib/Transforms/KremlinInstrument/TimestampPlacer.cpp:195 inserting instrumentation for:   call void @_KLoad0(i8* %inst_arg_ptr4, i32 1, i32 8)
DEBUG: /home/patmos/Developer/kremlin/instrument/llvm/llvm-3.6.1.src/lib/Transforms/KremlinInstrument/TimestampPlacer.cpp:195 inserting instrumentation for:   %0 = load double* %arrayidx, align 8, !dbg !31
DEBUG: /home/patmos/Developer/kremlin/instrument/llvm/llvm-3.6.1.src/lib/Transforms/KremlinInstrument/TimestampPlacer.cpp:195 inserting instrumentation for:   call void @llvm.dbg.value(metadata double %0, i64 0, metadata !34, metadata !18), !dbg !35
DEBUG: /home/patmos/Developer/kremlin/instrument/llvm/llvm-3.6.1.src/lib/Transforms/KremlinInstrument/TimestampPlacer.cpp:195 inserting instrumentation for:   call void @llvm.dbg.value(metadata i32 0, i64 0, metadata !36, metadata !18), !dbg !37
DEBUG: /home/patmos/Developer/kremlin/instrument/llvm/llvm-3.6.1.src/lib/Transforms/KremlinInstrument/TimestampPlacer.cpp:195 inserting instrumentation for:   br label %for.cond1, !dbg !38
DEBUG: /home/patmos/Developer/kremlin/instrument/llvm/llvm-3.6.1.src/lib/Transforms/KremlinInstrument/TimestampPlacer.cpp:195 inserting instrumentation for:   %indvars.iv = phi i64 [ %indvars.iv.next, %for.body3 ], [ 0, %for.body ]
DEBUG: /home/patmos/Developer/kremlin/instrument/llvm/llvm-3.6.1.src/lib/Transforms/KremlinInstrument/PhiHandler.cpp:171 processing canonical induction var:   %indvars.iv = phi i64 [ %indvars.iv.next, %for.body3 ], [ 0, %for.body ]
DEBUG: /home/patmos/Developer/kremlin/instrument/llvm/llvm-3.6.1.src/lib/Transforms/KremlinInstrument/TimestampPlacer.cpp:195 inserting instrumentation for:   %sum.0 = phi double [ %0, %for.body ], [ %add13, %for.body3 ]
DEBUG: /home/patmos/Developer/kremlin/instrument/llvm/llvm-3.6.1.src/lib/Transforms/KremlinInstrument/PhiHandler.cpp:449 processing phi node:  NOPRINT

DEBUG: /home/patmos/Developer/kremlin/instrument/llvm/llvm-3.6.1.src/lib/Transforms/KremlinInstrument/analysis/timestamp/TimestampAnalysis.cpp:30 getting TS for   %0 = load double* %arrayidx, align 8, !dbg !31
DEBUG: /home/patmos/Developer/kremlin/instrument/llvm/llvm-3.6.1.src/lib/Transforms/KremlinInstrument/analysis/timestamp/TimestampAnalysis.cpp:48 	TS for   %0 = load double* %arrayidx, align 8, !dbg !31: (  %0 = load double* %arrayidx, align 8, !dbg !31,0) 
DEBUG: DEBUG: /home/patmos/Developer/kremlin/instrument/llvm/llvm-3.6.1.src/lib/Transforms/KremlinInstrument/analysis/timestamp/KInstructionToLogFunctionConverter.cpp:54 Converting inst:   %0 = load double* %arrayidx, align 8, !dbg !31
DEBUG: /home/patmos/Developer/kremlin/instrument/llvm/llvm-3.6.1.src/lib/Transforms/KremlinInstrument/analysis/timestamp/TimestampAnalysis.cpp:30 getting TS for   %add13 = fadd double %sum.0, %mul12, !dbg !52
DEBUG: /home/patmos/Developer/kremlin/instrument/llvm/llvm-3.6.1.src/lib/Transforms/KremlinInstrument/analysis/timestamp/TimestampAnalysis.cpp:30 getting TS for   %mul12 = fmul double %3, %7, !dbg !45
DEBUG: /home/patmos/Developer/kremlin/instrument/llvm/llvm-3.6.1.src/lib/Transforms/KremlinInstrument/analysis/timestamp/TimestampAnalysis.cpp:30 getting TS for   %3 = load double* %arrayidx5, align 8, !dbg !45
DEBUG: /home/patmos/Developer/kremlin/instrument/llvm/llvm-3.6.1.src/lib/Transforms/KremlinInstrument/analysis/timestamp/TimestampAnalysis.cpp:48 	TS for   %3 = load double* %arrayidx5, align 8, !dbg !45: (  %3 = load double* %arrayidx5, align 8, !dbg !45,0) 
DEBUG: DEBUG: /home/patmos/Developer/kremlin/instrument/llvm/llvm-3.6.1.src/lib/Transforms/KremlinInstrument/analysis/timestamp/TimestampAnalysis.cpp:30 getting TS for   %7 = load double* %arrayidx11, align 8, !dbg !49
DEBUG: /home/patmos/Developer/kremlin/instrument/llvm/llvm-3.6.1.src/lib/Transforms/KremlinInstrument/analysis/timestamp/TimestampAnalysis.cpp:48 	TS for   %7 = load double* %arrayidx11, align 8, !dbg !49: (  %7 = load double* %arrayidx11, align 8, !dbg !49,0) 
DEBUG: DEBUG: /home/patmos/Developer/kremlin/instrument/llvm/llvm-3.6.1.src/lib/Transforms/KremlinInstrument/analysis/ControlDependence.cpp:221 Controlling block search of for.body3
DEBUG: /home/patmos/Developer/kremlin/instrument/llvm/llvm-3.6.1.src/lib/Transforms/KremlinInstrument/analysis/ControlDependence.cpp:261 looking at for.cond1
DEBUG: /home/patmos/Developer/kremlin/instrument/llvm/llvm-3.6.1.src/lib/Transforms/KremlinInstrument/analysis/ControlDependence.cpp:289   br i1 %exitcond, label %for.body3, label %for.end, !dbg !40
DEBUG: /home/patmos/Developer/kremlin/instrument/llvm/llvm-3.6.1.src/lib/Transforms/KremlinInstrument/analysis/timestamp/TimestampAnalysis.cpp:30 getting TS for   %exitcond = icmp ne i64 %indvars.iv, 10, !dbg !40
DEBUG: /home/patmos/Developer/kremlin/instrument/llvm/llvm-3.6.1.src/lib/Transforms/KremlinInstrument/analysis/timestamp/TimestampAnalysis.cpp:30 getting TS for   %indvars.iv = phi i64 [ %indvars.iv.next, %for.body3 ], [ 0, %for.body ]
DEBUG: /home/patmos/Developer/kremlin/instrument/llvm/llvm-3.6.1.src/lib/Transforms/KremlinInstrument/analysis/timestamp/TimestampAnalysis.cpp:48 	TS for   %indvars.iv = phi i64 [ %indvars.iv.next, %for.body3 ], [ 0, %for.body ]: (  %indvars.iv = phi i64 [ %indvars.iv.next, %for.body3 ], [ 0, %for.body ],0) 
DEBUG: DEBUG: /home/patmos/Developer/kremlin/instrument/llvm/llvm-3.6.1.src/lib/Transforms/KremlinInstrument/analysis/timestamp/TimestampAnalysis.cpp:30 getting TS for i64 10
DEBUG: /home/patmos/Developer/kremlin/instrument/llvm/llvm-3.6.1.src/lib/Transforms/KremlinInstrument/analysis/timestamp/TimestampAnalysis.cpp:48 	TS for i64 10: 
DEBUG: DEBUG: /home/patmos/Developer/kremlin/instrument/llvm/llvm-3.6.1.src/lib/Transforms/KremlinInstrument/analysis/ControlDependence.cpp:221 Controlling block search of for.cond1
DEBUG: /home/patmos/Developer/kremlin/instrument/llvm/llvm-3.6.1.src/lib/Transforms/KremlinInstrument/analysis/ControlDependence.cpp:261 looking at for.cond
DEBUG: /home/patmos/Developer/kremlin/instrument/llvm/llvm-3.6.1.src/lib/Transforms/KremlinInstrument/analysis/ControlDependence.cpp:289   br i1 %exitcond7, label %for.body, label %for.end18, !dbg !30
DEBUG: /home/patmos/Developer/kremlin/instrument/llvm/llvm-3.6.1.src/lib/Transforms/KremlinInstrument/analysis/timestamp/TimestampAnalysis.cpp:30 getting TS for   %exitcond7 = icmp ne i64 %indvars.iv3, 494, !dbg !30
DEBUG: /home/patmos/Developer/kremlin/instrument/llvm/llvm-3.6.1.src/lib/Transforms/KremlinInstrument/analysis/timestamp/TimestampAnalysis.cpp:30 getting TS for   %indvars.iv3 = phi i64 [ %indvars.iv.next4, %for.end ], [ 0, %entry ]
DEBUG: /home/patmos/Developer/kremlin/instrument/llvm/llvm-3.6.1.src/lib/Transforms/KremlinInstrument/analysis/timestamp/TimestampAnalysis.cpp:48 	TS for   %indvars.iv3 = phi i64 [ %indvars.iv.next4, %for.end ], [ 0, %entry ]: (  %indvars.iv3 = phi i64 [ %indvars.iv.next4, %for.end ], [ 0, %entry ],0) 
DEBUG: DEBUG: /home/patmos/Developer/kremlin/instrument/llvm/llvm-3.6.1.src/lib/Transforms/KremlinInstrument/analysis/timestamp/TimestampAnalysis.cpp:30 getting TS for i64 494
DEBUG: /home/patmos/Developer/kremlin/instrument/llvm/llvm-3.6.1.src/lib/Transforms/KremlinInstrument/analysis/timestamp/TimestampAnalysis.cpp:48 	TS for i64 494: 
DEBUG: DEBUG: /home/patmos/Developer/kremlin/instrument/llvm/llvm-3.6.1.src/lib/Transforms/KremlinInstrument/analysis/ControlDependence.cpp:221 Controlling block search of for.cond
DEBUG: /home/patmos/Developer/kremlin/instrument/llvm/llvm-3.6.1.src/lib/Transforms/KremlinInstrument/analysis/ControlDependence.cpp:261 looking at for.cond
DEBUG: /home/patmos/Developer/kremlin/instrument/llvm/llvm-3.6.1.src/lib/Transforms/KremlinInstrument/analysis/timestamp/TimestampAnalysis.cpp:48 	TS for   %exitcond7 = icmp ne i64 %indvars.iv3, 494, !dbg !30: (  %indvars.iv3 = phi i64 [ %indvars.iv.next4, %for.end ], [ 0, %entry ],1) 
DEBUG: DEBUG: /home/patmos/Developer/kremlin/instrument/llvm/llvm-3.6.1.src/lib/Transforms/KremlinInstrument/analysis/timestamp/KInstructionToLogFunctionConverter.cpp:54 Converting inst:   %exitcond7 = icmp ne i64 %indvars.iv3, 494, !dbg !30
DEBUG: /home/patmos/Developer/kremlin/instrument/llvm/llvm-3.6.1.src/lib/Transforms/KremlinInstrument/analysis/timestamp/TimestampAnalysis.cpp:48 	TS for   %exitcond = icmp ne i64 %indvars.iv, 10, !dbg !40: (  %exitcond7 = icmp ne i64 %indvars.iv3, 494, !dbg !30,1) (  %indvars.iv = phi i64 [ %indvars.iv.next, %for.body3 ], [ 0, %for.body ],1) 
DEBUG: DEBUG: /home/patmos/Developer/kremlin/instrument/llvm/llvm-3.6.1.src/lib/Transforms/KremlinInstrument/analysis/timestamp/KInstructionToLogFunctionConverter.cpp:54 Converting inst:   %exitcond = icmp ne i64 %indvars.iv, 10, !dbg !40
DEBUG: /home/patmos/Developer/kremlin/instrument/llvm/llvm-3.6.1.src/lib/Transforms/KremlinInstrument/analysis/timestamp/TimestampAnalysis.cpp:48 	TS for   %mul12 = fmul double %3, %7, !dbg !45: (  %exitcond = icmp ne i64 %indvars.iv, 10, !dbg !40,5) (  %3 = load double* %arrayidx5, align 8, !dbg !45,5) (  %7 = load double* %arrayidx11, align 8, !dbg !49,5) 
DEBUG: DEBUG: /home/patmos/Developer/kremlin/instrument/llvm/llvm-3.6.1.src/lib/Transforms/KremlinInstrument/analysis/ControlDependence.cpp:221 Controlling block search of for.body3
DEBUG: /home/patmos/Developer/kremlin/instrument/llvm/llvm-3.6.1.src/lib/Transforms/KremlinInstrument/analysis/ControlDependence.cpp:261 looking at for.cond1
DEBUG: /home/patmos/Developer/kremlin/instrument/llvm/llvm-3.6.1.src/lib/Transforms/KremlinInstrument/analysis/ControlDependence.cpp:289   br i1 %exitcond, label %for.body3, label %for.end, !dbg !40
DEBUG: /home/patmos/Developer/kremlin/instrument/llvm/llvm-3.6.1.src/lib/Transforms/KremlinInstrument/analysis/timestamp/TimestampAnalysis.cpp:48 	TS for   %add13 = fadd double %sum.0, %mul12, !dbg !52: (  %sum.0 = phi double [ %0, %for.body ], [ %add13, %for.body3 ],2) (  %exitcond = icmp ne i64 %indvars.iv, 10, !dbg !40,7) (  %3 = load double* %arrayidx5, align 8, !dbg !45,7) (  %7 = load double* %arrayidx11, align 8, !dbg !49,7) 
DEBUG: DEBUG: /home/patmos/Developer/kremlin/instrument/llvm/llvm-3.6.1.src/lib/Transforms/KremlinInstrument/analysis/timestamp/KInstructionToLogFunctionConverter.cpp:54 Converting inst:   %add13 = fadd double %sum.0, %mul12, !dbg !52
DEBUG: /home/patmos/Developer/kremlin/instrument/llvm/llvm-3.6.1.src/lib/Transforms/KremlinInstrument/analysis/ControlDependence.cpp:221 Controlling block search of for.body
DEBUG: /home/patmos/Developer/kremlin/instrument/llvm/llvm-3.6.1.src/lib/Transforms/KremlinInstrument/analysis/ControlDependence.cpp:261 looking at for.cond
DEBUG: /home/patmos/Developer/kremlin/instrument/llvm/llvm-3.6.1.src/lib/Transforms/KremlinInstrument/analysis/ControlDependence.cpp:221 Controlling block search of for.body3
DEBUG: /home/patmos/Developer/kremlin/instrument/llvm/llvm-3.6.1.src/lib/Transforms/KremlinInstrument/analysis/ControlDependence.cpp:261 looking at for.cond1
DEBUG: /home/patmos/Developer/kremlin/instrument/llvm/llvm-3.6.1.src/lib/Transforms/KremlinInstrument/analysis/ControlDependence.cpp:221 Controlling block search of for.cond1
DEBUG: /home/patmos/Developer/kremlin/instrument/llvm/llvm-3.6.1.src/lib/Transforms/KremlinInstrument/analysis/ControlDependence.cpp:261 looking at for.cond
DEBUG: /home/patmos/Developer/kremlin/instrument/llvm/llvm-3.6.1.src/lib/Transforms/KremlinInstrument/PhiHandler.cpp:275 controller to for.cond1: for.cond
DEBUG: /home/patmos/Developer/kremlin/instrument/llvm/llvm-3.6.1.src/lib/Transforms/KremlinInstrument/PhiHandler.cpp:292 for.cond dominates for.body
DEBUG: /home/patmos/Developer/kremlin/instrument/llvm/llvm-3.6.1.src/lib/Transforms/KremlinInstrument/analysis/ControlDependence.cpp:289   br i1 %exitcond7, label %for.body, label %for.end18, !dbg !30
DEBUG: /home/patmos/Developer/kremlin/instrument/llvm/llvm-3.6.1.src/lib/Transforms/KremlinInstrument/PhiHandler.cpp:292 for.cond dominates for.body3
DEBUG: /home/patmos/Developer/kremlin/instrument/llvm/llvm-3.6.1.src/lib/Transforms/KremlinInstrument/analysis/ControlDependence.cpp:289   br i1 %exitcond7, label %for.body, label %for.end18, !dbg !30
DEBUG: /home/patmos/Developer/kremlin/instrument/llvm/llvm-3.6.1.src/lib/Transforms/KremlinInstrument/PhiHandler.cpp:275 controller to for.cond1: for.cond1
DEBUG: /home/patmos/Developer/kremlin/instrument/llvm/llvm-3.6.1.src/lib/Transforms/KremlinInstrument/PhiHandler.cpp:292 for.cond1 dominates for.body3
DEBUG: /home/patmos/Developer/kremlin/instrument/llvm/llvm-3.6.1.src/lib/Transforms/KremlinInstrument/analysis/ControlDependence.cpp:289   br i1 %exitcond, label %for.body3, label %for.end, !dbg !40
DEBUG: /home/patmos/Developer/kremlin/instrument/llvm/llvm-3.6.1.src/lib/Transforms/KremlinInstrument/analysis/ControlDependence.cpp:289   br i1 %exitcond, label %for.body3, label %for.end, !dbg !40
DEBUG: /home/patmos/Developer/kremlin/instrument/llvm/llvm-3.6.1.src/lib/Transforms/KremlinInstrument/TimestampPlacer.cpp:195 inserting instrumentation for:   call void @_KWork(i32 1)
DEBUG: /home/patmos/Developer/kremlin/instrument/llvm/llvm-3.6.1.src/lib/Transforms/KremlinInstrument/TimestampPlacer.cpp:195 inserting instrumentation for:   %exitcond = icmp ne i64 %indvars.iv, 10, !dbg !40
DEBUG: /home/patmos/Developer/kremlin/instrument/llvm/llvm-3.6.1.src/lib/Transforms/KremlinInstrument/TimestampPlacer.cpp:195 inserting instrumentation for:   call void @_KTimestamp1(i32 8, i32 8, i32 0)
DEBUG: /home/patmos/Developer/kremlin/instrument/llvm/llvm-3.6.1.src/lib/Transforms/KremlinInstrument/TimestampPlacer.cpp:195 inserting instrumentation for:   br i1 %exitcond, label %for.body3, label %for.end, !dbg !40
DEBUG: /home/patmos/Developer/kremlin/instrument/llvm/llvm-3.6.1.src/lib/Transforms/KremlinInstrument/TimestampPlacer.cpp:195 inserting instrumentation for:   call void @_KWork(i32 25)
DEBUG: /home/patmos/Developer/kremlin/instrument/llvm/llvm-3.6.1.src/lib/Transforms/KremlinInstrument/TimestampPlacer.cpp:195 inserting instrumentation for:   %1 = mul nsw i64 %indvars.iv3, 10, !dbg !41
DEBUG: /home/patmos/Developer/kremlin/instrument/llvm/llvm-3.6.1.src/lib/Transforms/KremlinInstrument/TimestampPlacer.cpp:195 inserting instrumentation for:   %2 = add nuw nsw i64 %indvars.iv, %1, !dbg !44
DEBUG: /home/patmos/Developer/kremlin/instrument/llvm/llvm-3.6.1.src/lib/Transforms/KremlinInstrument/TimestampPlacer.cpp:195 inserting instrumentation for:   %arrayidx5 = getelementptr inbounds double* %nzval, i64 %2, !dbg !45
DEBUG: /home/patmos/Developer/kremlin/instrument/llvm/llvm-3.6.1.src/lib/Transforms/KremlinInstrument/TimestampPlacer.cpp:195 inserting instrumentation for:   %inst_arg_ptr3 = bitcast double* %arrayidx5 to i8*
DEBUG: /home/patmos/Developer/kremlin/instrument/llvm/llvm-3.6.1.src/lib/Transforms/KremlinInstrument/TimestampPlacer.cpp:195 inserting instrumentation for:   call void @_KLoad1(i8* %inst_arg_ptr3, i32 2, i32 3, i32 8)
DEBUG: /home/patmos/Developer/kremlin/instrument/llvm/llvm-3.6.1.src/lib/Transforms/KremlinInstrument/TimestampPlacer.cpp:195 inserting instrumentation for:   %3 = load double* %arrayidx5, align 8, !dbg !45
DEBUG: /home/patmos/Developer/kremlin/instrument/llvm/llvm-3.6.1.src/lib/Transforms/KremlinInstrument/TimestampPlacer.cpp:195 inserting instrumentation for:   %4 = mul nsw i64 %indvars.iv3, 10, !dbg !46
DEBUG: /home/patmos/Developer/kremlin/instrument/llvm/llvm-3.6.1.src/lib/Transforms/KremlinInstrument/TimestampPlacer.cpp:195 inserting instrumentation for:   %5 = add nuw nsw i64 %indvars.iv, %4, !dbg !47
DEBUG: /home/patmos/Developer/kremlin/instrument/llvm/llvm-3.6.1.src/lib/Transforms/KremlinInstrument/TimestampPlacer.cpp:195 inserting instrumentation for:   %arrayidx9 = getelementptr inbounds i32* %cols, i64 %5, !dbg !48
DEBUG: /home/patmos/Developer/kremlin/instrument/llvm/llvm-3.6.1.src/lib/Transforms/KremlinInstrument/TimestampPlacer.cpp:195 inserting instrumentation for:   %inst_arg_ptr2 = bitcast i32* %arrayidx9 to i8*
DEBUG: /home/patmos/Developer/kremlin/instrument/llvm/llvm-3.6.1.src/lib/Transforms/KremlinInstrument/TimestampPlacer.cpp:195 inserting instrumentation for:   call void @_KLoad1(i8* %inst_arg_ptr2, i32 4, i32 5, i32 4)
DEBUG: /home/patmos/Developer/kremlin/instrument/llvm/llvm-3.6.1.src/lib/Transforms/KremlinInstrument/TimestampPlacer.cpp:195 inserting instrumentation for:   %6 = load i32* %arrayidx9, align 4, !dbg !48
DEBUG: /home/patmos/Developer/kremlin/instrument/llvm/llvm-3.6.1.src/lib/Transforms/KremlinInstrument/TimestampPlacer.cpp:195 inserting instrumentation for:   %idxprom10 = sext i32 %6 to i64, !dbg !49
DEBUG: /home/patmos/Developer/kremlin/instrument/llvm/llvm-3.6.1.src/lib/Transforms/KremlinInstrument/TimestampPlacer.cpp:195 inserting instrumentation for:   %arrayidx11 = getelementptr inbounds double* %vec, i64 %idxprom10, !dbg !49
DEBUG: /home/patmos/Developer/kremlin/instrument/llvm/llvm-3.6.1.src/lib/Transforms/KremlinInstrument/TimestampPlacer.cpp:195 inserting instrumentation for:   %inst_arg_ptr1 = bitcast double* %arrayidx11 to i8*
DEBUG: /home/patmos/Developer/kremlin/instrument/llvm/llvm-3.6.1.src/lib/Transforms/KremlinInstrument/TimestampPlacer.cpp:195 inserting instrumentation for:   call void @_KLoad1(i8* %inst_arg_ptr1, i32 6, i32 7, i32 8)
DEBUG: /home/patmos/Developer/kremlin/instrument/llvm/llvm-3.6.1.src/lib/Transforms/KremlinInstrument/TimestampPlacer.cpp:195 inserting instrumentation for:   %7 = load double* %arrayidx11, align 8, !dbg !49
DEBUG: /home/patmos/Developer/kremlin/instrument/llvm/llvm-3.6.1.src/lib/Transforms/KremlinInstrument/TimestampPlacer.cpp:195 inserting instrumentation for:   %mul12 = fmul double %3, %7, !dbg !45
DEBUG: /home/patmos/Developer/kremlin/instrument/llvm/llvm-3.6.1.src/lib/Transforms/KremlinInstrument/TimestampPlacer.cpp:195 inserting instrumentation for:   call void @llvm.dbg.value(metadata double %mul12, i64 0, metadata !50, metadata !18), !dbg !51
DEBUG: /home/patmos/Developer/kremlin/instrument/llvm/llvm-3.6.1.src/lib/Transforms/KremlinInstrument/TimestampPlacer.cpp:195 inserting instrumentation for:   %add13 = fadd double %sum.0, %mul12, !dbg !52
DEBUG: /home/patmos/Developer/kremlin/instrument/llvm/llvm-3.6.1.src/lib/Transforms/KremlinInstrument/TimestampPlacer.cpp:195 inserting instrumentation for:   call void @llvm.dbg.value(metadata double %add13, i64 0, metadata !34, metadata !18), !dbg !35
DEBUG: /home/patmos/Developer/kremlin/instrument/llvm/llvm-3.6.1.src/lib/Transforms/KremlinInstrument/TimestampPlacer.cpp:195 inserting instrumentation for:   %indvars.iv.next = add nuw nsw i64 %indvars.iv, 1, !dbg !53
DEBUG: /home/patmos/Developer/kremlin/instrument/llvm/llvm-3.6.1.src/lib/Transforms/KremlinInstrument/TimestampPlacer.cpp:195 inserting instrumentation for:   call void @llvm.dbg.value(metadata !2, i64 0, metadata !36, metadata !18), !dbg !37
DEBUG: /home/patmos/Developer/kremlin/instrument/llvm/llvm-3.6.1.src/lib/Transforms/KremlinInstrument/TimestampPlacer.cpp:195 inserting instrumentation for:   br label %for.cond1, !dbg !53
DEBUG: /home/patmos/Developer/kremlin/instrument/llvm/llvm-3.6.1.src/lib/Transforms/KremlinInstrument/TimestampPlacer.cpp:195 inserting instrumentation for:   call void @_KWork(i32 1)
DEBUG: /home/patmos/Developer/kremlin/instrument/llvm/llvm-3.6.1.src/lib/Transforms/KremlinInstrument/TimestampPlacer.cpp:195 inserting instrumentation for:   %arrayidx15 = getelementptr inbounds double* %out, i64 %indvars.iv3, !dbg !54
DEBUG: /home/patmos/Developer/kremlin/instrument/llvm/llvm-3.6.1.src/lib/Transforms/KremlinInstrument/TimestampPlacer.cpp:195 inserting instrumentation for:   %inst_arg_ptr = bitcast double* %arrayidx15 to i8*
DEBUG: /home/patmos/Developer/kremlin/instrument/llvm/llvm-3.6.1.src/lib/Transforms/KremlinInstrument/TimestampPlacer.cpp:195 inserting instrumentation for:   call void @_KStore(i32 8, i8* %inst_arg_ptr, i32 8)
DEBUG: /home/patmos/Developer/kremlin/instrument/llvm/llvm-3.6.1.src/lib/Transforms/KremlinInstrument/TimestampPlacer.cpp:195 inserting instrumentation for:   store double %sum.0, double* %arrayidx15, align 8, !dbg !54
DEBUG: /home/patmos/Developer/kremlin/instrument/llvm/llvm-3.6.1.src/lib/Transforms/KremlinInstrument/TimestampPlacer.cpp:195 inserting instrumentation for:   %indvars.iv.next4 = add nuw nsw i64 %indvars.iv3, 1, !dbg !55
DEBUG: /home/patmos/Developer/kremlin/instrument/llvm/llvm-3.6.1.src/lib/Transforms/KremlinInstrument/TimestampPlacer.cpp:195 inserting instrumentation for:   call void @llvm.dbg.value(metadata !2, i64 0, metadata !26, metadata !18), !dbg !27
DEBUG: /home/patmos/Developer/kremlin/instrument/llvm/llvm-3.6.1.src/lib/Transforms/KremlinInstrument/TimestampPlacer.cpp:195 inserting instrumentation for:   br label %for.cond, !dbg !55
DEBUG: /home/patmos/Developer/kremlin/instrument/llvm/llvm-3.6.1.src/lib/Transforms/KremlinInstrument/TimestampPlacer.cpp:195 inserting instrumentation for:   ret void, !dbg !56
INFO: /home/patmos/Developer/kremlin/instrument/llvm/llvm-3.6.1.src/lib/Transforms/KremlinInstrument/Placer.cpp:74 Placing begins
DEBUG: /home/patmos/Developer/kremlin/instrument/llvm/llvm-3.6.1.src/lib/Transforms/KremlinInstrument/Placer.cpp:118 Getting common dom
DEBUG: /home/patmos/Developer/kremlin/instrument/llvm/llvm-3.6.1.src/lib/Transforms/KremlinInstrument/Placer.cpp:126 Getting earliest inst
DEBUG: /home/patmos/Developer/kremlin/instrument/llvm/llvm-3.6.1.src/lib/Transforms/KremlinInstrument/Placer.cpp:118 Getting common dom
DEBUG: /home/patmos/Developer/kremlin/instrument/llvm/llvm-3.6.1.src/lib/Transforms/KremlinInstrument/Placer.cpp:126 Getting earliest inst
DEBUG: /home/patmos/Developer/kremlin/instrument/llvm/llvm-3.6.1.src/lib/Transforms/KremlinInstrument/Placer.cpp:118 Getting common dom
DEBUG: /home/patmos/Developer/kremlin/instrument/llvm/llvm-3.6.1.src/lib/Transforms/KremlinInstrument/Placer.cpp:126 Getting earliest inst
DEBUG: /home/patmos/Developer/kremlin/instrument/llvm/llvm-3.6.1.src/lib/Transforms/KremlinInstrument/Placer.cpp:118 Getting common dom
DEBUG: /home/patmos/Developer/kremlin/instrument/llvm/llvm-3.6.1.src/lib/Transforms/KremlinInstrument/Placer.cpp:126 Getting earliest inst
DEBUG: /home/patmos/Developer/kremlin/instrument/llvm/llvm-3.6.1.src/lib/Transforms/KremlinInstrument/Placer.cpp:118 Getting common dom
DEBUG: /home/patmos/Developer/kremlin/instrument/llvm/llvm-3.6.1.src/lib/Transforms/KremlinInstrument/Placer.cpp:126 Getting earliest inst
DEBUG: /home/patmos/Developer/kremlin/instrument/llvm/llvm-3.6.1.src/lib/Transforms/KremlinInstrument/Placer.cpp:118 Getting common dom
DEBUG: /home/patmos/Developer/kremlin/instrument/llvm/llvm-3.6.1.src/lib/Transforms/KremlinInstrument/Placer.cpp:126 Getting earliest inst
DEBUG: /home/patmos/Developer/kremlin/instrument/llvm/llvm-3.6.1.src/lib/Transforms/KremlinInstrument/Placer.cpp:118 Getting common dom
DEBUG: /home/patmos/Developer/kremlin/instrument/llvm/llvm-3.6.1.src/lib/Transforms/KremlinInstrument/Placer.cpp:126 Getting earliest inst
DEBUG: /home/patmos/Developer/kremlin/instrument/llvm/llvm-3.6.1.src/lib/Transforms/KremlinInstrument/Placer.cpp:118 Getting common dom
DEBUG: /home/patmos/Developer/kremlin/instrument/llvm/llvm-3.6.1.src/lib/Transforms/KremlinInstrument/Placer.cpp:126 Getting earliest inst
DEBUG: /home/patmos/Developer/kremlin/instrument/llvm/llvm-3.6.1.src/lib/Transforms/KremlinInstrument/Placer.cpp:118 Getting common dom
DEBUG: /home/patmos/Developer/kremlin/instrument/llvm/llvm-3.6.1.src/lib/Transforms/KremlinInstrument/Placer.cpp:126 Getting earliest inst
DEBUG: /home/patmos/Developer/kremlin/instrument/llvm/llvm-3.6.1.src/lib/Transforms/KremlinInstrument/Placer.cpp:118 Getting common dom
DEBUG: /home/patmos/Developer/kremlin/instrument/llvm/llvm-3.6.1.src/lib/Transforms/KremlinInstrument/Placer.cpp:126 Getting earliest inst
DEBUG: /home/patmos/Developer/kremlin/instrument/llvm/llvm-3.6.1.src/lib/Transforms/KremlinInstrument/Placer.cpp:118 Getting common dom
DEBUG: /home/patmos/Developer/kremlin/instrument/llvm/llvm-3.6.1.src/lib/Transforms/KremlinInstrument/Placer.cpp:126 Getting earliest inst
INFO: /home/patmos/Developer/kremlin/instrument/llvm/llvm-3.6.1.src/lib/Transforms/KremlinInstrument/Placer.cpp:145 Placing finishes
DEBUG: /home/patmos/Developer/kremlin/instrument/llvm/llvm-3.6.1.src/lib/Transforms/KremlinInstrument/analysis/ControlDependence.cpp:221 Controlling block search of entry
DEBUG: /home/patmos/Developer/kremlin/instrument/llvm/llvm-3.6.1.src/lib/Transforms/KremlinInstrument/analysis/ControlDependence.cpp:289   br label %for.cond, !dbg !28
DEBUG: /home/patmos/Developer/kremlin/instrument/llvm/llvm-3.6.1.src/lib/Transforms/KremlinInstrument/analysis/ControlDependence.cpp:297 No controlling val found for bb: entry
DEBUG: /home/patmos/Developer/kremlin/instrument/llvm/llvm-3.6.1.src/lib/Transforms/KremlinInstrument/TimestampPlacer.cpp:195 inserting instrumentation for:   call void @llvm.dbg.value(metadata double* %nzval, i64 0, metadata !17, metadata !18), !dbg !19
DEBUG: /home/patmos/Developer/kremlin/instrument/llvm/llvm-3.6.1.src/lib/Transforms/KremlinInstrument/TimestampPlacer.cpp:195 inserting instrumentation for:   call void @llvm.dbg.value(metadata i32* %cols, i64 0, metadata !20, metadata !18), !dbg !21
DEBUG: /home/patmos/Developer/kremlin/instrument/llvm/llvm-3.6.1.src/lib/Transforms/KremlinInstrument/TimestampPlacer.cpp:195 inserting instrumentation for:   call void @llvm.dbg.value(metadata double* %vec, i64 0, metadata !22, metadata !18), !dbg !23
DEBUG: /home/patmos/Developer/kremlin/instrument/llvm/llvm-3.6.1.src/lib/Transforms/KremlinInstrument/TimestampPlacer.cpp:195 inserting instrumentation for:   call void @llvm.dbg.value(metadata double* %out, i64 0, metadata !24, metadata !18), !dbg !25
DEBUG: /home/patmos/Developer/kremlin/instrument/llvm/llvm-3.6.1.src/lib/Transforms/KremlinInstrument/TimestampPlacer.cpp:195 inserting instrumentation for:   call void @llvm.dbg.value(metadata i32 0, i64 0, metadata !26, metadata !18), !dbg !27
DEBUG: /home/patmos/Developer/kremlin/instrument/llvm/llvm-3.6.1.src/lib/Transforms/KremlinInstrument/TimestampPlacer.cpp:195 inserting instrumentation for:   call void @_KInduction(i32 9)
DEBUG: /home/patmos/Developer/kremlin/instrument/llvm/llvm-3.6.1.src/lib/Transforms/KremlinInstrument/TimestampPlacer.cpp:195 inserting instrumentation for:   br label %for.cond, !dbg !28
DEBUG: /home/patmos/Developer/kremlin/instrument/llvm/llvm-3.6.1.src/lib/Transforms/KremlinInstrument/analysis/ControlDependence.cpp:221 Controlling block search of for.cond
DEBUG: /home/patmos/Developer/kremlin/instrument/llvm/llvm-3.6.1.src/lib/Transforms/KremlinInstrument/analysis/ControlDependence.cpp:261 looking at for.cond
DEBUG: /home/patmos/Developer/kremlin/instrument/llvm/llvm-3.6.1.src/lib/Transforms/KremlinInstrument/analysis/ControlDependence.cpp:289   br i1 %exitcond7, label %for.body, label %for.end18, !dbg !30
DEBUG: /home/patmos/Developer/kremlin/instrument/llvm/llvm-3.6.1.src/lib/Transforms/KremlinInstrument/TimestampPlacer.cpp:195 inserting instrumentation for:   %indvars.iv3 = phi i64 [ %indvars.iv.next4, %for.end ], [ 0, %entry ]
DEBUG: /home/patmos/Developer/kremlin/instrument/llvm/llvm-3.6.1.src/lib/Transforms/KremlinInstrument/TimestampPlacer.cpp:195 inserting instrumentation for:   call void @_KWork(i32 1)
DEBUG: /home/patmos/Developer/kremlin/instrument/llvm/llvm-3.6.1.src/lib/Transforms/KremlinInstrument/TimestampPlacer.cpp:195 inserting instrumentation for:   %exitcond7 = icmp ne i64 %indvars.iv3, 494, !dbg !30
DEBUG: /home/patmos/Developer/kremlin/instrument/llvm/llvm-3.6.1.src/lib/Transforms/KremlinInstrument/TimestampPlacer.cpp:195 inserting instrumentation for:   call void @_KTimestamp1(i32 12, i32 9, i32 1)
DEBUG: /home/patmos/Developer/kremlin/instrument/llvm/llvm-3.6.1.src/lib/Transforms/KremlinInstrument/TimestampPlacer.cpp:195 inserting instrumentation for:   br i1 %exitcond7, label %for.body, label %for.end18, !dbg !30
DEBUG: /home/patmos/Developer/kremlin/instrument/llvm/llvm-3.6.1.src/lib/Transforms/KremlinInstrument/analysis/ControlDependence.cpp:221 Controlling block search of for.body
DEBUG: /home/patmos/Developer/kremlin/instrument/llvm/llvm-3.6.1.src/lib/Transforms/KremlinInstrument/analysis/ControlDependence.cpp:261 looking at for.cond
DEBUG: /home/patmos/Developer/kremlin/instrument/llvm/llvm-3.6.1.src/lib/Transforms/KremlinInstrument/analysis/ControlDependence.cpp:289   br i1 %exitcond7, label %for.body, label %for.end18, !dbg !30
DEBUG: /home/patmos/Developer/kremlin/instrument/llvm/llvm-3.6.1.src/lib/Transforms/KremlinInstrument/analysis/ControlDependence.cpp:289   br label %for.cond1, !dbg !38
DEBUG: /home/patmos/Developer/kremlin/instrument/llvm/llvm-3.6.1.src/lib/Transforms/KremlinInstrument/analysis/ControlDependence.cpp:297 No controlling val found for bb: for.body
DEBUG: /home/patmos/Developer/kremlin/instrument/llvm/llvm-3.6.1.src/lib/Transforms/KremlinInstrument/TimestampPlacer.cpp:195 inserting instrumentation for:   call void @_KWork(i32 4)
DEBUG: /home/patmos/Developer/kremlin/instrument/llvm/llvm-3.6.1.src/lib/Transforms/KremlinInstrument/TimestampPlacer.cpp:195 inserting instrumentation for:   %arrayidx = getelementptr inbounds double* %out, i64 %indvars.iv3, !dbg !31
DEBUG: /home/patmos/Developer/kremlin/instrument/llvm/llvm-3.6.1.src/lib/Transforms/KremlinInstrument/TimestampPlacer.cpp:195 inserting instrumentation for:   %inst_arg_ptr4 = bitcast double* %arrayidx to i8*
DEBUG: /home/patmos/Developer/kremlin/instrument/llvm/llvm-3.6.1.src/lib/Transforms/KremlinInstrument/TimestampPlacer.cpp:195 inserting instrumentation for:   call void @_KLoad0(i8* %inst_arg_ptr4, i32 1, i32 8)
DEBUG: /home/patmos/Developer/kremlin/instrument/llvm/llvm-3.6.1.src/lib/Transforms/KremlinInstrument/TimestampPlacer.cpp:195 inserting instrumentation for:   %0 = load double* %arrayidx, align 8, !dbg !31
DEBUG: /home/patmos/Developer/kremlin/instrument/llvm/llvm-3.6.1.src/lib/Transforms/KremlinInstrument/TimestampPlacer.cpp:195 inserting instrumentation for:   call void @llvm.dbg.value(metadata double %0, i64 0, metadata !34, metadata !18), !dbg !35
DEBUG: /home/patmos/Developer/kremlin/instrument/llvm/llvm-3.6.1.src/lib/Transforms/KremlinInstrument/TimestampPlacer.cpp:195 inserting instrumentation for:   call void @llvm.dbg.value(metadata i32 0, i64 0, metadata !36, metadata !18), !dbg !37
DEBUG: /home/patmos/Developer/kremlin/instrument/llvm/llvm-3.6.1.src/lib/Transforms/KremlinInstrument/TimestampPlacer.cpp:195 inserting instrumentation for:   call void @_KTimestamp1(i32 1, i32 1, i32 0)
DEBUG: /home/patmos/Developer/kremlin/instrument/llvm/llvm-3.6.1.src/lib/Transforms/KremlinInstrument/TimestampPlacer.cpp:195 inserting instrumentation for:   call void @_KInduction(i32 10)
DEBUG: /home/patmos/Developer/kremlin/instrument/llvm/llvm-3.6.1.src/lib/Transforms/KremlinInstrument/TimestampPlacer.cpp:195 inserting instrumentation for:   br label %for.cond1, !dbg !38
DEBUG: /home/patmos/Developer/kremlin/instrument/llvm/llvm-3.6.1.src/lib/Transforms/KremlinInstrument/analysis/ControlDependence.cpp:221 Controlling block search of for.cond1
DEBUG: /home/patmos/Developer/kremlin/instrument/llvm/llvm-3.6.1.src/lib/Transforms/KremlinInstrument/analysis/ControlDependence.cpp:261 looking at for.cond
DEBUG: /home/patmos/Developer/kremlin/instrument/llvm/llvm-3.6.1.src/lib/Transforms/KremlinInstrument/analysis/ControlDependence.cpp:289   br i1 %exitcond7, label %for.body, label %for.end18, !dbg !30
DEBUG: /home/patmos/Developer/kremlin/instrument/llvm/llvm-3.6.1.src/lib/Transforms/KremlinInstrument/analysis/ControlDependence.cpp:289   br i1 %exitcond, label %for.body3, label %for.end, !dbg !40
DEBUG: /home/patmos/Developer/kremlin/instrument/llvm/llvm-3.6.1.src/lib/Transforms/KremlinInstrument/TimestampPlacer.cpp:195 inserting instrumentation for:   %indvars.iv = phi i64 [ %indvars.iv.next, %for.body3 ], [ 0, %for.body ]
DEBUG: /home/patmos/Developer/kremlin/instrument/llvm/llvm-3.6.1.src/lib/Transforms/KremlinInstrument/TimestampPlacer.cpp:195 inserting instrumentation for:   %phi-incoming-condition = phi i32 [ 0, %for.body ], [ 13, %for.body3 ]
DEBUG: /home/patmos/Developer/kremlin/instrument/llvm/llvm-3.6.1.src/lib/Transforms/KremlinInstrument/TimestampPlacer.cpp:195 inserting instrumentation for:   %phi-incoming-condition5 = phi i32 [ 12, %for.body ], [ 12, %for.body3 ]
DEBUG: /home/patmos/Developer/kremlin/instrument/llvm/llvm-3.6.1.src/lib/Transforms/KremlinInstrument/TimestampPlacer.cpp:195 inserting instrumentation for:   %phi-incoming-val-id = phi i32 [ 1, %for.body ], [ 11, %for.body3 ]
DEBUG: /home/patmos/Developer/kremlin/instrument/llvm/llvm-3.6.1.src/lib/Transforms/KremlinInstrument/TimestampPlacer.cpp:195 inserting instrumentation for:   %sum.0 = phi double [ %0, %for.body ], [ %add13, %for.body3 ]
DEBUG: /home/patmos/Developer/kremlin/instrument/llvm/llvm-3.6.1.src/lib/Transforms/KremlinInstrument/TimestampPlacer.cpp:195 inserting instrumentation for:   call void @_KPhi2To1(i32 8, i32 %phi-incoming-val-id, i32 %phi-incoming-condition5, i32 %phi-incoming-condition)
DEBUG: /home/patmos/Developer/kremlin/instrument/llvm/llvm-3.6.1.src/lib/Transforms/KremlinInstrument/TimestampPlacer.cpp:195 inserting instrumentation for:   call void @_KWork(i32 1)
DEBUG: /home/patmos/Developer/kremlin/instrument/llvm/llvm-3.6.1.src/lib/Transforms/KremlinInstrument/TimestampPlacer.cpp:195 inserting instrumentation for:   %exitcond = icmp ne i64 %indvars.iv, 10, !dbg !40
DEBUG: /home/patmos/Developer/kremlin/instrument/llvm/llvm-3.6.1.src/lib/Transforms/KremlinInstrument/TimestampPlacer.cpp:195 inserting instrumentation for:   call void @_KTimestamp1(i32 8, i32 8, i32 0)
DEBUG: /home/patmos/Developer/kremlin/instrument/llvm/llvm-3.6.1.src/lib/Transforms/KremlinInstrument/TimestampPlacer.cpp:195 inserting instrumentation for:   call void @_KTimestamp2(i32 13, i32 12, i32 1, i32 10, i32 1)
DEBUG: /home/patmos/Developer/kremlin/instrument/llvm/llvm-3.6.1.src/lib/Transforms/KremlinInstrument/TimestampPlacer.cpp:195 inserting instrumentation for:   call void @_KPhiAddCond(i32 8, i32 13)
DEBUG: /home/patmos/Developer/kremlin/instrument/llvm/llvm-3.6.1.src/lib/Transforms/KremlinInstrument/TimestampPlacer.cpp:195 inserting instrumentation for:   br i1 %exitcond, label %for.body3, label %for.end, !dbg !40
DEBUG: /home/patmos/Developer/kremlin/instrument/llvm/llvm-3.6.1.src/lib/Transforms/KremlinInstrument/analysis/ControlDependence.cpp:221 Controlling block search of for.body3
DEBUG: /home/patmos/Developer/kremlin/instrument/llvm/llvm-3.6.1.src/lib/Transforms/KremlinInstrument/analysis/ControlDependence.cpp:261 looking at for.cond1
DEBUG: /home/patmos/Developer/kremlin/instrument/llvm/llvm-3.6.1.src/lib/Transforms/KremlinInstrument/analysis/ControlDependence.cpp:289   br i1 %exitcond, label %for.body3, label %for.end, !dbg !40
DEBUG: /home/patmos/Developer/kremlin/instrument/llvm/llvm-3.6.1.src/lib/Transforms/KremlinInstrument/analysis/ControlDependence.cpp:289   br label %for.cond1, !dbg !53
DEBUG: /home/patmos/Developer/kremlin/instrument/llvm/llvm-3.6.1.src/lib/Transforms/KremlinInstrument/analysis/ControlDependence.cpp:297 No controlling val found for bb: for.body3
DEBUG: /home/patmos/Developer/kremlin/instrument/llvm/llvm-3.6.1.src/lib/Transforms/KremlinInstrument/TimestampPlacer.cpp:195 inserting instrumentation for:   call void @_KWork(i32 25)
DEBUG: /home/patmos/Developer/kremlin/instrument/llvm/llvm-3.6.1.src/lib/Transforms/KremlinInstrument/TimestampPlacer.cpp:195 inserting instrumentation for:   %1 = mul nsw i64 %indvars.iv3, 10, !dbg !41
DEBUG: /home/patmos/Developer/kremlin/instrument/llvm/llvm-3.6.1.src/lib/Transforms/KremlinInstrument/TimestampPlacer.cpp:195 inserting instrumentation for:   %2 = add nuw nsw i64 %indvars.iv, %1, !dbg !44
DEBUG: /home/patmos/Developer/kremlin/instrument/llvm/llvm-3.6.1.src/lib/Transforms/KremlinInstrument/TimestampPlacer.cpp:195 inserting instrumentation for:   %arrayidx5 = getelementptr inbounds double* %nzval, i64 %2, !dbg !45
DEBUG: /home/patmos/Developer/kremlin/instrument/llvm/llvm-3.6.1.src/lib/Transforms/KremlinInstrument/TimestampPlacer.cpp:195 inserting instrumentation for:   %inst_arg_ptr3 = bitcast double* %arrayidx5 to i8*
DEBUG: /home/patmos/Developer/kremlin/instrument/llvm/llvm-3.6.1.src/lib/Transforms/KremlinInstrument/TimestampPlacer.cpp:195 inserting instrumentation for:   call void @_KLoad1(i8* %inst_arg_ptr3, i32 2, i32 3, i32 8)
DEBUG: /home/patmos/Developer/kremlin/instrument/llvm/llvm-3.6.1.src/lib/Transforms/KremlinInstrument/TimestampPlacer.cpp:195 inserting instrumentation for:   %3 = load double* %arrayidx5, align 8, !dbg !45
DEBUG: /home/patmos/Developer/kremlin/instrument/llvm/llvm-3.6.1.src/lib/Transforms/KremlinInstrument/TimestampPlacer.cpp:195 inserting instrumentation for:   %4 = mul nsw i64 %indvars.iv3, 10, !dbg !46
DEBUG: /home/patmos/Developer/kremlin/instrument/llvm/llvm-3.6.1.src/lib/Transforms/KremlinInstrument/TimestampPlacer.cpp:195 inserting instrumentation for:   %5 = add nuw nsw i64 %indvars.iv, %4, !dbg !47
DEBUG: /home/patmos/Developer/kremlin/instrument/llvm/llvm-3.6.1.src/lib/Transforms/KremlinInstrument/TimestampPlacer.cpp:195 inserting instrumentation for:   %arrayidx9 = getelementptr inbounds i32* %cols, i64 %5, !dbg !48
DEBUG: /home/patmos/Developer/kremlin/instrument/llvm/llvm-3.6.1.src/lib/Transforms/KremlinInstrument/TimestampPlacer.cpp:195 inserting instrumentation for:   %inst_arg_ptr2 = bitcast i32* %arrayidx9 to i8*
DEBUG: /home/patmos/Developer/kremlin/instrument/llvm/llvm-3.6.1.src/lib/Transforms/KremlinInstrument/TimestampPlacer.cpp:195 inserting instrumentation for:   call void @_KLoad1(i8* %inst_arg_ptr2, i32 4, i32 5, i32 4)
DEBUG: /home/patmos/Developer/kremlin/instrument/llvm/llvm-3.6.1.src/lib/Transforms/KremlinInstrument/TimestampPlacer.cpp:195 inserting instrumentation for:   %6 = load i32* %arrayidx9, align 4, !dbg !48
DEBUG: /home/patmos/Developer/kremlin/instrument/llvm/llvm-3.6.1.src/lib/Transforms/KremlinInstrument/TimestampPlacer.cpp:195 inserting instrumentation for:   %idxprom10 = sext i32 %6 to i64, !dbg !49
DEBUG: /home/patmos/Developer/kremlin/instrument/llvm/llvm-3.6.1.src/lib/Transforms/KremlinInstrument/TimestampPlacer.cpp:195 inserting instrumentation for:   %arrayidx11 = getelementptr inbounds double* %vec, i64 %idxprom10, !dbg !49
DEBUG: /home/patmos/Developer/kremlin/instrument/llvm/llvm-3.6.1.src/lib/Transforms/KremlinInstrument/TimestampPlacer.cpp:195 inserting instrumentation for:   %inst_arg_ptr1 = bitcast double* %arrayidx11 to i8*
DEBUG: /home/patmos/Developer/kremlin/instrument/llvm/llvm-3.6.1.src/lib/Transforms/KremlinInstrument/TimestampPlacer.cpp:195 inserting instrumentation for:   call void @_KLoad1(i8* %inst_arg_ptr1, i32 6, i32 7, i32 8)
DEBUG: /home/patmos/Developer/kremlin/instrument/llvm/llvm-3.6.1.src/lib/Transforms/KremlinInstrument/TimestampPlacer.cpp:195 inserting instrumentation for:   %7 = load double* %arrayidx11, align 8, !dbg !49
DEBUG: /home/patmos/Developer/kremlin/instrument/llvm/llvm-3.6.1.src/lib/Transforms/KremlinInstrument/TimestampPlacer.cpp:195 inserting instrumentation for:   %mul12 = fmul double %3, %7, !dbg !45
DEBUG: /home/patmos/Developer/kremlin/instrument/llvm/llvm-3.6.1.src/lib/Transforms/KremlinInstrument/TimestampPlacer.cpp:195 inserting instrumentation for:   call void @llvm.dbg.value(metadata double %mul12, i64 0, metadata !50, metadata !18), !dbg !51
DEBUG: /home/patmos/Developer/kremlin/instrument/llvm/llvm-3.6.1.src/lib/Transforms/KremlinInstrument/TimestampPlacer.cpp:195 inserting instrumentation for:   %add13 = fadd double %sum.0, %mul12, !dbg !52
DEBUG: /home/patmos/Developer/kremlin/instrument/llvm/llvm-3.6.1.src/lib/Transforms/KremlinInstrument/TimestampPlacer.cpp:195 inserting instrumentation for:   call void @llvm.dbg.value(metadata double %add13, i64 0, metadata !34, metadata !18), !dbg !35
DEBUG: /home/patmos/Developer/kremlin/instrument/llvm/llvm-3.6.1.src/lib/Transforms/KremlinInstrument/TimestampPlacer.cpp:195 inserting instrumentation for:   %indvars.iv.next = add nuw nsw i64 %indvars.iv, 1, !dbg !53
DEBUG: /home/patmos/Developer/kremlin/instrument/llvm/llvm-3.6.1.src/lib/Transforms/KremlinInstrument/TimestampPlacer.cpp:195 inserting instrumentation for:   call void @llvm.dbg.value(metadata !2, i64 0, metadata !36, metadata !18), !dbg !37
DEBUG: /home/patmos/Developer/kremlin/instrument/llvm/llvm-3.6.1.src/lib/Transforms/KremlinInstrument/TimestampPlacer.cpp:195 inserting instrumentation for:   call void @_KTimestamp4(i32 11, i32 8, i32 2, i32 13, i32 7, i32 2, i32 7, i32 6, i32 7)
DEBUG: /home/patmos/Developer/kremlin/instrument/llvm/llvm-3.6.1.src/lib/Transforms/KremlinInstrument/TimestampPlacer.cpp:195 inserting instrumentation for:   br label %for.cond1, !dbg !53
DEBUG: /home/patmos/Developer/kremlin/instrument/llvm/llvm-3.6.1.src/lib/Transforms/KremlinInstrument/analysis/ControlDependence.cpp:221 Controlling block search of for.end
DEBUG: /home/patmos/Developer/kremlin/instrument/llvm/llvm-3.6.1.src/lib/Transforms/KremlinInstrument/analysis/ControlDependence.cpp:261 looking at for.cond
DEBUG: /home/patmos/Developer/kremlin/instrument/llvm/llvm-3.6.1.src/lib/Transforms/KremlinInstrument/analysis/ControlDependence.cpp:289   br i1 %exitcond7, label %for.body, label %for.end18, !dbg !30
DEBUG: /home/patmos/Developer/kremlin/instrument/llvm/llvm-3.6.1.src/lib/Transforms/KremlinInstrument/analysis/ControlDependence.cpp:289   br label %for.cond, !dbg !55
DEBUG: /home/patmos/Developer/kremlin/instrument/llvm/llvm-3.6.1.src/lib/Transforms/KremlinInstrument/analysis/ControlDependence.cpp:297 No controlling val found for bb: for.end
DEBUG: /home/patmos/Developer/kremlin/instrument/llvm/llvm-3.6.1.src/lib/Transforms/KremlinInstrument/TimestampPlacer.cpp:195 inserting instrumentation for:   call void @_KWork(i32 1)
DEBUG: /home/patmos/Developer/kremlin/instrument/llvm/llvm-3.6.1.src/lib/Transforms/KremlinInstrument/TimestampPlacer.cpp:195 inserting instrumentation for:   %arrayidx15 = getelementptr inbounds double* %out, i64 %indvars.iv3, !dbg !54
DEBUG: /home/patmos/Developer/kremlin/instrument/llvm/llvm-3.6.1.src/lib/Transforms/KremlinInstrument/TimestampPlacer.cpp:195 inserting instrumentation for:   %inst_arg_ptr = bitcast double* %arrayidx15 to i8*
DEBUG: /home/patmos/Developer/kremlin/instrument/llvm/llvm-3.6.1.src/lib/Transforms/KremlinInstrument/TimestampPlacer.cpp:195 inserting instrumentation for:   call void @_KStore(i32 8, i8* %inst_arg_ptr, i32 8)
DEBUG: /home/patmos/Developer/kremlin/instrument/llvm/llvm-3.6.1.src/lib/Transforms/KremlinInstrument/TimestampPlacer.cpp:195 inserting instrumentation for:   store double %sum.0, double* %arrayidx15, align 8, !dbg !54
DEBUG: /home/patmos/Developer/kremlin/instrument/llvm/llvm-3.6.1.src/lib/Transforms/KremlinInstrument/TimestampPlacer.cpp:195 inserting instrumentation for:   %indvars.iv.next4 = add nuw nsw i64 %indvars.iv3, 1, !dbg !55
DEBUG: /home/patmos/Developer/kremlin/instrument/llvm/llvm-3.6.1.src/lib/Transforms/KremlinInstrument/TimestampPlacer.cpp:195 inserting instrumentation for:   call void @llvm.dbg.value(metadata !2, i64 0, metadata !26, metadata !18), !dbg !27
DEBUG: /home/patmos/Developer/kremlin/instrument/llvm/llvm-3.6.1.src/lib/Transforms/KremlinInstrument/TimestampPlacer.cpp:195 inserting instrumentation for:   br label %for.cond, !dbg !55
DEBUG: /home/patmos/Developer/kremlin/instrument/llvm/llvm-3.6.1.src/lib/Transforms/KremlinInstrument/analysis/ControlDependence.cpp:221 Controlling block search of for.end18
DEBUG: /home/patmos/Developer/kremlin/instrument/llvm/llvm-3.6.1.src/lib/Transforms/KremlinInstrument/analysis/ControlDependence.cpp:289   ret void, !dbg !56
DEBUG: /home/patmos/Developer/kremlin/instrument/llvm/llvm-3.6.1.src/lib/Transforms/KremlinInstrument/analysis/ControlDependence.cpp:297 No controlling val found for bb: for.end18
DEBUG: /home/patmos/Developer/kremlin/instrument/llvm/llvm-3.6.1.src/lib/Transforms/KremlinInstrument/TimestampPlacer.cpp:195 inserting instrumentation for:   ret void, !dbg !56
INFO: /home/patmos/Developer/kremlin/instrument/llvm/llvm-3.6.1.src/lib/Transforms/KremlinInstrument/Placer.cpp:74 Placing begins
DEBUG: /home/patmos/Developer/kremlin/instrument/llvm/llvm-3.6.1.src/lib/Transforms/KremlinInstrument/Placer.cpp:118 Getting common dom
DEBUG: /home/patmos/Developer/kremlin/instrument/llvm/llvm-3.6.1.src/lib/Transforms/KremlinInstrument/Placer.cpp:126 Getting earliest inst
DEBUG: /home/patmos/Developer/kremlin/instrument/llvm/llvm-3.6.1.src/lib/Transforms/KremlinInstrument/Placer.cpp:118 Getting common dom
DEBUG: /home/patmos/Developer/kremlin/instrument/llvm/llvm-3.6.1.src/lib/Transforms/KremlinInstrument/Placer.cpp:126 Getting earliest inst
DEBUG: /home/patmos/Developer/kremlin/instrument/llvm/llvm-3.6.1.src/lib/Transforms/KremlinInstrument/Placer.cpp:118 Getting common dom
DEBUG: /home/patmos/Developer/kremlin/instrument/llvm/llvm-3.6.1.src/lib/Transforms/KremlinInstrument/Placer.cpp:126 Getting earliest inst
DEBUG: /home/patmos/Developer/kremlin/instrument/llvm/llvm-3.6.1.src/lib/Transforms/KremlinInstrument/Placer.cpp:118 Getting common dom
DEBUG: /home/patmos/Developer/kremlin/instrument/llvm/llvm-3.6.1.src/lib/Transforms/KremlinInstrument/Placer.cpp:126 Getting earliest inst
DEBUG: /home/patmos/Developer/kremlin/instrument/llvm/llvm-3.6.1.src/lib/Transforms/KremlinInstrument/Placer.cpp:118 Getting common dom
DEBUG: /home/patmos/Developer/kremlin/instrument/llvm/llvm-3.6.1.src/lib/Transforms/KremlinInstrument/Placer.cpp:126 Getting earliest inst
DEBUG: /home/patmos/Developer/kremlin/instrument/llvm/llvm-3.6.1.src/lib/Transforms/KremlinInstrument/Placer.cpp:118 Getting common dom
DEBUG: /home/patmos/Developer/kremlin/instrument/llvm/llvm-3.6.1.src/lib/Transforms/KremlinInstrument/Placer.cpp:126 Getting earliest inst
DEBUG: /home/patmos/Developer/kremlin/instrument/llvm/llvm-3.6.1.src/lib/Transforms/KremlinInstrument/Placer.cpp:118 Getting common dom
DEBUG: /home/patmos/Developer/kremlin/instrument/llvm/llvm-3.6.1.src/lib/Transforms/KremlinInstrument/Placer.cpp:126 Getting earliest inst
DEBUG: /home/patmos/Developer/kremlin/instrument/llvm/llvm-3.6.1.src/lib/Transforms/KremlinInstrument/Placer.cpp:118 Getting common dom
DEBUG: /home/patmos/Developer/kremlin/instrument/llvm/llvm-3.6.1.src/lib/Transforms/KremlinInstrument/Placer.cpp:126 Getting earliest inst
INFO: /home/patmos/Developer/kremlin/instrument/llvm/llvm-3.6.1.src/lib/Transforms/KremlinInstrument/Placer.cpp:145 Placing finishes
DEBUG: /home/patmos/Developer/kremlin/instrument/llvm/llvm-3.6.1.src/lib/Transforms/KremlinInstrument/TimestampPlacer.cpp:195 inserting instrumentation for:   call void @llvm.dbg.value(metadata double* %nzval, i64 0, metadata !17, metadata !18), !dbg !19
DEBUG: /home/patmos/Developer/kremlin/instrument/llvm/llvm-3.6.1.src/lib/Transforms/KremlinInstrument/TimestampPlacer.cpp:195 inserting instrumentation for:   call void @llvm.dbg.value(metadata i32* %cols, i64 0, metadata !20, metadata !18), !dbg !21
DEBUG: /home/patmos/Developer/kremlin/instrument/llvm/llvm-3.6.1.src/lib/Transforms/KremlinInstrument/TimestampPlacer.cpp:195 inserting instrumentation for:   call void @llvm.dbg.value(metadata double* %vec, i64 0, metadata !22, metadata !18), !dbg !23
DEBUG: /home/patmos/Developer/kremlin/instrument/llvm/llvm-3.6.1.src/lib/Transforms/KremlinInstrument/TimestampPlacer.cpp:195 inserting instrumentation for:   call void @llvm.dbg.value(metadata double* %out, i64 0, metadata !24, metadata !18), !dbg !25
DEBUG: /home/patmos/Developer/kremlin/instrument/llvm/llvm-3.6.1.src/lib/Transforms/KremlinInstrument/TimestampPlacer.cpp:195 inserting instrumentation for:   call void @llvm.dbg.value(metadata i32 0, i64 0, metadata !26, metadata !18), !dbg !27
DEBUG: /home/patmos/Developer/kremlin/instrument/llvm/llvm-3.6.1.src/lib/Transforms/KremlinInstrument/TimestampPlacer.cpp:195 inserting instrumentation for:   call void @_KInduction(i32 9)
DEBUG: /home/patmos/Developer/kremlin/instrument/llvm/llvm-3.6.1.src/lib/Transforms/KremlinInstrument/TimestampPlacer.cpp:195 inserting instrumentation for:   br label %for.cond, !dbg !28
DEBUG: /home/patmos/Developer/kremlin/instrument/llvm/llvm-3.6.1.src/lib/Transforms/KremlinInstrument/TimestampPlacer.cpp:195 inserting instrumentation for:   %indvars.iv3 = phi i64 [ %indvars.iv.next4, %for.end ], [ 0, %entry ]
DEBUG: /home/patmos/Developer/kremlin/instrument/llvm/llvm-3.6.1.src/lib/Transforms/KremlinInstrument/TimestampPlacer.cpp:195 inserting instrumentation for:   call void @_KWork(i32 1)
DEBUG: /home/patmos/Developer/kremlin/instrument/llvm/llvm-3.6.1.src/lib/Transforms/KremlinInstrument/TimestampPlacer.cpp:195 inserting instrumentation for:   %exitcond7 = icmp ne i64 %indvars.iv3, 494, !dbg !30
DEBUG: /home/patmos/Developer/kremlin/instrument/llvm/llvm-3.6.1.src/lib/Transforms/KremlinInstrument/TimestampPlacer.cpp:195 inserting instrumentation for:   call void @_KTimestamp1(i32 12, i32 9, i32 1)
DEBUG: /home/patmos/Developer/kremlin/instrument/llvm/llvm-3.6.1.src/lib/Transforms/KremlinInstrument/TimestampPlacer.cpp:195 inserting instrumentation for:   br i1 %exitcond7, label %for.body, label %for.end18, !dbg !30
DEBUG: /home/patmos/Developer/kremlin/instrument/llvm/llvm-3.6.1.src/lib/Transforms/KremlinInstrument/TimestampPlacer.cpp:195 inserting instrumentation for:   call void @_KPushCDep(i32 12)
DEBUG: /home/patmos/Developer/kremlin/instrument/llvm/llvm-3.6.1.src/lib/Transforms/KremlinInstrument/TimestampPlacer.cpp:195 inserting instrumentation for:   call void @_KWork(i32 4)
DEBUG: /home/patmos/Developer/kremlin/instrument/llvm/llvm-3.6.1.src/lib/Transforms/KremlinInstrument/TimestampPlacer.cpp:195 inserting instrumentation for:   %arrayidx = getelementptr inbounds double* %out, i64 %indvars.iv3, !dbg !31
DEBUG: /home/patmos/Developer/kremlin/instrument/llvm/llvm-3.6.1.src/lib/Transforms/KremlinInstrument/TimestampPlacer.cpp:195 inserting instrumentation for:   %inst_arg_ptr4 = bitcast double* %arrayidx to i8*
DEBUG: /home/patmos/Developer/kremlin/instrument/llvm/llvm-3.6.1.src/lib/Transforms/KremlinInstrument/TimestampPlacer.cpp:195 inserting instrumentation for:   call void @_KLoad0(i8* %inst_arg_ptr4, i32 1, i32 8)
DEBUG: /home/patmos/Developer/kremlin/instrument/llvm/llvm-3.6.1.src/lib/Transforms/KremlinInstrument/TimestampPlacer.cpp:195 inserting instrumentation for:   %0 = load double* %arrayidx, align 8, !dbg !31
DEBUG: /home/patmos/Developer/kremlin/instrument/llvm/llvm-3.6.1.src/lib/Transforms/KremlinInstrument/TimestampPlacer.cpp:195 inserting instrumentation for:   call void @llvm.dbg.value(metadata double %0, i64 0, metadata !34, metadata !18), !dbg !35
DEBUG: /home/patmos/Developer/kremlin/instrument/llvm/llvm-3.6.1.src/lib/Transforms/KremlinInstrument/TimestampPlacer.cpp:195 inserting instrumentation for:   call void @llvm.dbg.value(metadata i32 0, i64 0, metadata !36, metadata !18), !dbg !37
DEBUG: /home/patmos/Developer/kremlin/instrument/llvm/llvm-3.6.1.src/lib/Transforms/KremlinInstrument/TimestampPlacer.cpp:195 inserting instrumentation for:   call void @_KTimestamp1(i32 1, i32 1, i32 0)
DEBUG: /home/patmos/Developer/kremlin/instrument/llvm/llvm-3.6.1.src/lib/Transforms/KremlinInstrument/TimestampPlacer.cpp:195 inserting instrumentation for:   call void @_KInduction(i32 10)
DEBUG: /home/patmos/Developer/kremlin/instrument/llvm/llvm-3.6.1.src/lib/Transforms/KremlinInstrument/TimestampPlacer.cpp:195 inserting instrumentation for:   call void @_KPopCDep()
DEBUG: /home/patmos/Developer/kremlin/instrument/llvm/llvm-3.6.1.src/lib/Transforms/KremlinInstrument/TimestampPlacer.cpp:195 inserting instrumentation for:   br label %for.cond1, !dbg !38
DEBUG: /home/patmos/Developer/kremlin/instrument/llvm/llvm-3.6.1.src/lib/Transforms/KremlinInstrument/TimestampPlacer.cpp:195 inserting instrumentation for:   %indvars.iv = phi i64 [ %indvars.iv.next, %for.body3 ], [ 0, %for.body ]
DEBUG: /home/patmos/Developer/kremlin/instrument/llvm/llvm-3.6.1.src/lib/Transforms/KremlinInstrument/TimestampPlacer.cpp:195 inserting instrumentation for:   %phi-incoming-condition = phi i32 [ 0, %for.body ], [ 13, %for.body3 ]
DEBUG: /home/patmos/Developer/kremlin/instrument/llvm/llvm-3.6.1.src/lib/Transforms/KremlinInstrument/TimestampPlacer.cpp:195 inserting instrumentation for:   %phi-incoming-condition5 = phi i32 [ 12, %for.body ], [ 12, %for.body3 ]
DEBUG: /home/patmos/Developer/kremlin/instrument/llvm/llvm-3.6.1.src/lib/Transforms/KremlinInstrument/TimestampPlacer.cpp:195 inserting instrumentation for:   %phi-incoming-val-id = phi i32 [ 1, %for.body ], [ 11, %for.body3 ]
DEBUG: /home/patmos/Developer/kremlin/instrument/llvm/llvm-3.6.1.src/lib/Transforms/KremlinInstrument/TimestampPlacer.cpp:195 inserting instrumentation for:   %sum.0 = phi double [ %0, %for.body ], [ %add13, %for.body3 ]
DEBUG: /home/patmos/Developer/kremlin/instrument/llvm/llvm-3.6.1.src/lib/Transforms/KremlinInstrument/TimestampPlacer.cpp:195 inserting instrumentation for:   call void @_KPushCDep(i32 12)
DEBUG: /home/patmos/Developer/kremlin/instrument/llvm/llvm-3.6.1.src/lib/Transforms/KremlinInstrument/TimestampPlacer.cpp:195 inserting instrumentation for:   call void @_KPhi2To1(i32 8, i32 %phi-incoming-val-id, i32 %phi-incoming-condition5, i32 %phi-incoming-condition)
DEBUG: /home/patmos/Developer/kremlin/instrument/llvm/llvm-3.6.1.src/lib/Transforms/KremlinInstrument/TimestampPlacer.cpp:195 inserting instrumentation for:   call void @_KWork(i32 1)
DEBUG: /home/patmos/Developer/kremlin/instrument/llvm/llvm-3.6.1.src/lib/Transforms/KremlinInstrument/TimestampPlacer.cpp:195 inserting instrumentation for:   %exitcond = icmp ne i64 %indvars.iv, 10, !dbg !40
DEBUG: /home/patmos/Developer/kremlin/instrument/llvm/llvm-3.6.1.src/lib/Transforms/KremlinInstrument/TimestampPlacer.cpp:195 inserting instrumentation for:   call void @_KTimestamp1(i32 8, i32 8, i32 0)
DEBUG: /home/patmos/Developer/kremlin/instrument/llvm/llvm-3.6.1.src/lib/Transforms/KremlinInstrument/TimestampPlacer.cpp:195 inserting instrumentation for:   call void @_KTimestamp2(i32 13, i32 12, i32 1, i32 10, i32 1)
DEBUG: /home/patmos/Developer/kremlin/instrument/llvm/llvm-3.6.1.src/lib/Transforms/KremlinInstrument/TimestampPlacer.cpp:195 inserting instrumentation for:   call void @_KPhiAddCond(i32 8, i32 13)
DEBUG: /home/patmos/Developer/kremlin/instrument/llvm/llvm-3.6.1.src/lib/Transforms/KremlinInstrument/TimestampPlacer.cpp:195 inserting instrumentation for:   call void @_KPopCDep()
DEBUG: /home/patmos/Developer/kremlin/instrument/llvm/llvm-3.6.1.src/lib/Transforms/KremlinInstrument/TimestampPlacer.cpp:195 inserting instrumentation for:   br i1 %exitcond, label %for.body3, label %for.end, !dbg !40
DEBUG: /home/patmos/Developer/kremlin/instrument/llvm/llvm-3.6.1.src/lib/Transforms/KremlinInstrument/TimestampPlacer.cpp:195 inserting instrumentation for:   call void @_KPushCDep(i32 13)
DEBUG: /home/patmos/Developer/kremlin/instrument/llvm/llvm-3.6.1.src/lib/Transforms/KremlinInstrument/TimestampPlacer.cpp:195 inserting instrumentation for:   call void @_KWork(i32 25)
DEBUG: /home/patmos/Developer/kremlin/instrument/llvm/llvm-3.6.1.src/lib/Transforms/KremlinInstrument/TimestampPlacer.cpp:195 inserting instrumentation for:   %1 = mul nsw i64 %indvars.iv3, 10, !dbg !41
DEBUG: /home/patmos/Developer/kremlin/instrument/llvm/llvm-3.6.1.src/lib/Transforms/KremlinInstrument/TimestampPlacer.cpp:195 inserting instrumentation for:   %2 = add nuw nsw i64 %indvars.iv, %1, !dbg !44
DEBUG: /home/patmos/Developer/kremlin/instrument/llvm/llvm-3.6.1.src/lib/Transforms/KremlinInstrument/TimestampPlacer.cpp:195 inserting instrumentation for:   %arrayidx5 = getelementptr inbounds double* %nzval, i64 %2, !dbg !45
DEBUG: /home/patmos/Developer/kremlin/instrument/llvm/llvm-3.6.1.src/lib/Transforms/KremlinInstrument/TimestampPlacer.cpp:195 inserting instrumentation for:   %inst_arg_ptr3 = bitcast double* %arrayidx5 to i8*
DEBUG: /home/patmos/Developer/kremlin/instrument/llvm/llvm-3.6.1.src/lib/Transforms/KremlinInstrument/TimestampPlacer.cpp:195 inserting instrumentation for:   call void @_KLoad1(i8* %inst_arg_ptr3, i32 2, i32 3, i32 8)
DEBUG: /home/patmos/Developer/kremlin/instrument/llvm/llvm-3.6.1.src/lib/Transforms/KremlinInstrument/TimestampPlacer.cpp:195 inserting instrumentation for:   %3 = load double* %arrayidx5, align 8, !dbg !45
DEBUG: /home/patmos/Developer/kremlin/instrument/llvm/llvm-3.6.1.src/lib/Transforms/KremlinInstrument/TimestampPlacer.cpp:195 inserting instrumentation for:   %4 = mul nsw i64 %indvars.iv3, 10, !dbg !46
DEBUG: /home/patmos/Developer/kremlin/instrument/llvm/llvm-3.6.1.src/lib/Transforms/KremlinInstrument/TimestampPlacer.cpp:195 inserting instrumentation for:   %5 = add nuw nsw i64 %indvars.iv, %4, !dbg !47
DEBUG: /home/patmos/Developer/kremlin/instrument/llvm/llvm-3.6.1.src/lib/Transforms/KremlinInstrument/TimestampPlacer.cpp:195 inserting instrumentation for:   %arrayidx9 = getelementptr inbounds i32* %cols, i64 %5, !dbg !48
DEBUG: /home/patmos/Developer/kremlin/instrument/llvm/llvm-3.6.1.src/lib/Transforms/KremlinInstrument/TimestampPlacer.cpp:195 inserting instrumentation for:   %inst_arg_ptr2 = bitcast i32* %arrayidx9 to i8*
DEBUG: /home/patmos/Developer/kremlin/instrument/llvm/llvm-3.6.1.src/lib/Transforms/KremlinInstrument/TimestampPlacer.cpp:195 inserting instrumentation for:   call void @_KLoad1(i8* %inst_arg_ptr2, i32 4, i32 5, i32 4)
DEBUG: /home/patmos/Developer/kremlin/instrument/llvm/llvm-3.6.1.src/lib/Transforms/KremlinInstrument/TimestampPlacer.cpp:195 inserting instrumentation for:   %6 = load i32* %arrayidx9, align 4, !dbg !48
DEBUG: /home/patmos/Developer/kremlin/instrument/llvm/llvm-3.6.1.src/lib/Transforms/KremlinInstrument/TimestampPlacer.cpp:195 inserting instrumentation for:   %idxprom10 = sext i32 %6 to i64, !dbg !49
DEBUG: /home/patmos/Developer/kremlin/instrument/llvm/llvm-3.6.1.src/lib/Transforms/KremlinInstrument/TimestampPlacer.cpp:195 inserting instrumentation for:   %arrayidx11 = getelementptr inbounds double* %vec, i64 %idxprom10, !dbg !49
DEBUG: /home/patmos/Developer/kremlin/instrument/llvm/llvm-3.6.1.src/lib/Transforms/KremlinInstrument/TimestampPlacer.cpp:195 inserting instrumentation for:   %inst_arg_ptr1 = bitcast double* %arrayidx11 to i8*
DEBUG: /home/patmos/Developer/kremlin/instrument/llvm/llvm-3.6.1.src/lib/Transforms/KremlinInstrument/TimestampPlacer.cpp:195 inserting instrumentation for:   call void @_KLoad1(i8* %inst_arg_ptr1, i32 6, i32 7, i32 8)
DEBUG: /home/patmos/Developer/kremlin/instrument/llvm/llvm-3.6.1.src/lib/Transforms/KremlinInstrument/TimestampPlacer.cpp:195 inserting instrumentation for:   %7 = load double* %arrayidx11, align 8, !dbg !49
DEBUG: /home/patmos/Developer/kremlin/instrument/llvm/llvm-3.6.1.src/lib/Transforms/KremlinInstrument/TimestampPlacer.cpp:195 inserting instrumentation for:   %mul12 = fmul double %3, %7, !dbg !45
DEBUG: /home/patmos/Developer/kremlin/instrument/llvm/llvm-3.6.1.src/lib/Transforms/KremlinInstrument/TimestampPlacer.cpp:195 inserting instrumentation for:   call void @llvm.dbg.value(metadata double %mul12, i64 0, metadata !50, metadata !18), !dbg !51
DEBUG: /home/patmos/Developer/kremlin/instrument/llvm/llvm-3.6.1.src/lib/Transforms/KremlinInstrument/TimestampPlacer.cpp:195 inserting instrumentation for:   %add13 = fadd double %sum.0, %mul12, !dbg !52
DEBUG: /home/patmos/Developer/kremlin/instrument/llvm/llvm-3.6.1.src/lib/Transforms/KremlinInstrument/TimestampPlacer.cpp:195 inserting instrumentation for:   call void @llvm.dbg.value(metadata double %add13, i64 0, metadata !34, metadata !18), !dbg !35
DEBUG: /home/patmos/Developer/kremlin/instrument/llvm/llvm-3.6.1.src/lib/Transforms/KremlinInstrument/TimestampPlacer.cpp:195 inserting instrumentation for:   %indvars.iv.next = add nuw nsw i64 %indvars.iv, 1, !dbg !53
DEBUG: /home/patmos/Developer/kremlin/instrument/llvm/llvm-3.6.1.src/lib/Transforms/KremlinInstrument/TimestampPlacer.cpp:195 inserting instrumentation for:   call void @llvm.dbg.value(metadata !2, i64 0, metadata !36, metadata !18), !dbg !37
DEBUG: /home/patmos/Developer/kremlin/instrument/llvm/llvm-3.6.1.src/lib/Transforms/KremlinInstrument/TimestampPlacer.cpp:195 inserting instrumentation for:   call void @_KTimestamp4(i32 11, i32 8, i32 2, i32 13, i32 7, i32 2, i32 7, i32 6, i32 7)
DEBUG: /home/patmos/Developer/kremlin/instrument/llvm/llvm-3.6.1.src/lib/Transforms/KremlinInstrument/TimestampPlacer.cpp:195 inserting instrumentation for:   call void @_KPopCDep()
DEBUG: /home/patmos/Developer/kremlin/instrument/llvm/llvm-3.6.1.src/lib/Transforms/KremlinInstrument/TimestampPlacer.cpp:195 inserting instrumentation for:   br label %for.cond1, !dbg !53
DEBUG: /home/patmos/Developer/kremlin/instrument/llvm/llvm-3.6.1.src/lib/Transforms/KremlinInstrument/TimestampPlacer.cpp:195 inserting instrumentation for:   call void @_KPushCDep(i32 12)
DEBUG: /home/patmos/Developer/kremlin/instrument/llvm/llvm-3.6.1.src/lib/Transforms/KremlinInstrument/TimestampPlacer.cpp:195 inserting instrumentation for:   call void @_KWork(i32 1)
DEBUG: /home/patmos/Developer/kremlin/instrument/llvm/llvm-3.6.1.src/lib/Transforms/KremlinInstrument/TimestampPlacer.cpp:195 inserting instrumentation for:   %arrayidx15 = getelementptr inbounds double* %out, i64 %indvars.iv3, !dbg !54
DEBUG: /home/patmos/Developer/kremlin/instrument/llvm/llvm-3.6.1.src/lib/Transforms/KremlinInstrument/TimestampPlacer.cpp:195 inserting instrumentation for:   %inst_arg_ptr = bitcast double* %arrayidx15 to i8*
DEBUG: /home/patmos/Developer/kremlin/instrument/llvm/llvm-3.6.1.src/lib/Transforms/KremlinInstrument/TimestampPlacer.cpp:195 inserting instrumentation for:   call void @_KStore(i32 8, i8* %inst_arg_ptr, i32 8)
DEBUG: /home/patmos/Developer/kremlin/instrument/llvm/llvm-3.6.1.src/lib/Transforms/KremlinInstrument/TimestampPlacer.cpp:195 inserting instrumentation for:   store double %sum.0, double* %arrayidx15, align 8, !dbg !54
DEBUG: /home/patmos/Developer/kremlin/instrument/llvm/llvm-3.6.1.src/lib/Transforms/KremlinInstrument/TimestampPlacer.cpp:195 inserting instrumentation for:   %indvars.iv.next4 = add nuw nsw i64 %indvars.iv3, 1, !dbg !55
DEBUG: /home/patmos/Developer/kremlin/instrument/llvm/llvm-3.6.1.src/lib/Transforms/KremlinInstrument/TimestampPlacer.cpp:195 inserting instrumentation for:   call void @llvm.dbg.value(metadata !2, i64 0, metadata !26, metadata !18), !dbg !27
DEBUG: /home/patmos/Developer/kremlin/instrument/llvm/llvm-3.6.1.src/lib/Transforms/KremlinInstrument/TimestampPlacer.cpp:195 inserting instrumentation for:   call void @_KPopCDep()
DEBUG: /home/patmos/Developer/kremlin/instrument/llvm/llvm-3.6.1.src/lib/Transforms/KremlinInstrument/TimestampPlacer.cpp:195 inserting instrumentation for:   br label %for.cond, !dbg !55
DEBUG: /home/patmos/Developer/kremlin/instrument/llvm/llvm-3.6.1.src/lib/Transforms/KremlinInstrument/TimestampPlacer.cpp:195 inserting instrumentation for:   ret void, !dbg !56
INFO: /home/patmos/Developer/kremlin/instrument/llvm/llvm-3.6.1.src/lib/Transforms/KremlinInstrument/Placer.cpp:74 Placing begins
DEBUG: /home/patmos/Developer/kremlin/instrument/llvm/llvm-3.6.1.src/lib/Transforms/KremlinInstrument/Placer.cpp:118 Getting common dom
DEBUG: /home/patmos/Developer/kremlin/instrument/llvm/llvm-3.6.1.src/lib/Transforms/KremlinInstrument/Placer.cpp:126 Getting earliest inst
INFO: /home/patmos/Developer/kremlin/instrument/llvm/llvm-3.6.1.src/lib/Transforms/KremlinInstrument/Placer.cpp:145 Placing finishes
DEBUG: /home/patmos/Developer/kremlin/instrument/llvm/llvm-3.6.1.src/lib/Transforms/KremlinInstrument/CriticalPath.cpp:250 elapsed time for instrumenting ellpack: 0.005 s
DEBUG: /home/patmos/Developer/kremlin/instrument/llvm/llvm-3.6.1.src/lib/Transforms/KremlinInstrument/analysis/ReductionVars.cpp:25 Destructing ReductionVars with id: -17
