Unable to capture context for thread 1520 in process 8248, can not generate back trace
Exception at PC 0x00007FFFB875BB93
Printing stacktrace...

Unable to capture context for thread 1520 in process 8248, can not generate back trace
Exception at PC 0x00007FF815457788
Exception at PC 0x00007FF815457788
Exception at PC 0x00007FF815457788
Exception at PC 0x00007FF815457788
Exception at PC 0x00007FF815457788
Exception at PC 0x00007FF815457788
Exception at PC 0x00007FF815457788
Exception at PC 0x00007FF815457788
Exception at PC 0x00007FF815457788
Exception at PC 0x00007FF815457788
Exception at PC 0x00007FF815457788
Exception at PC 0x00007FF815457788
Exception at PC 0x00007FF815457788
Exception at PC 0x00007FF815457788
Exception at PC 0x00007FF815457788
Exception at PC 0x00007FF815457788
Exception at PC 0x00007FF815457788
Exception at PC 0x00007FF815457788
[0]  [0x00007FFFB875BB93]
[1]  [0x00007FFFB875BB93]
[2]  [0x00007FFFB875B4A1]
[3]  [0x00007FFFB875B3EF]
[4]  [0x00007FFFB87419FE]
[5]  [0x00007FFFB8740ED1]
[6]  [0x00007FFFB8740D76]
[7]  [0x00007FFFB86E79F6]
[8]  [0x00007FFFB86D7AFB]
[9]  [0x00007FFFB87FE90A]
[10]  [0x00007FFFB8819F87]
[11]  [0x00007FFFB881A05F]
[12] (BaseThreadInitThunk+0x14) [0x00007FF815EC8364]
[13] (RtlUserThreadStart+0x21) [0x00007FF8187170D1]
Done
