

================================================================
== Vivado HLS Report for 'matmul_hw'
================================================================
* Date:           Thu Apr 20 16:49:26 2017

* Version:        2016.4 (Build 1733598 on Wed Dec 14 22:59:20 MST 2016)
* Project:        hls_matmul_int
* Solution:       matmul_2b
* Product family: artix7
* Target device:  xc7a100tcsg324-1


================================================================
== Performance Estimates
================================================================
+ Timing (ns): 
    * Summary: 
    +--------+-------+----------+------------+
    |  Clock | Target| Estimated| Uncertainty|
    +--------+-------+----------+------------+
    |ap_clk  |  10.00|      8.05|        1.25|
    +--------+-------+----------+------------+

+ Latency (clock cycles): 
    * Summary: 
    +-----+-----+-----+-----+---------+
    |  Latency  |  Interval | Pipeline|
    | min | max | min | max |   Type  |
    +-----+-----+-----+-----+---------+
    |  106|  106|  107|  107|   none  |
    +-----+-----+-----+-----+---------+

    + Detail: 
        * Instance: 
        N/A

        * Loop: 
        +----------+-----+-----+----------+-----------+-----------+------+----------+
        |          |  Latency  | Iteration|  Initiation Interval  | Trip |          |
        | Loop Name| min | max |  Latency |  achieved |   target  | Count| Pipelined|
        +----------+-----+-----+----------+-----------+-----------+------+----------+
        |- L_col   |  104|  104|        15|          6|          1|    16|    yes   |
        +----------+-----+-----+----------+-----------+-----------+------+----------+



================================================================
== Utilization Estimates
================================================================
* Summary: 
+-----------------+---------+-------+--------+-------+
|       Name      | BRAM_18K| DSP48E|   FF   |  LUT  |
+-----------------+---------+-------+--------+-------+
|DSP              |        -|      -|       -|      -|
|Expression       |        -|      -|       0|   1922|
|FIFO             |        -|      -|       -|      -|
|Instance         |        -|     16|      31|    159|
|Memory           |        -|      -|       -|      -|
|Multiplexer      |        -|      -|       -|     95|
|Register         |        -|      -|    1234|      4|
+-----------------+---------+-------+--------+-------+
|Total            |        0|     16|    1265|   2180|
+-----------------+---------+-------+--------+-------+
|Available        |      270|    240|  126800|  63400|
+-----------------+---------+-------+--------+-------+
|Utilization (%)  |        0|      6|   ~0   |      3|
+-----------------+---------+-------+--------+-------+

+ Detail: 
    * Instance: 
    +-------------------------+----------------------+---------+-------+----+----+
    |         Instance        |        Module        | BRAM_18K| DSP48E| FF | LUT|
    +-------------------------+----------------------+---------+-------+----+----+
    |matmul_hw_mul_32scud_U2  |matmul_hw_mul_32scud  |        0|      4|   0|   0|
    |matmul_hw_mul_32scud_U5  |matmul_hw_mul_32scud  |        0|      4|   0|   0|
    |matmul_hw_mul_32scud_U6  |matmul_hw_mul_32scud  |        0|      4|   0|   0|
    |matmul_hw_mul_32scud_U9  |matmul_hw_mul_32scud  |        0|      4|   0|   0|
    |matmul_hw_mux_42_bkb_U1  |matmul_hw_mux_42_bkb  |        0|      0|   0|  32|
    |matmul_hw_mux_42_bkb_U3  |matmul_hw_mux_42_bkb  |        0|      0|   0|  32|
    |matmul_hw_mux_42_bkb_U4  |matmul_hw_mux_42_bkb  |        0|      0|   0|  32|
    |matmul_hw_mux_42_bkb_U7  |matmul_hw_mux_42_bkb  |        0|      0|   0|  32|
    |matmul_hw_urem_4ndEe_U8  |matmul_hw_urem_4ndEe  |        0|      0|  31|  31|
    +-------------------------+----------------------+---------+-------+----+----+
    |Total                    |                      |        0|     16|  31| 159|
    +-------------------------+----------------------+---------+-------+----+----+

    * DSP48: 
    N/A

    * Memory: 
    N/A

    * FIFO: 
    N/A

    * Expression: 
    +-------------------------------+----------+-------+---+----+------------+------------+
    |         Variable Name         | Operation| DSP48E| FF| LUT| Bitwidth P0| Bitwidth P1|
    +-------------------------------+----------+-------+---+----+------------+------------+
    |i_1_fu_297_p2                  |     +    |      0|  0|   3|           1|           3|
    |indvar_flatten_next_fu_291_p2  |     +    |      0|  0|   5|           5|           1|
    |j_1_fu_920_p2                  |     +    |      0|  0|   3|           1|           3|
    |tmp8_fu_1102_p2                |     +    |      0|  0|  32|          32|          32|
    |tmp9_fu_1106_p2                |     +    |      0|  0|  16|          32|          32|
    |tmp_12_3_fu_1110_p2            |     +    |      0|  0|  16|          32|          32|
    |tmp_18_fu_801_p2               |     +    |      0|  0|   5|           5|           5|
    |tmp_19_fu_384_p2               |     +    |      0|  0|   4|           3|           4|
    |tmp_20_fu_1127_p2              |     +    |      0|  0|   6|           6|           6|
    |exitcond_flatten_fu_285_p2     |   icmp   |      0|  0|   3|           5|           6|
    |exitcond_fu_303_p2             |   icmp   |      0|  0|   2|           3|           4|
    |sel_tmp2_fu_445_p2             |   icmp   |      0|  0|   1|           2|           1|
    |sel_tmp4_fu_450_p2             |   icmp   |      0|  0|   1|           2|           1|
    |sel_tmp_fu_440_p2              |   icmp   |      0|  0|   2|           2|           3|
    |tmp1_fu_323_p2                 |   icmp   |      0|  0|   2|           3|           1|
    |tmp_5_fu_435_p2                |   icmp   |      0|  0|   2|           3|           1|
    |tmp_mid1_fu_317_p2             |   icmp   |      0|  0|   2|           3|           1|
    |tmp_10_fu_367_p2               |    or    |      0|  0|   6|           5|           1|
    |tmp_12_fu_395_p2               |    or    |      0|  0|   6|           5|           2|
    |tmp_14_fu_421_p2               |    or    |      0|  0|   6|           5|           2|
    |a_row_0_1_fu_627_p3            |  select  |      0|  0|  32|           1|          32|
    |a_row_1_1_fu_621_p3            |  select  |      0|  0|  32|           1|          32|
    |a_row_2_1_fu_615_p3            |  select  |      0|  0|  32|           1|          32|
    |a_row_3_1_fu_608_p3            |  select  |      0|  0|  32|           1|          32|
    |b_copy_0_3_14_fu_861_p3        |  select  |      0|  0|  32|           1|          32|
    |b_copy_0_3_15_fu_868_p3        |  select  |      0|  0|  32|           1|          32|
    |b_copy_0_3_16_fu_882_p3        |  select  |      0|  0|  32|           1|          32|
    |b_copy_0_3_17_fu_889_p3        |  select  |      0|  0|  32|           1|          32|
    |b_copy_0_3_18_fu_896_p3        |  select  |      0|  0|  32|           1|          32|
    |b_copy_0_3_2_fu_826_p3         |  select  |      0|  0|  32|           1|          32|
    |b_copy_0_3_3_fu_875_p3         |  select  |      0|  0|  32|           1|          32|
    |b_copy_0_3_4_fu_819_p3         |  select  |      0|  0|  32|           1|          32|
    |b_copy_0_3_5_fu_833_p3         |  select  |      0|  0|  32|           1|          32|
    |b_copy_0_3_6_fu_840_p3         |  select  |      0|  0|  32|           1|          32|
    |b_copy_0_3_7_fu_847_p3         |  select  |      0|  0|  32|           1|          32|
    |b_copy_0_3_9_fu_854_p3         |  select  |      0|  0|  32|           1|          32|
    |b_copy_0_3_fu_812_p3           |  select  |      0|  0|  32|           1|          32|
    |b_copy_1_3_14_fu_1006_p3       |  select  |      0|  0|  32|           1|          32|
    |b_copy_1_3_15_fu_1013_p3       |  select  |      0|  0|  32|           1|          32|
    |b_copy_1_3_16_fu_1027_p3       |  select  |      0|  0|  32|           1|          32|
    |b_copy_1_3_17_fu_1034_p3       |  select  |      0|  0|  32|           1|          32|
    |b_copy_1_3_18_fu_1041_p3       |  select  |      0|  0|  32|           1|          32|
    |b_copy_1_3_2_fu_971_p3         |  select  |      0|  0|  32|           1|          32|
    |b_copy_1_3_3_fu_1020_p3        |  select  |      0|  0|  32|           1|          32|
    |b_copy_1_3_4_fu_964_p3         |  select  |      0|  0|  32|           1|          32|
    |b_copy_1_3_5_fu_978_p3         |  select  |      0|  0|  32|           1|          32|
    |b_copy_1_3_6_fu_985_p3         |  select  |      0|  0|  32|           1|          32|
    |b_copy_1_3_7_fu_992_p3         |  select  |      0|  0|  32|           1|          32|
    |b_copy_1_3_9_fu_999_p3         |  select  |      0|  0|  32|           1|          32|
    |b_copy_1_3_fu_957_p3           |  select  |      0|  0|  32|           1|          32|
    |b_copy_2_3_14_fu_508_p3        |  select  |      0|  0|  32|           1|          32|
    |b_copy_2_3_15_fu_516_p3        |  select  |      0|  0|  32|           1|          32|
    |b_copy_2_3_16_fu_530_p3        |  select  |      0|  0|  32|           1|          32|
    |b_copy_2_3_17_fu_537_p3        |  select  |      0|  0|  32|           1|          32|
    |b_copy_2_3_18_fu_544_p3        |  select  |      0|  0|  32|           1|          32|
    |b_copy_2_3_2_fu_470_p3         |  select  |      0|  0|  32|           1|          32|
    |b_copy_2_3_3_fu_523_p3         |  select  |      0|  0|  32|           1|          32|
    |b_copy_2_3_4_fu_462_p3         |  select  |      0|  0|  32|           1|          32|
    |b_copy_2_3_5_fu_478_p3         |  select  |      0|  0|  32|           1|          32|
    |b_copy_2_3_6_fu_485_p3         |  select  |      0|  0|  32|           1|          32|
    |b_copy_2_3_7_fu_493_p3         |  select  |      0|  0|  32|           1|          32|
    |b_copy_2_3_9_fu_501_p3         |  select  |      0|  0|  32|           1|          32|
    |b_copy_2_3_fu_455_p3           |  select  |      0|  0|  32|           1|          32|
    |b_copy_3_3_14_fu_687_p3        |  select  |      0|  0|  32|           1|          32|
    |b_copy_3_3_15_fu_694_p3        |  select  |      0|  0|  32|           1|          32|
    |b_copy_3_3_16_fu_707_p3        |  select  |      0|  0|  32|           1|          32|
    |b_copy_3_3_17_fu_714_p3        |  select  |      0|  0|  32|           1|          32|
    |b_copy_3_3_18_fu_721_p3        |  select  |      0|  0|  32|           1|          32|
    |b_copy_3_3_2_fu_654_p3         |  select  |      0|  0|  32|           1|          32|
    |b_copy_3_3_3_fu_700_p3         |  select  |      0|  0|  32|           1|          32|
    |b_copy_3_3_4_fu_647_p3         |  select  |      0|  0|  32|           1|          32|
    |b_copy_3_3_5_fu_661_p3         |  select  |      0|  0|  32|           1|          32|
    |b_copy_3_3_6_fu_667_p3         |  select  |      0|  0|  32|           1|          32|
    |b_copy_3_3_7_fu_674_p3         |  select  |      0|  0|  32|           1|          32|
    |b_copy_3_3_9_fu_681_p3         |  select  |      0|  0|  32|           1|          32|
    |b_copy_3_3_fu_641_p3           |  select  |      0|  0|  32|           1|          32|
    |i2_mid2_v_fu_337_p3            |  select  |      0|  0|   3|           1|           3|
    |j_mid2_fu_309_p3               |  select  |      0|  0|   3|           1|           1|
    |tmp_mid2_fu_329_p3             |  select  |      0|  0|   1|           1|           1|
    +-------------------------------+----------+-------+---+----+------------+------------+
    |Total                          |          |      0|  0|1922|         214|        1938|
    +-------------------------------+----------+-------+---+----+------------+------------+

    * Multiplexer: 
    +------------------------------+----+-----------+-----+-----------+
    |             Name             | LUT| Input Size| Bits| Total Bits|
    +------------------------------+----+-----------+-----+-----------+
    |a_0_Addr_A_orig               |  32|          7|   32|        224|
    |a_1_Addr_A_orig               |  32|          4|   32|        128|
    |a_1_WEN_A                     |   4|          2|    4|          8|
    |ap_NS_fsm                     |   4|          9|    1|          9|
    |ap_enable_reg_pp0_iter2       |   1|          2|    1|          2|
    |i_phi_fu_267_p4               |   3|          2|    3|          6|
    |i_reg_263                     |   3|          2|    3|          6|
    |indvar_flatten_phi_fu_256_p4  |   5|          2|    5|         10|
    |indvar_flatten_reg_252        |   5|          2|    5|         10|
    |j_phi_fu_278_p4               |   3|          2|    3|          6|
    |j_reg_274                     |   3|          2|    3|          6|
    +------------------------------+----+-----------+-----+-----------+
    |Total                         |  95|         36|   92|        415|
    +------------------------------+----+-----------+-----+-----------+

    * Register: 
    +----------------------------------------------+----+----+-----+-----------+
    |                     Name                     | FF | LUT| Bits| Const Bits|
    +----------------------------------------------+----+----+-----+-----------+
    |a_row_0_1_reg_1449                            |  32|   0|   32|          0|
    |a_row_0_2_fu_92                               |  32|   0|   32|          0|
    |a_row_0_reg_1336                              |  32|   0|   32|          0|
    |a_row_1_1_reg_1444                            |  32|   0|   32|          0|
    |a_row_1_2_fu_96                               |  32|   0|   32|          0|
    |a_row_1_reg_1359                              |  32|   0|   32|          0|
    |a_row_2_2_fu_100                              |  32|   0|   32|          0|
    |a_row_2_reg_1385                              |  32|   0|   32|          0|
    |a_row_3_1_reg_1434                            |  32|   0|   32|          0|
    |a_row_3_2_fu_104                              |  32|   0|   32|          0|
    |ap_CS_fsm                                     |   8|   0|    8|          0|
    |ap_enable_reg_pp0_iter0                       |   1|   0|    1|          0|
    |ap_enable_reg_pp0_iter1                       |   1|   0|    1|          0|
    |ap_enable_reg_pp0_iter2                       |   1|   0|    1|          0|
    |ap_pipeline_reg_pp0_iter1_i2_mid2_v_reg_1297  |   3|   0|    3|          0|
    |b_copy_0_3_11_fu_108                          |  32|   0|   32|          0|
    |b_copy_0_3_12_fu_116                          |  32|   0|   32|          0|
    |b_copy_0_3_1_fu_120                           |  32|   0|   32|          0|
    |b_copy_0_3_8_fu_112                           |  32|   0|   32|          0|
    |b_copy_1_3_11_fu_124                          |  32|   0|   32|          0|
    |b_copy_1_3_12_fu_132                          |  32|   0|   32|          0|
    |b_copy_1_3_1_fu_136                           |  32|   0|   32|          0|
    |b_copy_1_3_8_fu_128                           |  32|   0|   32|          0|
    |b_copy_2_3_11_fu_140                          |  32|   0|   32|          0|
    |b_copy_2_3_12_fu_148                          |  32|   0|   32|          0|
    |b_copy_2_3_19_reg_1346                        |  32|   0|   32|          0|
    |b_copy_2_3_1_fu_152                           |  32|   0|   32|          0|
    |b_copy_2_3_8_fu_144                           |  32|   0|   32|          0|
    |b_copy_3_3_11_fu_156                          |  32|   0|   32|          0|
    |b_copy_3_3_12_fu_164                          |  32|   0|   32|          0|
    |b_copy_3_3_19_reg_1364                        |  32|   0|   32|          0|
    |b_copy_3_3_1_fu_168                           |  32|   0|   32|          0|
    |b_copy_3_3_8_fu_160                           |  32|   0|   32|          0|
    |exitcond_flatten_reg_1258                     |   1|   0|    1|          0|
    |i2_mid2_v_reg_1297                            |   3|   0|    3|          0|
    |i_reg_263                                     |   3|   0|    3|          0|
    |indvar_flatten_next_reg_1262                  |   5|   0|    5|          0|
    |indvar_flatten_reg_252                        |   5|   0|    5|          0|
    |j_1_reg_1474                                  |   3|   0|    3|          0|
    |j_mid2_reg_1267                               |   3|   0|    3|          0|
    |j_reg_274                                     |   3|   0|    3|          0|
    |sel_tmp2_reg_1400                             |   1|   0|    1|          0|
    |sel_tmp4_reg_1413                             |   1|   0|    1|          0|
    |sel_tmp_reg_1390                              |   1|   0|    1|          0|
    |tmp_11_1_reg_1504                             |  32|   0|   32|          0|
    |tmp_11_2_reg_1489                             |  32|   0|   32|          0|
    |tmp_11_3_reg_1494                             |  32|   0|   32|          0|
    |tmp_12_3_reg_1509                             |  32|   0|   32|          0|
    |tmp_1_reg_1303                                |   3|   0|    5|          2|
    |tmp_3_reg_1469                                |  32|   0|   32|          0|
    |tmp_4_reg_1479                                |  32|   0|   32|          0|
    |tmp_5_reg_1377                                |   1|   0|    1|          0|
    |tmp_6_reg_1429                                |  32|   0|   32|          0|
    |tmp_7_reg_1459                                |  32|   0|   32|          0|
    |tmp_mid2_reg_1277                             |   1|   0|    1|          0|
    |tmp_reg_1320                                  |   2|   0|    2|          0|
    |tmp_s_reg_1499                                |  32|   0|   32|          0|
    |exitcond_flatten_reg_1258                     |   0|   1|    1|          0|
    |j_mid2_reg_1267                               |   0|   3|    3|          0|
    +----------------------------------------------+----+----+-----+-----------+
    |Total                                         |1234|   4| 1240|          2|
    +----------------------------------------------+----+----+-----+-----------+



================================================================
== Interface
================================================================
* Summary: 
+------------+-----+-----+------------+--------------+--------------+
|  RTL Ports | Dir | Bits|  Protocol  | Source Object|    C Type    |
+------------+-----+-----+------------+--------------+--------------+
|ap_clk      |  in |    1| ap_ctrl_hs |   matmul_hw  | return value |
|ap_rst      |  in |    1| ap_ctrl_hs |   matmul_hw  | return value |
|ap_start    |  in |    1| ap_ctrl_hs |   matmul_hw  | return value |
|ap_done     | out |    1| ap_ctrl_hs |   matmul_hw  | return value |
|ap_idle     | out |    1| ap_ctrl_hs |   matmul_hw  | return value |
|ap_ready    | out |    1| ap_ctrl_hs |   matmul_hw  | return value |
|a_0_Addr_A  | out |   32|    bram    |      a_0     |     array    |
|a_0_EN_A    | out |    1|    bram    |      a_0     |     array    |
|a_0_WEN_A   | out |    4|    bram    |      a_0     |     array    |
|a_0_Din_A   | out |   32|    bram    |      a_0     |     array    |
|a_0_Dout_A  |  in |   32|    bram    |      a_0     |     array    |
|a_0_Clk_A   | out |    1|    bram    |      a_0     |     array    |
|a_0_Rst_A   | out |    1|    bram    |      a_0     |     array    |
|a_1_Addr_A  | out |   32|    bram    |      a_1     |     array    |
|a_1_EN_A    | out |    1|    bram    |      a_1     |     array    |
|a_1_WEN_A   | out |    4|    bram    |      a_1     |     array    |
|a_1_Din_A   | out |   32|    bram    |      a_1     |     array    |
|a_1_Dout_A  |  in |   32|    bram    |      a_1     |     array    |
|a_1_Clk_A   | out |    1|    bram    |      a_1     |     array    |
|a_1_Rst_A   | out |    1|    bram    |      a_1     |     array    |
+------------+-----+-----+------------+--------------+--------------+

