!{!"0x11\0012\00clang version 3.6.1 (tags/RELEASE_361/final)\000\00\000\00\001", <0x3234900>, <0x32397f0>, <0x3234990>, <0x323e210>, <0x323aea8>, <0x32397f0>} ; [ DW_TAG_compile_unit ] [/home/patmos/github/bachelor_project_HLS/candidates/MachSuite/fft/transpose/local_support.c] [DW_LANG_C99]

!{!"0x2e\00run_benchmark\00run_benchmark\00\008\000\001\000\000\00256\000\008", <0x3234900>, <0x323a9d0>, <0x323ac40>, null, void (i8*)* @run_benchmark, null, null, <0x32397f0>} ; [ DW_TAG_subprogram ] [line 8] [def] [run_benchmark]

!{!"0x2e\00input_to_data\00input_to_data\00\0020\000\001\000\000\00256\000\0020", <0x3234900>, <0x323a9d0>, <0x323a6b0>, null, void (i32, i8*)* @input_to_data, null, null, <0x32397f0>} ; [ DW_TAG_subprogram ] [line 20] [def] [input_to_data]

!{!"0x2e\00data_to_input\00data_to_input\00\0034\000\001\000\000\00256\000\0034", <0x3234900>, <0x323a9d0>, <0x323a6b0>, null, void (i32, i8*)* @data_to_input, null, null, <0x32397f0>} ; [ DW_TAG_subprogram ] [line 34] [def] [data_to_input]

!{!"0x2e\00output_to_data\00output_to_data\00\0051\000\001\000\000\00256\000\0051", <0x3234900>, <0x323a9d0>, <0x323a6b0>, null, void (i32, i8*)* @output_to_data, null, null, <0x32397f0>} ; [ DW_TAG_subprogram ] [line 51] [def] [output_to_data]

!{!"0x2e\00data_to_output\00data_to_output\00\0065\000\001\000\000\00256\000\0065", <0x3234900>, <0x323a9d0>, <0x323a6b0>, null, void (i32, i8*)* @data_to_output, null, null, <0x32397f0>} ; [ DW_TAG_subprogram ] [line 65] [def] [data_to_output]

!{!"0x2e\00check_data\00check_data\00\0075\000\001\000\000\00256\000\0075", <0x3234900>, <0x323a9d0>, <0x323e090>, null, i32 (i8*, i8*)* @check_data, null, null, <0x32397f0>} ; [ DW_TAG_subprogram ] [line 75] [def] [check_data]

!{!"0x34\00INPUT_SIZE\00INPUT_SIZE\00\004\000\001", null, <0x323a9d0>, <0x323ae78>, i32* @INPUT_SIZE, null} ; [ DW_TAG_variable ] [INPUT_SIZE] [line 4] [def]

!{!"0x24\00int\000\0032\0032\000\000\005", null, null} ; [ DW_TAG_base_type ] [int] [line 0, size 32, align 32, offset 0, enc DW_ATE_signed]

!{!"0x15\00\000\000\000\000\000\000", null, null, null, <0x32395a0>, null, null, null} ; [ DW_TAG_subroutine_type ] [line 0, size 0, align 0, offset 0] [from ]

!{!"0xf\00\000\0064\0064\000\000", null, null, null} ; [ DW_TAG_pointer_type ] [line 0, size 64, align 64, offset 0] [from ]

!{!"0x15\00\000\000\000\000\000\000", null, null, null, <0x323ad58>, null, null, null} ; [ DW_TAG_subroutine_type ] [line 0, size 0, align 0, offset 0] [from ]

!{!"0x15\00\000\000\000\000\000\000", null, null, null, <0x323db58>, null, null, null} ; [ DW_TAG_subroutine_type ] [line 0, size 0, align 0, offset 0] [from ]

!{!"0xf\00\000\0064\0064\000\000", null, null, <0x323b010>} ; [ DW_TAG_pointer_type ] [line 0, size 64, align 64, offset 0] [from bench_args_t]

!{!"0x13\00bench_args_t\0027\0065536\0064\000\000\000", <0x32398c0>, null, null, <0x3234800>, null, null, null} ; [ DW_TAG_structure_type ] [bench_args_t] [line 27, size 65536, align 64, offset 0] [def] [from ]

!{!"0xd\00work_x\0028\0032768\0064\000\000", <0x32398c0>, <0x323b010>, <0x323a640>} ; [ DW_TAG_member ] [work_x] [line 28, size 32768, align 64, offset 0] [from ]

!{!"0x1\00\000\0032768\0064\000\000\000", null, null, <0x323a578>, <0x323a5d8>, null, null, null} ; [ DW_TAG_array_type ] [line 0, size 32768, align 64, offset 0] [from double]

!{!"0x24\00double\000\0064\0064\000\000\004", null, null} ; [ DW_TAG_base_type ] [double] [line 0, size 64, align 64, offset 0, enc DW_ATE_float]

!{!"0xd\00work_y\0029\0032768\0064\0032768\000", <0x32398c0>, <0x323b010>, <0x323a640>} ; [ DW_TAG_member ] [work_y] [line 29, size 32768, align 64, offset 32768] [from ]

Meta data for 14897915903266633889
INFO: Loop bodies will be given their own region id
DEBUG: new region: FuncRegion(id: 3862668819228705092, name: run_benchmark, fileName: local_support.c, startLine: 8, endLine: 8
DEBUG: adding run_benchmark (in module: local_support.simplifycfg.mem2reg.indvars.elimsinglephis.criticalpath.bc) to list of defined functions (region_id: 3862668819228705092)
DEBUG: assigning function run_benchmark id 3862668819228705092
DEBUG: new region: FuncRegion(id: 11825262910647353991, name: input_to_data, fileName: local_support.c, startLine: 20, endLine: 20
DEBUG: adding input_to_data (in module: local_support.simplifycfg.mem2reg.indvars.elimsinglephis.criticalpath.bc) to list of defined functions (region_id: 11825262910647353991)
DEBUG: assigning function input_to_data id 11825262910647353991
DEBUG: new region: FuncRegion(id: 8265711678329185454, name: data_to_input, fileName: local_support.c, startLine: 34, endLine: 34
DEBUG: adding data_to_input (in module: local_support.simplifycfg.mem2reg.indvars.elimsinglephis.criticalpath.bc) to list of defined functions (region_id: 8265711678329185454)
DEBUG: assigning function data_to_input id 8265711678329185454
DEBUG: new region: FuncRegion(id: 13681209210925323440, name: output_to_data, fileName: local_support.c, startLine: 51, endLine: 51
DEBUG: adding output_to_data (in module: local_support.simplifycfg.mem2reg.indvars.elimsinglephis.criticalpath.bc) to list of defined functions (region_id: 13681209210925323440)
DEBUG: assigning function output_to_data id 13681209210925323440
DEBUG: new region: FuncRegion(id: 2262382145700601508, name: data_to_output, fileName: local_support.c, startLine: 65, endLine: 65
DEBUG: adding data_to_output (in module: local_support.simplifycfg.mem2reg.indvars.elimsinglephis.criticalpath.bc) to list of defined functions (region_id: 2262382145700601508)
DEBUG: assigning function data_to_output id 2262382145700601508
DEBUG: new region: FuncRegion(id: 12664787391234327508, name: check_data, fileName: local_support.c, startLine: 75, endLine: 75
DEBUG: adding check_data (in module: local_support.simplifycfg.mem2reg.indvars.elimsinglephis.criticalpath.bc) to list of defined functions (region_id: 12664787391234327508)
DEBUG: assigning function check_data id 12664787391234327508
DEBUG: found 6 func regions
INFO: Inserting the following instrumentation calls:
INFO: _KDeinit
INFO: _KEnterRegion
INFO: _KExitRegion
INFO: _KInit
INFO: _KLandingPad
DEBUG: Debug information:
DEBUG: region name to id: run_benchmark is 3862668819228705092
DEBUG: found 0 loops in function run_benchmark
DEBUG: region name to id: input_to_data is 11825262910647353991
DEBUG: found 0 loops in function input_to_data
DEBUG: region name to id: data_to_input is 8265711678329185454
DEBUG: found 0 loops in function data_to_input
DEBUG: region name to id: output_to_data is 13681209210925323440
DEBUG: found 0 loops in function output_to_data
DEBUG: region name to id: data_to_output is 2262382145700601508
DEBUG: found 0 loops in function data_to_output
DEBUG: region name to id: check_data is 12664787391234327508
DEBUG: found 1 loops in function check_data
DEBUG: assigning id = 14897915903266633889 to loop with the following BBs:
	for.cond for.body lor.rhs lor.end lor.rhs13 lor.end15 
DEBUG: /home/patmos/Developer/kremlin/instrument/llvm/llvm-3.6.1.src/lib/Transforms/KremlinInstrument/LoopBodyRegion.cpp:82 Meta data for 11053380467575555097
DEBUG: assigning id = 11053380467575555097 to body of loop
DEBUG: for.cond has 1 possible loop exit points
DEBUG: 	target #0: for.end
DEBUG: Writing kremlib calls to local_support.kdump
INFO: dumping function: run_benchmark
INFO: dumping function: llvm.dbg.declare
INFO: dumping function: fft1D_512
INFO: dumping function: input_to_data
INFO: dumping function: readfile
INFO: dumping function: find_section_start
INFO: dumping function: parse_double_array
INFO: dumping function: free
INFO: dumping function: data_to_input
INFO: dumping function: write_section_header
INFO: dumping function: write_double_array
INFO: dumping function: output_to_data
INFO: dumping function: data_to_output
INFO: dumping function: check_data
INFO: dumping function: llvm.dbg.value
INFO: dumping function: _KLoad
INFO: dumping function: _KLoad0
INFO: dumping function: _KLoad1
INFO: dumping function: _KLoad2
INFO: dumping function: _KLoad3
INFO: dumping function: _KLoad4
INFO: dumping function: _KStore
INFO: dumping function: _KStoreConst
INFO: dumping function: _KEnqArgConst
INFO: dumping function: _KEnqArg
INFO: dumping function: _KPrepCall
INFO: dumping function: _KLinkReturn
INFO: dumping function: _KMalloc
INFO: dumping function: _KRealloc
INFO: dumping function: _KFree
INFO: dumping function: _KDeqArg
INFO: dumping function: _KReturnConst
INFO: dumping function: _KReturn
INFO: dumping function: _KWork
INFO: dumping function: _KPhi
INFO: dumping function: _KPhi1To1
INFO: dumping function: _KPhi2To1
INFO: dumping function: _KPhi3To1
INFO: dumping function: _KPhi4To1
INFO: dumping function: _KPhiAddCond
INFO: dumping function: _KInduction
INFO: dumping function: _KPushCDep
INFO: dumping function: _KPopCDep
INFO: dumping function: _KPrepRTable
INFO: dumping function: _KTimestamp
INFO: dumping function: _KTimestamp0
INFO: dumping function: _KTimestamp1
INFO: dumping function: _KTimestamp2
INFO: dumping function: _KTimestamp3
INFO: dumping function: _KTimestamp4
INFO: dumping function: _KTimestamp5
INFO: dumping function: _KTimestamp6
INFO: dumping function: _KTimestamp7
INFO: dumping function: _KInit
INFO: dumping function: _KDeinit
INFO: dumping function: _KEnterRegion
INFO: dumping function: _KExitRegion
INFO: dumping function: _KLandingPad
