!{!"0x11\0012\00clang version 3.6.1 (tags/RELEASE_361/final)\000\00\000\00\001", <0x36cee80>, <0x36d37b0>, <0x36d37b0>, <0x36d4408>, <0x36d37b0>, <0x36d37b0>} ; [ DW_TAG_compile_unit ] [/home/patmos/github/bachelor_project_HLS/candidates/MachSuite/gemm/ncubed/gemm.c] [DW_LANG_C99]

!{!"0x2e\00gemm\00gemm\00\003\000\001\000\000\00256\000\003", <0x36cee80>, <0x36cf050>, <0x36d4540>, null, void (double*, double*, double*)* @gemm, null, null, <0x36d37b0>} ; [ DW_TAG_subprogram ] [line 3] [def] [gemm]

!{!"0x15\00\000\000\000\000\000\000", null, null, null, <0x36d44d0>, null, null, null} ; [ DW_TAG_subroutine_type ] [line 0, size 0, align 0, offset 0] [from ]

!{!"0xf\00\000\0064\0064\000\000", null, null, <0x36d4488>} ; [ DW_TAG_pointer_type ] [line 0, size 64, align 64, offset 0] [from double]

!{!"0x24\00double\000\0064\0064\000\000\004", null, null} ; [ DW_TAG_base_type ] [double] [line 0, size 64, align 64, offset 0, enc DW_ATE_float]

Meta data for 13464978703252342104
Meta data for 12917629299613161988
Meta data for 3073269193332101825
INFO: Loop bodies will be given their own region id
DEBUG: new region: FuncRegion(id: 5338081400153581475, name: gemm, fileName: gemm.c, startLine: 3, endLine: 3
DEBUG: adding gemm (in module: gemm.simplifycfg.mem2reg.indvars.elimsinglephis.criticalpath.bc) to list of defined functions (region_id: 5338081400153581475)
DEBUG: assigning function gemm id 5338081400153581475
DEBUG: found 1 func regions
INFO: Inserting the following instrumentation calls:
INFO: _KDeinit
INFO: _KEnterRegion
INFO: _KExitRegion
INFO: _KInit
INFO: _KLandingPad
DEBUG: Debug information:
DEBUG: region name to id: gemm is 5338081400153581475
DEBUG: found 3 loops in function gemm
DEBUG: assigning id = 13464978703252342104 to loop with the following BBs:
	for.cond middle for.cond1 for.inc19 for.body3 for.cond4 for.end for.body6 
DEBUG: /home/patmos/Developer/kremlin/instrument/llvm/llvm-3.6.1.src/lib/Transforms/KremlinInstrument/LoopBodyRegion.cpp:82 Meta data for 6097065948256379694
DEBUG: assigning id = 6097065948256379694 to body of loop
DEBUG: assigning id = 12917629299613161988 to loop with the following BBs:
	for.cond1 for.body3 for.cond4 for.end for.body6 
DEBUG: /home/patmos/Developer/kremlin/instrument/llvm/llvm-3.6.1.src/lib/Transforms/KremlinInstrument/LoopBodyRegion.cpp:82 Meta data for 17006488961066069975
DEBUG: assigning id = 17006488961066069975 to body of loop
DEBUG: assigning id = 3073269193332101825 to loop with the following BBs:
	for.cond4 for.body6 
DEBUG: /home/patmos/Developer/kremlin/instrument/llvm/llvm-3.6.1.src/lib/Transforms/KremlinInstrument/LoopBodyRegion.cpp:82 Meta data for 8008630310945402939
DEBUG: assigning id = 8008630310945402939 to body of loop
DEBUG: for.cond has 1 possible loop exit points
DEBUG: 	target #0: for.end21
DEBUG: for.cond1 has 1 possible loop exit points
DEBUG: 	target #0: for.inc19
DEBUG: for.cond4 has 1 possible loop exit points
DEBUG: 	target #0: for.end
DEBUG: Writing kremlib calls to gemm.kdump
INFO: dumping function: gemm
INFO: dumping function: llvm.dbg.declare
INFO: dumping function: llvm.dbg.value
INFO: dumping function: _KLoad
INFO: dumping function: _KLoad0
INFO: dumping function: _KLoad1
INFO: dumping function: _KLoad2
INFO: dumping function: _KLoad3
INFO: dumping function: _KLoad4
INFO: dumping function: _KStore
INFO: dumping function: _KStoreConst
INFO: dumping function: _KEnqArgConst
INFO: dumping function: _KEnqArg
INFO: dumping function: _KPrepCall
INFO: dumping function: _KLinkReturn
INFO: dumping function: _KMalloc
INFO: dumping function: _KRealloc
INFO: dumping function: _KFree
INFO: dumping function: _KDeqArg
INFO: dumping function: _KReturnConst
INFO: dumping function: _KReturn
INFO: dumping function: _KWork
INFO: dumping function: _KTimestamp
INFO: dumping function: _KTimestamp0
INFO: dumping function: _KTimestamp1
INFO: dumping function: _KTimestamp2
INFO: dumping function: _KTimestamp3
INFO: dumping function: _KTimestamp4
INFO: dumping function: _KTimestamp5
INFO: dumping function: _KTimestamp6
INFO: dumping function: _KTimestamp7
INFO: dumping function: _KPhi
INFO: dumping function: _KPhi1To1
INFO: dumping function: _KPhi2To1
INFO: dumping function: _KPhi3To1
INFO: dumping function: _KPhi4To1
INFO: dumping function: _KPhiAddCond
INFO: dumping function: _KInduction
INFO: dumping function: _KPushCDep
INFO: dumping function: _KPopCDep
INFO: dumping function: _KPrepRTable
INFO: dumping function: _KInit
INFO: dumping function: _KDeinit
INFO: dumping function: _KEnterRegion
INFO: dumping function: _KExitRegion
INFO: dumping function: _KLandingPad
