!{!"0x11\0012\00clang version 3.6.1 (tags/RELEASE_361/final)\000\00\000\00\001", <0x35ce680>, <0x35ce8c0>, <0x35ce8c0>, <0x35ce578>, <0x35ce8c0>, <0x35ce8c0>} ; [ DW_TAG_compile_unit ] [/home/patmos/github/bachelor_project_HLS/candidates/MachSuite/gemm/blocked/gemm.c] [DW_LANG_C99]

!{!"0x2e\00bbgemm\00bbgemm\00\0010\000\001\000\000\00256\000\0010", <0x35ce680>, <0x35ce950>, <0x35d0330>, null, void (double*, double*, double*)* @bbgemm, null, null, <0x35ce8c0>} ; [ DW_TAG_subprogram ] [line 10] [def] [bbgemm]

!{!"0x15\00\000\000\000\000\000\000", null, null, null, <0x35d02c0>, null, null, null} ; [ DW_TAG_subroutine_type ] [line 0, size 0, align 0, offset 0] [from ]

!{!"0xf\00\000\0064\0064\000\000", null, null, <0x35d0278>} ; [ DW_TAG_pointer_type ] [line 0, size 64, align 64, offset 0] [from double]

!{!"0x24\00double\000\0064\0064\000\000\004", null, null} ; [ DW_TAG_base_type ] [double] [line 0, size 64, align 64, offset 0, enc DW_ATE_float]

Meta data for 3474733770368799172
Meta data for 859642891691857041
Meta data for 10485742141543656170
Meta data for 16205903354374142210
Meta data for 17308506425325401214
INFO: Loop bodies will be given their own region id
DEBUG: new region: FuncRegion(id: 16957425747385052532, name: bbgemm, fileName: gemm.c, startLine: 10, endLine: 10
DEBUG: adding bbgemm (in module: gemm.simplifycfg.mem2reg.indvars.elimsinglephis.criticalpath.bc) to list of defined functions (region_id: 16957425747385052532)
DEBUG: assigning function bbgemm id 16957425747385052532
DEBUG: found 1 func regions
INFO: Inserting the following instrumentation calls:
INFO: _KDeinit
INFO: _KEnterRegion
INFO: _KExitRegion
INFO: _KInit
INFO: _KLandingPad
DEBUG: Debug information:
DEBUG: region name to id: bbgemm is 16957425747385052532
DEBUG: found 5 loops in function bbgemm
DEBUG: assigning id = 3474733770368799172 to loop with the following BBs:
	for.cond loopkk for.cond1 for.inc36 loopi for.cond4 for.inc33 loopk for.cond7 for.inc30 for.body9 for.cond14 for.inc27 for.body16 
DEBUG: /home/patmos/Developer/kremlin/instrument/llvm/llvm-3.6.1.src/lib/Transforms/KremlinInstrument/LoopBodyRegion.cpp:82 Meta data for 3209805616087099349
DEBUG: assigning id = 3209805616087099349 to body of loop
DEBUG: assigning id = 859642891691857041 to loop with the following BBs:
	for.cond1 loopi for.cond4 for.inc33 loopk for.cond7 for.inc30 for.body9 for.cond14 for.inc27 for.body16 
DEBUG: /home/patmos/Developer/kremlin/instrument/llvm/llvm-3.6.1.src/lib/Transforms/KremlinInstrument/LoopBodyRegion.cpp:82 Meta data for 16614530078194405180
DEBUG: assigning id = 16614530078194405180 to body of loop
DEBUG: assigning id = 10485742141543656170 to loop with the following BBs:
	for.cond4 loopk for.cond7 for.inc30 for.body9 for.cond14 for.inc27 for.body16 
DEBUG: /home/patmos/Developer/kremlin/instrument/llvm/llvm-3.6.1.src/lib/Transforms/KremlinInstrument/LoopBodyRegion.cpp:82 Meta data for 17396742996873425804
DEBUG: assigning id = 17396742996873425804 to body of loop
DEBUG: assigning id = 16205903354374142210 to loop with the following BBs:
	for.cond7 for.body9 for.cond14 for.inc27 for.body16 
DEBUG: /home/patmos/Developer/kremlin/instrument/llvm/llvm-3.6.1.src/lib/Transforms/KremlinInstrument/LoopBodyRegion.cpp:82 Meta data for 14192682252436408946
DEBUG: assigning id = 14192682252436408946 to body of loop
DEBUG: assigning id = 17308506425325401214 to loop with the following BBs:
	for.cond14 for.body16 
DEBUG: /home/patmos/Developer/kremlin/instrument/llvm/llvm-3.6.1.src/lib/Transforms/KremlinInstrument/LoopBodyRegion.cpp:82 Meta data for 15583177254501071442
DEBUG: assigning id = 15583177254501071442 to body of loop
DEBUG: for.cond has 1 possible loop exit points
DEBUG: 	target #0: for.end38
DEBUG: for.cond1 has 1 possible loop exit points
DEBUG: 	target #0: for.inc36
DEBUG: for.cond4 has 1 possible loop exit points
DEBUG: 	target #0: for.inc33
DEBUG: for.cond7 has 1 possible loop exit points
DEBUG: 	target #0: for.inc30
DEBUG: for.cond14 has 1 possible loop exit points
DEBUG: 	target #0: for.inc27
DEBUG: Writing kremlib calls to gemm.kdump
INFO: dumping function: bbgemm
INFO: dumping function: llvm.dbg.declare
INFO: dumping function: llvm.dbg.value
INFO: dumping function: _KLoad
INFO: dumping function: _KLoad0
INFO: dumping function: _KLoad1
INFO: dumping function: _KLoad2
INFO: dumping function: _KLoad3
INFO: dumping function: _KLoad4
INFO: dumping function: _KStore
INFO: dumping function: _KStoreConst
INFO: dumping function: _KEnqArgConst
INFO: dumping function: _KEnqArg
INFO: dumping function: _KPrepCall
INFO: dumping function: _KLinkReturn
INFO: dumping function: _KMalloc
INFO: dumping function: _KRealloc
INFO: dumping function: _KFree
INFO: dumping function: _KDeqArg
INFO: dumping function: _KReturnConst
INFO: dumping function: _KReturn
INFO: dumping function: _KWork
INFO: dumping function: _KTimestamp
INFO: dumping function: _KTimestamp0
INFO: dumping function: _KTimestamp1
INFO: dumping function: _KTimestamp2
INFO: dumping function: _KTimestamp3
INFO: dumping function: _KTimestamp4
INFO: dumping function: _KTimestamp5
INFO: dumping function: _KTimestamp6
INFO: dumping function: _KTimestamp7
INFO: dumping function: _KPhi
INFO: dumping function: _KPhi1To1
INFO: dumping function: _KPhi2To1
INFO: dumping function: _KPhi3To1
INFO: dumping function: _KPhi4To1
INFO: dumping function: _KPhiAddCond
INFO: dumping function: _KInduction
INFO: dumping function: _KPushCDep
INFO: dumping function: _KPopCDep
INFO: dumping function: _KPrepRTable
INFO: dumping function: _KInit
INFO: dumping function: _KDeinit
INFO: dumping function: _KEnterRegion
INFO: dumping function: _KExitRegion
INFO: dumping function: _KLandingPad
