!{!"0x11\0012\00clang version 3.6.1 (tags/RELEASE_361/final)\000\00\000\00\001", <0x2403920>, <0x23fc320>, <0x24157b0>, <0x2405050>, <0x2408f88>, <0x23fc320>} ; [ DW_TAG_compile_unit ] [/home/patmos/github/bachelor_project_HLS/candidates/CHStone/sha/sha_driver.c] [DW_LANG_C99]

!{!"0x2e\00local_memset\00local_memset\00\0051\000\001\000\000\00256\000\0052", <0x24157f0>, <0x2403780>, <0x2415a60>, null, void (i32*, i32, i32, i32)* @local_memset, null, null, <0x23fc320>} ; [ DW_TAG_subprogram ] [line 51] [def] [scope 52] [local_memset]

!{!"0x2e\00local_memcpy\00local_memcpy\00\0071\000\001\000\000\00256\000\0072", <0x24157f0>, <0x2403780>, <0x2415720>, null, void (i32*, i8*, i32)* @local_memcpy, null, null, <0x23fc320>} ; [ DW_TAG_subprogram ] [line 71] [def] [scope 72] [local_memcpy]

!{!"0x2e\00sha_init\00sha_init\00\00142\000\001\000\000\000\000\00143", <0x24157f0>, <0x2403780>, <0x2416ab0>, null, void ()* @sha_init, null, null, <0x23fc320>} ; [ DW_TAG_subprogram ] [line 142] [def] [scope 143] [sha_init]

!{!"0x2e\00sha_update\00sha_update\00\00156\000\001\000\000\00256\000\00157", <0x24157f0>, <0x2403780>, <0x2416cb0>, null, void (i8*, i32)* @sha_update, null, null, <0x23fc320>} ; [ DW_TAG_subprogram ] [line 156] [def] [scope 157] [sha_update]

!{!"0x2e\00sha_final\00sha_final\00\00177\000\001\000\000\000\000\00178", <0x24157f0>, <0x2403780>, <0x2416ab0>, null, void ()* @sha_final, null, null, <0x23fc320>} ; [ DW_TAG_subprogram ] [line 177] [def] [scope 178] [sha_final]

!{!"0x2e\00sha_stream\00sha_stream\00\00204\000\001\000\000\000\000\00205", <0x24157f0>, <0x2403780>, <0x2416ab0>, null, void ()* @sha_stream, null, null, <0x23fc320>} ; [ DW_TAG_subprogram ] [line 204] [def] [scope 205] [sha_stream]

!{!"0x2e\00main\00main\00\0041\000\001\000\000\000\000\0042", <0x2403920>, <0x2416d80>, <0x2404dc0>, null, i32 ()* @main, null, null, <0x23fc320>} ; [ DW_TAG_subprogram ] [line 41] [def] [scope 42] [main]

!{!"0x2e\00sha_transform\00sha_transform\00\0096\001\001\000\000\000\000\0097", <0x24157f0>, <0x2403780>, <0x2416ab0>, null, void ()* @sha_transform, null, null, <0x23fc320>} ; [ DW_TAG_subprogram ] [line 96] [local] [def] [scope 97] [sha_transform]

!{!"0x34\00indata\00indata\00\0052\000\001", null, <0x2416f60>, <0x2415990>, [2 x [8192 x i8]]* @indata, null} ; [ DW_TAG_variable ] [indata] [line 52] [def]

!{!"0x34\00in_i\00in_i\00\001136\000\001", null, <0x2416f60>, <0x24082f0>, [2 x i32]* @in_i, null} ; [ DW_TAG_variable ] [in_i] [line 1136] [def]

!{!"0x34\00outData\00outData\00\0037\000\001", null, <0x2416d80>, <0x2403990>, [5 x i32]* @outData, null} ; [ DW_TAG_variable ] [outData] [line 37] [def]

!{!"0x34\00sha_info_digest\00sha_info_digest\00\0032\000\001", null, <0x2416f60>, <0x2408980>, [5 x i32]* @sha_info_digest, null} ; [ DW_TAG_variable ] [sha_info_digest] [line 32] [def]

!{!"0x34\00sha_info_count_lo\00sha_info_count_lo\00\0033\000\001", null, <0x2416f60>, <0x24042e0>, i32* @sha_info_count_lo, null} ; [ DW_TAG_variable ] [sha_info_count_lo] [line 33] [def]

!{!"0x34\00sha_info_count_hi\00sha_info_count_hi\00\0033\000\001", null, <0x2416f60>, <0x24042e0>, i32* @sha_info_count_hi, null} ; [ DW_TAG_variable ] [sha_info_count_hi] [line 33] [def]

!{!"0x34\00sha_info_data\00sha_info_data\00\0034\000\001", null, <0x2416f60>, <0x2408e30>, [16 x i32]* @sha_info_data, null} ; [ DW_TAG_variable ] [sha_info_data] [line 34] [def]

!{!"0x1\00\000\00131072\008\000\000\000", null, null, <0x2415f50>, <0x2415920>, null, null, null} ; [ DW_TAG_array_type ] [line 0, size 131072, align 8, offset 0] [from ]

!{!"0x26\00\000\000\000\000\000", null, null, <0x2415610>} ; [ DW_TAG_const_type ] [line 0, size 0, align 0, offset 0] [from BYTE]

!{!"0x16\00BYTE\0027\000\000\000\000", <0x24047b0>, null, <0x24155c8>} ; [ DW_TAG_typedef ] [BYTE] [line 27, size 0, align 0, offset 0] [from unsigned char]

!{!"0x24\00unsigned char\000\008\008\000\000\008", null, null} ; [ DW_TAG_base_type ] [unsigned char] [line 0, size 8, align 8, offset 0, enc DW_ATE_unsigned_char]

!{!"0x1\00\000\0064\0032\000\000\000", null, null, <0x2416260>, <0x2416198>, null, null, null} ; [ DW_TAG_array_type ] [line 0, size 64, align 32, offset 0] [from ]

!{!"0x26\00\000\000\000\000\000", null, null, <0x2415768>} ; [ DW_TAG_const_type ] [line 0, size 0, align 0, offset 0] [from int]

!{!"0x24\00int\000\0032\0032\000\000\005", null, null} ; [ DW_TAG_base_type ] [int] [line 0, size 32, align 32, offset 0, enc DW_ATE_signed]

!{!"0x1\00\000\00160\0032\000\000\000", null, null, <0x24084a0>, <0x2408508>, null, null, null} ; [ DW_TAG_array_type ] [line 0, size 160, align 32, offset 0] [from ]

!{!"0x26\00\000\000\000\000\000", null, null, <0x24042e0>} ; [ DW_TAG_const_type ] [line 0, size 0, align 0, offset 0] [from INT32]

!{!"0x16\00INT32\0028\000\000\000\000", <0x24047b0>, null, <0x23ffa58>} ; [ DW_TAG_typedef ] [INT32] [line 28, size 0, align 0, offset 0] [from unsigned int]

!{!"0x24\00unsigned int\000\0032\0032\000\000\007", null, null} ; [ DW_TAG_base_type ] [unsigned int] [line 0, size 32, align 32, offset 0, enc DW_ATE_unsigned]

!{!"0x1\00\000\00160\0032\000\000\000", null, null, <0x24042e0>, <0x2408508>, null, null, null} ; [ DW_TAG_array_type ] [line 0, size 160, align 32, offset 0] [from INT32]

!{!"0x1\00\000\00512\0032\000\000\000", null, null, <0x24042e0>, <0x2408dc8>, null, null, null} ; [ DW_TAG_array_type ] [line 0, size 512, align 32, offset 0] [from INT32]

!{!"0x15\00\000\000\000\000\000\000", null, null, null, <0x2403818>, null, null, null} ; [ DW_TAG_subroutine_type ] [line 0, size 0, align 0, offset 0] [from ]

!{!"0xf\00\000\0064\0064\000\000", null, null, <0x24042e0>} ; [ DW_TAG_pointer_type ] [line 0, size 64, align 64, offset 0] [from INT32]

!{!"0x15\00\000\000\000\000\000\000", null, null, null, <0x24156b0>, null, null, null} ; [ DW_TAG_subroutine_type ] [line 0, size 0, align 0, offset 0] [from ]

!{!"0xf\00\000\0064\0064\000\000", null, null, <0x2415f50>} ; [ DW_TAG_pointer_type ] [line 0, size 64, align 64, offset 0] [from ]

!{!"0x15\00\000\000\000\000\000\000", null, null, null, <0x24169c8>, null, null, null} ; [ DW_TAG_subroutine_type ] [line 0, size 0, align 0, offset 0] [from ]

!{!"0x15\00\000\000\000\000\000\000", null, null, null, <0x2415f98>, null, null, null} ; [ DW_TAG_subroutine_type ] [line 0, size 0, align 0, offset 0] [from ]

!{!"0x15\00\000\000\000\000\000\000", null, null, null, <0x2416bd8>, null, null, null} ; [ DW_TAG_subroutine_type ] [line 0, size 0, align 0, offset 0] [from ]

!{!"0xf\00\000\0064\0064\000\000", null, null, <0x2415610>} ; [ DW_TAG_pointer_type ] [line 0, size 64, align 64, offset 0] [from BYTE]

Meta data for 12911656126647131811
Meta data for 15262912297950851381
Meta data for 9620077069654452777
INFO: Loop bodies will be given their own region id
DEBUG: new region: FuncRegion(id: 6884427973698705228, name: local_memset, fileName: sha.c, startLine: 51, endLine: 51
DEBUG: adding local_memset (in module: sha_driver.simplifycfg.mem2reg.indvars.elimsinglephis.criticalpath.bc) to list of defined functions (region_id: 6884427973698705228)
DEBUG: assigning function local_memset id 6884427973698705228
DEBUG: new region: FuncRegion(id: 17902630858557889858, name: local_memcpy, fileName: sha.c, startLine: 71, endLine: 71
DEBUG: adding local_memcpy (in module: sha_driver.simplifycfg.mem2reg.indvars.elimsinglephis.criticalpath.bc) to list of defined functions (region_id: 17902630858557889858)
DEBUG: assigning function local_memcpy id 17902630858557889858
DEBUG: new region: FuncRegion(id: 6633717484059487479, name: sha_init, fileName: sha.c, startLine: 142, endLine: 142
DEBUG: adding sha_init (in module: sha_driver.simplifycfg.mem2reg.indvars.elimsinglephis.criticalpath.bc) to list of defined functions (region_id: 6633717484059487479)
DEBUG: assigning function sha_init id 6633717484059487479
DEBUG: new region: FuncRegion(id: 6683121428273955190, name: sha_update, fileName: sha.c, startLine: 156, endLine: 156
DEBUG: adding sha_update (in module: sha_driver.simplifycfg.mem2reg.indvars.elimsinglephis.criticalpath.bc) to list of defined functions (region_id: 6683121428273955190)
DEBUG: assigning function sha_update id 6683121428273955190
DEBUG: new region: FuncRegion(id: 6346899140897740424, name: sha_final, fileName: sha.c, startLine: 177, endLine: 177
DEBUG: adding sha_final (in module: sha_driver.simplifycfg.mem2reg.indvars.elimsinglephis.criticalpath.bc) to list of defined functions (region_id: 6346899140897740424)
DEBUG: assigning function sha_final id 6346899140897740424
DEBUG: new region: FuncRegion(id: 14023547294548143106, name: sha_stream, fileName: sha.c, startLine: 204, endLine: 204
DEBUG: adding sha_stream (in module: sha_driver.simplifycfg.mem2reg.indvars.elimsinglephis.criticalpath.bc) to list of defined functions (region_id: 14023547294548143106)
DEBUG: assigning function sha_stream id 14023547294548143106
DEBUG: new region: FuncRegion(id: 14768796648239662093, name: main, fileName: sha_driver.c, startLine: 41, endLine: 41
DEBUG: adding main (in module: sha_driver.simplifycfg.mem2reg.indvars.elimsinglephis.criticalpath.bc) to list of defined functions (region_id: 14768796648239662093)
DEBUG: assigning function main id 14768796648239662093
DEBUG: new region: FuncRegion(id: 13799002644062304540, name: sha_transform, fileName: sha.c, startLine: 96, endLine: 96
DEBUG: adding sha_transform (in module: sha_driver.simplifycfg.mem2reg.indvars.elimsinglephis.criticalpath.bc) to list of defined functions (region_id: 13799002644062304540)
DEBUG: assigning function sha_transform id 13799002644062304540
DEBUG: found 8 func regions
INFO: Inserting the following instrumentation calls:
INFO: _KDeinit
INFO: _KEnterRegion
INFO: _KExitRegion
INFO: _KInit
INFO: _KLandingPad
DEBUG: Debug information:
DEBUG: region name to id: local_memset is 6884427973698705228
DEBUG: found 2 loops in function local_memset
DEBUG: assigning id = 12911656126647131811 to loop with the following BBs:
	while.cond1 while.body4 
DEBUG: /home/patmos/Developer/kremlin/instrument/llvm/llvm-3.6.1.src/lib/Transforms/KremlinInstrument/LoopBodyRegion.cpp:82 Meta data for 3519652135128050596
DEBUG: assigning id = 3519652135128050596 to body of loop
DEBUG: assigning id = 15262912297950851381 to loop with the following BBs:
	while.cond while.body 
DEBUG: /home/patmos/Developer/kremlin/instrument/llvm/llvm-3.6.1.src/lib/Transforms/KremlinInstrument/LoopBodyRegion.cpp:82 Meta data for 16680976649736441737
DEBUG: assigning id = 16680976649736441737 to body of loop
DEBUG: while.cond1 has 1 possible loop exit points
DEBUG: 	target #0: while.end6
DEBUG: while.cond has 1 possible loop exit points
DEBUG: 	target #0: while.cond1.preheader
DEBUG: region name to id: local_memcpy is 17902630858557889858
DEBUG: found 1 loops in function local_memcpy
DEBUG: assigning id = 962007706Meta data for 17214131979380199876
Meta data for 11188232787581621147
Meta data for 9667506582494941124
Meta data for 8297215702535904295
Meta data for 7664353184862445332
Meta data for 17567599081411085891
Meta data for 15623138336764615991
Meta data for 8670562865877203615
Meta data for 16664847234112247091
9654452777 to loop with the following BBs:
	while.cond while.body 
DEBUG: /home/patmos/Developer/kremlin/instrument/llvm/llvm-3.6.1.src/lib/Transforms/KremlinInstrument/LoopBodyRegion.cpp:82 Meta data for 7522488951118159567
DEBUG: assigning id = 7522488951118159567 to body of loop
DEBUG: while.cond has 1 possible loop exit points
DEBUG: 	target #0: while.end
DEBUG: region name to id: sha_init is 6633717484059487479
DEBUG: found 0 loops in function sha_init
DEBUG: region name to id: sha_update is 6683121428273955190
DEBUG: found 1 loops in function sha_update
DEBUG: assigning id = 17214131979380199876 to loop with the following BBs:
	while.cond while.body 
DEBUG: /home/patmos/Developer/kremlin/instrument/llvm/llvm-3.6.1.src/lib/Transforms/KremlinInstrument/LoopBodyRegion.cpp:82 Meta data for 11459590515135003223
DEBUG: assigning id = 11459590515135003223 to body of loop
DEBUG: while.cond has 1 possible loop exit points
DEBUG: 	target #0: while.end
DEBUG: region name to id: sha_final is 6346899140897740424
DEBUG: found 0 loops in function sha_final
DEBUG: region name to id: sha_stream is 14023547294548143106
DEBUG: found 1 loops in function sha_stream
DEBUG: assigning id = 11188232787581621147 to loop with the following BBs:
	for.cond for.body 
DEBUG: /home/patmos/Developer/kremlin/instrument/llvm/llvm-3.6.1.src/lib/Transforms/KremlinInstrument/LoopBodyRegion.cpp:82 Meta data for 11277071797001147864
DEBUG: assigning id = 11277071797001147864 to body of loop
DEBUG: for.cond has 1 possible loop exit points
DEBUG: 	target #0: for.end
DEBUG: region name to id: main is 14768796648239662093
DEBUG: found 1 loops in function main
DEBUG: assigning id = 9667506582494941124 to loop with the following BBs:
	for.cond for.body 
DEBUG: /home/patmos/Developer/kremlin/instrument/llvm/llvm-3.6.1.src/lib/Transforms/KremlinInstrument/LoopBodyRegion.cpp:82 Meta data for 8432504331812674398
DEBUG: assigning id = 8432504331812674398 to body of loop
DEBUG: for.cond has 1 possible loop exit points
DEBUG: 	target #0: for.end
DEBUG: region name to id: sha_transform is 13799002644062304540
DEBUG: found 6 loops in function sha_transform
DEBUG: assigning id = 8297215702535904295 to loop with the following BBs:
	for.cond90 for.body93 
DEBUG: /home/patmos/Developer/kremlin/instrument/llvm/llvm-3.6.1.src/lib/Transforms/KremlinInstrument/LoopBodyRegion.cpp:82 Meta data for 6112458290281926037
DEBUG: assigning id = 6112458290281926037 to body of loop
DEBUG: assigning id = 7664353184862445332 to loop with the following BBs:
	for.cond64 for.body67 
DEBUG: /home/patmos/Developer/kremlin/instrument/llvm/llvm-3.6.1.src/lib/Transforms/KremlinInstrument/LoopBodyRegion.cpp:82 Meta data for 3395091269375490243
DEBUG: assigning id = 3395091269375490243 to body of loop
DEBUG: assigning id = 17567599081411085891 to loop with the following BBs:
	for.cond41 for.body44 
DEBUG: /home/patmos/Developer/kremlin/instrument/llvm/llvm-3.6.1.src/lib/Transforms/KremlinInstrument/LoopBodyRegion.cpp:82 Meta data for 18212351993547571558
DEBUG: assigning id = 18212351993547571558 to body of loop
DEBUG: assigning id = 15623138336764615991 to loop with the following BBs:
	for.cond24 for.body26 
DEBUG: /home/patmos/Developer/kremlin/instrument/llvm/llvm-3.6.1.src/lib/Transforms/KremlinInstrument/LoopBodyRegion.cpp:82 Meta data for 10823587492624601338
DEBUG: assigning id = 10823587492624601338 to body of loop
DEBUG: assigning id = 8670562865877203615 to loop with the following BBs:
	for.cond3 for.body5 
DEBUG: /home/patmos/Developer/kremlin/instrument/llvm/llvm-3.6.1.src/lib/Transforms/KremlinInstrument/LoopBodyRegion.cpp:82 Meta data for 4164962594512415932
DEBUG: assigning id = 4164962594512415932 to body of loop
DEBUG: assigning id = 16664847234112247091 to loop with the following BBs:
	for.cond for.body 
DEBUG: /home/patmos/Developer/kremlin/instrument/llvm/llvm-3.6.1.src/lib/Transforms/KremlinInstrument/LoopBodyRegion.cpp:82 Meta data for 937418616993339226
DEBUG: assigning id = 937418616993339226 to body of loop
DEBUG: for.cond90 has 1 possible loop exit points
DEBUG: 	target #0: for.end112
DEBUG: for.cond64 has 1 possible loop exit points
DEBUG: 	target #0: for.end89
DEBUG: for.cond41 has 1 possible loop exit points
DEBUG: 	target #0: for.end63
DEBUG: for.cond24 has 1 possible loop exit points
DEBUG: 	target #0: for.end40
DEBUG: for.cond3 has 1 possible loop exit points
DEBUG: 	target #0: for.end23
DEBUG: for.cond has 1 possible loop exit points
DEBUG: 	target #0: for.end
DEBUG: Writing kremlib calls to sha_driver.kdump
INFO: dumping function: local_memset
INFO: dumping function: llvm.dbg.declare
INFO: dumping function: local_memcpy
INFO: dumping function: sha_init
INFO: dumping function: sha_update
INFO: dumping function: sha_final
INFO: dumping function: sha_stream
INFO: dumping function: main
INFO: dumping function: printf
INFO: dumping function: sha_transform
INFO: dumping function: llvm.dbg.value
INFO: dumping function: _KLoad
INFO: dumping function: _KLoad0
INFO: dumping function: _KLoad1
INFO: dumping function: _KLoad2
INFO: dumping function: _KLoad3
INFO: dumping function: _KLoad4
INFO: dumping function: _KStore
INFO: dumping function: _KStoreConst
INFO: dumping function: _KEnqArgConst
INFO: dumping function: _KEnqArg
INFO: dumping function: _KPrepCall
INFO: dumping function: _KLinkReturn
INFO: dumping function: _KMalloc
INFO: dumping function: _KRealloc
INFO: dumping function: _KFree
INFO: dumping function: _KDeqArg
INFO: dumping function: _KReturnConst
INFO: dumping function: _KReturn
INFO: dumping function: _KWork
INFO: dumping function: _KTimestamp
INFO: dumping function: _KTimestamp0
INFO: dumping function: _KTimestamp1
INFO: dumping function: _KTimestamp2
INFO: dumping function: _KTimestamp3
INFO: dumping function: _KTimestamp4
INFO: dumping function: _KTimestamp5
INFO: dumping function: _KTimestamp6
INFO: dumping function: _KTimestamp7
INFO: dumping function: _KPhi
INFO: dumping function: _KPhi1To1
INFO: dumping function: _KPhi2To1
INFO: dumping function: _KPhi3To1
INFO: dumping function: _KPhi4To1
INFO: dumping function: _KPhiAddCond
INFO: dumping function: _KInduction
INFO: dumping function: _KPushCDep
INFO: dumping function: _KPopCDep
INFO: dumping function: _KPrepRTable
INFO: dumping function: _KInit
INFO: dumping function: _KDeinit
INFO: dumping function: _KEnterRegion
INFO: dumping function: _KExitRegion
INFO: dumping function: _KLandingPad
