@I [SIM-47] Using XSIM for RTL simulation.
@I [SIM-14] Instrumenting C test bench ...
   Build using "C:/Developer/Xilinx/Vivado_HLS/2016.4/msys/bin/g++.exe"
   Compiling apatb_matrixmul.cpp
   Compiling matrixmul.cpp_pre.cpp.tb.cpp
   Compiling matrixmul_test.cpp_pre.cpp.tb.cpp
   Generating cosim.tv.exe
@I [SIM-302] Starting C TB testing ... 
@I [SIM-333] Generating C post check test bench ...
@I [SIM-12] Generating RTL test bench ...
@I [SIM-322] Starting VHDL simulation. 
@I [SIM-15] Starting XSIM ...
@I [SIM-316] Starting C post checking ...
1 2 3 4 
2 3 4 5 
3 4 5 6 
4 5 6 7 
5 6 7 8 
6 7 8 9 
7 8 9 10 
8 9 10 11 

70 80 90 100 
96 110 124 138 
122 140 158 176 
148 170 192 214 

70 80 90 100 
96 110 124 138 
122 140 158 176 
148 170 192 214 

Test Passes:

C:\Dropbox\Projects\vivado_hls\matmul_mem_external\hls\hls_matmul\solution_bram_BRAM\sim\vhdl>call C:/Developer/Xilinx/Vivado/2016.4/bin/xelab xil_defaultlib.apatb_matrixmul_top -prj matrixmul.prj --initfile "C:/Developer/Xilinx/Vivado/2016.4/data/xsim/ip/xsim_ip.ini" --lib "ieee_proposed=./ieee_proposed" -s matrixmul  
INFO: [XSIM 43-3496] Using init file passed via -initfile option "C:/Developer/Xilinx/Vivado/2016.4/data/xsim/ip/xsim_ip.ini".
Vivado Simulator 2016.4
Copyright 1986-1999, 2001-2016 Xilinx, Inc. All Rights Reserved.
Running: C:/Developer/Xilinx/Vivado/2016.4/bin/unwrapped/win64.o/xelab.exe xil_defaultlib.apatb_matrixmul_top -prj matrixmul.prj --initfile C:/Developer/Xilinx/Vivado/2016.4/data/xsim/ip/xsim_ip.ini --lib ieee_proposed=./ieee_proposed -s matrixmul 
Multi-threading is on. Using 6 slave threads.
Determining compilation order of HDL files.
INFO: [VRFC 10-163] Analyzing VHDL file "C:/Dropbox/Projects/vivado_hls/matmul_mem_external/hls/hls_matmul/solution_bram_BRAM/sim/vhdl/AESL_sim_pkg.vhd" into library xil_defaultlib
INFO: [VRFC 10-163] Analyzing VHDL file "C:/Dropbox/Projects/vivado_hls/matmul_mem_external/hls/hls_matmul/solution_bram_BRAM/sim/vhdl/AESL_autobram_a_0.vhd" into library xil_defaultlib
INFO: [VRFC 10-307] analyzing entity AESL_autobram_a_0
INFO: [VRFC 10-163] Analyzing VHDL file "C:/Dropbox/Projects/vivado_hls/matmul_mem_external/hls/hls_matmul/solution_bram_BRAM/sim/vhdl/AESL_autobram_a_1.vhd" into library xil_defaultlib
INFO: [VRFC 10-307] analyzing entity AESL_autobram_a_1
INFO: [VRFC 10-163] Analyzing VHDL file "C:/Dropbox/Projects/vivado_hls/matmul_mem_external/hls/hls_matmul/solution_bram_BRAM/sim/vhdl/AESL_autobram_a_10.vhd" into library xil_defaultlib
INFO: [VRFC 10-307] analyzing entity AESL_autobram_a_10
INFO: [VRFC 10-163] Analyzing VHDL file "C:/Dropbox/Projects/vivado_hls/matmul_mem_external/hls/hls_matmul/solution_bram_BRAM/sim/vhdl/AESL_autobram_a_11.vhd" into library xil_defaultlib
INFO: [VRFC 10-307] analyzing entity AESL_autobram_a_11
INFO: [VRFC 10-163] Analyzing VHDL file "C:/Dropbox/Projects/vivado_hls/matmul_mem_external/hls/hls_matmul/solution_bram_BRAM/sim/vhdl/AESL_autobram_a_2.vhd" into library xil_defaultlib
INFO: [VRFC 10-307] analyzing entity AESL_autobram_a_2
INFO: [VRFC 10-163] Analyzing VHDL file "C:/Dropbox/Projects/vivado_hls/matmul_mem_external/hls/hls_matmul/solution_bram_BRAM/sim/vhdl/AESL_autobram_a_3.vhd" into library xil_defaultlib
INFO: [VRFC 10-307] analyzing entity AESL_autobram_a_3
INFO: [VRFC 10-163] Analyzing VHDL file "C:/Dropbox/Projects/vivado_hls/matmul_mem_external/hls/hls_matmul/solution_bram_BRAM/sim/vhdl/AESL_autobram_a_4.vhd" into library xil_defaultlib
INFO: [VRFC 10-307] analyzing entity AESL_autobram_a_4
INFO: [VRFC 10-163] Analyzing VHDL file "C:/Dropbox/Projects/vivado_hls/matmul_mem_external/hls/hls_matmul/solution_bram_BRAM/sim/vhdl/AESL_autobram_a_5.vhd" into library xil_defaultlib
INFO: [VRFC 10-307] analyzing entity AESL_autobram_a_5
INFO: [VRFC 10-163] Analyzing VHDL file "C:/Dropbox/Projects/vivado_hls/matmul_mem_external/hls/hls_matmul/solution_bram_BRAM/sim/vhdl/AESL_autobram_a_6.vhd" into library xil_defaultlib
INFO: [VRFC 10-307] analyzing entity AESL_autobram_a_6
INFO: [VRFC 10-163] Analyzing VHDL file "C:/Dropbox/Projects/vivado_hls/matmul_mem_external/hls/hls_matmul/solution_bram_BRAM/sim/vhdl/AESL_autobram_a_7.vhd" into library xil_defaultlib
INFO: [VRFC 10-307] analyzing entity AESL_autobram_a_7
INFO: [VRFC 10-163] Analyzing VHDL file "C:/Dropbox/Projects/vivado_hls/matmul_mem_external/hls/hls_matmul/solution_bram_BRAM/sim/vhdl/AESL_autobram_a_8.vhd" into library xil_defaultlib
INFO: [VRFC 10-307] analyzing entity AESL_autobram_a_8
INFO: [VRFC 10-163] Analyzing VHDL file "C:/Dropbox/Projects/vivado_hls/matmul_mem_external/hls/hls_matmul/solution_bram_BRAM/sim/vhdl/AESL_autobram_a_9.vhd" into library xil_defaultlib
INFO: [VRFC 10-307] analyzing entity AESL_autobram_a_9
INFO: [VRFC 10-163] Analyzing VHDL file "C:/Dropbox/Projects/vivado_hls/matmul_mem_external/hls/hls_matmul/solution_bram_BRAM/sim/vhdl/matrixmul.autotb.vhd" into library xil_defaultlib
INFO: [VRFC 10-307] analyzing entity apatb_matrixmul_top
INFO: [VRFC 10-163] Analyzing VHDL file "C:/Dropbox/Projects/vivado_hls/matmul_mem_external/hls/hls_matmul/solution_bram_BRAM/sim/vhdl/matrixmul.vhd" into library xil_defaultlib
INFO: [VRFC 10-307] analyzing entity matrixmul
INFO: [VRFC 10-163] Analyzing VHDL file "C:/Dropbox/Projects/vivado_hls/matmul_mem_external/hls/hls_matmul/solution_bram_BRAM/sim/vhdl/matrixmul_mul_32scud.vhd" into library xil_defaultlib
INFO: [VRFC 10-307] analyzing entity matrixmul_mul_32scud_MulnS_0
INFO: [VRFC 10-307] analyzing entity matrixmul_mul_32scud
INFO: [VRFC 10-163] Analyzing VHDL file "C:/Dropbox/Projects/vivado_hls/matmul_mem_external/hls/hls_matmul/solution_bram_BRAM/sim/vhdl/matrixmul_mux_42_bkb.vhd" into library xil_defaultlib
INFO: [VRFC 10-307] analyzing entity matrixmul_mux_42_bkb
Starting static elaboration
Completed static elaboration
Starting simulation data flow analysis
Completed simulation data flow analysis
Time Resolution for simulation is 1ps
Compiling package std.standard
Compiling package std.textio
Compiling package ieee.std_logic_1164
Compiling package ieee.std_logic_arith
Compiling package ieee.std_logic_unsigned
Compiling package ieee.numeric_std
Compiling package ieee.std_logic_textio
Compiling architecture rtl of entity xil_defaultlib.matrixmul_mux_42_bkb [\matrixmul_mux_42_bkb(id=1,din5_...]
Compiling architecture behav of entity xil_defaultlib.matrixmul_mul_32scud_MulnS_0 [matrixmul_mul_32scud_mulns_0_def...]
Compiling architecture arch of entity xil_defaultlib.matrixmul_mul_32scud [\matrixmul_mul_32scud(id=1,num_s...]
Compiling architecture behav of entity xil_defaultlib.matrixmul [matrixmul_default]
Compiling architecture behav of entity xil_defaultlib.AESL_autobram_a_0 [aesl_autobram_a_0_default]
Compiling architecture behav of entity xil_defaultlib.AESL_autobram_a_1 [aesl_autobram_a_1_default]
Compiling architecture behav of entity xil_defaultlib.AESL_autobram_a_2 [aesl_autobram_a_2_default]
Compiling architecture behav of entity xil_defaultlib.AESL_autobram_a_3 [aesl_autobram_a_3_default]
Compiling architecture behav of entity xil_defaultlib.AESL_autobram_a_4 [aesl_autobram_a_4_default]
Compiling architecture behav of entity xil_defaultlib.AESL_autobram_a_5 [aesl_autobram_a_5_default]
Compiling architecture behav of entity xil_defaultlib.AESL_autobram_a_6 [aesl_autobram_a_6_default]
Compiling architecture behav of entity xil_defaultlib.AESL_autobram_a_7 [aesl_autobram_a_7_default]
Compiling architecture behav of entity xil_defaultlib.AESL_autobram_a_8 [aesl_autobram_a_8_default]
Compiling architecture behav of entity xil_defaultlib.AESL_autobram_a_9 [aesl_autobram_a_9_default]
Compiling architecture behav of entity xil_defaultlib.AESL_autobram_a_10 [aesl_autobram_a_10_default]
Compiling architecture behav of entity xil_defaultlib.AESL_autobram_a_11 [aesl_autobram_a_11_default]
Compiling architecture behav of entity xil_defaultlib.apatb_matrixmul_top
Built simulation snapshot matrixmul

****** Webtalk v2016.4 (64-bit)
  **** SW Build 1733598 on Wed Dec 14 22:35:39 MST 2016
  **** IP Build 1731160 on Wed Dec 14 23:47:21 MST 2016
    ** Copyright 1986-2016 Xilinx, Inc. All Rights Reserved.

source C:/Dropbox/Projects/vivado_hls/matmul_mem_external/hls/hls_matmul/solution_bram_BRAM/sim/vhdl/xsim.dir/matrixmul/webtalk/xsim_webtalk.tcl -notrace
INFO: [Common 17-186] 'C:/Dropbox/Projects/vivado_hls/matmul_mem_external/hls/hls_matmul/solution_bram_BRAM/sim/vhdl/xsim.dir/matrixmul/webtalk/usage_statistics_ext_xsim.xml' has been successfully sent to Xilinx on Wed Mar 15 13:03:22 2017. For additional details about this file, please refer to the WebTalk help file at C:/Developer/Xilinx/Vivado/2016.4/doc/webtalk_introduction.html.
INFO: [Common 17-206] Exiting Webtalk at Wed Mar 15 13:03:22 2017...

****** xsim v2016.4 (64-bit)
  **** SW Build 1733598 on Wed Dec 14 22:35:39 MST 2016
  **** IP Build 1731160 on Wed Dec 14 23:47:21 MST 2016
    ** Copyright 1986-2016 Xilinx, Inc. All Rights Reserved.

source xsim.dir/matrixmul/xsim_script.tcl
# xsim {matrixmul} -autoloadwcfg -tclbatch {matrixmul.tcl}
Vivado Simulator 2016.4
Time resolution is 1 ps
source matrixmul.tcl
## run all
Note: simulation done!
Time: 915 ns  Iteration: 1  Process: /apatb_matrixmul_top/generate_sim_done_proc  File: C:/Dropbox/Projects/vivado_hls/matmul_mem_external/hls/hls_matmul/solution_bram_BRAM/sim/vhdl/matrixmul.autotb.vhd
Failure: NORMAL EXIT (note: failure is to force the simulator to stop)
Time: 915 ns  Iteration: 1  Process: /apatb_matrixmul_top/generate_sim_done_proc  File: C:/Dropbox/Projects/vivado_hls/matmul_mem_external/hls/hls_matmul/solution_bram_BRAM/sim/vhdl/matrixmul.autotb.vhd
$finish called at time : 915 ns
## quit
INFO: [Common 17-206] Exiting xsim at Wed Mar 15 13:03:44 2017...
1 2 3 4 
2 3 4 5 
3 4 5 6 
4 5 6 7 
5 6 7 8 
6 7 8 9 
7 8 9 10 
8 9 10 11 

70 80 90 100 
96 110 124 138 
122 140 158 176 
148 170 192 214 

70 80 90 100 
96 110 124 138 
122 140 158 176 
148 170 192 214 

Test Passes:
@I [SIM-1000] *** C/RTL co-simulation finished: PASS ***
